      _____ _                              ____ ____       
     |_   _(_)_ __  _ __ ___   __ _ _ __  / ___|___ \      
       | | | | '_ \| '_ ` _ \ / _` | '_ \| |  _  __) |    
       | | | | | | | | | | | | (_| | | | | |_| |/ __/      
       |_| |_|_| |_|_| |_| |_|\__,_|_| |_|\____|_____|     
 ____                        ___         _____         _   
| __ ) _   _ _ __ _ __      |_ _|_ __   |_   _|__  ___| |_ 
|  _ \| | | | '__| '_ \ _____| || '_ \    | |/ _ \/ __| __|
| |_) | |_| | |  | | | |_____| || | | |   | |  __/\__ \ |_ 
|____/ \__,_|_|  |_| |_|    |___|_| |_|   |_|\___||___/\__|

==============================================
=            Burn-In Test Cycle 1            =
==============================================
Test start time: 2022-01-27_11:12:02
*****************************
* ib_write_bw test          *
*****************************
***************************
*      KSB test cycle1    *
***************************
===== KSB Memory test PASS =====

=======================================================
Running fpga-test on 02:00.0
=======================================================

Device Type                : Kalidah
EP Link Status             : Gen3 x8     PASSED 
GIT Hash                   : 0x0FAA0CFE
Device DNA                 : 0x400200000155AC800C90E285
Core Clock Frequency       :    250 MHz
SSD_0 present              :        Yes
SSD_1 present              :        Yes
KSB number                 :          1
Slice number               :          0
Temperature Master  Sysmon :      34.16  Cel
Temperature Slave 0 Sysmon :      33.91  Cel
Temperature Slave 1 Sysmon :      34.16  Cel
DDR4 capability            : ID_2, 16GB, VLP RDIMM w/ ECC, 1R, 16Gb x8 die, 2400 MT/s 
DDR4 calibration done      : 0x00000001  PASSED 
Unsupported Offset BAR3    : 0xFFFFFFFF  PASSED 
FPGA Version               : 0x00030006  PASSED 
DMA ch0 ctl. register      : 0x00008003  PASSED 
DMA ch1 ctl. register      : 0x00008013  PASSED 
DMA ch2 ctl. register      : 0x00008023  PASSED 
RP0 Link Status            : 0x70430000  PASSED 
Locating PCIe capabilities of SSD0 ...SSD0 Link Status           : 0x10430000  PASSED 
SSD0 Vendor/Dev ID         : 0xA808144D  PASSED  (Samsung)
RP1 Link Status            : 0x70430000  PASSED 
Locating PCIe capabilities of SSD1 ...SSD1 Link Status           : 0x10430000  PASSED 
SSD1 Vendor/Dev ID         : 0xA808144D  PASSED  (Samsung)
Global Fatal Interrupt     : 0x00000000  PASSED 
Global Non Fatal Interrupt : 0x00000000  PASSED 
  ____                 _
 |  _ \ __ _ ___ ___  | |
 | |_) / _` / __/ __| | |
 |  __/ (_| \__ \__ \ |_|
 |_|   \__,_|___/___/ (_)


=======================================================
Running fpga-test on 41:00.0
=======================================================

Device Type                : Kalidah
EP Link Status             : Gen3 x8     PASSED 
GIT Hash                   : 0x0FAA0CFE
Device DNA                 : 0x400200000155AC800C90E285
Core Clock Frequency       :    250 MHz
SSD_0 present              :        Yes
SSD_1 present              :        Yes
KSB number                 :          1
Slice number               :          1
DDR4 capability            : ID_2, 16GB, VLP RDIMM w/ ECC, 1R, 16Gb x8 die, 2400 MT/s 
DDR4 calibration done      : 0x00000001  PASSED 
Unsupported Offset BAR3    : 0xFFFFFFFF  PASSED 
FPGA Version               : 0x00030006  PASSED 
DMA ch0 ctl. register      : 0x00008003  PASSED 
DMA ch1 ctl. register      : 0x00008013  PASSED 
DMA ch2 ctl. register      : 0x00008023  PASSED 
RP0 Link Status            : 0x70430000  PASSED 
Locating PCIe capabilities of SSD0 ...SSD0 Link Status           : 0x10430000  PASSED 
SSD0 Vendor/Dev ID         : 0xA808144D  PASSED  (Samsung)
RP1 Link Status            : 0x70430000  PASSED 
Locating PCIe capabilities of SSD1 ...SSD1 Link Status           : 0x10430000  PASSED 
SSD1 Vendor/Dev ID         : 0xA808144D  PASSED  (Samsung)
Global Fatal Interrupt     : 0x00000000  PASSED 
Global Non Fatal Interrupt : 0x00000000  PASSED 
  ____                 _
 |  _ \ __ _ ___ ___  | |
 | |_) / _` / __/ __| | |
 |  __/ (_| \__ \__ \ |_|
 |_|   \__,_|___/___/ (_)


=======================================================
Running fpga-test on 84:00.0
=======================================================

Device Type                : Kalidah
EP Link Status             : Gen3 x8     PASSED 
GIT Hash                   : 0x0FAA0CFE
Device DNA                 : 0x400200000155AC694C3082C5
Core Clock Frequency       :    250 MHz
SSD_0 present              :        Yes
SSD_1 present              :        Yes
KSB number                 :          0
Slice number               :          1
DDR4 capability            : ID_2, 16GB, VLP RDIMM w/ ECC, 1R, 16Gb x8 die, 2400 MT/s 
DDR4 calibration done      : 0x00000001  PASSED 
Unsupported Offset BAR3    : 0xFFFFFFFF  PASSED 
FPGA Version               : 0x00030006  PASSED 
DMA ch0 ctl. register      : 0x00008003  PASSED 
DMA ch1 ctl. register      : 0x00008013  PASSED 
DMA ch2 ctl. register      : 0x00008023  PASSED 
RP0 Link Status            : 0x70430000  PASSED 
Locating PCIe capabilities of SSD0 ...SSD0 Link Status           : 0x10430000  PASSED 
SSD0 Vendor/Dev ID         : 0xA808144D  PASSED  (Samsung)
RP1 Link Status            : 0x70430000  PASSED 
Locating PCIe capabilities of SSD1 ...SSD1 Link Status           : 0x10430000  PASSED 
SSD1 Vendor/Dev ID         : 0xA808144D  PASSED  (Samsung)
Global Fatal Interrupt     : 0x00000000  PASSED 
Global Non Fatal Interrupt : 0x00000000  PASSED 
  ____                 _
 |  _ \ __ _ ___ ___  | |
 | |_) / _` / __/ __| | |
 |  __/ (_| \__ \__ \ |_|
 |_|   \__,_|___/___/ (_)


=======================================================
Running fpga-test on c1:00.0
=======================================================

Device Type                : Kalidah
EP Link Status             : Gen3 x8     PASSED 
GIT Hash                   : 0x0FAA0CFE
Device DNA                 : 0x400200000155AC694C3082C5
Core Clock Frequency       :    250 MHz
SSD_0 present              :        Yes
SSD_1 present              :        Yes
KSB number                 :          0
Slice number               :          0
Temperature Master  Sysmon :      35.72  Cel
Temperature Slave 0 Sysmon :      35.25  Cel
Temperature Slave 1 Sysmon :      34.64  Cel
DDR4 capability            : ID_2, 16GB, VLP RDIMM w/ ECC, 1R, 16Gb x8 die, 2400 MT/s 
DDR4 calibration done      : 0x00000001  PASSED 
Unsupported Offset BAR3    : 0xFFFFFFFF  PASSED 
FPGA Version               : 0x00030006  PASSED 
DMA ch0 ctl. register      : 0x00008003  PASSED 
DMA ch1 ctl. register      : 0x00008013  PASSED 
DMA ch2 ctl. register      : 0x00008023  PASSED 
RP0 Link Status            : 0x70430000  PASSED 
Locating PCIe capabilities of SSD0 ...SSD0 Link Status           : 0x10430000  PASSED 
SSD0 Vendor/Dev ID         : 0xA808144D  PASSED  (Samsung)
RP1 Link Status            : 0x70430000  PASSED 
Locating PCIe capabilities of SSD1 ...SSD1 Link Status           : 0x10430000  PASSED 
SSD1 Vendor/Dev ID         : 0xA808144D  PASSED  (Samsung)
Global Fatal Interrupt     : 0x00000000  PASSED 
Global Non Fatal Interrupt : 0x00000000  PASSED 
  ____                 _
 |  _ \ __ _ ___ ___  | |
 | |_) / _` / __/ __| | |
 |  __/ (_| \__ \__ \ |_|
 |_|   \__,_|___/___/ (_)


*****************************
*  CPU/Memory Stress cycle1 *
*****************************
============================
=        Stress Log        =
============================
2022/01/27-11:29:29(GMT) Log: Commandline - ./stressapptest -m 32 -C 32 -l /root/TinmanBI/STRESS.log -s 2400
2022/01/27-11:29:29(GMT) Stats: SAT revision 1.0.7_autoconf, 64 bit binary
2022/01/27-11:29:29(GMT) Log: root @ localhost.localdomain on Tue Sep 19 03:28:47 CST 2017 from open source release
2022/01/27-11:29:29(GMT) Log: 1 nodes, 128 cpus.
2022/01/27-11:29:29(GMT) Log: Total 515817 MB. Free 510021 MB. Hugepages 0 MB. Targeting 489834 MB (94%)
2022/01/27-11:29:29(GMT) Log: Prefer plain malloc memory allocation.
2022/01/27-11:29:29(GMT) Log: Using mmap() allocation at 0x7f646c3c6000.
2022/01/27-11:29:29(GMT) Stats: Starting SAT, 489834M, 2400 seconds
2022/01/27-11:30:05(GMT) Log: Region mask: 0x1
2022/01/27-11:30:15(GMT) Log: Seconds remaining: 2390
2022/01/27-11:30:25(GMT) Log: Seconds remaining: 2380
2022/01/27-11:30:35(GMT) Log: Seconds remaining: 2370
2022/01/27-11:30:45(GMT) Log: Seconds remaining: 2360
2022/01/27-11:30:55(GMT) Log: Seconds remaining: 2350
2022/01/27-11:31:05(GMT) Log: Seconds remaining: 2340
2022/01/27-11:31:15(GMT) Log: Seconds remaining: 2330
2022/01/27-11:31:25(GMT) Log: Seconds remaining: 2320
2022/01/27-11:31:35(GMT) Log: Seconds remaining: 2310
2022/01/27-11:31:45(GMT) Log: Seconds remaining: 2300
2022/01/27-11:31:55(GMT) Log: Seconds remaining: 2290
2022/01/27-11:32:05(GMT) Log: Seconds remaining: 2280
2022/01/27-11:32:15(GMT) Log: Seconds remaining: 2270
2022/01/27-11:32:25(GMT) Log: Seconds remaining: 2260
2022/01/27-11:32:35(GMT) Log: Seconds remaining: 2250
2022/01/27-11:32:45(GMT) Log: Seconds remaining: 2240
2022/01/27-11:32:55(GMT) Log: Seconds remaining: 2230
2022/01/27-11:33:05(GMT) Log: Seconds remaining: 2220
2022/01/27-11:33:15(GMT) Log: Seconds remaining: 2210
2022/01/27-11:33:25(GMT) Log: Seconds remaining: 2200
2022/01/27-11:33:35(GMT) Log: Seconds remaining: 2190
2022/01/27-11:33:45(GMT) Log: Seconds remaining: 2180
2022/01/27-11:33:55(GMT) Log: Seconds remaining: 2170
2022/01/27-11:34:05(GMT) Log: Seconds remaining: 2160
2022/01/27-11:34:15(GMT) Log: Seconds remaining: 2150
2022/01/27-11:34:25(GMT) Log: Seconds remaining: 2140
2022/01/27-11:34:35(GMT) Log: Seconds remaining: 2130
2022/01/27-11:34:45(GMT) Log: Seconds remaining: 2120
2022/01/27-11:34:55(GMT) Log: Seconds remaining: 2110
2022/01/27-11:35:05(GMT) Log: Seconds remaining: 2100
2022/01/27-11:35:15(GMT) Log: Seconds remaining: 2090
2022/01/27-11:35:25(GMT) Log: Seconds remaining: 2080
2022/01/27-11:35:35(GMT) Log: Seconds remaining: 2070
2022/01/27-11:35:45(GMT) Log: Seconds remaining: 2060
2022/01/27-11:35:55(GMT) Log: Seconds remaining: 2050
2022/01/27-11:36:05(GMT) Log: Seconds remaining: 2040
2022/01/27-11:36:15(GMT) Log: Seconds remaining: 2030
2022/01/27-11:36:25(GMT) Log: Seconds remaining: 2020
2022/01/27-11:36:35(GMT) Log: Seconds remaining: 2010
2022/01/27-11:36:45(GMT) Log: Seconds remaining: 2000
2022/01/27-11:36:55(GMT) Log: Seconds remaining: 1990
2022/01/27-11:37:05(GMT) Log: Seconds remaining: 1980
2022/01/27-11:37:15(GMT) Log: Seconds remaining: 1970
2022/01/27-11:37:25(GMT) Log: Seconds remaining: 1960
2022/01/27-11:37:35(GMT) Log: Seconds remaining: 1950
2022/01/27-11:37:45(GMT) Log: Seconds remaining: 1940
2022/01/27-11:37:55(GMT) Log: Seconds remaining: 1930
2022/01/27-11:38:05(GMT) Log: Seconds remaining: 1920
2022/01/27-11:38:15(GMT) Log: Seconds remaining: 1910
2022/01/27-11:38:25(GMT) Log: Seconds remaining: 1900
2022/01/27-11:38:35(GMT) Log: Seconds remaining: 1890
2022/01/27-11:38:45(GMT) Log: Seconds remaining: 1880
2022/01/27-11:38:55(GMT) Log: Seconds remaining: 1870
2022/01/27-11:39:05(GMT) Log: Seconds remaining: 1860
2022/01/27-11:39:15(GMT) Log: Seconds remaining: 1850
2022/01/27-11:39:25(GMT) Log: Seconds remaining: 1840
2022/01/27-11:39:35(GMT) Log: Seconds remaining: 1830
2022/01/27-11:39:45(GMT) Log: Seconds remaining: 1820
2022/01/27-11:39:55(GMT) Log: Seconds remaining: 1810
2022/01/27-11:40:05(GMT) Log: Seconds remaining: 1800
2022/01/27-11:40:05(GMT) Log: Pausing worker threads in preparation for power spike (1800 seconds remaining)
2022/01/27-11:40:15(GMT) Log: Seconds remaining: 1790
2022/01/27-11:40:20(GMT) Log: Resuming worker threads to cause a power spike (1785 seconds remaining)
2022/01/27-11:40:25(GMT) Log: Seconds remaining: 1780
2022/01/27-11:40:35(GMT) Log: Seconds remaining: 1770
2022/01/27-11:40:45(GMT) Log: Seconds remaining: 1760
2022/01/27-11:40:55(GMT) Log: Seconds remaining: 1750
2022/01/27-11:41:05(GMT) Log: Seconds remaining: 1740
2022/01/27-11:41:15(GMT) Log: Seconds remaining: 1730
2022/01/27-11:41:25(GMT) Log: Seconds remaining: 1720
2022/01/27-11:41:35(GMT) Log: Seconds remaining: 1710
2022/01/27-11:41:45(GMT) Log: Seconds remaining: 1700
2022/01/27-11:41:55(GMT) Log: Seconds remaining: 1690
2022/01/27-11:42:05(GMT) Log: Seconds remaining: 1680
2022/01/27-11:42:15(GMT) Log: Seconds remaining: 1670
2022/01/27-11:42:25(GMT) Log: Seconds remaining: 1660
2022/01/27-11:42:35(GMT) Log: Seconds remaining: 1650
2022/01/27-11:42:45(GMT) Log: Seconds remaining: 1640
2022/01/27-11:42:55(GMT) Log: Seconds remaining: 1630
2022/01/27-11:43:05(GMT) Log: Seconds remaining: 1620
2022/01/27-11:43:15(GMT) Log: Seconds remaining: 1610
2022/01/27-11:43:25(GMT) Log: Seconds remaining: 1600
2022/01/27-11:43:35(GMT) Log: Seconds remaining: 1590
2022/01/27-11:43:45(GMT) Log: Seconds remaining: 1580
2022/01/27-11:43:55(GMT) Log: Seconds remaining: 1570
2022/01/27-11:44:05(GMT) Log: Seconds remaining: 1560
2022/01/27-11:44:15(GMT) Log: Seconds remaining: 1550
2022/01/27-11:44:25(GMT) Log: Seconds remaining: 1540
2022/01/27-11:44:35(GMT) Log: Seconds remaining: 1530
2022/01/27-11:44:45(GMT) Log: Seconds remaining: 1520
2022/01/27-11:44:55(GMT) Log: Seconds remaining: 1510
2022/01/27-11:45:05(GMT) Log: Seconds remaining: 1500
2022/01/27-11:45:15(GMT) Log: Seconds remaining: 1490
2022/01/27-11:45:25(GMT) Log: Seconds remaining: 1480
2022/01/27-11:45:35(GMT) Log: Seconds remaining: 1470
2022/01/27-11:45:45(GMT) Log: Seconds remaining: 1460
2022/01/27-11:45:55(GMT) Log: Seconds remaining: 1450
2022/01/27-11:46:05(GMT) Log: Seconds remaining: 1440
2022/01/27-11:46:15(GMT) Log: Seconds remaining: 1430
2022/01/27-11:46:25(GMT) Log: Seconds remaining: 1420
2022/01/27-11:46:35(GMT) Log: Seconds remaining: 1410
2022/01/27-11:46:45(GMT) Log: Seconds remaining: 1400
2022/01/27-11:46:55(GMT) Log: Seconds remaining: 1390
2022/01/27-11:47:05(GMT) Log: Seconds remaining: 1380
2022/01/27-11:47:15(GMT) Log: Seconds remaining: 1370
2022/01/27-11:47:25(GMT) Log: Seconds remaining: 1360
2022/01/27-11:47:35(GMT) Log: Seconds remaining: 1350
2022/01/27-11:47:45(GMT) Log: Seconds remaining: 1340
2022/01/27-11:47:55(GMT) Log: Seconds remaining: 1330
2022/01/27-11:48:05(GMT) Log: Seconds remaining: 1320
2022/01/27-11:48:15(GMT) Log: Seconds remaining: 1310
2022/01/27-11:48:25(GMT) Log: Seconds remaining: 1300
2022/01/27-11:48:35(GMT) Log: Seconds remaining: 1290
2022/01/27-11:48:45(GMT) Log: Seconds remaining: 1280
2022/01/27-11:48:55(GMT) Log: Seconds remaining: 1270
2022/01/27-11:49:05(GMT) Log: Seconds remaining: 1260
2022/01/27-11:49:15(GMT) Log: Seconds remaining: 1250
2022/01/27-11:49:25(GMT) Log: Seconds remaining: 1240
2022/01/27-11:49:35(GMT) Log: Seconds remaining: 1230
2022/01/27-11:49:45(GMT) Log: Seconds remaining: 1220
2022/01/27-11:49:55(GMT) Log: Seconds remaining: 1210
2022/01/27-11:50:05(GMT) Log: Seconds remaining: 1200
2022/01/27-11:50:05(GMT) Log: Pausing worker threads in preparation for power spike (1200 seconds remaining)
2022/01/27-11:50:15(GMT) Log: Seconds remaining: 1190
2022/01/27-11:50:20(GMT) Log: Resuming worker threads to cause a power spike (1185 seconds remaining)
2022/01/27-11:50:25(GMT) Log: Seconds remaining: 1180
2022/01/27-11:50:35(GMT) Log: Seconds remaining: 1170
2022/01/27-11:50:45(GMT) Log: Seconds remaining: 1160
2022/01/27-11:50:55(GMT) Log: Seconds remaining: 1150
2022/01/27-11:51:05(GMT) Log: Seconds remaining: 1140
2022/01/27-11:51:15(GMT) Log: Seconds remaining: 1130
2022/01/27-11:51:25(GMT) Log: Seconds remaining: 1120
2022/01/27-11:51:35(GMT) Log: Seconds remaining: 1110
2022/01/27-11:51:45(GMT) Log: Seconds remaining: 1100
2022/01/27-11:51:55(GMT) Log: Seconds remaining: 1090
2022/01/27-11:52:05(GMT) Log: Seconds remaining: 1080
2022/01/27-11:52:15(GMT) Log: Seconds remaining: 1070
2022/01/27-11:52:25(GMT) Log: Seconds remaining: 1060
2022/01/27-11:52:35(GMT) Log: Seconds remaining: 1050
2022/01/27-11:52:45(GMT) Log: Seconds remaining: 1040
2022/01/27-11:52:55(GMT) Log: Seconds remaining: 1030
2022/01/27-11:53:05(GMT) Log: Seconds remaining: 1020
2022/01/27-11:53:15(GMT) Log: Seconds remaining: 1010
2022/01/27-11:53:25(GMT) Log: Seconds remaining: 1000
2022/01/27-11:53:35(GMT) Log: Seconds remaining: 990
2022/01/27-11:53:45(GMT) Log: Seconds remaining: 980
2022/01/27-11:53:55(GMT) Log: Seconds remaining: 970
2022/01/27-11:54:05(GMT) Log: Seconds remaining: 960
2022/01/27-11:54:15(GMT) Log: Seconds remaining: 950
2022/01/27-11:54:25(GMT) Log: Seconds remaining: 940
2022/01/27-11:54:35(GMT) Log: Seconds remaining: 930
2022/01/27-11:54:45(GMT) Log: Seconds remaining: 920
2022/01/27-11:54:55(GMT) Log: Seconds remaining: 910
2022/01/27-11:55:05(GMT) Log: Seconds remaining: 900
2022/01/27-11:55:15(GMT) Log: Seconds remaining: 890
2022/01/27-11:55:25(GMT) Log: Seconds remaining: 880
2022/01/27-11:55:35(GMT) Log: Seconds remaining: 870
2022/01/27-11:55:45(GMT) Log: Seconds remaining: 860
2022/01/27-11:55:55(GMT) Log: Seconds remaining: 850
2022/01/27-11:56:05(GMT) Log: Seconds remaining: 840
2022/01/27-11:56:15(GMT) Log: Seconds remaining: 830
2022/01/27-11:56:25(GMT) Log: Seconds remaining: 820
2022/01/27-11:56:35(GMT) Log: Seconds remaining: 810
2022/01/27-11:56:45(GMT) Log: Seconds remaining: 800
2022/01/27-11:56:55(GMT) Log: Seconds remaining: 790
2022/01/27-11:57:05(GMT) Log: Seconds remaining: 780
2022/01/27-11:57:15(GMT) Log: Seconds remaining: 770
2022/01/27-11:57:25(GMT) Log: Seconds remaining: 760
2022/01/27-11:57:35(GMT) Log: Seconds remaining: 750
2022/01/27-11:57:45(GMT) Log: Seconds remaining: 740
2022/01/27-11:57:55(GMT) Log: Seconds remaining: 730
2022/01/27-11:58:05(GMT) Log: Seconds remaining: 720
2022/01/27-11:58:15(GMT) Log: Seconds remaining: 710
2022/01/27-11:58:25(GMT) Log: Seconds remaining: 700
2022/01/27-11:58:35(GMT) Log: Seconds remaining: 690
2022/01/27-11:58:45(GMT) Log: Seconds remaining: 680
2022/01/27-11:58:55(GMT) Log: Seconds remaining: 670
2022/01/27-11:59:05(GMT) Log: Seconds remaining: 660
2022/01/27-11:59:15(GMT) Log: Seconds remaining: 650
2022/01/27-11:59:25(GMT) Log: Seconds remaining: 640
2022/01/27-11:59:35(GMT) Log: Seconds remaining: 630
2022/01/27-11:59:45(GMT) Log: Seconds remaining: 620
2022/01/27-11:59:55(GMT) Log: Seconds remaining: 610
2022/01/27-12:00:05(GMT) Log: Seconds remaining: 600
2022/01/27-12:00:05(GMT) Log: Pausing worker threads in preparation for power spike (600 seconds remaining)
2022/01/27-12:00:15(GMT) Log: Seconds remaining: 590
2022/01/27-12:00:20(GMT) Log: Resuming worker threads to cause a power spike (585 seconds remaining)
2022/01/27-12:00:25(GMT) Log: Seconds remaining: 580
2022/01/27-12:00:35(GMT) Log: Seconds remaining: 570
2022/01/27-12:00:45(GMT) Log: Seconds remaining: 560
2022/01/27-12:00:55(GMT) Log: Seconds remaining: 550
2022/01/27-12:01:05(GMT) Log: Seconds remaining: 540
2022/01/27-12:01:15(GMT) Log: Seconds remaining: 530
2022/01/27-12:01:25(GMT) Log: Seconds remaining: 520
2022/01/27-12:01:35(GMT) Log: Seconds remaining: 510
2022/01/27-12:01:45(GMT) Log: Seconds remaining: 500
2022/01/27-12:01:55(GMT) Log: Seconds remaining: 490
2022/01/27-12:02:05(GMT) Log: Seconds remaining: 480
2022/01/27-12:02:15(GMT) Log: Seconds remaining: 470
2022/01/27-12:02:25(GMT) Log: Seconds remaining: 460
2022/01/27-12:02:35(GMT) Log: Seconds remaining: 450
2022/01/27-12:02:45(GMT) Log: Seconds remaining: 440
2022/01/27-12:02:55(GMT) Log: Seconds remaining: 430
2022/01/27-12:03:05(GMT) Log: Seconds remaining: 420
2022/01/27-12:03:15(GMT) Log: Seconds remaining: 410
2022/01/27-12:03:25(GMT) Log: Seconds remaining: 400
2022/01/27-12:03:35(GMT) Log: Seconds remaining: 390
2022/01/27-12:03:45(GMT) Log: Seconds remaining: 380
2022/01/27-12:03:55(GMT) Log: Seconds remaining: 370
2022/01/27-12:04:05(GMT) Log: Seconds remaining: 360
2022/01/27-12:04:15(GMT) Log: Seconds remaining: 350
2022/01/27-12:04:25(GMT) Log: Seconds remaining: 340
2022/01/27-12:04:35(GMT) Log: Seconds remaining: 330
2022/01/27-12:04:45(GMT) Log: Seconds remaining: 320
2022/01/27-12:04:55(GMT) Log: Seconds remaining: 310
2022/01/27-12:05:05(GMT) Log: Seconds remaining: 300
2022/01/27-12:05:15(GMT) Log: Seconds remaining: 290
2022/01/27-12:05:25(GMT) Log: Seconds remaining: 280
2022/01/27-12:05:35(GMT) Log: Seconds remaining: 270
2022/01/27-12:05:45(GMT) Log: Seconds remaining: 260
2022/01/27-12:05:55(GMT) Log: Seconds remaining: 250
2022/01/27-12:06:05(GMT) Log: Seconds remaining: 240
2022/01/27-12:06:15(GMT) Log: Seconds remaining: 230
2022/01/27-12:06:25(GMT) Log: Seconds remaining: 220
2022/01/27-12:06:35(GMT) Log: Seconds remaining: 210
2022/01/27-12:06:45(GMT) Log: Seconds remaining: 200
2022/01/27-12:06:55(GMT) Log: Seconds remaining: 190
2022/01/27-12:07:05(GMT) Log: Seconds remaining: 180
2022/01/27-12:07:15(GMT) Log: Seconds remaining: 170
2022/01/27-12:07:25(GMT) Log: Seconds remaining: 160
2022/01/27-12:07:35(GMT) Log: Seconds remaining: 150
2022/01/27-12:07:45(GMT) Log: Seconds remaining: 140
2022/01/27-12:07:55(GMT) Log: Seconds remaining: 130
2022/01/27-12:08:05(GMT) Log: Seconds remaining: 120
2022/01/27-12:08:15(GMT) Log: Seconds remaining: 110
2022/01/27-12:08:25(GMT) Log: Seconds remaining: 100
2022/01/27-12:08:35(GMT) Log: Seconds remaining: 90
2022/01/27-12:08:45(GMT) Log: Seconds remaining: 80
2022/01/27-12:08:55(GMT) Log: Seconds remaining: 70
2022/01/27-12:09:05(GMT) Log: Seconds remaining: 60
2022/01/27-12:09:15(GMT) Log: Seconds remaining: 50
2022/01/27-12:09:25(GMT) Log: Seconds remaining: 40
2022/01/27-12:09:35(GMT) Log: Seconds remaining: 30
2022/01/27-12:09:45(GMT) Log: Seconds remaining: 20
2022/01/27-12:09:55(GMT) Log: Seconds remaining: 10
2022/01/27-12:10:10(GMT) Stats: Found 0 hardware incidents
2022/01/27-12:10:10(GMT) Stats: Completed: 195053296.00M in 2400.74s 81246.99MB/s, with 0 hardware incidents, 0 errors
2022/01/27-12:10:10(GMT) Stats: Memory Copy: 195053296.00M at 81269.20MB/s
2022/01/27-12:10:10(GMT) Stats: File Copy: 0.00M at 0.00MB/s
2022/01/27-12:10:10(GMT) Stats: Net Copy: 0.00M at 0.00MB/s
2022/01/27-12:10:10(GMT) Stats: Data Check: 0.00M at 0.00MB/s
2022/01/27-12:10:10(GMT) Stats: Invert Data: 0.00M at 0.00MB/s
2022/01/27-12:10:10(GMT) Stats: Disk: 0.00M at 0.00MB/s
2022/01/27-12:10:10(GMT) 
2022/01/27-12:10:10(GMT) Status: PASS - please verify no corrected errors
2022/01/27-12:10:10(GMT) 

============================
=          DMESG           =
============================
[ 6174.178768] perf: interrupt took too long (2515 > 2500), lowering kernel.perf_event_max_sample_rate to 79500
[ 6362.230841] perf: interrupt took too long (3192 > 3143), lowering kernel.perf_event_max_sample_rate to 62500
[ 6601.402019] perf: interrupt took too long (3996 > 3990), lowering kernel.perf_event_max_sample_rate to 50000
[ 7385.871272] perf: interrupt took too long (5042 > 4995), lowering kernel.perf_event_max_sample_rate to 39500

============================
=          BMC SEL         =
============================
=== No SEL logged ===


==============================================
=            Burn-In Test Cycle 2            =
==============================================
Test start time: 2022-01-27_12:10:38
***************************
*      KSB test cycle2    *
***************************
===== KSB Memory test PASS =====

=======================================================
Running fpga-test on 02:00.0
=======================================================

Device Type                : Kalidah
EP Link Status             : Gen3 x8     PASSED 
GIT Hash                   : 0x0FAA0CFE
Device DNA                 : 0x400200000155AC800C90E285
Core Clock Frequency       :    250 MHz
SSD_0 present              :        Yes
SSD_1 present              :        Yes
KSB number                 :          1
Slice number               :          0
Temperature Master  Sysmon :      34.20  Cel
Temperature Slave 0 Sysmon :      33.79  Cel
Temperature Slave 1 Sysmon :      33.38  Cel
DDR4 capability            : ID_2, 16GB, VLP RDIMM w/ ECC, 1R, 16Gb x8 die, 2400 MT/s 
DDR4 calibration done      : 0x00000001  PASSED 
Unsupported Offset BAR3    : 0xFFFFFFFF  PASSED 
FPGA Version               : 0x00030006  PASSED 
DMA ch0 ctl. register      : 0x00008003  PASSED 
DMA ch1 ctl. register      : 0x00008013  PASSED 
DMA ch2 ctl. register      : 0x00008023  PASSED 
RP0 Link Status            : 0x70430000  PASSED 
Locating PCIe capabilities of SSD0 ...SSD0 Link Status           : 0x10430000  PASSED 
SSD0 Vendor/Dev ID         : 0xA808144D  PASSED  (Samsung)
RP1 Link Status            : 0x70430000  PASSED 
Locating PCIe capabilities of SSD1 ...SSD1 Link Status           : 0x10430000  PASSED 
SSD1 Vendor/Dev ID         : 0xA808144D  PASSED  (Samsung)
Global Fatal Interrupt     : 0x00000000  PASSED 
Global Non Fatal Interrupt : 0x00000000  PASSED 
  ____                 _
 |  _ \ __ _ ___ ___  | |
 | |_) / _` / __/ __| | |
 |  __/ (_| \__ \__ \ |_|
 |_|   \__,_|___/___/ (_)


=======================================================
Running fpga-test on 41:00.0
=======================================================

Device Type                : Kalidah
EP Link Status             : Gen3 x8     PASSED 
GIT Hash                   : 0x0FAA0CFE
Device DNA                 : 0x400200000155AC800C90E285
Core Clock Frequency       :    250 MHz
SSD_0 present              :        Yes
SSD_1 present              :        Yes
KSB number                 :          1
Slice number               :          1
DDR4 capability            : ID_2, 16GB, VLP RDIMM w/ ECC, 1R, 16Gb x8 die, 2400 MT/s 
DDR4 calibration done      : 0x00000001  PASSED 
Unsupported Offset BAR3    : 0xFFFFFFFF  PASSED 
FPGA Version               : 0x00030006  PASSED 
DMA ch0 ctl. register      : 0x00008003  PASSED 
DMA ch1 ctl. register      : 0x00008013  PASSED 
DMA ch2 ctl. register      : 0x00008023  PASSED 
RP0 Link Status            : 0x70430000  PASSED 
Locating PCIe capabilities of SSD0 ...SSD0 Link Status           : 0x10430000  PASSED 
SSD0 Vendor/Dev ID         : 0xA808144D  PASSED  (Samsung)
RP1 Link Status            : 0x70430000  PASSED 
Locating PCIe capabilities of SSD1 ...SSD1 Link Status           : 0x10430000  PASSED 
SSD1 Vendor/Dev ID         : 0xA808144D  PASSED  (Samsung)
Global Fatal Interrupt     : 0x00000000  PASSED 
Global Non Fatal Interrupt : 0x00000000  PASSED 
  ____                 _
 |  _ \ __ _ ___ ___  | |
 | |_) / _` / __/ __| | |
 |  __/ (_| \__ \__ \ |_|
 |_|   \__,_|___/___/ (_)


=======================================================
Running fpga-test on 84:00.0
=======================================================

Device Type                : Kalidah
EP Link Status             : Gen3 x8     PASSED 
GIT Hash                   : 0x0FAA0CFE
Device DNA                 : 0x400200000155AC694C3082C5
Core Clock Frequency       :    250 MHz
SSD_0 present              :        Yes
SSD_1 present              :        Yes
KSB number                 :          0
Slice number               :          1
DDR4 capability            : ID_2, 16GB, VLP RDIMM w/ ECC, 1R, 16Gb x8 die, 2400 MT/s 
DDR4 calibration done      : 0x00000001  PASSED 
Unsupported Offset BAR3    : 0xFFFFFFFF  PASSED 
FPGA Version               : 0x00030006  PASSED 
DMA ch0 ctl. register      : 0x00008003  PASSED 
DMA ch1 ctl. register      : 0x00008013  PASSED 
DMA ch2 ctl. register      : 0x00008023  PASSED 
RP0 Link Status            : 0x70430000  PASSED 
Locating PCIe capabilities of SSD0 ...SSD0 Link Status           : 0x10430000  PASSED 
SSD0 Vendor/Dev ID         : 0xA808144D  PASSED  (Samsung)
RP1 Link Status            : 0x70430000  PASSED 
Locating PCIe capabilities of SSD1 ...SSD1 Link Status           : 0x10430000  PASSED 
SSD1 Vendor/Dev ID         : 0xA808144D  PASSED  (Samsung)
Global Fatal Interrupt     : 0x00000000  PASSED 
Global Non Fatal Interrupt : 0x00000000  PASSED 
  ____                 _
 |  _ \ __ _ ___ ___  | |
 | |_) / _` / __/ __| | |
 |  __/ (_| \__ \__ \ |_|
 |_|   \__,_|___/___/ (_)


=======================================================
Running fpga-test on c1:00.0
=======================================================

Device Type                : Kalidah
EP Link Status             : Gen3 x8     PASSED 
GIT Hash                   : 0x0FAA0CFE
Device DNA                 : 0x400200000155AC694C3082C5
Core Clock Frequency       :    250 MHz
SSD_0 present              :        Yes
SSD_1 present              :        Yes
KSB number                 :          0
Slice number               :          0
Temperature Master  Sysmon :      34.72  Cel
Temperature Slave 0 Sysmon :      34.70  Cel
Temperature Slave 1 Sysmon :      34.00  Cel
DDR4 capability            : ID_2, 16GB, VLP RDIMM w/ ECC, 1R, 16Gb x8 die, 2400 MT/s 
DDR4 calibration done      : 0x00000001  PASSED 
Unsupported Offset BAR3    : 0xFFFFFFFF  PASSED 
FPGA Version               : 0x00030006  PASSED 
DMA ch0 ctl. register      : 0x00008003  PASSED 
DMA ch1 ctl. register      : 0x00008013  PASSED 
DMA ch2 ctl. register      : 0x00008023  PASSED 
RP0 Link Status            : 0x70430000  PASSED 
Locating PCIe capabilities of SSD0 ...SSD0 Link Status           : 0x10430000  PASSED 
SSD0 Vendor/Dev ID         : 0xA808144D  PASSED  (Samsung)
RP1 Link Status            : 0x70430000  PASSED 
Locating PCIe capabilities of SSD1 ...SSD1 Link Status           : 0x10430000  PASSED 
SSD1 Vendor/Dev ID         : 0xA808144D  PASSED  (Samsung)
Global Fatal Interrupt     : 0x00000000  PASSED 
Global Non Fatal Interrupt : 0x00000000  PASSED 
  ____                 _
 |  _ \ __ _ ___ ___  | |
 | |_) / _` / __/ __| | |
 |  __/ (_| \__ \__ \ |_|
 |_|   \__,_|___/___/ (_)


*****************************
*  CPU/Memory Stress cycle2 *
*****************************
============================
=        Stress Log        =
============================
2022/01/27-12:11:13(GMT) Log: Commandline - ./stressapptest -m 32 -C 32 -l /root/TinmanBI/STRESS.log -s 2400
2022/01/27-12:11:13(GMT) Stats: SAT revision 1.0.7_autoconf, 64 bit binary
2022/01/27-12:11:13(GMT) Log: root @ localhost.localdomain on Tue Sep 19 03:28:47 CST 2017 from open source release
2022/01/27-12:11:13(GMT) Log: 1 nodes, 128 cpus.
2022/01/27-12:11:13(GMT) Log: Total 515817 MB. Free 509992 MB. Hugepages 0 MB. Targeting 489834 MB (94%)
2022/01/27-12:11:13(GMT) Log: Prefer plain malloc memory allocation.
2022/01/27-12:11:13(GMT) Log: Using mmap() allocation at 0x7ea2db448000.
2022/01/27-12:11:13(GMT) Stats: Starting SAT, 489834M, 2400 seconds
2022/01/27-12:11:50(GMT) Log: Region mask: 0x1
2022/01/27-12:12:00(GMT) Log: Seconds remaining: 2390
2022/01/27-12:12:10(GMT) Log: Seconds remaining: 2380
2022/01/27-12:12:20(GMT) Log: Seconds remaining: 2370
2022/01/27-12:12:30(GMT) Log: Seconds remaining: 2360
2022/01/27-12:12:40(GMT) Log: Seconds remaining: 2350
2022/01/27-12:12:50(GMT) Log: Seconds remaining: 2340
2022/01/27-12:13:00(GMT) Log: Seconds remaining: 2330
2022/01/27-12:13:10(GMT) Log: Seconds remaining: 2320
2022/01/27-12:13:20(GMT) Log: Seconds remaining: 2310
2022/01/27-12:13:30(GMT) Log: Seconds remaining: 2300
2022/01/27-12:13:40(GMT) Log: Seconds remaining: 2290
2022/01/27-12:13:50(GMT) Log: Seconds remaining: 2280
2022/01/27-12:14:00(GMT) Log: Seconds remaining: 2270
2022/01/27-12:14:10(GMT) Log: Seconds remaining: 2260
2022/01/27-12:14:20(GMT) Log: Seconds remaining: 2250
2022/01/27-12:14:30(GMT) Log: Seconds remaining: 2240
2022/01/27-12:14:40(GMT) Log: Seconds remaining: 2230
2022/01/27-12:14:50(GMT) Log: Seconds remaining: 2220
2022/01/27-12:15:00(GMT) Log: Seconds remaining: 2210
2022/01/27-12:15:10(GMT) Log: Seconds remaining: 2200
2022/01/27-12:15:20(GMT) Log: Seconds remaining: 2190
2022/01/27-12:15:30(GMT) Log: Seconds remaining: 2180
2022/01/27-12:15:40(GMT) Log: Seconds remaining: 2170
2022/01/27-12:15:50(GMT) Log: Seconds remaining: 2160
2022/01/27-12:16:00(GMT) Log: Seconds remaining: 2150
2022/01/27-12:16:10(GMT) Log: Seconds remaining: 2140
2022/01/27-12:16:20(GMT) Log: Seconds remaining: 2130
2022/01/27-12:16:30(GMT) Log: Seconds remaining: 2120
2022/01/27-12:16:40(GMT) Log: Seconds remaining: 2110
2022/01/27-12:16:50(GMT) Log: Seconds remaining: 2100
2022/01/27-12:17:00(GMT) Log: Seconds remaining: 2090
2022/01/27-12:17:10(GMT) Log: Seconds remaining: 2080
2022/01/27-12:17:20(GMT) Log: Seconds remaining: 2070
2022/01/27-12:17:30(GMT) Log: Seconds remaining: 2060
2022/01/27-12:17:40(GMT) Log: Seconds remaining: 2050
2022/01/27-12:17:50(GMT) Log: Seconds remaining: 2040
2022/01/27-12:18:00(GMT) Log: Seconds remaining: 2030
2022/01/27-12:18:10(GMT) Log: Seconds remaining: 2020
2022/01/27-12:18:20(GMT) Log: Seconds remaining: 2010
2022/01/27-12:18:30(GMT) Log: Seconds remaining: 2000
2022/01/27-12:18:40(GMT) Log: Seconds remaining: 1990
2022/01/27-12:18:50(GMT) Log: Seconds remaining: 1980
2022/01/27-12:19:00(GMT) Log: Seconds remaining: 1970
2022/01/27-12:19:10(GMT) Log: Seconds remaining: 1960
2022/01/27-12:19:20(GMT) Log: Seconds remaining: 1950
2022/01/27-12:19:30(GMT) Log: Seconds remaining: 1940
2022/01/27-12:19:40(GMT) Log: Seconds remaining: 1930
2022/01/27-12:19:50(GMT) Log: Seconds remaining: 1920
2022/01/27-12:20:00(GMT) Log: Seconds remaining: 1910
2022/01/27-12:20:10(GMT) Log: Seconds remaining: 1900
2022/01/27-12:20:20(GMT) Log: Seconds remaining: 1890
2022/01/27-12:20:30(GMT) Log: Seconds remaining: 1880
2022/01/27-12:20:40(GMT) Log: Seconds remaining: 1870
2022/01/27-12:20:50(GMT) Log: Seconds remaining: 1860
2022/01/27-12:21:00(GMT) Log: Seconds remaining: 1850
2022/01/27-12:21:10(GMT) Log: Seconds remaining: 1840
2022/01/27-12:21:20(GMT) Log: Seconds remaining: 1830
2022/01/27-12:21:30(GMT) Log: Seconds remaining: 1820
2022/01/27-12:21:40(GMT) Log: Seconds remaining: 1810
2022/01/27-12:21:50(GMT) Log: Seconds remaining: 1800
2022/01/27-12:21:50(GMT) Log: Pausing worker threads in preparation for power spike (1800 seconds remaining)
2022/01/27-12:22:00(GMT) Log: Seconds remaining: 1790
2022/01/27-12:22:05(GMT) Log: Resuming worker threads to cause a power spike (1785 seconds remaining)
2022/01/27-12:22:10(GMT) Log: Seconds remaining: 1780
2022/01/27-12:22:20(GMT) Log: Seconds remaining: 1770
2022/01/27-12:22:30(GMT) Log: Seconds remaining: 1760
2022/01/27-12:22:40(GMT) Log: Seconds remaining: 1750
2022/01/27-12:22:50(GMT) Log: Seconds remaining: 1740
2022/01/27-12:23:00(GMT) Log: Seconds remaining: 1730
2022/01/27-12:23:10(GMT) Log: Seconds remaining: 1720
2022/01/27-12:23:20(GMT) Log: Seconds remaining: 1710
2022/01/27-12:23:30(GMT) Log: Seconds remaining: 1700
2022/01/27-12:23:40(GMT) Log: Seconds remaining: 1690
2022/01/27-12:23:50(GMT) Log: Seconds remaining: 1680
2022/01/27-12:24:00(GMT) Log: Seconds remaining: 1670
2022/01/27-12:24:10(GMT) Log: Seconds remaining: 1660
2022/01/27-12:24:20(GMT) Log: Seconds remaining: 1650
2022/01/27-12:24:30(GMT) Log: Seconds remaining: 1640
2022/01/27-12:24:40(GMT) Log: Seconds remaining: 1630
2022/01/27-12:24:50(GMT) Log: Seconds remaining: 1620
2022/01/27-12:25:00(GMT) Log: Seconds remaining: 1610
2022/01/27-12:25:10(GMT) Log: Seconds remaining: 1600
2022/01/27-12:25:20(GMT) Log: Seconds remaining: 1590
2022/01/27-12:25:30(GMT) Log: Seconds remaining: 1580
2022/01/27-12:25:40(GMT) Log: Seconds remaining: 1570
2022/01/27-12:25:50(GMT) Log: Seconds remaining: 1560
2022/01/27-12:26:00(GMT) Log: Seconds remaining: 1550
2022/01/27-12:26:10(GMT) Log: Seconds remaining: 1540
2022/01/27-12:26:20(GMT) Log: Seconds remaining: 1530
2022/01/27-12:26:30(GMT) Log: Seconds remaining: 1520
2022/01/27-12:26:40(GMT) Log: Seconds remaining: 1510
2022/01/27-12:26:50(GMT) Log: Seconds remaining: 1500
2022/01/27-12:27:00(GMT) Log: Seconds remaining: 1490
2022/01/27-12:27:10(GMT) Log: Seconds remaining: 1480
2022/01/27-12:27:20(GMT) Log: Seconds remaining: 1470
2022/01/27-12:27:30(GMT) Log: Seconds remaining: 1460
2022/01/27-12:27:40(GMT) Log: Seconds remaining: 1450
2022/01/27-12:27:50(GMT) Log: Seconds remaining: 1440
2022/01/27-12:28:00(GMT) Log: Seconds remaining: 1430
2022/01/27-12:28:10(GMT) Log: Seconds remaining: 1420
2022/01/27-12:28:20(GMT) Log: Seconds remaining: 1410
2022/01/27-12:28:30(GMT) Log: Seconds remaining: 1400
2022/01/27-12:28:40(GMT) Log: Seconds remaining: 1390
2022/01/27-12:28:50(GMT) Log: Seconds remaining: 1380
2022/01/27-12:29:00(GMT) Log: Seconds remaining: 1370
2022/01/27-12:29:10(GMT) Log: Seconds remaining: 1360
2022/01/27-12:29:20(GMT) Log: Seconds remaining: 1350
2022/01/27-12:29:30(GMT) Log: Seconds remaining: 1340
2022/01/27-12:29:40(GMT) Log: Seconds remaining: 1330
2022/01/27-12:29:50(GMT) Log: Seconds remaining: 1320
2022/01/27-12:30:00(GMT) Log: Seconds remaining: 1310
2022/01/27-12:30:10(GMT) Log: Seconds remaining: 1300
2022/01/27-12:30:20(GMT) Log: Seconds remaining: 1290
2022/01/27-12:30:30(GMT) Log: Seconds remaining: 1280
2022/01/27-12:30:40(GMT) Log: Seconds remaining: 1270
2022/01/27-12:30:50(GMT) Log: Seconds remaining: 1260
2022/01/27-12:31:00(GMT) Log: Seconds remaining: 1250
2022/01/27-12:31:10(GMT) Log: Seconds remaining: 1240
2022/01/27-12:31:20(GMT) Log: Seconds remaining: 1230
2022/01/27-12:31:30(GMT) Log: Seconds remaining: 1220
2022/01/27-12:31:40(GMT) Log: Seconds remaining: 1210
2022/01/27-12:31:50(GMT) Log: Seconds remaining: 1200
2022/01/27-12:31:50(GMT) Log: Pausing worker threads in preparation for power spike (1200 seconds remaining)
2022/01/27-12:32:00(GMT) Log: Seconds remaining: 1190
2022/01/27-12:32:05(GMT) Log: Resuming worker threads to cause a power spike (1185 seconds remaining)
2022/01/27-12:32:10(GMT) Log: Seconds remaining: 1180
2022/01/27-12:32:20(GMT) Log: Seconds remaining: 1170
2022/01/27-12:32:30(GMT) Log: Seconds remaining: 1160
2022/01/27-12:32:40(GMT) Log: Seconds remaining: 1150
2022/01/27-12:32:50(GMT) Log: Seconds remaining: 1140
2022/01/27-12:33:00(GMT) Log: Seconds remaining: 1130
2022/01/27-12:33:10(GMT) Log: Seconds remaining: 1120
2022/01/27-12:33:20(GMT) Log: Seconds remaining: 1110
2022/01/27-12:33:30(GMT) Log: Seconds remaining: 1100
2022/01/27-12:33:40(GMT) Log: Seconds remaining: 1090
2022/01/27-12:33:50(GMT) Log: Seconds remaining: 1080
2022/01/27-12:34:00(GMT) Log: Seconds remaining: 1070
2022/01/27-12:34:10(GMT) Log: Seconds remaining: 1060
2022/01/27-12:34:20(GMT) Log: Seconds remaining: 1050
2022/01/27-12:34:30(GMT) Log: Seconds remaining: 1040
2022/01/27-12:34:40(GMT) Log: Seconds remaining: 1030
2022/01/27-12:34:50(GMT) Log: Seconds remaining: 1020
2022/01/27-12:35:00(GMT) Log: Seconds remaining: 1010
2022/01/27-12:35:10(GMT) Log: Seconds remaining: 1000
2022/01/27-12:35:20(GMT) Log: Seconds remaining: 990
2022/01/27-12:35:30(GMT) Log: Seconds remaining: 980
2022/01/27-12:35:40(GMT) Log: Seconds remaining: 970
2022/01/27-12:35:50(GMT) Log: Seconds remaining: 960
2022/01/27-12:36:00(GMT) Log: Seconds remaining: 950
2022/01/27-12:36:10(GMT) Log: Seconds remaining: 940
2022/01/27-12:36:20(GMT) Log: Seconds remaining: 930
2022/01/27-12:36:30(GMT) Log: Seconds remaining: 920
2022/01/27-12:36:40(GMT) Log: Seconds remaining: 910
2022/01/27-12:36:50(GMT) Log: Seconds remaining: 900
2022/01/27-12:37:00(GMT) Log: Seconds remaining: 890
2022/01/27-12:37:10(GMT) Log: Seconds remaining: 880
2022/01/27-12:37:20(GMT) Log: Seconds remaining: 870
2022/01/27-12:37:30(GMT) Log: Seconds remaining: 860
2022/01/27-12:37:40(GMT) Log: Seconds remaining: 850
2022/01/27-12:37:50(GMT) Log: Seconds remaining: 840
2022/01/27-12:38:00(GMT) Log: Seconds remaining: 830
2022/01/27-12:38:10(GMT) Log: Seconds remaining: 820
2022/01/27-12:38:20(GMT) Log: Seconds remaining: 810
2022/01/27-12:38:30(GMT) Log: Seconds remaining: 800
2022/01/27-12:38:40(GMT) Log: Seconds remaining: 790
2022/01/27-12:38:50(GMT) Log: Seconds remaining: 780
2022/01/27-12:39:00(GMT) Log: Seconds remaining: 770
2022/01/27-12:39:10(GMT) Log: Seconds remaining: 760
2022/01/27-12:39:20(GMT) Log: Seconds remaining: 750
2022/01/27-12:39:30(GMT) Log: Seconds remaining: 740
2022/01/27-12:39:40(GMT) Log: Seconds remaining: 730
2022/01/27-12:39:50(GMT) Log: Seconds remaining: 720
2022/01/27-12:40:00(GMT) Log: Seconds remaining: 710
2022/01/27-12:40:10(GMT) Log: Seconds remaining: 700
2022/01/27-12:40:20(GMT) Log: Seconds remaining: 690
2022/01/27-12:40:30(GMT) Log: Seconds remaining: 680
2022/01/27-12:40:40(GMT) Log: Seconds remaining: 670
2022/01/27-12:40:50(GMT) Log: Seconds remaining: 660
2022/01/27-12:41:00(GMT) Log: Seconds remaining: 650
2022/01/27-12:41:10(GMT) Log: Seconds remaining: 640
2022/01/27-12:41:20(GMT) Log: Seconds remaining: 630
2022/01/27-12:41:30(GMT) Log: Seconds remaining: 620
2022/01/27-12:41:40(GMT) Log: Seconds remaining: 610
2022/01/27-12:41:50(GMT) Log: Seconds remaining: 600
2022/01/27-12:41:50(GMT) Log: Pausing worker threads in preparation for power spike (600 seconds remaining)
2022/01/27-12:42:00(GMT) Log: Seconds remaining: 590
2022/01/27-12:42:05(GMT) Log: Resuming worker threads to cause a power spike (585 seconds remaining)
2022/01/27-12:42:10(GMT) Log: Seconds remaining: 580
2022/01/27-12:42:20(GMT) Log: Seconds remaining: 570
2022/01/27-12:42:30(GMT) Log: Seconds remaining: 560
2022/01/27-12:42:40(GMT) Log: Seconds remaining: 550
2022/01/27-12:42:50(GMT) Log: Seconds remaining: 540
2022/01/27-12:43:00(GMT) Log: Seconds remaining: 530
2022/01/27-12:43:10(GMT) Log: Seconds remaining: 520
2022/01/27-12:43:20(GMT) Log: Seconds remaining: 510
2022/01/27-12:43:30(GMT) Log: Seconds remaining: 500
2022/01/27-12:43:40(GMT) Log: Seconds remaining: 490
2022/01/27-12:43:50(GMT) Log: Seconds remaining: 480
2022/01/27-12:44:00(GMT) Log: Seconds remaining: 470
2022/01/27-12:44:10(GMT) Log: Seconds remaining: 460
2022/01/27-12:44:20(GMT) Log: Seconds remaining: 450
2022/01/27-12:44:30(GMT) Log: Seconds remaining: 440
2022/01/27-12:44:40(GMT) Log: Seconds remaining: 430
2022/01/27-12:44:50(GMT) Log: Seconds remaining: 420
2022/01/27-12:45:00(GMT) Log: Seconds remaining: 410
2022/01/27-12:45:10(GMT) Log: Seconds remaining: 400
2022/01/27-12:45:20(GMT) Log: Seconds remaining: 390
2022/01/27-12:45:30(GMT) Log: Seconds remaining: 380
2022/01/27-12:45:40(GMT) Log: Seconds remaining: 370
2022/01/27-12:45:50(GMT) Log: Seconds remaining: 360
2022/01/27-12:46:00(GMT) Log: Seconds remaining: 350
2022/01/27-12:46:10(GMT) Log: Seconds remaining: 340
2022/01/27-12:46:20(GMT) Log: Seconds remaining: 330
2022/01/27-12:46:30(GMT) Log: Seconds remaining: 320
2022/01/27-12:46:40(GMT) Log: Seconds remaining: 310
2022/01/27-12:46:50(GMT) Log: Seconds remaining: 300
2022/01/27-12:47:00(GMT) Log: Seconds remaining: 290
2022/01/27-12:47:10(GMT) Log: Seconds remaining: 280
2022/01/27-12:47:20(GMT) Log: Seconds remaining: 270
2022/01/27-12:47:30(GMT) Log: Seconds remaining: 260
2022/01/27-12:47:40(GMT) Log: Seconds remaining: 250
2022/01/27-12:47:50(GMT) Log: Seconds remaining: 240
2022/01/27-12:48:00(GMT) Log: Seconds remaining: 230
2022/01/27-12:48:10(GMT) Log: Seconds remaining: 220
2022/01/27-12:48:20(GMT) Log: Seconds remaining: 210
2022/01/27-12:48:30(GMT) Log: Seconds remaining: 200
2022/01/27-12:48:40(GMT) Log: Seconds remaining: 190
2022/01/27-12:48:50(GMT) Log: Seconds remaining: 180
2022/01/27-12:49:00(GMT) Log: Seconds remaining: 170
2022/01/27-12:49:10(GMT) Log: Seconds remaining: 160
2022/01/27-12:49:20(GMT) Log: Seconds remaining: 150
2022/01/27-12:49:30(GMT) Log: Seconds remaining: 140
2022/01/27-12:49:40(GMT) Log: Seconds remaining: 130
2022/01/27-12:49:50(GMT) Log: Seconds remaining: 120
2022/01/27-12:50:00(GMT) Log: Seconds remaining: 110
2022/01/27-12:50:10(GMT) Log: Seconds remaining: 100
2022/01/27-12:50:20(GMT) Log: Seconds remaining: 90
2022/01/27-12:50:30(GMT) Log: Seconds remaining: 80
2022/01/27-12:50:40(GMT) Log: Seconds remaining: 70
2022/01/27-12:50:50(GMT) Log: Seconds remaining: 60
2022/01/27-12:51:00(GMT) Log: Seconds remaining: 50
2022/01/27-12:51:10(GMT) Log: Seconds remaining: 40
2022/01/27-12:51:20(GMT) Log: Seconds remaining: 30
2022/01/27-12:51:30(GMT) Log: Seconds remaining: 20
2022/01/27-12:51:40(GMT) Log: Seconds remaining: 10
2022/01/27-12:51:56(GMT) Stats: Found 0 hardware incidents
2022/01/27-12:51:56(GMT) Stats: Completed: 194914896.00M in 2400.78s 81187.98MB/s, with 0 hardware incidents, 0 errors
2022/01/27-12:51:56(GMT) Stats: Memory Copy: 194914896.00M at 81211.97MB/s
2022/01/27-12:51:56(GMT) Stats: File Copy: 0.00M at 0.00MB/s
2022/01/27-12:51:56(GMT) Stats: Net Copy: 0.00M at 0.00MB/s
2022/01/27-12:51:56(GMT) Stats: Data Check: 0.00M at 0.00MB/s
2022/01/27-12:51:56(GMT) Stats: Invert Data: 0.00M at 0.00MB/s
2022/01/27-12:51:56(GMT) Stats: Disk: 0.00M at 0.00MB/s
2022/01/27-12:51:56(GMT) 
2022/01/27-12:51:56(GMT) Status: PASS - please verify no corrected errors
2022/01/27-12:51:56(GMT) 

============================
=          DMESG           =
============================
[ 6174.178768] perf: interrupt took too long (2515 > 2500), lowering kernel.perf_event_max_sample_rate to 79500
[ 6362.230841] perf: interrupt took too long (3192 > 3143), lowering kernel.perf_event_max_sample_rate to 62500
[ 6601.402019] perf: interrupt took too long (3996 > 3990), lowering kernel.perf_event_max_sample_rate to 50000
[ 7385.871272] perf: interrupt took too long (5042 > 4995), lowering kernel.perf_event_max_sample_rate to 39500

============================
=          BMC SEL         =
============================
=== No SEL logged ===


==============================================
=            Burn-In Test Cycle 3            =
==============================================
Test start time: 2022-01-27_12:52:23
***************************
*      KSB test cycle3    *
***************************
===== KSB Memory test PASS =====

=======================================================
Running fpga-test on 02:00.0
=======================================================

Device Type                : Kalidah
EP Link Status             : Gen3 x8     PASSED 
GIT Hash                   : 0x0FAA0CFE
Device DNA                 : 0x400200000155AC800C90E285
Core Clock Frequency       :    250 MHz
SSD_0 present              :        Yes
SSD_1 present              :        Yes
KSB number                 :          1
Slice number               :          0
Temperature Master  Sysmon :      34.85  Cel
Temperature Slave 0 Sysmon :      34.42  Cel
Temperature Slave 1 Sysmon :      34.50  Cel
DDR4 capability            : ID_2, 16GB, VLP RDIMM w/ ECC, 1R, 16Gb x8 die, 2400 MT/s 
DDR4 calibration done      : 0x00000001  PASSED 
Unsupported Offset BAR3    : 0xFFFFFFFF  PASSED 
FPGA Version               : 0x00030006  PASSED 
DMA ch0 ctl. register      : 0x00008003  PASSED 
DMA ch1 ctl. register      : 0x00008013  PASSED 
DMA ch2 ctl. register      : 0x00008023  PASSED 
RP0 Link Status            : 0x70430000  PASSED 
Locating PCIe capabilities of SSD0 ...SSD0 Link Status           : 0x10430000  PASSED 
SSD0 Vendor/Dev ID         : 0xA808144D  PASSED  (Samsung)
RP1 Link Status            : 0x70430000  PASSED 
Locating PCIe capabilities of SSD1 ...SSD1 Link Status           : 0x10430000  PASSED 
SSD1 Vendor/Dev ID         : 0xA808144D  PASSED  (Samsung)
Global Fatal Interrupt     : 0x00000000  PASSED 
Global Non Fatal Interrupt : 0x00000000  PASSED 
  ____                 _
 |  _ \ __ _ ___ ___  | |
 | |_) / _` / __/ __| | |
 |  __/ (_| \__ \__ \ |_|
 |_|   \__,_|___/___/ (_)


=======================================================
Running fpga-test on 41:00.0
=======================================================

Device Type                : Kalidah
EP Link Status             : Gen3 x8     PASSED 
GIT Hash                   : 0x0FAA0CFE
Device DNA                 : 0x400200000155AC800C90E285
Core Clock Frequency       :    250 MHz
SSD_0 present              :        Yes
SSD_1 present              :        Yes
KSB number                 :          1
Slice number               :          1
DDR4 capability            : ID_2, 16GB, VLP RDIMM w/ ECC, 1R, 16Gb x8 die, 2400 MT/s 
DDR4 calibration done      : 0x00000001  PASSED 
Unsupported Offset BAR3    : 0xFFFFFFFF  PASSED 
FPGA Version               : 0x00030006  PASSED 
DMA ch0 ctl. register      : 0x00008003  PASSED 
DMA ch1 ctl. register      : 0x00008013  PASSED 
DMA ch2 ctl. register      : 0x00008023  PASSED 
RP0 Link Status            : 0x70430000  PASSED 
Locating PCIe capabilities of SSD0 ...SSD0 Link Status           : 0x10430000  PASSED 
SSD0 Vendor/Dev ID         : 0xA808144D  PASSED  (Samsung)
RP1 Link Status            : 0x70430000  PASSED 
Locating PCIe capabilities of SSD1 ...SSD1 Link Status           : 0x10430000  PASSED 
SSD1 Vendor/Dev ID         : 0xA808144D  PASSED  (Samsung)
Global Fatal Interrupt     : 0x00000000  PASSED 
Global Non Fatal Interrupt : 0x00000000  PASSED 
  ____                 _
 |  _ \ __ _ ___ ___  | |
 | |_) / _` / __/ __| | |
 |  __/ (_| \__ \__ \ |_|
 |_|   \__,_|___/___/ (_)


=======================================================
Running fpga-test on 84:00.0
=======================================================

Device Type                : Kalidah
EP Link Status             : Gen3 x8     PASSED 
GIT Hash                   : 0x0FAA0CFE
Device DNA                 : 0x400200000155AC694C3082C5
Core Clock Frequency       :    250 MHz
SSD_0 present              :        Yes
SSD_1 present              :        Yes
KSB number                 :          0
Slice number               :          1
DDR4 capability            : ID_2, 16GB, VLP RDIMM w/ ECC, 1R, 16Gb x8 die, 2400 MT/s 
DDR4 calibration done      : 0x00000001  PASSED 
Unsupported Offset BAR3    : 0xFFFFFFFF  PASSED 
FPGA Version               : 0x00030006  PASSED 
DMA ch0 ctl. register      : 0x00008003  PASSED 
DMA ch1 ctl. register      : 0x00008013  PASSED 
DMA ch2 ctl. register      : 0x00008023  PASSED 
RP0 Link Status            : 0x70430000  PASSED 
Locating PCIe capabilities of SSD0 ...SSD0 Link Status           : 0x10430000  PASSED 
SSD0 Vendor/Dev ID         : 0xA808144D  PASSED  (Samsung)
RP1 Link Status            : 0x70430000  PASSED 
Locating PCIe capabilities of SSD1 ...SSD1 Link Status           : 0x10430000  PASSED 
SSD1 Vendor/Dev ID         : 0xA808144D  PASSED  (Samsung)
Global Fatal Interrupt     : 0x00000000  PASSED 
Global Non Fatal Interrupt : 0x00000000  PASSED 
  ____                 _
 |  _ \ __ _ ___ ___  | |
 | |_) / _` / __/ __| | |
 |  __/ (_| \__ \__ \ |_|
 |_|   \__,_|___/___/ (_)


=======================================================
Running fpga-test on c1:00.0
=======================================================

Device Type                : Kalidah
EP Link Status             : Gen3 x8     PASSED 
GIT Hash                   : 0x0FAA0CFE
Device DNA                 : 0x400200000155AC694C3082C5
Core Clock Frequency       :    250 MHz
SSD_0 present              :        Yes
SSD_1 present              :        Yes
KSB number                 :          0
Slice number               :          0
Temperature Master  Sysmon :      35.26  Cel
Temperature Slave 0 Sysmon :      35.17  Cel
Temperature Slave 1 Sysmon :      34.55  Cel
DDR4 capability            : ID_2, 16GB, VLP RDIMM w/ ECC, 1R, 16Gb x8 die, 2400 MT/s 
DDR4 calibration done      : 0x00000001  PASSED 
Unsupported Offset BAR3    : 0xFFFFFFFF  PASSED 
FPGA Version               : 0x00030006  PASSED 
DMA ch0 ctl. register      : 0x00008003  PASSED 
DMA ch1 ctl. register      : 0x00008013  PASSED 
DMA ch2 ctl. register      : 0x00008023  PASSED 
RP0 Link Status            : 0x70430000  PASSED 
Locating PCIe capabilities of SSD0 ...SSD0 Link Status           : 0x10430000  PASSED 
SSD0 Vendor/Dev ID         : 0xA808144D  PASSED  (Samsung)
RP1 Link Status            : 0x70430000  PASSED 
Locating PCIe capabilities of SSD1 ...SSD1 Link Status           : 0x10430000  PASSED 
SSD1 Vendor/Dev ID         : 0xA808144D  PASSED  (Samsung)
Global Fatal Interrupt     : 0x00000000  PASSED 
Global Non Fatal Interrupt : 0x00000000  PASSED 
  ____                 _
 |  _ \ __ _ ___ ___  | |
 | |_) / _` / __/ __| | |
 |  __/ (_| \__ \__ \ |_|
 |_|   \__,_|___/___/ (_)


*****************************
*  CPU/Memory Stress cycle3 *
*****************************
============================
=        Stress Log        =
============================
2022/01/27-12:52:58(GMT) Log: Commandline - ./stressapptest -m 32 -C 32 -l /root/TinmanBI/STRESS.log -s 2400
2022/01/27-12:52:58(GMT) Stats: SAT revision 1.0.7_autoconf, 64 bit binary
2022/01/27-12:52:58(GMT) Log: root @ localhost.localdomain on Tue Sep 19 03:28:47 CST 2017 from open source release
2022/01/27-12:52:58(GMT) Log: 1 nodes, 128 cpus.
2022/01/27-12:52:58(GMT) Log: Total 515817 MB. Free 509988 MB. Hugepages 0 MB. Targeting 489834 MB (94%)
2022/01/27-12:52:58(GMT) Log: Prefer plain malloc memory allocation.
2022/01/27-12:52:58(GMT) Log: Using mmap() allocation at 0x7f1c5ea8a000.
2022/01/27-12:52:58(GMT) Stats: Starting SAT, 489834M, 2400 seconds
2022/01/27-12:53:34(GMT) Log: Region mask: 0x1
2022/01/27-12:53:44(GMT) Log: Seconds remaining: 2390
2022/01/27-12:53:54(GMT) Log: Seconds remaining: 2380
2022/01/27-12:54:04(GMT) Log: Seconds remaining: 2370
2022/01/27-12:54:14(GMT) Log: Seconds remaining: 2360
2022/01/27-12:54:24(GMT) Log: Seconds remaining: 2350
2022/01/27-12:54:34(GMT) Log: Seconds remaining: 2340
2022/01/27-12:54:44(GMT) Log: Seconds remaining: 2330
2022/01/27-12:54:54(GMT) Log: Seconds remaining: 2320
2022/01/27-12:55:04(GMT) Log: Seconds remaining: 2310
2022/01/27-12:55:14(GMT) Log: Seconds remaining: 2300
2022/01/27-12:55:24(GMT) Log: Seconds remaining: 2290
2022/01/27-12:55:34(GMT) Log: Seconds remaining: 2280
2022/01/27-12:55:44(GMT) Log: Seconds remaining: 2270
2022/01/27-12:55:54(GMT) Log: Seconds remaining: 2260
2022/01/27-12:56:04(GMT) Log: Seconds remaining: 2250
2022/01/27-12:56:14(GMT) Log: Seconds remaining: 2240
2022/01/27-12:56:24(GMT) Log: Seconds remaining: 2230
2022/01/27-12:56:34(GMT) Log: Seconds remaining: 2220
2022/01/27-12:56:44(GMT) Log: Seconds remaining: 2210
2022/01/27-12:56:54(GMT) Log: Seconds remaining: 2200
2022/01/27-12:57:04(GMT) Log: Seconds remaining: 2190
2022/01/27-12:57:14(GMT) Log: Seconds remaining: 2180
2022/01/27-12:57:24(GMT) Log: Seconds remaining: 2170
2022/01/27-12:57:34(GMT) Log: Seconds remaining: 2160
2022/01/27-12:57:44(GMT) Log: Seconds remaining: 2150
2022/01/27-12:57:54(GMT) Log: Seconds remaining: 2140
2022/01/27-12:58:04(GMT) Log: Seconds remaining: 2130
2022/01/27-12:58:14(GMT) Log: Seconds remaining: 2120
2022/01/27-12:58:24(GMT) Log: Seconds remaining: 2110
2022/01/27-12:58:34(GMT) Log: Seconds remaining: 2100
2022/01/27-12:58:44(GMT) Log: Seconds remaining: 2090
2022/01/27-12:58:54(GMT) Log: Seconds remaining: 2080
2022/01/27-12:59:04(GMT) Log: Seconds remaining: 2070
2022/01/27-12:59:14(GMT) Log: Seconds remaining: 2060
2022/01/27-12:59:24(GMT) Log: Seconds remaining: 2050
2022/01/27-12:59:34(GMT) Log: Seconds remaining: 2040
2022/01/27-12:59:44(GMT) Log: Seconds remaining: 2030
2022/01/27-12:59:54(GMT) Log: Seconds remaining: 2020
2022/01/27-13:00:04(GMT) Log: Seconds remaining: 2010
2022/01/27-13:00:14(GMT) Log: Seconds remaining: 2000
2022/01/27-13:00:24(GMT) Log: Seconds remaining: 1990
2022/01/27-13:00:34(GMT) Log: Seconds remaining: 1980
2022/01/27-13:00:44(GMT) Log: Seconds remaining: 1970
2022/01/27-13:00:54(GMT) Log: Seconds remaining: 1960
2022/01/27-13:01:04(GMT) Log: Seconds remaining: 1950
2022/01/27-13:01:14(GMT) Log: Seconds remaining: 1940
2022/01/27-13:01:24(GMT) Log: Seconds remaining: 1930
2022/01/27-13:01:34(GMT) Log: Seconds remaining: 1920
2022/01/27-13:01:44(GMT) Log: Seconds remaining: 1910
2022/01/27-13:01:54(GMT) Log: Seconds remaining: 1900
2022/01/27-13:02:04(GMT) Log: Seconds remaining: 1890
2022/01/27-13:02:14(GMT) Log: Seconds remaining: 1880
2022/01/27-13:02:24(GMT) Log: Seconds remaining: 1870
2022/01/27-13:02:34(GMT) Log: Seconds remaining: 1860
2022/01/27-13:02:44(GMT) Log: Seconds remaining: 1850
2022/01/27-13:02:54(GMT) Log: Seconds remaining: 1840
2022/01/27-13:03:04(GMT) Log: Seconds remaining: 1830
2022/01/27-13:03:14(GMT) Log: Seconds remaining: 1820
2022/01/27-13:03:24(GMT) Log: Seconds remaining: 1810
2022/01/27-13:03:34(GMT) Log: Seconds remaining: 1800
2022/01/27-13:03:34(GMT) Log: Pausing worker threads in preparation for power spike (1800 seconds remaining)
2022/01/27-13:03:44(GMT) Log: Seconds remaining: 1790
2022/01/27-13:03:49(GMT) Log: Resuming worker threads to cause a power spike (1785 seconds remaining)
2022/01/27-13:03:54(GMT) Log: Seconds remaining: 1780
2022/01/27-13:04:04(GMT) Log: Seconds remaining: 1770
2022/01/27-13:04:14(GMT) Log: Seconds remaining: 1760
2022/01/27-13:04:24(GMT) Log: Seconds remaining: 1750
2022/01/27-13:04:34(GMT) Log: Seconds remaining: 1740
2022/01/27-13:04:44(GMT) Log: Seconds remaining: 1730
2022/01/27-13:04:54(GMT) Log: Seconds remaining: 1720
2022/01/27-13:05:04(GMT) Log: Seconds remaining: 1710
2022/01/27-13:05:14(GMT) Log: Seconds remaining: 1700
2022/01/27-13:05:24(GMT) Log: Seconds remaining: 1690
2022/01/27-13:05:34(GMT) Log: Seconds remaining: 1680
2022/01/27-13:05:44(GMT) Log: Seconds remaining: 1670
2022/01/27-13:05:54(GMT) Log: Seconds remaining: 1660
2022/01/27-13:06:04(GMT) Log: Seconds remaining: 1650
2022/01/27-13:06:14(GMT) Log: Seconds remaining: 1640
2022/01/27-13:06:24(GMT) Log: Seconds remaining: 1630
2022/01/27-13:06:34(GMT) Log: Seconds remaining: 1620
2022/01/27-13:06:44(GMT) Log: Seconds remaining: 1610
2022/01/27-13:06:54(GMT) Log: Seconds remaining: 1600
2022/01/27-13:07:04(GMT) Log: Seconds remaining: 1590
2022/01/27-13:07:14(GMT) Log: Seconds remaining: 1580
2022/01/27-13:07:24(GMT) Log: Seconds remaining: 1570
2022/01/27-13:07:34(GMT) Log: Seconds remaining: 1560
2022/01/27-13:07:44(GMT) Log: Seconds remaining: 1550
2022/01/27-13:07:54(GMT) Log: Seconds remaining: 1540
2022/01/27-13:08:04(GMT) Log: Seconds remaining: 1530
2022/01/27-13:08:14(GMT) Log: Seconds remaining: 1520
2022/01/27-13:08:24(GMT) Log: Seconds remaining: 1510
2022/01/27-13:08:34(GMT) Log: Seconds remaining: 1500
2022/01/27-13:08:44(GMT) Log: Seconds remaining: 1490
2022/01/27-13:08:54(GMT) Log: Seconds remaining: 1480
2022/01/27-13:09:04(GMT) Log: Seconds remaining: 1470
2022/01/27-13:09:14(GMT) Log: Seconds remaining: 1460
2022/01/27-13:09:24(GMT) Log: Seconds remaining: 1450
2022/01/27-13:09:34(GMT) Log: Seconds remaining: 1440
2022/01/27-13:09:44(GMT) Log: Seconds remaining: 1430
2022/01/27-13:09:54(GMT) Log: Seconds remaining: 1420
2022/01/27-13:10:04(GMT) Log: Seconds remaining: 1410
2022/01/27-13:10:14(GMT) Log: Seconds remaining: 1400
2022/01/27-13:10:24(GMT) Log: Seconds remaining: 1390
2022/01/27-13:10:34(GMT) Log: Seconds remaining: 1380
2022/01/27-13:10:44(GMT) Log: Seconds remaining: 1370
2022/01/27-13:10:54(GMT) Log: Seconds remaining: 1360
2022/01/27-13:11:04(GMT) Log: Seconds remaining: 1350
2022/01/27-13:11:14(GMT) Log: Seconds remaining: 1340
2022/01/27-13:11:24(GMT) Log: Seconds remaining: 1330
2022/01/27-13:11:34(GMT) Log: Seconds remaining: 1320
2022/01/27-13:11:44(GMT) Log: Seconds remaining: 1310
2022/01/27-13:11:54(GMT) Log: Seconds remaining: 1300
2022/01/27-13:12:04(GMT) Log: Seconds remaining: 1290
2022/01/27-13:12:14(GMT) Log: Seconds remaining: 1280
2022/01/27-13:12:24(GMT) Log: Seconds remaining: 1270
2022/01/27-13:12:34(GMT) Log: Seconds remaining: 1260
2022/01/27-13:12:44(GMT) Log: Seconds remaining: 1250
2022/01/27-13:12:54(GMT) Log: Seconds remaining: 1240
2022/01/27-13:13:04(GMT) Log: Seconds remaining: 1230
2022/01/27-13:13:14(GMT) Log: Seconds remaining: 1220
2022/01/27-13:13:24(GMT) Log: Seconds remaining: 1210
2022/01/27-13:13:34(GMT) Log: Seconds remaining: 1200
2022/01/27-13:13:34(GMT) Log: Pausing worker threads in preparation for power spike (1200 seconds remaining)
2022/01/27-13:13:44(GMT) Log: Seconds remaining: 1190
2022/01/27-13:13:49(GMT) Log: Resuming worker threads to cause a power spike (1185 seconds remaining)
2022/01/27-13:13:54(GMT) Log: Seconds remaining: 1180
2022/01/27-13:14:04(GMT) Log: Seconds remaining: 1170
2022/01/27-13:14:14(GMT) Log: Seconds remaining: 1160
2022/01/27-13:14:24(GMT) Log: Seconds remaining: 1150
2022/01/27-13:14:34(GMT) Log: Seconds remaining: 1140
2022/01/27-13:14:44(GMT) Log: Seconds remaining: 1130
2022/01/27-13:14:54(GMT) Log: Seconds remaining: 1120
2022/01/27-13:15:04(GMT) Log: Seconds remaining: 1110
2022/01/27-13:15:14(GMT) Log: Seconds remaining: 1100
2022/01/27-13:15:24(GMT) Log: Seconds remaining: 1090
2022/01/27-13:15:34(GMT) Log: Seconds remaining: 1080
2022/01/27-13:15:44(GMT) Log: Seconds remaining: 1070
2022/01/27-13:15:54(GMT) Log: Seconds remaining: 1060
2022/01/27-13:16:04(GMT) Log: Seconds remaining: 1050
2022/01/27-13:16:14(GMT) Log: Seconds remaining: 1040
2022/01/27-13:16:24(GMT) Log: Seconds remaining: 1030
2022/01/27-13:16:34(GMT) Log: Seconds remaining: 1020
2022/01/27-13:16:44(GMT) Log: Seconds remaining: 1010
2022/01/27-13:16:54(GMT) Log: Seconds remaining: 1000
2022/01/27-13:17:04(GMT) Log: Seconds remaining: 990
2022/01/27-13:17:14(GMT) Log: Seconds remaining: 980
2022/01/27-13:17:24(GMT) Log: Seconds remaining: 970
2022/01/27-13:17:34(GMT) Log: Seconds remaining: 960
2022/01/27-13:17:44(GMT) Log: Seconds remaining: 950
2022/01/27-13:17:54(GMT) Log: Seconds remaining: 940
2022/01/27-13:18:04(GMT) Log: Seconds remaining: 930
2022/01/27-13:18:14(GMT) Log: Seconds remaining: 920
2022/01/27-13:18:24(GMT) Log: Seconds remaining: 910
2022/01/27-13:18:34(GMT) Log: Seconds remaining: 900
2022/01/27-13:18:44(GMT) Log: Seconds remaining: 890
2022/01/27-13:18:54(GMT) Log: Seconds remaining: 880
2022/01/27-13:19:04(GMT) Log: Seconds remaining: 870
2022/01/27-13:19:14(GMT) Log: Seconds remaining: 860
2022/01/27-13:19:24(GMT) Log: Seconds remaining: 850
2022/01/27-13:19:34(GMT) Log: Seconds remaining: 840
2022/01/27-13:19:44(GMT) Log: Seconds remaining: 830
2022/01/27-13:19:54(GMT) Log: Seconds remaining: 820
2022/01/27-13:20:04(GMT) Log: Seconds remaining: 810
2022/01/27-13:20:14(GMT) Log: Seconds remaining: 800
2022/01/27-13:20:24(GMT) Log: Seconds remaining: 790
2022/01/27-13:20:34(GMT) Log: Seconds remaining: 780
2022/01/27-13:20:44(GMT) Log: Seconds remaining: 770
2022/01/27-13:20:54(GMT) Log: Seconds remaining: 760
2022/01/27-13:21:04(GMT) Log: Seconds remaining: 750
2022/01/27-13:21:14(GMT) Log: Seconds remaining: 740
2022/01/27-13:21:24(GMT) Log: Seconds remaining: 730
2022/01/27-13:21:34(GMT) Log: Seconds remaining: 720
2022/01/27-13:21:44(GMT) Log: Seconds remaining: 710
2022/01/27-13:21:54(GMT) Log: Seconds remaining: 700
2022/01/27-13:22:04(GMT) Log: Seconds remaining: 690
2022/01/27-13:22:14(GMT) Log: Seconds remaining: 680
2022/01/27-13:22:24(GMT) Log: Seconds remaining: 670
2022/01/27-13:22:34(GMT) Log: Seconds remaining: 660
2022/01/27-13:22:44(GMT) Log: Seconds remaining: 650
2022/01/27-13:22:54(GMT) Log: Seconds remaining: 640
2022/01/27-13:23:04(GMT) Log: Seconds remaining: 630
2022/01/27-13:23:14(GMT) Log: Seconds remaining: 620
2022/01/27-13:23:24(GMT) Log: Seconds remaining: 610
2022/01/27-13:23:34(GMT) Log: Seconds remaining: 600
2022/01/27-13:23:34(GMT) Log: Pausing worker threads in preparation for power spike (600 seconds remaining)
2022/01/27-13:23:44(GMT) Log: Seconds remaining: 590
2022/01/27-13:23:49(GMT) Log: Resuming worker threads to cause a power spike (585 seconds remaining)
2022/01/27-13:23:54(GMT) Log: Seconds remaining: 580
2022/01/27-13:24:04(GMT) Log: Seconds remaining: 570
2022/01/27-13:24:14(GMT) Log: Seconds remaining: 560
2022/01/27-13:24:24(GMT) Log: Seconds remaining: 550
2022/01/27-13:24:34(GMT) Log: Seconds remaining: 540
2022/01/27-13:24:44(GMT) Log: Seconds remaining: 530
2022/01/27-13:24:54(GMT) Log: Seconds remaining: 520
2022/01/27-13:25:04(GMT) Log: Seconds remaining: 510
2022/01/27-13:25:14(GMT) Log: Seconds remaining: 500
2022/01/27-13:25:24(GMT) Log: Seconds remaining: 490
2022/01/27-13:25:34(GMT) Log: Seconds remaining: 480
2022/01/27-13:25:44(GMT) Log: Seconds remaining: 470
2022/01/27-13:25:54(GMT) Log: Seconds remaining: 460
2022/01/27-13:26:04(GMT) Log: Seconds remaining: 450
2022/01/27-13:26:14(GMT) Log: Seconds remaining: 440
2022/01/27-13:26:24(GMT) Log: Seconds remaining: 430
2022/01/27-13:26:34(GMT) Log: Seconds remaining: 420
2022/01/27-13:26:44(GMT) Log: Seconds remaining: 410
2022/01/27-13:26:54(GMT) Log: Seconds remaining: 400
2022/01/27-13:27:04(GMT) Log: Seconds remaining: 390
2022/01/27-13:27:14(GMT) Log: Seconds remaining: 380
2022/01/27-13:27:24(GMT) Log: Seconds remaining: 370
2022/01/27-13:27:34(GMT) Log: Seconds remaining: 360
2022/01/27-13:27:44(GMT) Log: Seconds remaining: 350
2022/01/27-13:27:54(GMT) Log: Seconds remaining: 340
2022/01/27-13:28:04(GMT) Log: Seconds remaining: 330
2022/01/27-13:28:14(GMT) Log: Seconds remaining: 320
2022/01/27-13:28:24(GMT) Log: Seconds remaining: 310
2022/01/27-13:28:34(GMT) Log: Seconds remaining: 300
2022/01/27-13:28:44(GMT) Log: Seconds remaining: 290
2022/01/27-13:28:54(GMT) Log: Seconds remaining: 280
2022/01/27-13:29:04(GMT) Log: Seconds remaining: 270
2022/01/27-13:29:14(GMT) Log: Seconds remaining: 260
2022/01/27-13:29:24(GMT) Log: Seconds remaining: 250
2022/01/27-13:29:34(GMT) Log: Seconds remaining: 240
2022/01/27-13:29:44(GMT) Log: Seconds remaining: 230
2022/01/27-13:29:54(GMT) Log: Seconds remaining: 220
2022/01/27-13:30:04(GMT) Log: Seconds remaining: 210
2022/01/27-13:30:14(GMT) Log: Seconds remaining: 200
2022/01/27-13:30:24(GMT) Log: Seconds remaining: 190
2022/01/27-13:30:34(GMT) Log: Seconds remaining: 180
2022/01/27-13:30:44(GMT) Log: Seconds remaining: 170
2022/01/27-13:30:54(GMT) Log: Seconds remaining: 160
2022/01/27-13:31:04(GMT) Log: Seconds remaining: 150
2022/01/27-13:31:14(GMT) Log: Seconds remaining: 140
2022/01/27-13:31:24(GMT) Log: Seconds remaining: 130
2022/01/27-13:31:34(GMT) Log: Seconds remaining: 120
2022/01/27-13:31:44(GMT) Log: Seconds remaining: 110
2022/01/27-13:31:54(GMT) Log: Seconds remaining: 100
2022/01/27-13:32:04(GMT) Log: Seconds remaining: 90
2022/01/27-13:32:14(GMT) Log: Seconds remaining: 80
2022/01/27-13:32:24(GMT) Log: Seconds remaining: 70
2022/01/27-13:32:34(GMT) Log: Seconds remaining: 60
2022/01/27-13:32:44(GMT) Log: Seconds remaining: 50
2022/01/27-13:32:54(GMT) Log: Seconds remaining: 40
2022/01/27-13:33:04(GMT) Log: Seconds remaining: 30
2022/01/27-13:33:14(GMT) Log: Seconds remaining: 20
2022/01/27-13:33:24(GMT) Log: Seconds remaining: 10
2022/01/27-13:33:41(GMT) Stats: Found 0 hardware incidents
2022/01/27-13:33:41(GMT) Stats: Completed: 193912736.00M in 2400.78s 80770.55MB/s, with 0 hardware incidents, 0 errors
2022/01/27-13:33:41(GMT) Stats: Memory Copy: 193912736.00M at 80793.39MB/s
2022/01/27-13:33:41(GMT) Stats: File Copy: 0.00M at 0.00MB/s
2022/01/27-13:33:41(GMT) Stats: Net Copy: 0.00M at 0.00MB/s
2022/01/27-13:33:41(GMT) Stats: Data Check: 0.00M at 0.00MB/s
2022/01/27-13:33:41(GMT) Stats: Invert Data: 0.00M at 0.00MB/s
2022/01/27-13:33:41(GMT) Stats: Disk: 0.00M at 0.00MB/s
2022/01/27-13:33:41(GMT) 
2022/01/27-13:33:41(GMT) Status: PASS - please verify no corrected errors
2022/01/27-13:33:41(GMT) 

============================
=          DMESG           =
============================
[ 6174.178768] perf: interrupt took too long (2515 > 2500), lowering kernel.perf_event_max_sample_rate to 79500
[ 6362.230841] perf: interrupt took too long (3192 > 3143), lowering kernel.perf_event_max_sample_rate to 62500
[ 6601.402019] perf: interrupt took too long (3996 > 3990), lowering kernel.perf_event_max_sample_rate to 50000
[ 7385.871272] perf: interrupt took too long (5042 > 4995), lowering kernel.perf_event_max_sample_rate to 39500

============================
=          BMC SEL         =
============================
=== No SEL logged ===


==============================================
=            Burn-In Test Cycle 4            =
==============================================
Test start time: 2022-01-27_13:34:08
***************************
*      KSB test cycle4    *
***************************
===== KSB Memory test PASS =====

=======================================================
Running fpga-test on 02:00.0
=======================================================

Device Type                : Kalidah
EP Link Status             : Gen3 x8     PASSED 
GIT Hash                   : 0x0FAA0CFE
Device DNA                 : 0x400200000155AC800C90E285
Core Clock Frequency       :    250 MHz
SSD_0 present              :        Yes
SSD_1 present              :        Yes
KSB number                 :          1
Slice number               :          0
Temperature Master  Sysmon :      34.39  Cel
Temperature Slave 0 Sysmon :      33.71  Cel
Temperature Slave 1 Sysmon :      33.38  Cel
DDR4 capability            : ID_2, 16GB, VLP RDIMM w/ ECC, 1R, 16Gb x8 die, 2400 MT/s 
DDR4 calibration done      : 0x00000001  PASSED 
Unsupported Offset BAR3    : 0xFFFFFFFF  PASSED 
FPGA Version               : 0x00030006  PASSED 
DMA ch0 ctl. register      : 0x00008003  PASSED 
DMA ch1 ctl. register      : 0x00008013  PASSED 
DMA ch2 ctl. register      : 0x00008023  PASSED 
RP0 Link Status            : 0x70430000  PASSED 
Locating PCIe capabilities of SSD0 ...SSD0 Link Status           : 0x10430000  PASSED 
SSD0 Vendor/Dev ID         : 0xA808144D  PASSED  (Samsung)
RP1 Link Status            : 0x70430000  PASSED 
Locating PCIe capabilities of SSD1 ...SSD1 Link Status           : 0x10430000  PASSED 
SSD1 Vendor/Dev ID         : 0xA808144D  PASSED  (Samsung)
Global Fatal Interrupt     : 0x00000000  PASSED 
Global Non Fatal Interrupt : 0x00000000  PASSED 
  ____                 _
 |  _ \ __ _ ___ ___  | |
 | |_) / _` / __/ __| | |
 |  __/ (_| \__ \__ \ |_|
 |_|   \__,_|___/___/ (_)


=======================================================
Running fpga-test on 41:00.0
=======================================================

Device Type                : Kalidah
EP Link Status             : Gen3 x8     PASSED 
GIT Hash                   : 0x0FAA0CFE
Device DNA                 : 0x400200000155AC800C90E285
Core Clock Frequency       :    250 MHz
SSD_0 present              :        Yes
SSD_1 present              :        Yes
KSB number                 :          1
Slice number               :          1
DDR4 capability            : ID_2, 16GB, VLP RDIMM w/ ECC, 1R, 16Gb x8 die, 2400 MT/s 
DDR4 calibration done      : 0x00000001  PASSED 
Unsupported Offset BAR3    : 0xFFFFFFFF  PASSED 
FPGA Version               : 0x00030006  PASSED 
DMA ch0 ctl. register      : 0x00008003  PASSED 
DMA ch1 ctl. register      : 0x00008013  PASSED 
DMA ch2 ctl. register      : 0x00008023  PASSED 
RP0 Link Status            : 0x70430000  PASSED 
Locating PCIe capabilities of SSD0 ...SSD0 Link Status           : 0x10430000  PASSED 
SSD0 Vendor/Dev ID         : 0xA808144D  PASSED  (Samsung)
RP1 Link Status            : 0x70430000  PASSED 
Locating PCIe capabilities of SSD1 ...SSD1 Link Status           : 0x10430000  PASSED 
SSD1 Vendor/Dev ID         : 0xA808144D  PASSED  (Samsung)
Global Fatal Interrupt     : 0x00000000  PASSED 
Global Non Fatal Interrupt : 0x00000000  PASSED 
  ____                 _
 |  _ \ __ _ ___ ___  | |
 | |_) / _` / __/ __| | |
 |  __/ (_| \__ \__ \ |_|
 |_|   \__,_|___/___/ (_)


=======================================================
Running fpga-test on 84:00.0
=======================================================

Device Type                : Kalidah
EP Link Status             : Gen3 x8     PASSED 
GIT Hash                   : 0x0FAA0CFE
Device DNA                 : 0x400200000155AC694C3082C5
Core Clock Frequency       :    250 MHz
SSD_0 present              :        Yes
SSD_1 present              :        Yes
KSB number                 :          0
Slice number               :          1
DDR4 capability            : ID_2, 16GB, VLP RDIMM w/ ECC, 1R, 16Gb x8 die, 2400 MT/s 
DDR4 calibration done      : 0x00000001  PASSED 
Unsupported Offset BAR3    : 0xFFFFFFFF  PASSED 
FPGA Version               : 0x00030006  PASSED 
DMA ch0 ctl. register      : 0x00008003  PASSED 
DMA ch1 ctl. register      : 0x00008013  PASSED 
DMA ch2 ctl. register      : 0x00008023  PASSED 
RP0 Link Status            : 0x70430000  PASSED 
Locating PCIe capabilities of SSD0 ...SSD0 Link Status           : 0x10430000  PASSED 
SSD0 Vendor/Dev ID         : 0xA808144D  PASSED  (Samsung)
RP1 Link Status            : 0x70430000  PASSED 
Locating PCIe capabilities of SSD1 ...SSD1 Link Status           : 0x10430000  PASSED 
SSD1 Vendor/Dev ID         : 0xA808144D  PASSED  (Samsung)
Global Fatal Interrupt     : 0x00000000  PASSED 
Global Non Fatal Interrupt : 0x00000000  PASSED 
  ____                 _
 |  _ \ __ _ ___ ___  | |
 | |_) / _` / __/ __| | |
 |  __/ (_| \__ \__ \ |_|
 |_|   \__,_|___/___/ (_)


=======================================================
Running fpga-test on c1:00.0
=======================================================

Device Type                : Kalidah
EP Link Status             : Gen3 x8     PASSED 
GIT Hash                   : 0x0FAA0CFE
Device DNA                 : 0x400200000155AC694C3082C5
Core Clock Frequency       :    250 MHz
SSD_0 present              :        Yes
SSD_1 present              :        Yes
KSB number                 :          0
Slice number               :          0
Temperature Master  Sysmon :      34.97  Cel
Temperature Slave 0 Sysmon :      34.37  Cel
Temperature Slave 1 Sysmon :      34.74  Cel
DDR4 capability            : ID_2, 16GB, VLP RDIMM w/ ECC, 1R, 16Gb x8 die, 2400 MT/s 
DDR4 calibration done      : 0x00000001  PASSED 
Unsupported Offset BAR3    : 0xFFFFFFFF  PASSED 
FPGA Version               : 0x00030006  PASSED 
DMA ch0 ctl. register      : 0x00008003  PASSED 
DMA ch1 ctl. register      : 0x00008013  PASSED 
DMA ch2 ctl. register      : 0x00008023  PASSED 
RP0 Link Status            : 0x70430000  PASSED 
Locating PCIe capabilities of SSD0 ...SSD0 Link Status           : 0x10430000  PASSED 
SSD0 Vendor/Dev ID         : 0xA808144D  PASSED  (Samsung)
RP1 Link Status            : 0x70430000  PASSED 
Locating PCIe capabilities of SSD1 ...SSD1 Link Status           : 0x10430000  PASSED 
SSD1 Vendor/Dev ID         : 0xA808144D  PASSED  (Samsung)
Global Fatal Interrupt     : 0x00000000  PASSED 
Global Non Fatal Interrupt : 0x00000000  PASSED 
  ____                 _
 |  _ \ __ _ ___ ___  | |
 | |_) / _` / __/ __| | |
 |  __/ (_| \__ \__ \ |_|
 |_|   \__,_|___/___/ (_)


*****************************
*  CPU/Memory Stress cycle4 *
*****************************
============================
=        Stress Log        =
============================
2022/01/27-13:34:43(GMT) Log: Commandline - ./stressapptest -m 32 -C 32 -l /root/TinmanBI/STRESS.log -s 2400
2022/01/27-13:34:43(GMT) Stats: SAT revision 1.0.7_autoconf, 64 bit binary
2022/01/27-13:34:43(GMT) Log: root @ localhost.localdomain on Tue Sep 19 03:28:47 CST 2017 from open source release
2022/01/27-13:34:43(GMT) Log: 1 nodes, 128 cpus.
2022/01/27-13:34:43(GMT) Log: Total 515817 MB. Free 509984 MB. Hugepages 0 MB. Targeting 489834 MB (94%)
2022/01/27-13:34:43(GMT) Log: Prefer plain malloc memory allocation.
2022/01/27-13:34:43(GMT) Log: Using mmap() allocation at 0x7eae3b0da000.
2022/01/27-13:34:43(GMT) Stats: Starting SAT, 489834M, 2400 seconds
2022/01/27-13:35:19(GMT) Log: Region mask: 0x1
2022/01/27-13:35:29(GMT) Log: Seconds remaining: 2390
2022/01/27-13:35:39(GMT) Log: Seconds remaining: 2380
2022/01/27-13:35:49(GMT) Log: Seconds remaining: 2370
2022/01/27-13:35:59(GMT) Log: Seconds remaining: 2360
2022/01/27-13:36:09(GMT) Log: Seconds remaining: 2350
2022/01/27-13:36:19(GMT) Log: Seconds remaining: 2340
2022/01/27-13:36:29(GMT) Log: Seconds remaining: 2330
2022/01/27-13:36:39(GMT) Log: Seconds remaining: 2320
2022/01/27-13:36:49(GMT) Log: Seconds remaining: 2310
2022/01/27-13:36:59(GMT) Log: Seconds remaining: 2300
2022/01/27-13:37:09(GMT) Log: Seconds remaining: 2290
2022/01/27-13:37:19(GMT) Log: Seconds remaining: 2280
2022/01/27-13:37:29(GMT) Log: Seconds remaining: 2270
2022/01/27-13:37:39(GMT) Log: Seconds remaining: 2260
2022/01/27-13:37:49(GMT) Log: Seconds remaining: 2250
2022/01/27-13:37:59(GMT) Log: Seconds remaining: 2240
2022/01/27-13:38:09(GMT) Log: Seconds remaining: 2230
2022/01/27-13:38:19(GMT) Log: Seconds remaining: 2220
2022/01/27-13:38:29(GMT) Log: Seconds remaining: 2210
2022/01/27-13:38:39(GMT) Log: Seconds remaining: 2200
2022/01/27-13:38:49(GMT) Log: Seconds remaining: 2190
2022/01/27-13:38:59(GMT) Log: Seconds remaining: 2180
2022/01/27-13:39:09(GMT) Log: Seconds remaining: 2170
2022/01/27-13:39:19(GMT) Log: Seconds remaining: 2160
2022/01/27-13:39:29(GMT) Log: Seconds remaining: 2150
2022/01/27-13:39:39(GMT) Log: Seconds remaining: 2140
2022/01/27-13:39:49(GMT) Log: Seconds remaining: 2130
2022/01/27-13:39:59(GMT) Log: Seconds remaining: 2120
2022/01/27-13:40:09(GMT) Log: Seconds remaining: 2110
2022/01/27-13:40:19(GMT) Log: Seconds remaining: 2100
2022/01/27-13:40:29(GMT) Log: Seconds remaining: 2090
2022/01/27-13:40:39(GMT) Log: Seconds remaining: 2080
2022/01/27-13:40:49(GMT) Log: Seconds remaining: 2070
2022/01/27-13:40:59(GMT) Log: Seconds remaining: 2060
2022/01/27-13:41:09(GMT) Log: Seconds remaining: 2050
2022/01/27-13:41:19(GMT) Log: Seconds remaining: 2040
2022/01/27-13:41:29(GMT) Log: Seconds remaining: 2030
2022/01/27-13:41:39(GMT) Log: Seconds remaining: 2020
2022/01/27-13:41:49(GMT) Log: Seconds remaining: 2010
2022/01/27-13:41:59(GMT) Log: Seconds remaining: 2000
2022/01/27-13:42:09(GMT) Log: Seconds remaining: 1990
2022/01/27-13:42:19(GMT) Log: Seconds remaining: 1980
2022/01/27-13:42:29(GMT) Log: Seconds remaining: 1970
2022/01/27-13:42:39(GMT) Log: Seconds remaining: 1960
2022/01/27-13:42:49(GMT) Log: Seconds remaining: 1950
2022/01/27-13:42:59(GMT) Log: Seconds remaining: 1940
2022/01/27-13:43:09(GMT) Log: Seconds remaining: 1930
2022/01/27-13:43:19(GMT) Log: Seconds remaining: 1920
2022/01/27-13:43:29(GMT) Log: Seconds remaining: 1910
2022/01/27-13:43:39(GMT) Log: Seconds remaining: 1900
2022/01/27-13:43:49(GMT) Log: Seconds remaining: 1890
2022/01/27-13:43:59(GMT) Log: Seconds remaining: 1880
2022/01/27-13:44:09(GMT) Log: Seconds remaining: 1870
2022/01/27-13:44:19(GMT) Log: Seconds remaining: 1860
2022/01/27-13:44:29(GMT) Log: Seconds remaining: 1850
2022/01/27-13:44:39(GMT) Log: Seconds remaining: 1840
2022/01/27-13:44:49(GMT) Log: Seconds remaining: 1830
2022/01/27-13:44:59(GMT) Log: Seconds remaining: 1820
2022/01/27-13:45:09(GMT) Log: Seconds remaining: 1810
2022/01/27-13:45:19(GMT) Log: Seconds remaining: 1800
2022/01/27-13:45:19(GMT) Log: Pausing worker threads in preparation for power spike (1800 seconds remaining)
2022/01/27-13:45:29(GMT) Log: Seconds remaining: 1790
2022/01/27-13:45:34(GMT) Log: Resuming worker threads to cause a power spike (1785 seconds remaining)
2022/01/27-13:45:39(GMT) Log: Seconds remaining: 1780
2022/01/27-13:45:49(GMT) Log: Seconds remaining: 1770
2022/01/27-13:45:59(GMT) Log: Seconds remaining: 1760
2022/01/27-13:46:09(GMT) Log: Seconds remaining: 1750
2022/01/27-13:46:19(GMT) Log: Seconds remaining: 1740
2022/01/27-13:46:29(GMT) Log: Seconds remaining: 1730
2022/01/27-13:46:39(GMT) Log: Seconds remaining: 1720
2022/01/27-13:46:49(GMT) Log: Seconds remaining: 1710
2022/01/27-13:46:59(GMT) Log: Seconds remaining: 1700
2022/01/27-13:47:09(GMT) Log: Seconds remaining: 1690
2022/01/27-13:47:19(GMT) Log: Seconds remaining: 1680
2022/01/27-13:47:29(GMT) Log: Seconds remaining: 1670
2022/01/27-13:47:39(GMT) Log: Seconds remaining: 1660
2022/01/27-13:47:49(GMT) Log: Seconds remaining: 1650
2022/01/27-13:47:59(GMT) Log: Seconds remaining: 1640
2022/01/27-13:48:09(GMT) Log: Seconds remaining: 1630
2022/01/27-13:48:19(GMT) Log: Seconds remaining: 1620
2022/01/27-13:48:29(GMT) Log: Seconds remaining: 1610
2022/01/27-13:48:39(GMT) Log: Seconds remaining: 1600
2022/01/27-13:48:49(GMT) Log: Seconds remaining: 1590
2022/01/27-13:48:59(GMT) Log: Seconds remaining: 1580
2022/01/27-13:49:09(GMT) Log: Seconds remaining: 1570
2022/01/27-13:49:19(GMT) Log: Seconds remaining: 1560
2022/01/27-13:49:29(GMT) Log: Seconds remaining: 1550
2022/01/27-13:49:39(GMT) Log: Seconds remaining: 1540
2022/01/27-13:49:49(GMT) Log: Seconds remaining: 1530
2022/01/27-13:49:59(GMT) Log: Seconds remaining: 1520
2022/01/27-13:50:09(GMT) Log: Seconds remaining: 1510
2022/01/27-13:50:19(GMT) Log: Seconds remaining: 1500
2022/01/27-13:50:29(GMT) Log: Seconds remaining: 1490
2022/01/27-13:50:39(GMT) Log: Seconds remaining: 1480
2022/01/27-13:50:49(GMT) Log: Seconds remaining: 1470
2022/01/27-13:50:59(GMT) Log: Seconds remaining: 1460
2022/01/27-13:51:09(GMT) Log: Seconds remaining: 1450
2022/01/27-13:51:19(GMT) Log: Seconds remaining: 1440
2022/01/27-13:51:29(GMT) Log: Seconds remaining: 1430
2022/01/27-13:51:39(GMT) Log: Seconds remaining: 1420
2022/01/27-13:51:49(GMT) Log: Seconds remaining: 1410
2022/01/27-13:51:59(GMT) Log: Seconds remaining: 1400
2022/01/27-13:52:09(GMT) Log: Seconds remaining: 1390
2022/01/27-13:52:19(GMT) Log: Seconds remaining: 1380
2022/01/27-13:52:29(GMT) Log: Seconds remaining: 1370
2022/01/27-13:52:39(GMT) Log: Seconds remaining: 1360
2022/01/27-13:52:49(GMT) Log: Seconds remaining: 1350
2022/01/27-13:52:59(GMT) Log: Seconds remaining: 1340
2022/01/27-13:53:09(GMT) Log: Seconds remaining: 1330
2022/01/27-13:53:19(GMT) Log: Seconds remaining: 1320
2022/01/27-13:53:29(GMT) Log: Seconds remaining: 1310
2022/01/27-13:53:39(GMT) Log: Seconds remaining: 1300
2022/01/27-13:53:49(GMT) Log: Seconds remaining: 1290
2022/01/27-13:53:59(GMT) Log: Seconds remaining: 1280
2022/01/27-13:54:09(GMT) Log: Seconds remaining: 1270
2022/01/27-13:54:19(GMT) Log: Seconds remaining: 1260
2022/01/27-13:54:29(GMT) Log: Seconds remaining: 1250
2022/01/27-13:54:39(GMT) Log: Seconds remaining: 1240
2022/01/27-13:54:49(GMT) Log: Seconds remaining: 1230
2022/01/27-13:54:59(GMT) Log: Seconds remaining: 1220
2022/01/27-13:55:09(GMT) Log: Seconds remaining: 1210
2022/01/27-13:55:19(GMT) Log: Seconds remaining: 1200
2022/01/27-13:55:19(GMT) Log: Pausing worker threads in preparation for power spike (1200 seconds remaining)
2022/01/27-13:55:29(GMT) Log: Seconds remaining: 1190
2022/01/27-13:55:34(GMT) Log: Resuming worker threads to cause a power spike (1185 seconds remaining)
2022/01/27-13:55:39(GMT) Log: Seconds remaining: 1180
2022/01/27-13:55:49(GMT) Log: Seconds remaining: 1170
2022/01/27-13:55:59(GMT) Log: Seconds remaining: 1160
2022/01/27-13:56:09(GMT) Log: Seconds remaining: 1150
2022/01/27-13:56:19(GMT) Log: Seconds remaining: 1140
2022/01/27-13:56:29(GMT) Log: Seconds remaining: 1130
2022/01/27-13:56:39(GMT) Log: Seconds remaining: 1120
2022/01/27-13:56:49(GMT) Log: Seconds remaining: 1110
2022/01/27-13:56:59(GMT) Log: Seconds remaining: 1100
2022/01/27-13:57:09(GMT) Log: Seconds remaining: 1090
2022/01/27-13:57:19(GMT) Log: Seconds remaining: 1080
2022/01/27-13:57:29(GMT) Log: Seconds remaining: 1070
2022/01/27-13:57:39(GMT) Log: Seconds remaining: 1060
2022/01/27-13:57:49(GMT) Log: Seconds remaining: 1050
2022/01/27-13:57:59(GMT) Log: Seconds remaining: 1040
2022/01/27-13:58:09(GMT) Log: Seconds remaining: 1030
2022/01/27-13:58:19(GMT) Log: Seconds remaining: 1020
2022/01/27-13:58:29(GMT) Log: Seconds remaining: 1010
2022/01/27-13:58:39(GMT) Log: Seconds remaining: 1000
2022/01/27-13:58:49(GMT) Log: Seconds remaining: 990
2022/01/27-13:58:59(GMT) Log: Seconds remaining: 980
2022/01/27-13:59:09(GMT) Log: Seconds remaining: 970
2022/01/27-13:59:19(GMT) Log: Seconds remaining: 960
2022/01/27-13:59:29(GMT) Log: Seconds remaining: 950
2022/01/27-13:59:39(GMT) Log: Seconds remaining: 940
2022/01/27-13:59:49(GMT) Log: Seconds remaining: 930
2022/01/27-13:59:59(GMT) Log: Seconds remaining: 920
2022/01/27-14:00:09(GMT) Log: Seconds remaining: 910
2022/01/27-14:00:19(GMT) Log: Seconds remaining: 900
2022/01/27-14:00:29(GMT) Log: Seconds remaining: 890
2022/01/27-14:00:39(GMT) Log: Seconds remaining: 880
2022/01/27-14:00:49(GMT) Log: Seconds remaining: 870
2022/01/27-14:00:59(GMT) Log: Seconds remaining: 860
2022/01/27-14:01:09(GMT) Log: Seconds remaining: 850
2022/01/27-14:01:19(GMT) Log: Seconds remaining: 840
2022/01/27-14:01:29(GMT) Log: Seconds remaining: 830
2022/01/27-14:01:39(GMT) Log: Seconds remaining: 820
2022/01/27-14:01:49(GMT) Log: Seconds remaining: 810
2022/01/27-14:01:59(GMT) Log: Seconds remaining: 800
2022/01/27-14:02:09(GMT) Log: Seconds remaining: 790
2022/01/27-14:02:19(GMT) Log: Seconds remaining: 780
2022/01/27-14:02:29(GMT) Log: Seconds remaining: 770
2022/01/27-14:02:39(GMT) Log: Seconds remaining: 760
2022/01/27-14:02:49(GMT) Log: Seconds remaining: 750
2022/01/27-14:02:59(GMT) Log: Seconds remaining: 740
2022/01/27-14:03:09(GMT) Log: Seconds remaining: 730
2022/01/27-14:03:19(GMT) Log: Seconds remaining: 720
2022/01/27-14:03:29(GMT) Log: Seconds remaining: 710
2022/01/27-14:03:39(GMT) Log: Seconds remaining: 700
2022/01/27-14:03:49(GMT) Log: Seconds remaining: 690
2022/01/27-14:03:59(GMT) Log: Seconds remaining: 680
2022/01/27-14:04:09(GMT) Log: Seconds remaining: 670
2022/01/27-14:04:19(GMT) Log: Seconds remaining: 660
2022/01/27-14:04:29(GMT) Log: Seconds remaining: 650
2022/01/27-14:04:39(GMT) Log: Seconds remaining: 640
2022/01/27-14:04:49(GMT) Log: Seconds remaining: 630
2022/01/27-14:04:59(GMT) Log: Seconds remaining: 620
2022/01/27-14:05:09(GMT) Log: Seconds remaining: 610
2022/01/27-14:05:19(GMT) Log: Seconds remaining: 600
2022/01/27-14:05:19(GMT) Log: Pausing worker threads in preparation for power spike (600 seconds remaining)
2022/01/27-14:05:29(GMT) Log: Seconds remaining: 590
2022/01/27-14:05:34(GMT) Log: Resuming worker threads to cause a power spike (585 seconds remaining)
2022/01/27-14:05:39(GMT) Log: Seconds remaining: 580
2022/01/27-14:05:49(GMT) Log: Seconds remaining: 570
2022/01/27-14:05:59(GMT) Log: Seconds remaining: 560
2022/01/27-14:06:09(GMT) Log: Seconds remaining: 550
2022/01/27-14:06:19(GMT) Log: Seconds remaining: 540
2022/01/27-14:06:29(GMT) Log: Seconds remaining: 530
2022/01/27-14:06:39(GMT) Log: Seconds remaining: 520
2022/01/27-14:06:49(GMT) Log: Seconds remaining: 510
2022/01/27-14:06:59(GMT) Log: Seconds remaining: 500
2022/01/27-14:07:09(GMT) Log: Seconds remaining: 490
2022/01/27-14:07:19(GMT) Log: Seconds remaining: 480
2022/01/27-14:07:29(GMT) Log: Seconds remaining: 470
2022/01/27-14:07:39(GMT) Log: Seconds remaining: 460
2022/01/27-14:07:49(GMT) Log: Seconds remaining: 450
2022/01/27-14:07:59(GMT) Log: Seconds remaining: 440
2022/01/27-14:08:09(GMT) Log: Seconds remaining: 430
2022/01/27-14:08:19(GMT) Log: Seconds remaining: 420
2022/01/27-14:08:29(GMT) Log: Seconds remaining: 410
2022/01/27-14:08:39(GMT) Log: Seconds remaining: 400
2022/01/27-14:08:49(GMT) Log: Seconds remaining: 390
2022/01/27-14:08:59(GMT) Log: Seconds remaining: 380
2022/01/27-14:09:09(GMT) Log: Seconds remaining: 370
2022/01/27-14:09:19(GMT) Log: Seconds remaining: 360
2022/01/27-14:09:29(GMT) Log: Seconds remaining: 350
2022/01/27-14:09:39(GMT) Log: Seconds remaining: 340
2022/01/27-14:09:49(GMT) Log: Seconds remaining: 330
2022/01/27-14:09:59(GMT) Log: Seconds remaining: 320
2022/01/27-14:10:09(GMT) Log: Seconds remaining: 310
2022/01/27-14:10:19(GMT) Log: Seconds remaining: 300
2022/01/27-14:10:29(GMT) Log: Seconds remaining: 290
2022/01/27-14:10:39(GMT) Log: Seconds remaining: 280
2022/01/27-14:10:49(GMT) Log: Seconds remaining: 270
2022/01/27-14:10:59(GMT) Log: Seconds remaining: 260
2022/01/27-14:11:09(GMT) Log: Seconds remaining: 250
2022/01/27-14:11:19(GMT) Log: Seconds remaining: 240
2022/01/27-14:11:29(GMT) Log: Seconds remaining: 230
2022/01/27-14:11:39(GMT) Log: Seconds remaining: 220
2022/01/27-14:11:49(GMT) Log: Seconds remaining: 210
2022/01/27-14:11:59(GMT) Log: Seconds remaining: 200
2022/01/27-14:12:09(GMT) Log: Seconds remaining: 190
2022/01/27-14:12:19(GMT) Log: Seconds remaining: 180
2022/01/27-14:12:29(GMT) Log: Seconds remaining: 170
2022/01/27-14:12:39(GMT) Log: Seconds remaining: 160
2022/01/27-14:12:49(GMT) Log: Seconds remaining: 150
2022/01/27-14:12:59(GMT) Log: Seconds remaining: 140
2022/01/27-14:13:09(GMT) Log: Seconds remaining: 130
2022/01/27-14:13:19(GMT) Log: Seconds remaining: 120
2022/01/27-14:13:29(GMT) Log: Seconds remaining: 110
2022/01/27-14:13:39(GMT) Log: Seconds remaining: 100
2022/01/27-14:13:49(GMT) Log: Seconds remaining: 90
2022/01/27-14:13:59(GMT) Log: Seconds remaining: 80
2022/01/27-14:14:09(GMT) Log: Seconds remaining: 70
2022/01/27-14:14:19(GMT) Log: Seconds remaining: 60
2022/01/27-14:14:29(GMT) Log: Seconds remaining: 50
2022/01/27-14:14:39(GMT) Log: Seconds remaining: 40
2022/01/27-14:14:49(GMT) Log: Seconds remaining: 30
2022/01/27-14:14:59(GMT) Log: Seconds remaining: 20
2022/01/27-14:15:09(GMT) Log: Seconds remaining: 10
2022/01/27-14:15:24(GMT) Stats: Found 0 hardware incidents
2022/01/27-14:15:24(GMT) Stats: Completed: 193882336.00M in 2400.78s 80758.04MB/s, with 0 hardware incidents, 0 errors
2022/01/27-14:15:24(GMT) Stats: Memory Copy: 193882336.00M at 80782.01MB/s
2022/01/27-14:15:24(GMT) Stats: File Copy: 0.00M at 0.00MB/s
2022/01/27-14:15:24(GMT) Stats: Net Copy: 0.00M at 0.00MB/s
2022/01/27-14:15:24(GMT) Stats: Data Check: 0.00M at 0.00MB/s
2022/01/27-14:15:24(GMT) Stats: Invert Data: 0.00M at 0.00MB/s
2022/01/27-14:15:24(GMT) Stats: Disk: 0.00M at 0.00MB/s
2022/01/27-14:15:24(GMT) 
2022/01/27-14:15:24(GMT) Status: PASS - please verify no corrected errors
2022/01/27-14:15:24(GMT) 

============================
=          DMESG           =
============================
[ 6174.178768] perf: interrupt took too long (2515 > 2500), lowering kernel.perf_event_max_sample_rate to 79500
[ 6362.230841] perf: interrupt took too long (3192 > 3143), lowering kernel.perf_event_max_sample_rate to 62500
[ 6601.402019] perf: interrupt took too long (3996 > 3990), lowering kernel.perf_event_max_sample_rate to 50000
[ 7385.871272] perf: interrupt took too long (5042 > 4995), lowering kernel.perf_event_max_sample_rate to 39500

============================
=          BMC SEL         =
============================
=== No SEL logged ===


