======================================
=     KSB Manufacture Test Phase2    =
======================================
Chassis Serial Number: 516-22011400300002
========== Step.1 fpga test before KSB mfg test ==========

=======================================================
Running fpga-test on 02:00.0
=======================================================

Device Type                : Kalidah
EP Link Status             : Gen3 x8     PASSED 
GIT Hash                   : 0x0FAA0CFE
Device DNA                 : 0x400200000155AC694C3062C5
Core Clock Frequency       :    250 MHz
SSD_0 present              :        Yes
SSD_1 present              :        Yes
KSB number                 :          1
Slice number               :          0
Temperature Master  Sysmon :    39.027C
Temperature Slave 0 Sysmon :    38.609C
Temperature Slave 1 Sysmon :    37.547C
DDR4 capability            : ID_2, 16GB, VLP RDIMM w/ ECC, 1R, 16Gb x8 die, 2400 MT/s 
DDR4 calibration done      : 0x00000001  PASSED 
Unsupported Offset BAR3    : 0xFFFFFFFF  PASSED 
FPGA Version               :      3.0.6  PASSED 
DMA ch0 ctl. register      : 0x00008003  PASSED 
DMA ch1 ctl. register      : 0x00008013  PASSED 
DMA ch2 ctl. register      : 0x00008023  PASSED 
SSD0 Power Enabled         :        0x1  PASSED
RP0 Config Req. Ready      :        0x1  PASSED 
RP0 Link Status            : 0x70430000  PASSED 
Locating PCIe capabilities of SSD0 ...
SSD0 Link Status           : 0x10430000  PASSED 
SSD0 Vendor/Dev ID         : 0xA808144D  PASSED  (Samsung)
SSD1 Power Enabled         :        0x1  PASSED
RP1 Config Req. Ready      :        0x1  PASSED 
RP1 Link Status            : 0x70430000  PASSED 
Locating PCIe capabilities of SSD1 ...
SSD1 Link Status           : 0x10430000  PASSED 
SSD1 Vendor/Dev ID         : 0xA808144D  PASSED  (Samsung)
Global Fatal Interrupt     : 0x00000000  PASSED 
Global Non Fatal Interrupt : 0x00000000  PASSED 
  ____                 _
 |  _ \ __ _ ___ ___  | |
 | |_) / _` / __/ __| | |
 |  __/ (_| \__ \__ \ |_|
 |_|   \__,_|___/___/ (_)


=======================================================
Running fpga-test on 41:00.0
=======================================================

Device Type                : Kalidah
EP Link Status             : Gen3 x8     PASSED 
GIT Hash                   : 0x0FAA0CFE
Device DNA                 : 0x400200000155AC694C3062C5
Core Clock Frequency       :    250 MHz
SSD_0 present              :        Yes
SSD_1 present              :        Yes
KSB number                 :          1
Slice number               :          1
DDR4 capability            : ID_2, 16GB, VLP RDIMM w/ ECC, 1R, 16Gb x8 die, 2400 MT/s 
DDR4 calibration done      : 0x00000001  PASSED 
Unsupported Offset BAR3    : 0xFFFFFFFF  PASSED 
FPGA Version               :      3.0.6  PASSED 
DMA ch0 ctl. register      : 0x00008003  PASSED 
DMA ch1 ctl. register      : 0x00008013  PASSED 
DMA ch2 ctl. register      : 0x00008023  PASSED 
SSD0 Power Enabled         :        0x1  PASSED
RP0 Config Req. Ready      :        0x1  PASSED 
RP0 Link Status            : 0x70430000  PASSED 
Locating PCIe capabilities of SSD0 ...
SSD0 Link Status           : 0x10430000  PASSED 
SSD0 Vendor/Dev ID         : 0xA808144D  PASSED  (Samsung)
SSD1 Power Enabled         :        0x1  PASSED
RP1 Config Req. Ready      :        0x1  PASSED 
RP1 Link Status            : 0x70430000  PASSED 
Locating PCIe capabilities of SSD1 ...
SSD1 Link Status           : 0x10430000  PASSED 
SSD1 Vendor/Dev ID         : 0xA808144D  PASSED  (Samsung)
Global Fatal Interrupt     : 0x00000000  PASSED 
Global Non Fatal Interrupt : 0x00000000  PASSED 
  ____                 _
 |  _ \ __ _ ___ ___  | |
 | |_) / _` / __/ __| | |
 |  __/ (_| \__ \__ \ |_|
 |_|   \__,_|___/___/ (_)


=======================================================
Running fpga-test on 84:00.0
=======================================================

Device Type                : Kalidah
EP Link Status             : Gen3 x8     PASSED 
GIT Hash                   : 0x0FAA0CFE
Device DNA                 : 0x400200000155AC694CA0A0C5
Core Clock Frequency       :    250 MHz
SSD_0 present              :        Yes
SSD_1 present              :        Yes
KSB number                 :          0
Slice number               :          1
DDR4 capability            : ID_2, 16GB, VLP RDIMM w/ ECC, 1R, 16Gb x8 die, 2400 MT/s 
DDR4 calibration done      : 0x00000001  PASSED 
Unsupported Offset BAR3    : 0xFFFFFFFF  PASSED 
FPGA Version               :      3.0.6  PASSED 
DMA ch0 ctl. register      : 0x00008003  PASSED 
DMA ch1 ctl. register      : 0x00008013  PASSED 
DMA ch2 ctl. register      : 0x00008023  PASSED 
SSD0 Power Enabled         :        0x1  PASSED
RP0 Config Req. Ready      :        0x1  PASSED 
RP0 Link Status            : 0x70430000  PASSED 
Locating PCIe capabilities of SSD0 ...
SSD0 Link Status           : 0x10430000  PASSED 
SSD0 Vendor/Dev ID         : 0xA808144D  PASSED  (Samsung)
SSD1 Power Enabled         :        0x1  PASSED
RP1 Config Req. Ready      :        0x1  PASSED 
RP1 Link Status            : 0x70430000  PASSED 
Locating PCIe capabilities of SSD1 ...
SSD1 Link Status           : 0x10430000  PASSED 
SSD1 Vendor/Dev ID         : 0xA808144D  PASSED  (Samsung)
Global Fatal Interrupt     : 0x00000000  PASSED 
Global Non Fatal Interrupt : 0x00000000  PASSED 
  ____                 _
 |  _ \ __ _ ___ ___  | |
 | |_) / _` / __/ __| | |
 |  __/ (_| \__ \__ \ |_|
 |_|   \__,_|___/___/ (_)


=======================================================
Running fpga-test on c1:00.0
=======================================================

Device Type                : Kalidah
EP Link Status             : Gen3 x8     PASSED 
GIT Hash                   : 0x0FAA0CFE
Device DNA                 : 0x400200000155AC694CA0A0C5
Core Clock Frequency       :    250 MHz
SSD_0 present              :        Yes
SSD_1 present              :        Yes
KSB number                 :          0
Slice number               :          0
Temperature Master  Sysmon :    38.911C
Temperature Slave 0 Sysmon :    39.352C
Temperature Slave 1 Sysmon :    37.664C
DDR4 capability            : ID_2, 16GB, VLP RDIMM w/ ECC, 1R, 16Gb x8 die, 2400 MT/s 
DDR4 calibration done      : 0x00000001  PASSED 
Unsupported Offset BAR3    : 0xFFFFFFFF  PASSED 
FPGA Version               :      3.0.6  PASSED 
DMA ch0 ctl. register      : 0x00008003  PASSED 
DMA ch1 ctl. register      : 0x00008013  PASSED 
DMA ch2 ctl. register      : 0x00008023  PASSED 
SSD0 Power Enabled         :        0x1  PASSED
RP0 Config Req. Ready      :        0x1  PASSED 
RP0 Link Status            : 0x70430000  PASSED 
Locating PCIe capabilities of SSD0 ...
SSD0 Link Status           : 0x10430000  PASSED 
SSD0 Vendor/Dev ID         : 0xA808144D  PASSED  (Samsung)
SSD1 Power Enabled         :        0x1  PASSED
RP1 Config Req. Ready      :        0x1  PASSED 
RP1 Link Status            : 0x70430000  PASSED 
Locating PCIe capabilities of SSD1 ...
SSD1 Link Status           : 0x10430000  PASSED 
SSD1 Vendor/Dev ID         : 0xA808144D  PASSED  (Samsung)
Global Fatal Interrupt     : 0x00000000  PASSED 
Global Non Fatal Interrupt : 0x00000000  PASSED 
  ____                 _
 |  _ \ __ _ ___ ___  | |
 | |_) / _` / __/ __| | |
 |  __/ (_| \__ \__ \ |_|
 |_|   \__,_|___/___/ (_)


========== Step.2 KSB Mfg test Phase2 ==========
MANUFACTURING TEST ...
KSB MANUFACTUIRING TEST START
KSB FPGA/0 PRE-IO TEST ... 
2020-01-01 10:23:47.871       0 Debug     kernel.drivers.KalidahDriver: Resetting FPGA
2020-01-01 10:23:49.037       0 Debug     kernel.drivers.KalidahDriver: Resetting FPGA
2020-01-01 10:23:50.197       0 Debug     kernel.drivers.KalidahDriver: Resetting FPGA
2020-01-01 10:23:51.357       0 Debug     kernel.drivers.KalidahDriver: Resetting FPGA
2020-01-01 10:23:54.136    1234 Critical  kernel.drivers.KalidahDriver: FPGA/0 PRE-IO Test 
2020-01-01 10:23:54.136    1234 Critical  kernel.drivers.KalidahDriver: FPGA/0 HOST PCIe Interface : PASS 
2020-01-01 10:23:54.147    1234 Critical  kernel.drivers.KalidahDriver: FPGA/0 SSD PCIe Interface : PASS 
2020-01-01 10:23:54.147    1234 Critical  kernel.drivers.KalidahDriver: FPGA/0 DRAM Calibration : PASS 
2020-01-01 10:23:54.147    1234 Critical  kernel.drivers.KalidahDriver: SYSMON Registers : 
2020-01-01 10:23:54.147    1234 Critical  kernel.drivers.KalidahDriver: SYSMON_JUNC_TEMP_DIE_0	=	38C
2020-01-01 10:23:54.147    1234 Critical  kernel.drivers.KalidahDriver: SYSMON_JUNC_TEMP_DIE_1	=	38C
2020-01-01 10:23:54.147    1234 Critical  kernel.drivers.KalidahDriver: SYSMON_JUNC_TEMP_DIE_2	=	37C
2020-01-01 10:23:54.147    1234 Critical  kernel.drivers.KalidahDriver: SYSMON_VCCINT_DIE_0	=	849mV
2020-01-01 10:23:54.147    1234 Critical  kernel.drivers.KalidahDriver: SYSMON_VCCINT_DIE_1	=	858mV
2020-01-01 10:23:54.147    1234 Critical  kernel.drivers.KalidahDriver: SYSMON_VCCINT_DIE_2	=	858mV
2020-01-01 10:23:54.147    1234 Critical  kernel.drivers.KalidahDriver: SYSMON_VCCBRAM_DIE_0	=	846mV
2020-01-01 10:23:54.147    1234 Critical  kernel.drivers.KalidahDriver: SYSMON_VCCBRAM_DIE_1	=	849mV
2020-01-01 10:23:54.147    1234 Critical  kernel.drivers.KalidahDriver: SYSMON_VCCBRAM_DIE_2	=	849mV
2020-01-01 10:23:54.147    1234 Critical  kernel.drivers.KalidahDriver: SYSMON_VCCAUX_DIE_0	=	1825mV
2020-01-01 10:23:54.147    1234 Critical  kernel.drivers.KalidahDriver: SYSMON_VCCAUX_DIE_1	=	1828mV
2020-01-01 10:23:54.147    1234 Critical  kernel.drivers.KalidahDriver: SYSMON_VCCAUX_DIE_2	=	1828mV
2020-01-01 10:23:54.147    1234 Critical  kernel.drivers.KalidahDriver: SYSMON_12VSUPPLY_DIE_0	=	12187mV
2020-01-01 10:23:54.147    1234 Critical  kernel.drivers.KalidahDriver: SYSMON_12VSUPPLY_DIE_1	=	12539mV
2020-01-01 10:23:54.147    1234 Critical  kernel.drivers.KalidahDriver: SYSMON_12VSUPPLY_DIE_2	=	12558mV
2020-01-01 10:23:54.147    1234 Critical  kernel.drivers.KalidahDriver: SYSMON_VREFP	=	1248mV
2020-01-01 10:23:54.147    1234 Critical  kernel.drivers.KalidahDriver: SYSMON_VREFN	=	0mV
2020-01-01 10:23:54.147    1234 Critical  kernel.drivers.KalidahDriver: SYSMON_5VSUPPLY	=	4794mV
2020-01-01 10:23:54.147    1234 Critical  kernel.drivers.KalidahDriver: SYSMON_3.3VSUPPLY	=	3300mV
2020-01-01 10:23:54.147    1234 Critical  kernel.drivers.KalidahDriver: SYSMON_SLICE_0_600MV_VTT	=	606mV
2020-01-01 10:23:54.147    1234 Critical  kernel.drivers.KalidahDriver: SYSMON_SLICE_1_600MV_VTT	=	608mV
2020-01-01 10:23:54.147    1234 Critical  kernel.drivers.KalidahDriver: SYSMON_VCCINT_IMON	=	107mV
2020-01-01 10:23:54.147    1234 Critical  kernel.drivers.KalidahDriver: SYSMON_VUSER0_SLR0	=	840mV
2020-01-01 10:23:54.147    1234 Critical  kernel.drivers.KalidahDriver: SYSMON_VUSER1_SLR0	=	840mV
2020-01-01 10:23:54.147    1234 Critical  kernel.drivers.KalidahDriver: SYSMON_VUSER2_SLR0	=	1831mV
2020-01-01 10:23:54.147    1234 Critical  kernel.drivers.KalidahDriver: SYSMON_VUSER3_SLR0	=	1831mV
2020-01-01 10:23:54.147    1234 Critical  kernel.drivers.KalidahDriver: SYSMON_VUSER0_SLR1	=	1212mV
2020-01-01 10:23:54.147    1234 Critical  kernel.drivers.KalidahDriver: SYSMON_VUSER1_SLR1	=	840mV
2020-01-01 10:23:54.147    1234 Critical  kernel.drivers.KalidahDriver: SYSMON_VUSER2_SLR1	=	1209mV
2020-01-01 10:23:54.147    1234 Critical  kernel.drivers.KalidahDriver: SYSMON_VUSER3_SLR1	=	840mV
2020-01-01 10:23:54.147    1234 Critical  kernel.drivers.KalidahDriver: SYSMON_VUSER0_SLR2	=	1209mV
2020-01-01 10:23:54.147    1234 Critical  kernel.drivers.KalidahDriver: SYSMON_VUSER1_SLR2	=	837mV
2020-01-01 10:23:54.147    1234 Critical  kernel.drivers.KalidahDriver: SYSMON_VUSER2_SLR2	=	1209mV
2020-01-01 10:23:54.147    1234 Critical  kernel.drivers.KalidahDriver: SYSMON_VUSER3_SLR2	=	840mV
2020-01-01 10:23:54.147    1234 Critical  kernel.drivers.KalidahDriver: SYSMON Max Recored Values : 
2020-01-01 10:23:54.147    1234 Critical  kernel.drivers.KalidahDriver: SYSMON_MAX_JUNC_TEMP_DIE_0	=	39C
2020-01-01 10:23:54.147    1234 Critical  kernel.drivers.KalidahDriver: SYSMON_MAX_JUNC_TEMP_DIE_1	=	39C
2020-01-01 10:23:54.147    1234 Critical  kernel.drivers.KalidahDriver: SYSMON_MAX_JUNC_TEMP_DIE_2	=	38C
2020-01-01 10:23:54.147    1234 Critical  kernel.drivers.KalidahDriver: SYSMON_MAX_VCCINT	=	852mV
2020-01-01 10:23:54.147    1234 Critical  kernel.drivers.KalidahDriver: SYSMON_MAX_VCCBRAM	=	849mV
2020-01-01 10:23:54.147    1234 Critical  kernel.drivers.KalidahDriver: SYSMON_MAX_VCCAUX	=	1828mV
2020-01-01 10:23:54.147    1234 Critical  kernel.drivers.KalidahDriver: SYSMON_MAX_VUSER0_DIE_0	=	843mV
2020-01-01 10:23:54.147    1234 Critical  kernel.drivers.KalidahDriver: SYSMON_MAX_VUSER0_DIE_1	=	1212mV
2020-01-01 10:23:54.147    1234 Critical  kernel.drivers.KalidahDriver: SYSMON_MAX_VUSER0_DIE_2	=	1209mV
2020-01-01 10:23:54.147    1234 Critical  kernel.drivers.KalidahDriver: SYSMON_MAX_VUSER1_DIE_0	=	843mV
2020-01-01 10:23:54.147    1234 Critical  kernel.drivers.KalidahDriver: SYSMON_MAX_VUSER1_DIE_1	=	843mV
2020-01-01 10:23:54.147    1234 Critical  kernel.drivers.KalidahDriver: SYSMON_MAX_VUSER1_DIE_2	=	840mV
2020-01-01 10:23:54.147    1234 Critical  kernel.drivers.KalidahDriver: SYSMON_MAX_VUSER2_DIE_0	=	1833mV
2020-01-01 10:23:54.147    1234 Critical  kernel.drivers.KalidahDriver: SYSMON_MAX_VUSER2_DIE_1	=	1212mV
2020-01-01 10:23:54.147    1234 Critical  kernel.drivers.KalidahDriver: SYSMON_MAX_VUSER2_DIE_2	=	1212mV
2020-01-01 10:23:54.147    1234 Critical  kernel.drivers.KalidahDriver: SYSMON_MAX_VUSER3_DIE_0	=	1833mV
2020-01-01 10:23:54.147    1234 Critical  kernel.drivers.KalidahDriver: SYSMON_MAX_VUSER3_DIE_1	=	843mV
2020-01-01 10:23:54.147    1234 Critical  kernel.drivers.KalidahDriver: SYSMON_MAX_VUSER3_DIE_2	=	843mV
2020-01-01 10:23:54.147    1234 Critical  kernel.drivers.KalidahDriver: SYSMON Min Recored Values : 
2020-01-01 10:23:54.147    1234 Critical  kernel.drivers.KalidahDriver: SYSMON_MIN_JUNC_TEMP_DIE_0	=	37C
2020-01-01 10:23:54.147    1234 Critical  kernel.drivers.KalidahDriver: SYSMON_MIN_JUNC_TEMP_DIE_1	=	37C
2020-01-01 10:23:54.147    1234 Critical  kernel.drivers.KalidahDriver: SYSMON_MIN_JUNC_TEMP_DIE_2	=	36C
2020-01-01 10:23:54.147    1234 Critical  kernel.drivers.KalidahDriver: SYSMON_MIN_VCCINT	=	849mV
2020-01-01 10:23:54.147    1234 Critical  kernel.drivers.KalidahDriver: SYSMON_MIN_VCCBRAM	=	846mV
2020-01-01 10:23:54.147    1234 Critical  kernel.drivers.KalidahDriver: SYSMON_MIN_VCCAUX	=	1825mV
2020-01-01 10:23:54.147    1234 Critical  kernel.drivers.KalidahDriver: SYSMON_MIN_VUSER0_DIE_0	=	840mV
2020-01-01 10:23:54.147    1234 Critical  kernel.drivers.KalidahDriver: SYSMON_MIN_VUSER0_DIE_1	=	1207mV
2020-01-01 10:23:54.147    1234 Critical  kernel.drivers.KalidahDriver: SYSMON_MIN_VUSER0_DIE_2	=	1204mV
2020-01-01 10:23:54.147    1234 Critical  kernel.drivers.KalidahDriver: SYSMON_MIN_VUSER1_DIE_0	=	840mV
2020-01-01 10:23:54.147    1234 Critical  kernel.drivers.KalidahDriver: SYSMON_MIN_VUSER1_DIE_1	=	837mV
2020-01-01 10:23:54.147    1234 Critical  kernel.drivers.KalidahDriver: SYSMON_MIN_VUSER1_DIE_2	=	834mV
2020-01-01 10:23:54.147    1234 Critical  kernel.drivers.KalidahDriver: SYSMON_MIN_VUSER2_DIE_0	=	1831mV
2020-01-01 10:23:54.147    1234 Critical  kernel.drivers.KalidahDriver: SYSMON_MIN_VUSER2_DIE_1	=	1207mV
2020-01-01 10:23:54.147    1234 Critical  kernel.drivers.KalidahDriver: SYSMON_MIN_VUSER2_DIE_2	=	1207mV
2020-01-01 10:23:54.147    1234 Critical  kernel.drivers.KalidahDriver: SYSMON_MIN_VUSER3_DIE_0	=	1831mV
2020-01-01 10:23:54.147    1234 Critical  kernel.drivers.KalidahDriver: SYSMON_MIN_VUSER3_DIE_1	=	834mV
2020-01-01 10:23:54.147    1234 Critical  kernel.drivers.KalidahDriver: SYSMON_MIN_VUSER3_DIE_2	=	837mV
2020-01-01 10:23:54.147    1234 Critical  kernel.drivers.KalidahDriver: SYSMON Alarm Flags : 
2020-01-01 10:23:54.147    1234 Critical  kernel.drivers.KalidahDriver: SYSMON_ALARM_FLAG0_DIE_0	=	0000
2020-01-01 10:23:54.147    1234 Critical  kernel.drivers.KalidahDriver: SYSMON_ALARM_FLAG0_DIE_1	=	0000
2020-01-01 10:23:54.147    1234 Critical  kernel.drivers.KalidahDriver: SYSMON_ALARM_FLAG0_DIE_2	=	0000
2020-01-01 10:23:54.147    1234 Critical  kernel.drivers.KalidahDriver: SYSMON_ALARM_FLAG1_DIE_0	=	0000
2020-01-01 10:23:54.147    1234 Critical  kernel.drivers.KalidahDriver: SYSMON_ALARM_FLAG1_DIE_1	=	0000
2020-01-01 10:23:54.147    1234 Critical  kernel.drivers.KalidahDriver: SYSMON_ALARM_FLAG1_DIE_2	=	0000
2020-01-01 10:23:54.147    1234 Critical  kernel.drivers.KalidahDriver: FPGA/0 SYSMON : PASS 
2020-01-01 10:23:54.147    1234 Critical  kernel.drivers.KalidahDriver: FPGA/0 SSD Power TEST : Disable drive 0 power (power_ctl : 00000001)
2020-01-01 10:23:54.159    1234 Critical  kernel.drivers.KalidahDriver: FPGA/0 SSD Power TEST : Enable drive 0 power (power_ctl : 00000000)
2020-01-01 10:23:54.565    1234 Critical  kernel.drivers.KalidahDriver: FPGA/0 SSD Power TEST : Disable drive 1 power (power_ctl : 00000001)
2020-01-01 10:23:54.576    1234 Critical  kernel.drivers.KalidahDriver: FPGA/0 SSD Power TEST : Enable drive 1 power (power_ctl : 00000000)
2020-01-01 10:23:54.985    1234 Critical  kernel.drivers.KalidahDriver: FPGA/0 SSD Power TEST : Disable drive 0 power (power_ctl_por : 00000001)
2020-01-01 10:23:54.996    1234 Critical  kernel.drivers.KalidahDriver: Resetting FPGA
2020-01-01 10:23:56.108    1234 Critical  kernel.drivers.KalidahDriver: FPGA/0 SSD Power TEST : Enable drive 0 power (power_ctl_por : 00000000)
2020-01-01 10:23:56.341    1234 Critical  kernel.drivers.KalidahDriver: FPGA/0 SSD Power TEST : Disable drive 1 power (power_ctl_por : 00000001)
2020-01-01 10:23:56.352    1234 Critical  kernel.drivers.KalidahDriver: Resetting FPGA
2020-01-01 10:23:57.468    1234 Critical  kernel.drivers.KalidahDriver: FPGA/0 SSD Power TEST : Enable drive 1 power (power_ctl_por : 00000000)
2020-01-01 10:23:57.687    1234 Critical  kernel.drivers.KalidahDriver: FPGA/0 SSD POWER CONTROL : PASS 
2020-01-01 10:23:57.687    1234 Critical  kernel.drivers.KalidahDriver: Resetting FPGA
2020-01-01 10:23:58.798    1234 Critical  kernel.drivers.KalidahDriver: FPGA/0 PRE-IO TESTS : PASS
KSB FPGA/0 PRE-IO TEST PASS
KSB FPGA/0 MEMORY TEST, IO TEST & POST IO TEST...
2020-01-01 10:23:59.021       0 Debug     kernel.drivers.KalidahDriver: Resetting FPGA
2020-01-01 10:24:00.187       0 Debug     kernel.drivers.KalidahDriver: Resetting FPGA
2020-01-01 10:24:01.347       0 Debug     kernel.drivers.KalidahDriver: Resetting FPGA
2020-01-01 10:24:02.507       0 Debug     kernel.drivers.KalidahDriver: Resetting FPGA
2020-01-01 10:24:10.060    1234 Debug     kernel.drivers.FpgaTest: Kalidah Memory Address Test : PASS
2020-01-01 10:24:13.760    1234 Debug     kernel.drivers.FpgaTest: Kalidah Memory Inversion Test : PASS
2020-01-01 10:24:22.039    1234 Debug     kernel.drivers.FpgaTest: Kalidah Memory March Test : PASS
2020-01-01 10:26:22.080    1234 Critical  kernel.drivers.KalidahDriver: FPGA/0 POST-IO Test
2020-01-01 10:26:22.080    1234 Critical  kernel.drivers.KalidahDriver: FPGA/0 HOST PCIe Interface : PASS 
2020-01-01 10:26:22.090    1234 Critical  kernel.drivers.KalidahDriver: FPGA/0 SSD PCIe Interface : PASS 
2020-01-01 10:26:22.090    1234 Critical  kernel.drivers.KalidahDriver: FPGA/0 DRAM Calibration : PASS 
2020-01-01 10:26:22.090    1234 Critical  kernel.drivers.KalidahDriver: SYSMON Registers : 
2020-01-01 10:26:22.090    1234 Critical  kernel.drivers.KalidahDriver: SYSMON_JUNC_TEMP_DIE_0	=	38C
2020-01-01 10:26:22.090    1234 Critical  kernel.drivers.KalidahDriver: SYSMON_JUNC_TEMP_DIE_1	=	37C
2020-01-01 10:26:22.090    1234 Critical  kernel.drivers.KalidahDriver: SYSMON_JUNC_TEMP_DIE_2	=	37C
2020-01-01 10:26:22.090    1234 Critical  kernel.drivers.KalidahDriver: SYSMON_VCCINT_DIE_0	=	852mV
2020-01-01 10:26:22.090    1234 Critical  kernel.drivers.KalidahDriver: SYSMON_VCCINT_DIE_1	=	858mV
2020-01-01 10:26:22.090    1234 Critical  kernel.drivers.KalidahDriver: SYSMON_VCCINT_DIE_2	=	858mV
2020-01-01 10:26:22.090    1234 Critical  kernel.drivers.KalidahDriver: SYSMON_VCCBRAM_DIE_0	=	846mV
2020-01-01 10:26:22.090    1234 Critical  kernel.drivers.KalidahDriver: SYSMON_VCCBRAM_DIE_1	=	849mV
2020-01-01 10:26:22.090    1234 Critical  kernel.drivers.KalidahDriver: SYSMON_VCCBRAM_DIE_2	=	849mV
2020-01-01 10:26:22.090    1234 Critical  kernel.drivers.KalidahDriver: SYSMON_VCCAUX_DIE_0	=	1825mV
2020-01-01 10:26:22.090    1234 Critical  kernel.drivers.KalidahDriver: SYSMON_VCCAUX_DIE_1	=	1828mV
2020-01-01 10:26:22.090    1234 Critical  kernel.drivers.KalidahDriver: SYSMON_VCCAUX_DIE_2	=	1828mV
2020-01-01 10:26:22.090    1234 Critical  kernel.drivers.KalidahDriver: SYSMON_12VSUPPLY_DIE_0	=	12187mV
2020-01-01 10:26:22.090    1234 Critical  kernel.drivers.KalidahDriver: SYSMON_12VSUPPLY_DIE_1	=	12539mV
2020-01-01 10:26:22.090    1234 Critical  kernel.drivers.KalidahDriver: SYSMON_12VSUPPLY_DIE_2	=	12558mV
2020-01-01 10:26:22.090    1234 Critical  kernel.drivers.KalidahDriver: SYSMON_VREFP	=	1253mV
2020-01-01 10:26:22.090    1234 Critical  kernel.drivers.KalidahDriver: SYSMON_VREFN	=	0mV
2020-01-01 10:26:22.090    1234 Critical  kernel.drivers.KalidahDriver: SYSMON_5VSUPPLY	=	4794mV
2020-01-01 10:26:22.090    1234 Critical  kernel.drivers.KalidahDriver: SYSMON_3.3VSUPPLY	=	3300mV
2020-01-01 10:26:22.090    1234 Critical  kernel.drivers.KalidahDriver: SYSMON_SLICE_0_600MV_VTT	=	606mV
2020-01-01 10:26:22.090    1234 Critical  kernel.drivers.KalidahDriver: SYSMON_SLICE_1_600MV_VTT	=	608mV
2020-01-01 10:26:22.090    1234 Critical  kernel.drivers.KalidahDriver: SYSMON_VCCINT_IMON	=	107mV
2020-01-01 10:26:22.091    1234 Critical  kernel.drivers.KalidahDriver: SYSMON_VUSER0_SLR0	=	840mV
2020-01-01 10:26:22.091    1234 Critical  kernel.drivers.KalidahDriver: SYSMON_VUSER1_SLR0	=	843mV
2020-01-01 10:26:22.091    1234 Critical  kernel.drivers.KalidahDriver: SYSMON_VUSER2_SLR0	=	1831mV
2020-01-01 10:26:22.091    1234 Critical  kernel.drivers.KalidahDriver: SYSMON_VUSER3_SLR0	=	1831mV
2020-01-01 10:26:22.091    1234 Critical  kernel.drivers.KalidahDriver: SYSMON_VUSER0_SLR1	=	1212mV
2020-01-01 10:26:22.091    1234 Critical  kernel.drivers.KalidahDriver: SYSMON_VUSER1_SLR1	=	840mV
2020-01-01 10:26:22.091    1234 Critical  kernel.drivers.KalidahDriver: SYSMON_VUSER2_SLR1	=	1212mV
2020-01-01 10:26:22.091    1234 Critical  kernel.drivers.KalidahDriver: SYSMON_VUSER3_SLR1	=	840mV
2020-01-01 10:26:22.091    1234 Critical  kernel.drivers.KalidahDriver: SYSMON_VUSER0_SLR2	=	1209mV
2020-01-01 10:26:22.091    1234 Critical  kernel.drivers.KalidahDriver: SYSMON_VUSER1_SLR2	=	837mV
2020-01-01 10:26:22.091    1234 Critical  kernel.drivers.KalidahDriver: SYSMON_VUSER2_SLR2	=	1209mV
2020-01-01 10:26:22.091    1234 Critical  kernel.drivers.KalidahDriver: SYSMON_VUSER3_SLR2	=	837mV
2020-01-01 10:26:22.091    1234 Critical  kernel.drivers.KalidahDriver: SYSMON Max Recored Values : 
2020-01-01 10:26:22.091    1234 Critical  kernel.drivers.KalidahDriver: SYSMON_MAX_JUNC_TEMP_DIE_0	=	39C
2020-01-01 10:26:22.091    1234 Critical  kernel.drivers.KalidahDriver: SYSMON_MAX_JUNC_TEMP_DIE_1	=	39C
2020-01-01 10:26:22.091    1234 Critical  kernel.drivers.KalidahDriver: SYSMON_MAX_JUNC_TEMP_DIE_2	=	39C
2020-01-01 10:26:22.091    1234 Critical  kernel.drivers.KalidahDriver: SYSMON_MAX_VCCINT	=	852mV
2020-01-01 10:26:22.091    1234 Critical  kernel.drivers.KalidahDriver: SYSMON_MAX_VCCBRAM	=	849mV
2020-01-01 10:26:22.091    1234 Critical  kernel.drivers.KalidahDriver: SYSMON_MAX_VCCAUX	=	1828mV
2020-01-01 10:26:22.091    1234 Critical  kernel.drivers.KalidahDriver: SYSMON_MAX_VUSER0_DIE_0	=	843mV
2020-01-01 10:26:22.091    1234 Critical  kernel.drivers.KalidahDriver: SYSMON_MAX_VUSER0_DIE_1	=	1215mV
2020-01-01 10:26:22.091    1234 Critical  kernel.drivers.KalidahDriver: SYSMON_MAX_VUSER0_DIE_2	=	1212mV
2020-01-01 10:26:22.091    1234 Critical  kernel.drivers.KalidahDriver: SYSMON_MAX_VUSER1_DIE_0	=	843mV
2020-01-01 10:26:22.091    1234 Critical  kernel.drivers.KalidahDriver: SYSMON_MAX_VUSER1_DIE_1	=	843mV
2020-01-01 10:26:22.091    1234 Critical  kernel.drivers.KalidahDriver: SYSMON_MAX_VUSER1_DIE_2	=	840mV
2020-01-01 10:26:22.091    1234 Critical  kernel.drivers.KalidahDriver: SYSMON_MAX_VUSER2_DIE_0	=	1833mV
2020-01-01 10:26:22.091    1234 Critical  kernel.drivers.KalidahDriver: SYSMON_MAX_VUSER2_DIE_1	=	1212mV
2020-01-01 10:26:22.091    1234 Critical  kernel.drivers.KalidahDriver: SYSMON_MAX_VUSER2_DIE_2	=	1212mV
2020-01-01 10:26:22.091    1234 Critical  kernel.drivers.KalidahDriver: SYSMON_MAX_VUSER3_DIE_0	=	1833mV
2020-01-01 10:26:22.091    1234 Critical  kernel.drivers.KalidahDriver: SYSMON_MAX_VUSER3_DIE_1	=	843mV
2020-01-01 10:26:22.091    1234 Critical  kernel.drivers.KalidahDriver: SYSMON_MAX_VUSER3_DIE_2	=	843mV
2020-01-01 10:26:22.091    1234 Critical  kernel.drivers.KalidahDriver: SYSMON Min Recored Values : 
2020-01-01 10:26:22.091    1234 Critical  kernel.drivers.KalidahDriver: SYSMON_MIN_JUNC_TEMP_DIE_0	=	37C
2020-01-01 10:26:22.091    1234 Critical  kernel.drivers.KalidahDriver: SYSMON_MIN_JUNC_TEMP_DIE_1	=	36C
2020-01-01 10:26:22.091    1234 Critical  kernel.drivers.KalidahDriver: SYSMON_MIN_JUNC_TEMP_DIE_2	=	36C
2020-01-01 10:26:22.091    1234 Critical  kernel.drivers.KalidahDriver: SYSMON_MIN_VCCINT	=	849mV
2020-01-01 10:26:22.091    1234 Critical  kernel.drivers.KalidahDriver: SYSMON_MIN_VCCBRAM	=	843mV
2020-01-01 10:26:22.091    1234 Critical  kernel.drivers.KalidahDriver: SYSMON_MIN_VCCAUX	=	1822mV
2020-01-01 10:26:22.091    1234 Critical  kernel.drivers.KalidahDriver: SYSMON_MIN_VUSER0_DIE_0	=	834mV
2020-01-01 10:26:22.091    1234 Critical  kernel.drivers.KalidahDriver: SYSMON_MIN_VUSER0_DIE_1	=	1207mV
2020-01-01 10:26:22.091    1234 Critical  kernel.drivers.KalidahDriver: SYSMON_MIN_VUSER0_DIE_2	=	1201mV
2020-01-01 10:26:22.091    1234 Critical  kernel.drivers.KalidahDriver: SYSMON_MIN_VUSER1_DIE_0	=	837mV
2020-01-01 10:26:22.091    1234 Critical  kernel.drivers.KalidahDriver: SYSMON_MIN_VUSER1_DIE_1	=	834mV
2020-01-01 10:26:22.091    1234 Critical  kernel.drivers.KalidahDriver: SYSMON_MIN_VUSER1_DIE_2	=	832mV
2020-01-01 10:26:22.091    1234 Critical  kernel.drivers.KalidahDriver: SYSMON_MIN_VUSER2_DIE_0	=	1828mV
2020-01-01 10:26:22.091    1234 Critical  kernel.drivers.KalidahDriver: SYSMON_MIN_VUSER2_DIE_1	=	1207mV
2020-01-01 10:26:22.091    1234 Critical  kernel.drivers.KalidahDriver: SYSMON_MIN_VUSER2_DIE_2	=	1201mV
2020-01-01 10:26:22.091    1234 Critical  kernel.drivers.KalidahDriver: SYSMON_MIN_VUSER3_DIE_0	=	1828mV
2020-01-01 10:26:22.091    1234 Critical  kernel.drivers.KalidahDriver: SYSMON_MIN_VUSER3_DIE_1	=	834mV
2020-01-01 10:26:22.091    1234 Critical  kernel.drivers.KalidahDriver: SYSMON_MIN_VUSER3_DIE_2	=	832mV
2020-01-01 10:26:22.091    1234 Critical  kernel.drivers.KalidahDriver: SYSMON Alarm Flags : 
2020-01-01 10:26:22.091    1234 Critical  kernel.drivers.KalidahDriver: SYSMON_ALARM_FLAG0_DIE_0	=	0000
2020-01-01 10:26:22.091    1234 Critical  kernel.drivers.KalidahDriver: SYSMON_ALARM_FLAG0_DIE_1	=	0000
2020-01-01 10:26:22.091    1234 Critical  kernel.drivers.KalidahDriver: SYSMON_ALARM_FLAG0_DIE_2	=	0000
2020-01-01 10:26:22.091    1234 Critical  kernel.drivers.KalidahDriver: SYSMON_ALARM_FLAG1_DIE_0	=	0000
2020-01-01 10:26:22.091    1234 Critical  kernel.drivers.KalidahDriver: SYSMON_ALARM_FLAG1_DIE_1	=	0000
2020-01-01 10:26:22.091    1234 Critical  kernel.drivers.KalidahDriver: SYSMON_ALARM_FLAG1_DIE_2	=	0000
2020-01-01 10:26:22.091    1234 Critical  kernel.drivers.KalidahDriver: FPGA/0 SYSMON : PASS 
2020-01-01 10:26:22.091    1234 Critical  kernel.drivers.KalidahDriver: FPGA/0 POST-IO TESTS : PASS
2020-01-01 10:26:22.091    1234 Critical  kernel.drivers.KalidahDriver: KSB FPGA/0 MANUFACTURING TESTS : PASS
KSB FPGA/0 MEMORY TEST PASS
KSB FPGA/0 IO TEST PASS
KSB FPGA/0 POST-IO TEST PASS
KSB FPGA/0 MANUFACTURING TEST PASS (Check details in run_fpga.log)
KSB FPGA/1 PRE-IO TEST ... 
2020-01-01 10:26:22.328       0 Debug     kernel.drivers.KalidahDriver: Resetting FPGA
2020-01-01 10:26:23.497       0 Debug     kernel.drivers.KalidahDriver: Resetting FPGA
2020-01-01 10:26:24.667       0 Debug     kernel.drivers.KalidahDriver: Resetting FPGA
2020-01-01 10:26:25.837       0 Debug     kernel.drivers.KalidahDriver: Resetting FPGA
2020-01-01 10:26:28.618    1234 Critical  kernel.drivers.KalidahDriver: FPGA/1 PRE-IO Test 
2020-01-01 10:26:28.618    1234 Critical  kernel.drivers.KalidahDriver: FPGA/1 HOST PCIe Interface : PASS 
2020-01-01 10:26:28.629    1234 Critical  kernel.drivers.KalidahDriver: FPGA/1 SSD PCIe Interface : PASS 
2020-01-01 10:26:28.629    1234 Critical  kernel.drivers.KalidahDriver: FPGA/1 DRAM Calibration : PASS 
2020-01-01 10:26:28.629    1234 Critical  kernel.drivers.KalidahDriver: FPGA/1 SSD Power TEST : Disable drive 0 power (power_ctl : 00000001)
2020-01-01 10:26:28.640    1234 Critical  kernel.drivers.KalidahDriver: FPGA/1 SSD Power TEST : Enable drive 0 power (power_ctl : 00000000)
2020-01-01 10:26:29.049    1234 Critical  kernel.drivers.KalidahDriver: FPGA/1 SSD Power TEST : Disable drive 1 power (power_ctl : 00000001)
2020-01-01 10:26:29.060    1234 Critical  kernel.drivers.KalidahDriver: FPGA/1 SSD Power TEST : Enable drive 1 power (power_ctl : 00000000)
2020-01-01 10:26:29.478    1234 Critical  kernel.drivers.KalidahDriver: FPGA/1 SSD Power TEST : Disable drive 0 power (power_ctl_por : 00000001)
2020-01-01 10:26:29.489    1234 Critical  kernel.drivers.KalidahDriver: Resetting FPGA
2020-01-01 10:26:30.608    1234 Critical  kernel.drivers.KalidahDriver: FPGA/1 SSD Power TEST : Enable drive 0 power (power_ctl_por : 00000000)
2020-01-01 10:26:30.827    1234 Critical  kernel.drivers.KalidahDriver: FPGA/1 SSD Power TEST : Disable drive 1 power (power_ctl_por : 00000001)
2020-01-01 10:26:30.838    1234 Critical  kernel.drivers.KalidahDriver: Resetting FPGA
2020-01-01 10:26:31.958    1234 Critical  kernel.drivers.KalidahDriver: FPGA/1 SSD Power TEST : Enable drive 1 power (power_ctl_por : 00000000)
2020-01-01 10:26:32.177    1234 Critical  kernel.drivers.KalidahDriver: FPGA/1 SSD POWER CONTROL : PASS 
2020-01-01 10:26:32.177    1234 Critical  kernel.drivers.KalidahDriver: Resetting FPGA
2020-01-01 10:26:33.288    1234 Critical  kernel.drivers.KalidahDriver: FPGA/1 PRE-IO TESTS : PASS
KSB FPGA/1 PRE-IO TEST PASS
KSB FPGA/1 MEMORY TEST, IO TEST & POST IO TEST...
2020-01-01 10:26:33.544       0 Debug     kernel.drivers.KalidahDriver: Resetting FPGA
2020-01-01 10:26:34.708       0 Debug     kernel.drivers.KalidahDriver: Resetting FPGA
2020-01-01 10:26:35.888       0 Debug     kernel.drivers.KalidahDriver: Resetting FPGA
2020-01-01 10:26:37.057       0 Debug     kernel.drivers.KalidahDriver: Resetting FPGA
2020-01-01 10:26:44.290    1234 Debug     kernel.drivers.FpgaTest: Kalidah Memory Address Test : PASS
2020-01-01 10:26:48.290    1234 Debug     kernel.drivers.FpgaTest: Kalidah Memory Inversion Test : PASS
2020-01-01 10:26:56.271    1234 Debug     kernel.drivers.FpgaTest: Kalidah Memory March Test : PASS
2020-01-01 10:28:56.299    1234 Critical  kernel.drivers.KalidahDriver: FPGA/1 POST-IO Test
2020-01-01 10:28:56.299    1234 Critical  kernel.drivers.KalidahDriver: FPGA/1 HOST PCIe Interface : PASS 
2020-01-01 10:28:56.309    1234 Critical  kernel.drivers.KalidahDriver: FPGA/1 SSD PCIe Interface : PASS 
2020-01-01 10:28:56.309    1234 Critical  kernel.drivers.KalidahDriver: FPGA/1 DRAM Calibration : PASS 
2020-01-01 10:28:56.309    1234 Critical  kernel.drivers.KalidahDriver: FPGA/1 POST-IO TESTS : PASS
2020-01-01 10:28:56.309    1234 Critical  kernel.drivers.KalidahDriver: KSB FPGA/1 MANUFACTURING TESTS : PASS
KSB FPGA/1 MEMORY TEST PASS
KSB FPGA/1 IO TEST PASS
KSB FPGA/1 POST-IO TEST PASS
KSB FPGA/1 MANUFACTURING TEST PASS (Check details in run_fpga.log)
KSB FPGA/2 PRE-IO TEST ... 
2020-01-01 10:28:56.571       0 Debug     kernel.drivers.KalidahDriver: Resetting FPGA
2020-01-01 10:28:57.737       0 Debug     kernel.drivers.KalidahDriver: Resetting FPGA
2020-01-01 10:28:58.897       0 Debug     kernel.drivers.KalidahDriver: Resetting FPGA
2020-01-01 10:29:00.057       0 Debug     kernel.drivers.KalidahDriver: Resetting FPGA
2020-01-01 10:29:02.836    1234 Critical  kernel.drivers.KalidahDriver: FPGA/2 PRE-IO Test 
2020-01-01 10:29:02.836    1234 Critical  kernel.drivers.KalidahDriver: FPGA/2 HOST PCIe Interface : PASS 
2020-01-01 10:29:02.847    1234 Critical  kernel.drivers.KalidahDriver: FPGA/2 SSD PCIe Interface : PASS 
2020-01-01 10:29:02.847    1234 Critical  kernel.drivers.KalidahDriver: FPGA/2 DRAM Calibration : PASS 
2020-01-01 10:29:02.847    1234 Critical  kernel.drivers.KalidahDriver: SYSMON Registers : 
2020-01-01 10:29:02.847    1234 Critical  kernel.drivers.KalidahDriver: SYSMON_JUNC_TEMP_DIE_0	=	37C
2020-01-01 10:29:02.847    1234 Critical  kernel.drivers.KalidahDriver: SYSMON_JUNC_TEMP_DIE_1	=	37C
2020-01-01 10:29:02.847    1234 Critical  kernel.drivers.KalidahDriver: SYSMON_JUNC_TEMP_DIE_2	=	36C
2020-01-01 10:29:02.847    1234 Critical  kernel.drivers.KalidahDriver: SYSMON_VCCINT_DIE_0	=	852mV
2020-01-01 10:29:02.847    1234 Critical  kernel.drivers.KalidahDriver: SYSMON_VCCINT_DIE_1	=	858mV
2020-01-01 10:29:02.847    1234 Critical  kernel.drivers.KalidahDriver: SYSMON_VCCINT_DIE_2	=	861mV
2020-01-01 10:29:02.847    1234 Critical  kernel.drivers.KalidahDriver: SYSMON_VCCBRAM_DIE_0	=	849mV
2020-01-01 10:29:02.847    1234 Critical  kernel.drivers.KalidahDriver: SYSMON_VCCBRAM_DIE_1	=	849mV
2020-01-01 10:29:02.847    1234 Critical  kernel.drivers.KalidahDriver: SYSMON_VCCBRAM_DIE_2	=	849mV
2020-01-01 10:29:02.847    1234 Critical  kernel.drivers.KalidahDriver: SYSMON_VCCAUX_DIE_0	=	1822mV
2020-01-01 10:29:02.847    1234 Critical  kernel.drivers.KalidahDriver: SYSMON_VCCAUX_DIE_1	=	1822mV
2020-01-01 10:29:02.847    1234 Critical  kernel.drivers.KalidahDriver: SYSMON_VCCAUX_DIE_2	=	1825mV
2020-01-01 10:29:02.847    1234 Critical  kernel.drivers.KalidahDriver: SYSMON_12VSUPPLY_DIE_0	=	12207mV
2020-01-01 10:29:02.847    1234 Critical  kernel.drivers.KalidahDriver: SYSMON_12VSUPPLY_DIE_1	=	12578mV
2020-01-01 10:29:02.847    1234 Critical  kernel.drivers.KalidahDriver: SYSMON_12VSUPPLY_DIE_2	=	12558mV
2020-01-01 10:29:02.847    1234 Critical  kernel.drivers.KalidahDriver: SYSMON_VREFP	=	1248mV
2020-01-01 10:29:02.847    1234 Critical  kernel.drivers.KalidahDriver: SYSMON_VREFN	=	0mV
2020-01-01 10:29:02.847    1234 Critical  kernel.drivers.KalidahDriver: SYSMON_5VSUPPLY	=	4765mV
2020-01-01 10:29:02.847    1234 Critical  kernel.drivers.KalidahDriver: SYSMON_3.3VSUPPLY	=	3310mV
2020-01-01 10:29:02.847    1234 Critical  kernel.drivers.KalidahDriver: SYSMON_SLICE_0_600MV_VTT	=	609mV
2020-01-01 10:29:02.847    1234 Critical  kernel.drivers.KalidahDriver: SYSMON_SLICE_1_600MV_VTT	=	605mV
2020-01-01 10:29:02.847    1234 Critical  kernel.drivers.KalidahDriver: SYSMON_VCCINT_IMON	=	111mV
2020-01-01 10:29:02.847    1234 Critical  kernel.drivers.KalidahDriver: SYSMON_VUSER0_SLR0	=	843mV
2020-01-01 10:29:02.847    1234 Critical  kernel.drivers.KalidahDriver: SYSMON_VUSER1_SLR0	=	843mV
2020-01-01 10:29:02.847    1234 Critical  kernel.drivers.KalidahDriver: SYSMON_VUSER2_SLR0	=	1828mV
2020-01-01 10:29:02.847    1234 Critical  kernel.drivers.KalidahDriver: SYSMON_VUSER3_SLR0	=	1828mV
2020-01-01 10:29:02.847    1234 Critical  kernel.drivers.KalidahDriver: SYSMON_VUSER0_SLR1	=	1209mV
2020-01-01 10:29:02.847    1234 Critical  kernel.drivers.KalidahDriver: SYSMON_VUSER1_SLR1	=	840mV
2020-01-01 10:29:02.847    1234 Critical  kernel.drivers.KalidahDriver: SYSMON_VUSER2_SLR1	=	1207mV
2020-01-01 10:29:02.847    1234 Critical  kernel.drivers.KalidahDriver: SYSMON_VUSER3_SLR1	=	840mV
2020-01-01 10:29:02.847    1234 Critical  kernel.drivers.KalidahDriver: SYSMON_VUSER0_SLR2	=	1209mV
2020-01-01 10:29:02.847    1234 Critical  kernel.drivers.KalidahDriver: SYSMON_VUSER1_SLR2	=	837mV
2020-01-01 10:29:02.847    1234 Critical  kernel.drivers.KalidahDriver: SYSMON_VUSER2_SLR2	=	1207mV
2020-01-01 10:29:02.847    1234 Critical  kernel.drivers.KalidahDriver: SYSMON_VUSER3_SLR2	=	840mV
2020-01-01 10:29:02.847    1234 Critical  kernel.drivers.KalidahDriver: SYSMON Max Recored Values : 
2020-01-01 10:29:02.847    1234 Critical  kernel.drivers.KalidahDriver: SYSMON_MAX_JUNC_TEMP_DIE_0	=	39C
2020-01-01 10:29:02.847    1234 Critical  kernel.drivers.KalidahDriver: SYSMON_MAX_JUNC_TEMP_DIE_1	=	38C
2020-01-01 10:29:02.847    1234 Critical  kernel.drivers.KalidahDriver: SYSMON_MAX_JUNC_TEMP_DIE_2	=	37C
2020-01-01 10:29:02.847    1234 Critical  kernel.drivers.KalidahDriver: SYSMON_MAX_VCCINT	=	855mV
2020-01-01 10:29:02.847    1234 Critical  kernel.drivers.KalidahDriver: SYSMON_MAX_VCCBRAM	=	849mV
2020-01-01 10:29:02.847    1234 Critical  kernel.drivers.KalidahDriver: SYSMON_MAX_VCCAUX	=	1828mV
2020-01-01 10:29:02.847    1234 Critical  kernel.drivers.KalidahDriver: SYSMON_MAX_VUSER0_DIE_0	=	846mV
2020-01-01 10:29:02.847    1234 Critical  kernel.drivers.KalidahDriver: SYSMON_MAX_VUSER0_DIE_1	=	1212mV
2020-01-01 10:29:02.847    1234 Critical  kernel.drivers.KalidahDriver: SYSMON_MAX_VUSER0_DIE_2	=	1212mV
2020-01-01 10:29:02.847    1234 Critical  kernel.drivers.KalidahDriver: SYSMON_MAX_VUSER1_DIE_0	=	846mV
2020-01-01 10:29:02.847    1234 Critical  kernel.drivers.KalidahDriver: SYSMON_MAX_VUSER1_DIE_1	=	843mV
2020-01-01 10:29:02.847    1234 Critical  kernel.drivers.KalidahDriver: SYSMON_MAX_VUSER1_DIE_2	=	843mV
2020-01-01 10:29:02.847    1234 Critical  kernel.drivers.KalidahDriver: SYSMON_MAX_VUSER2_DIE_0	=	1836mV
2020-01-01 10:29:02.847    1234 Critical  kernel.drivers.KalidahDriver: SYSMON_MAX_VUSER2_DIE_1	=	1209mV
2020-01-01 10:29:02.847    1234 Critical  kernel.drivers.KalidahDriver: SYSMON_MAX_VUSER2_DIE_2	=	1209mV
2020-01-01 10:29:02.847    1234 Critical  kernel.drivers.KalidahDriver: SYSMON_MAX_VUSER3_DIE_0	=	1833mV
2020-01-01 10:29:02.847    1234 Critical  kernel.drivers.KalidahDriver: SYSMON_MAX_VUSER3_DIE_1	=	843mV
2020-01-01 10:29:02.847    1234 Critical  kernel.drivers.KalidahDriver: SYSMON_MAX_VUSER3_DIE_2	=	843mV
2020-01-01 10:29:02.847    1234 Critical  kernel.drivers.KalidahDriver: SYSMON Min Recored Values : 
2020-01-01 10:29:02.847    1234 Critical  kernel.drivers.KalidahDriver: SYSMON_MIN_JUNC_TEMP_DIE_0	=	35C
2020-01-01 10:29:02.847    1234 Critical  kernel.drivers.KalidahDriver: SYSMON_MIN_JUNC_TEMP_DIE_1	=	37C
2020-01-01 10:29:02.847    1234 Critical  kernel.drivers.KalidahDriver: SYSMON_MIN_JUNC_TEMP_DIE_2	=	35C
2020-01-01 10:29:02.847    1234 Critical  kernel.drivers.KalidahDriver: SYSMON_MIN_VCCINT	=	849mV
2020-01-01 10:29:02.847    1234 Critical  kernel.drivers.KalidahDriver: SYSMON_MIN_VCCBRAM	=	846mV
2020-01-01 10:29:02.847    1234 Critical  kernel.drivers.KalidahDriver: SYSMON_MIN_VCCAUX	=	1813mV
2020-01-01 10:29:02.847    1234 Critical  kernel.drivers.KalidahDriver: SYSMON_MIN_VUSER0_DIE_0	=	837mV
2020-01-01 10:29:02.847    1234 Critical  kernel.drivers.KalidahDriver: SYSMON_MIN_VUSER0_DIE_1	=	1207mV
2020-01-01 10:29:02.847    1234 Critical  kernel.drivers.KalidahDriver: SYSMON_MIN_VUSER0_DIE_2	=	1204mV
2020-01-01 10:29:02.847    1234 Critical  kernel.drivers.KalidahDriver: SYSMON_MIN_VUSER1_DIE_0	=	837mV
2020-01-01 10:29:02.847    1234 Critical  kernel.drivers.KalidahDriver: SYSMON_MIN_VUSER1_DIE_1	=	837mV
2020-01-01 10:29:02.847    1234 Critical  kernel.drivers.KalidahDriver: SYSMON_MIN_VUSER1_DIE_2	=	834mV
2020-01-01 10:29:02.847    1234 Critical  kernel.drivers.KalidahDriver: SYSMON_MIN_VUSER2_DIE_0	=	1819mV
2020-01-01 10:29:02.847    1234 Critical  kernel.drivers.KalidahDriver: SYSMON_MIN_VUSER2_DIE_1	=	1207mV
2020-01-01 10:29:02.847    1234 Critical  kernel.drivers.KalidahDriver: SYSMON_MIN_VUSER2_DIE_2	=	1198mV
2020-01-01 10:29:02.847    1234 Critical  kernel.drivers.KalidahDriver: SYSMON_MIN_VUSER3_DIE_0	=	1819mV
2020-01-01 10:29:02.847    1234 Critical  kernel.drivers.KalidahDriver: SYSMON_MIN_VUSER3_DIE_1	=	837mV
2020-01-01 10:29:02.847    1234 Critical  kernel.drivers.KalidahDriver: SYSMON_MIN_VUSER3_DIE_2	=	834mV
2020-01-01 10:29:02.847    1234 Critical  kernel.drivers.KalidahDriver: SYSMON Alarm Flags : 
2020-01-01 10:29:02.847    1234 Critical  kernel.drivers.KalidahDriver: SYSMON_ALARM_FLAG0_DIE_0	=	0000
2020-01-01 10:29:02.847    1234 Critical  kernel.drivers.KalidahDriver: SYSMON_ALARM_FLAG0_DIE_1	=	0000
2020-01-01 10:29:02.847    1234 Critical  kernel.drivers.KalidahDriver: SYSMON_ALARM_FLAG0_DIE_2	=	0000
2020-01-01 10:29:02.847    1234 Critical  kernel.drivers.KalidahDriver: SYSMON_ALARM_FLAG1_DIE_0	=	0000
2020-01-01 10:29:02.847    1234 Critical  kernel.drivers.KalidahDriver: SYSMON_ALARM_FLAG1_DIE_1	=	0000
2020-01-01 10:29:02.847    1234 Critical  kernel.drivers.KalidahDriver: SYSMON_ALARM_FLAG1_DIE_2	=	0000
2020-01-01 10:29:02.847    1234 Critical  kernel.drivers.KalidahDriver: FPGA/2 SYSMON : PASS 
2020-01-01 10:29:02.847    1234 Critical  kernel.drivers.KalidahDriver: FPGA/2 SSD Power TEST : Disable drive 0 power (power_ctl : 00000001)
2020-01-01 10:29:02.859    1234 Critical  kernel.drivers.KalidahDriver: FPGA/2 SSD Power TEST : Enable drive 0 power (power_ctl : 00000000)
2020-01-01 10:29:03.264    1234 Critical  kernel.drivers.KalidahDriver: FPGA/2 SSD Power TEST : Disable drive 1 power (power_ctl : 00000001)
2020-01-01 10:29:03.275    1234 Critical  kernel.drivers.KalidahDriver: FPGA/2 SSD Power TEST : Enable drive 1 power (power_ctl : 00000000)
2020-01-01 10:29:03.685    1234 Critical  kernel.drivers.KalidahDriver: FPGA/2 SSD Power TEST : Disable drive 0 power (power_ctl_por : 00000001)
2020-01-01 10:29:03.696    1234 Critical  kernel.drivers.KalidahDriver: Resetting FPGA
2020-01-01 10:29:04.808    1234 Critical  kernel.drivers.KalidahDriver: FPGA/2 SSD Power TEST : Enable drive 0 power (power_ctl_por : 00000000)
2020-01-01 10:29:05.027    1234 Critical  kernel.drivers.KalidahDriver: FPGA/2 SSD Power TEST : Disable drive 1 power (power_ctl_por : 00000001)
2020-01-01 10:29:05.038    1234 Critical  kernel.drivers.KalidahDriver: Resetting FPGA
2020-01-01 10:29:06.158    1234 Critical  kernel.drivers.KalidahDriver: FPGA/2 SSD Power TEST : Enable drive 1 power (power_ctl_por : 00000000)
2020-01-01 10:29:06.392    1234 Critical  kernel.drivers.KalidahDriver: FPGA/2 SSD POWER CONTROL : PASS 
2020-01-01 10:29:06.392    1234 Critical  kernel.drivers.KalidahDriver: Resetting FPGA
2020-01-01 10:29:07.508    1234 Critical  kernel.drivers.KalidahDriver: FPGA/2 PRE-IO TESTS : PASS
KSB FPGA/2 PRE-IO TEST PASS
KSB FPGA/2 MEMORY TEST, IO TEST & POST IO TEST...
2020-01-01 10:29:07.796       0 Debug     kernel.drivers.KalidahDriver: Resetting FPGA
2020-01-01 10:29:08.957       0 Debug     kernel.drivers.KalidahDriver: Resetting FPGA
2020-01-01 10:29:10.117       0 Debug     kernel.drivers.KalidahDriver: Resetting FPGA
2020-01-01 10:29:11.277       0 Debug     kernel.drivers.KalidahDriver: Resetting FPGA
2020-01-01 10:29:18.281    1234 Debug     kernel.drivers.FpgaTest: Kalidah Memory Address Test : PASS
2020-01-01 10:29:22.331    1234 Debug     kernel.drivers.FpgaTest: Kalidah Memory Inversion Test : PASS
2020-01-01 10:29:30.333    1234 Debug     kernel.drivers.FpgaTest: Kalidah Memory March Test : PASS
2020-01-01 10:31:30.384    1234 Critical  kernel.drivers.KalidahDriver: FPGA/2 POST-IO Test
2020-01-01 10:31:30.384    1234 Critical  kernel.drivers.KalidahDriver: FPGA/2 HOST PCIe Interface : PASS 
2020-01-01 10:31:30.399    1234 Critical  kernel.drivers.KalidahDriver: FPGA/2 SSD PCIe Interface : PASS 
2020-01-01 10:31:30.399    1234 Critical  kernel.drivers.KalidahDriver: FPGA/2 DRAM Calibration : PASS 
2020-01-01 10:31:30.399    1234 Critical  kernel.drivers.KalidahDriver: SYSMON Registers : 
2020-01-01 10:31:30.399    1234 Critical  kernel.drivers.KalidahDriver: SYSMON_JUNC_TEMP_DIE_0	=	37C
2020-01-01 10:31:30.399    1234 Critical  kernel.drivers.KalidahDriver: SYSMON_JUNC_TEMP_DIE_1	=	38C
2020-01-01 10:31:30.399    1234 Critical  kernel.drivers.KalidahDriver: SYSMON_JUNC_TEMP_DIE_2	=	37C
2020-01-01 10:31:30.399    1234 Critical  kernel.drivers.KalidahDriver: SYSMON_VCCINT_DIE_0	=	852mV
2020-01-01 10:31:30.399    1234 Critical  kernel.drivers.KalidahDriver: SYSMON_VCCINT_DIE_1	=	858mV
2020-01-01 10:31:30.399    1234 Critical  kernel.drivers.KalidahDriver: SYSMON_VCCINT_DIE_2	=	861mV
2020-01-01 10:31:30.399    1234 Critical  kernel.drivers.KalidahDriver: SYSMON_VCCBRAM_DIE_0	=	849mV
2020-01-01 10:31:30.399    1234 Critical  kernel.drivers.KalidahDriver: SYSMON_VCCBRAM_DIE_1	=	849mV
2020-01-01 10:31:30.399    1234 Critical  kernel.drivers.KalidahDriver: SYSMON_VCCBRAM_DIE_2	=	849mV
2020-01-01 10:31:30.399    1234 Critical  kernel.drivers.KalidahDriver: SYSMON_VCCAUX_DIE_0	=	1819mV
2020-01-01 10:31:30.399    1234 Critical  kernel.drivers.KalidahDriver: SYSMON_VCCAUX_DIE_1	=	1822mV
2020-01-01 10:31:30.399    1234 Critical  kernel.drivers.KalidahDriver: SYSMON_VCCAUX_DIE_2	=	1825mV
2020-01-01 10:31:30.399    1234 Critical  kernel.drivers.KalidahDriver: SYSMON_12VSUPPLY_DIE_0	=	12207mV
2020-01-01 10:31:30.399    1234 Critical  kernel.drivers.KalidahDriver: SYSMON_12VSUPPLY_DIE_1	=	12578mV
2020-01-01 10:31:30.399    1234 Critical  kernel.drivers.KalidahDriver: SYSMON_12VSUPPLY_DIE_2	=	12558mV
2020-01-01 10:31:30.399    1234 Critical  kernel.drivers.KalidahDriver: SYSMON_VREFP	=	1248mV
2020-01-01 10:31:30.399    1234 Critical  kernel.drivers.KalidahDriver: SYSMON_VREFN	=	0mV
2020-01-01 10:31:30.399    1234 Critical  kernel.drivers.KalidahDriver: SYSMON_5VSUPPLY	=	4755mV
2020-01-01 10:31:30.399    1234 Critical  kernel.drivers.KalidahDriver: SYSMON_3.3VSUPPLY	=	3300mV
2020-01-01 10:31:30.399    1234 Critical  kernel.drivers.KalidahDriver: SYSMON_SLICE_0_600MV_VTT	=	607mV
2020-01-01 10:31:30.399    1234 Critical  kernel.drivers.KalidahDriver: SYSMON_SLICE_1_600MV_VTT	=	605mV
2020-01-01 10:31:30.399    1234 Critical  kernel.drivers.KalidahDriver: SYSMON_VCCINT_IMON	=	111mV
2020-01-01 10:31:30.399    1234 Critical  kernel.drivers.KalidahDriver: SYSMON_VUSER0_SLR0	=	840mV
2020-01-01 10:31:30.399    1234 Critical  kernel.drivers.KalidahDriver: SYSMON_VUSER1_SLR0	=	840mV
2020-01-01 10:31:30.399    1234 Critical  kernel.drivers.KalidahDriver: SYSMON_VUSER2_SLR0	=	1828mV
2020-01-01 10:31:30.399    1234 Critical  kernel.drivers.KalidahDriver: SYSMON_VUSER3_SLR0	=	1828mV
2020-01-01 10:31:30.399    1234 Critical  kernel.drivers.KalidahDriver: SYSMON_VUSER0_SLR1	=	1209mV
2020-01-01 10:31:30.399    1234 Critical  kernel.drivers.KalidahDriver: SYSMON_VUSER1_SLR1	=	840mV
2020-01-01 10:31:30.399    1234 Critical  kernel.drivers.KalidahDriver: SYSMON_VUSER2_SLR1	=	1209mV
2020-01-01 10:31:30.399    1234 Critical  kernel.drivers.KalidahDriver: SYSMON_VUSER3_SLR1	=	840mV
2020-01-01 10:31:30.399    1234 Critical  kernel.drivers.KalidahDriver: SYSMON_VUSER0_SLR2	=	1209mV
2020-01-01 10:31:30.399    1234 Critical  kernel.drivers.KalidahDriver: SYSMON_VUSER1_SLR2	=	837mV
2020-01-01 10:31:30.399    1234 Critical  kernel.drivers.KalidahDriver: SYSMON_VUSER2_SLR2	=	1209mV
2020-01-01 10:31:30.399    1234 Critical  kernel.drivers.KalidahDriver: SYSMON_VUSER3_SLR2	=	840mV
2020-01-01 10:31:30.399    1234 Critical  kernel.drivers.KalidahDriver: SYSMON Max Recored Values : 
2020-01-01 10:31:30.399    1234 Critical  kernel.drivers.KalidahDriver: SYSMON_MAX_JUNC_TEMP_DIE_0	=	40C
2020-01-01 10:31:30.399    1234 Critical  kernel.drivers.KalidahDriver: SYSMON_MAX_JUNC_TEMP_DIE_1	=	39C
2020-01-01 10:31:30.399    1234 Critical  kernel.drivers.KalidahDriver: SYSMON_MAX_JUNC_TEMP_DIE_2	=	37C
2020-01-01 10:31:30.399    1234 Critical  kernel.drivers.KalidahDriver: SYSMON_MAX_VCCINT	=	858mV
2020-01-01 10:31:30.399    1234 Critical  kernel.drivers.KalidahDriver: SYSMON_MAX_VCCBRAM	=	852mV
2020-01-01 10:31:30.399    1234 Critical  kernel.drivers.KalidahDriver: SYSMON_MAX_VCCAUX	=	1831mV
2020-01-01 10:31:30.399    1234 Critical  kernel.drivers.KalidahDriver: SYSMON_MAX_VUSER0_DIE_0	=	846mV
2020-01-01 10:31:30.399    1234 Critical  kernel.drivers.KalidahDriver: SYSMON_MAX_VUSER0_DIE_1	=	1212mV
2020-01-01 10:31:30.399    1234 Critical  kernel.drivers.KalidahDriver: SYSMON_MAX_VUSER0_DIE_2	=	1212mV
2020-01-01 10:31:30.399    1234 Critical  kernel.drivers.KalidahDriver: SYSMON_MAX_VUSER1_DIE_0	=	846mV
2020-01-01 10:31:30.399    1234 Critical  kernel.drivers.KalidahDriver: SYSMON_MAX_VUSER1_DIE_1	=	843mV
2020-01-01 10:31:30.399    1234 Critical  kernel.drivers.KalidahDriver: SYSMON_MAX_VUSER1_DIE_2	=	843mV
2020-01-01 10:31:30.399    1234 Critical  kernel.drivers.KalidahDriver: SYSMON_MAX_VUSER2_DIE_0	=	1836mV
2020-01-01 10:31:30.399    1234 Critical  kernel.drivers.KalidahDriver: SYSMON_MAX_VUSER2_DIE_1	=	1212mV
2020-01-01 10:31:30.399    1234 Critical  kernel.drivers.KalidahDriver: SYSMON_MAX_VUSER2_DIE_2	=	1212mV
2020-01-01 10:31:30.399    1234 Critical  kernel.drivers.KalidahDriver: SYSMON_MAX_VUSER3_DIE_0	=	1836mV
2020-01-01 10:31:30.399    1234 Critical  kernel.drivers.KalidahDriver: SYSMON_MAX_VUSER3_DIE_1	=	843mV
2020-01-01 10:31:30.399    1234 Critical  kernel.drivers.KalidahDriver: SYSMON_MAX_VUSER3_DIE_2	=	843mV
2020-01-01 10:31:30.399    1234 Critical  kernel.drivers.KalidahDriver: SYSMON Min Recored Values : 
2020-01-01 10:31:30.399    1234 Critical  kernel.drivers.KalidahDriver: SYSMON_MIN_JUNC_TEMP_DIE_0	=	35C
2020-01-01 10:31:30.399    1234 Critical  kernel.drivers.KalidahDriver: SYSMON_MIN_JUNC_TEMP_DIE_1	=	36C
2020-01-01 10:31:30.399    1234 Critical  kernel.drivers.KalidahDriver: SYSMON_MIN_JUNC_TEMP_DIE_2	=	35C
2020-01-01 10:31:30.399    1234 Critical  kernel.drivers.KalidahDriver: SYSMON_MIN_VCCINT	=	849mV
2020-01-01 10:31:30.399    1234 Critical  kernel.drivers.KalidahDriver: SYSMON_MIN_VCCBRAM	=	843mV
2020-01-01 10:31:30.399    1234 Critical  kernel.drivers.KalidahDriver: SYSMON_MIN_VCCAUX	=	1813mV
2020-01-01 10:31:30.399    1234 Critical  kernel.drivers.KalidahDriver: SYSMON_MIN_VUSER0_DIE_0	=	834mV
2020-01-01 10:31:30.399    1234 Critical  kernel.drivers.KalidahDriver: SYSMON_MIN_VUSER0_DIE_1	=	1204mV
2020-01-01 10:31:30.399    1234 Critical  kernel.drivers.KalidahDriver: SYSMON_MIN_VUSER0_DIE_2	=	1201mV
2020-01-01 10:31:30.399    1234 Critical  kernel.drivers.KalidahDriver: SYSMON_MIN_VUSER1_DIE_0	=	834mV
2020-01-01 10:31:30.399    1234 Critical  kernel.drivers.KalidahDriver: SYSMON_MIN_VUSER1_DIE_1	=	832mV
2020-01-01 10:31:30.399    1234 Critical  kernel.drivers.KalidahDriver: SYSMON_MIN_VUSER1_DIE_2	=	829mV
2020-01-01 10:31:30.399    1234 Critical  kernel.drivers.KalidahDriver: SYSMON_MIN_VUSER2_DIE_0	=	1819mV
2020-01-01 10:31:30.399    1234 Critical  kernel.drivers.KalidahDriver: SYSMON_MIN_VUSER2_DIE_1	=	1207mV
2020-01-01 10:31:30.399    1234 Critical  kernel.drivers.KalidahDriver: SYSMON_MIN_VUSER2_DIE_2	=	1198mV
2020-01-01 10:31:30.399    1234 Critical  kernel.drivers.KalidahDriver: SYSMON_MIN_VUSER3_DIE_0	=	1819mV
2020-01-01 10:31:30.399    1234 Critical  kernel.drivers.KalidahDriver: SYSMON_MIN_VUSER3_DIE_1	=	832mV
2020-01-01 10:31:30.399    1234 Critical  kernel.drivers.KalidahDriver: SYSMON_MIN_VUSER3_DIE_2	=	832mV
2020-01-01 10:31:30.399    1234 Critical  kernel.drivers.KalidahDriver: SYSMON Alarm Flags : 
2020-01-01 10:31:30.399    1234 Critical  kernel.drivers.KalidahDriver: SYSMON_ALARM_FLAG0_DIE_0	=	0000
2020-01-01 10:31:30.399    1234 Critical  kernel.drivers.KalidahDriver: SYSMON_ALARM_FLAG0_DIE_1	=	0000
2020-01-01 10:31:30.399    1234 Critical  kernel.drivers.KalidahDriver: SYSMON_ALARM_FLAG0_DIE_2	=	0000
2020-01-01 10:31:30.399    1234 Critical  kernel.drivers.KalidahDriver: SYSMON_ALARM_FLAG1_DIE_0	=	0000
2020-01-01 10:31:30.399    1234 Critical  kernel.drivers.KalidahDriver: SYSMON_ALARM_FLAG1_DIE_1	=	0000
2020-01-01 10:31:30.399    1234 Critical  kernel.drivers.KalidahDriver: SYSMON_ALARM_FLAG1_DIE_2	=	0000
2020-01-01 10:31:30.399    1234 Critical  kernel.drivers.KalidahDriver: FPGA/2 SYSMON : PASS 
2020-01-01 10:31:30.399    1234 Critical  kernel.drivers.KalidahDriver: FPGA/2 POST-IO TESTS : PASS
2020-01-01 10:31:30.399    1234 Critical  kernel.drivers.KalidahDriver: KSB FPGA/2 MANUFACTURING TESTS : PASS
KSB FPGA/2 MEMORY TEST PASS
KSB FPGA/2 IO TEST PASS
KSB FPGA/2 POST-IO TEST PASS
KSB FPGA/2 MANUFACTURING TEST PASS (Check details in run_fpga.log)
KSB FPGA/3 PRE-IO TEST ... 
2020-01-01 10:31:30.681       0 Debug     kernel.drivers.KalidahDriver: Resetting FPGA
2020-01-01 10:31:31.847       0 Debug     kernel.drivers.KalidahDriver: Resetting FPGA
2020-01-01 10:31:33.007       0 Debug     kernel.drivers.KalidahDriver: Resetting FPGA
2020-01-01 10:31:34.167       0 Debug     kernel.drivers.KalidahDriver: Resetting FPGA
2020-01-01 10:31:36.947    1234 Critical  kernel.drivers.KalidahDriver: FPGA/3 PRE-IO Test 
2020-01-01 10:31:36.947    1234 Critical  kernel.drivers.KalidahDriver: FPGA/3 HOST PCIe Interface : PASS 
2020-01-01 10:31:36.958    1234 Critical  kernel.drivers.KalidahDriver: FPGA/3 SSD PCIe Interface : PASS 
2020-01-01 10:31:36.958    1234 Critical  kernel.drivers.KalidahDriver: FPGA/3 DRAM Calibration : PASS 
2020-01-01 10:31:36.958    1234 Critical  kernel.drivers.KalidahDriver: FPGA/3 SSD Power TEST : Disable drive 0 power (power_ctl : 00000001)
2020-01-01 10:31:36.969    1234 Critical  kernel.drivers.KalidahDriver: FPGA/3 SSD Power TEST : Enable drive 0 power (power_ctl : 00000000)
2020-01-01 10:31:37.372    1234 Critical  kernel.drivers.KalidahDriver: FPGA/3 SSD Power TEST : Disable drive 1 power (power_ctl : 00000001)
2020-01-01 10:31:37.383    1234 Critical  kernel.drivers.KalidahDriver: FPGA/3 SSD Power TEST : Enable drive 1 power (power_ctl : 00000000)
2020-01-01 10:31:37.792    1234 Critical  kernel.drivers.KalidahDriver: FPGA/3 SSD Power TEST : Disable drive 0 power (power_ctl_por : 00000001)
2020-01-01 10:31:37.803    1234 Critical  kernel.drivers.KalidahDriver: Resetting FPGA
2020-01-01 10:31:38.918    1234 Critical  kernel.drivers.KalidahDriver: FPGA/3 SSD Power TEST : Enable drive 0 power (power_ctl_por : 00000000)
2020-01-01 10:31:39.150    1234 Critical  kernel.drivers.KalidahDriver: FPGA/3 SSD Power TEST : Disable drive 1 power (power_ctl_por : 00000001)
2020-01-01 10:31:39.161    1234 Critical  kernel.drivers.KalidahDriver: Resetting FPGA
2020-01-01 10:31:40.278    1234 Critical  kernel.drivers.KalidahDriver: FPGA/3 SSD Power TEST : Enable drive 1 power (power_ctl_por : 00000000)
2020-01-01 10:31:40.498    1234 Critical  kernel.drivers.KalidahDriver: FPGA/3 SSD POWER CONTROL : PASS 
2020-01-01 10:31:40.498    1234 Critical  kernel.drivers.KalidahDriver: Resetting FPGA
2020-01-01 10:31:41.618    1234 Critical  kernel.drivers.KalidahDriver: FPGA/3 PRE-IO TESTS : PASS
KSB FPGA/3 PRE-IO TEST PASS
KSB FPGA/3 MEMORY TEST, IO TEST & POST IO TEST...
2020-01-01 10:31:41.937       0 Debug     kernel.drivers.KalidahDriver: Resetting FPGA
2020-01-01 10:31:43.097       0 Debug     kernel.drivers.KalidahDriver: Resetting FPGA
2020-01-01 10:31:44.257       0 Debug     kernel.drivers.KalidahDriver: Resetting FPGA
2020-01-01 10:31:45.417       0 Debug     kernel.drivers.KalidahDriver: Resetting FPGA
2020-01-01 10:31:52.150    1234 Debug     kernel.drivers.FpgaTest: Kalidah Memory Address Test : PASS
2020-01-01 10:31:56.402    1234 Debug     kernel.drivers.FpgaTest: Kalidah Memory Inversion Test : PASS
2020-01-01 10:32:04.020    1234 Debug     kernel.drivers.FpgaTest: Kalidah Memory March Test : PASS
2020-01-01 10:34:04.089    1234 Critical  kernel.drivers.KalidahDriver: FPGA/3 POST-IO Test
2020-01-01 10:34:04.089    1234 Critical  kernel.drivers.KalidahDriver: FPGA/3 HOST PCIe Interface : PASS 
2020-01-01 10:34:04.100    1234 Critical  kernel.drivers.KalidahDriver: FPGA/3 SSD PCIe Interface : PASS 
2020-01-01 10:34:04.100    1234 Critical  kernel.drivers.KalidahDriver: FPGA/3 DRAM Calibration : PASS 
2020-01-01 10:34:04.100    1234 Critical  kernel.drivers.KalidahDriver: FPGA/3 POST-IO TESTS : PASS
2020-01-01 10:34:04.100    1234 Critical  kernel.drivers.KalidahDriver: KSB FPGA/3 MANUFACTURING TESTS : PASS
KSB FPGA/3 MEMORY TEST PASS
KSB FPGA/3 IO TEST PASS
KSB FPGA/3 POST-IO TEST PASS
KSB FPGA/3 MANUFACTURING TEST PASS (Check details in run_fpga.log)
KSB MANUFACTURING TEST FINAL RESULT : PASS

========== Step.3 fpga test after KSB mfg test ==========

=======================================================
Running fpga-test on 02:00.0
=======================================================

Device Type                : Kalidah
EP Link Status             : Gen3 x8     PASSED 
GIT Hash                   : 0x0FAA0CFE
Device DNA                 : 0x400200000155AC694C3062C5
Core Clock Frequency       :    250 MHz
SSD_0 present              :        Yes
SSD_1 present              :        Yes
KSB number                 :          1
Slice number               :          0
Temperature Master  Sysmon :    38.399C
Temperature Slave 0 Sysmon :    38.268C
Temperature Slave 1 Sysmon :    37.276C
DDR4 capability            : ID_2, 16GB, VLP RDIMM w/ ECC, 1R, 16Gb x8 die, 2400 MT/s 
DDR4 calibration done      : 0x00000001  PASSED 
Unsupported Offset BAR3    : 0xFFFFFFFF  PASSED 
FPGA Version               :      3.0.6  PASSED 
DMA ch0 ctl. register      : 0x00008003  PASSED 
DMA ch1 ctl. register      : 0x00008013  PASSED 
DMA ch2 ctl. register      : 0x00008023  PASSED 
SSD0 Power Enabled         :        0x1  PASSED
RP0 Config Req. Ready      :        0x1  PASSED 
RP0 Link Status            : 0x70430000  PASSED 
Locating PCIe capabilities of SSD0 ...
SSD0 Link Status           : 0x10430000  PASSED 
SSD0 Vendor/Dev ID         : 0xA808144D  PASSED  (Samsung)
SSD1 Power Enabled         :        0x1  PASSED
RP1 Config Req. Ready      :        0x1  PASSED 
RP1 Link Status            : 0x70430000  PASSED 
Locating PCIe capabilities of SSD1 ...
SSD1 Link Status           : 0x10430000  PASSED 
SSD1 Vendor/Dev ID         : 0xA808144D  PASSED  (Samsung)
Global Fatal Interrupt     : 0x00000000  PASSED 
Global Non Fatal Interrupt : 0x00000000  PASSED 
  ____                 _
 |  _ \ __ _ ___ ___  | |
 | |_) / _` / __/ __| | |
 |  __/ (_| \__ \__ \ |_|
 |_|   \__,_|___/___/ (_)


=======================================================
Running fpga-test on 41:00.0
=======================================================

Device Type                : Kalidah
EP Link Status             : Gen3 x8     PASSED 
GIT Hash                   : 0x0FAA0CFE
Device DNA                 : 0x400200000155AC694C3062C5
Core Clock Frequency       :    250 MHz
SSD_0 present              :        Yes
SSD_1 present              :        Yes
KSB number                 :          1
Slice number               :          1
DDR4 capability            : ID_2, 16GB, VLP RDIMM w/ ECC, 1R, 16Gb x8 die, 2400 MT/s 
DDR4 calibration done      : 0x00000001  PASSED 
Unsupported Offset BAR3    : 0xFFFFFFFF  PASSED 
FPGA Version               :      3.0.6  PASSED 
DMA ch0 ctl. register      : 0x00008003  PASSED 
DMA ch1 ctl. register      : 0x00008013  PASSED 
DMA ch2 ctl. register      : 0x00008023  PASSED 
SSD0 Power Enabled         :        0x1  PASSED
RP0 Config Req. Ready      :        0x1  PASSED 
RP0 Link Status            : 0x70430000  PASSED 
Locating PCIe capabilities of SSD0 ...
SSD0 Link Status           : 0x10430000  PASSED 
SSD0 Vendor/Dev ID         : 0xA808144D  PASSED  (Samsung)
SSD1 Power Enabled         :        0x1  PASSED
RP1 Config Req. Ready      :        0x1  PASSED 
RP1 Link Status            : 0x70430000  PASSED 
Locating PCIe capabilities of SSD1 ...
SSD1 Link Status           : 0x10430000  PASSED 
SSD1 Vendor/Dev ID         : 0xA808144D  PASSED  (Samsung)
Global Fatal Interrupt     : 0x00000000  PASSED 
Global Non Fatal Interrupt : 0x00000000  PASSED 
  ____                 _
 |  _ \ __ _ ___ ___  | |
 | |_) / _` / __/ __| | |
 |  __/ (_| \__ \__ \ |_|
 |_|   \__,_|___/___/ (_)


=======================================================
Running fpga-test on 84:00.0
=======================================================

Device Type                : Kalidah
EP Link Status             : Gen3 x8     PASSED 
GIT Hash                   : 0x0FAA0CFE
Device DNA                 : 0x400200000155AC694CA0A0C5
Core Clock Frequency       :    250 MHz
SSD_0 present              :        Yes
SSD_1 present              :        Yes
KSB number                 :          0
Slice number               :          1
DDR4 capability            : ID_2, 16GB, VLP RDIMM w/ ECC, 1R, 16Gb x8 die, 2400 MT/s 
DDR4 calibration done      : 0x00000001  PASSED 
Unsupported Offset BAR3    : 0xFFFFFFFF  PASSED 
FPGA Version               :      3.0.6  PASSED 
DMA ch0 ctl. register      : 0x00008003  PASSED 
DMA ch1 ctl. register      : 0x00008013  PASSED 
DMA ch2 ctl. register      : 0x00008023  PASSED 
SSD0 Power Enabled         :        0x1  PASSED
RP0 Config Req. Ready      :        0x1  PASSED 
RP0 Link Status            : 0x70430000  PASSED 
Locating PCIe capabilities of SSD0 ...
SSD0 Link Status           : 0x10430000  PASSED 
SSD0 Vendor/Dev ID         : 0xA808144D  PASSED  (Samsung)
SSD1 Power Enabled         :        0x1  PASSED
RP1 Config Req. Ready      :        0x1  PASSED 
RP1 Link Status            : 0x70430000  PASSED 
Locating PCIe capabilities of SSD1 ...
SSD1 Link Status           : 0x10430000  PASSED 
SSD1 Vendor/Dev ID         : 0xA808144D  PASSED  (Samsung)
Global Fatal Interrupt     : 0x00000000  PASSED 
Global Non Fatal Interrupt : 0x00000000  PASSED 
  ____                 _
 |  _ \ __ _ ___ ___  | |
 | |_) / _` / __/ __| | |
 |  __/ (_| \__ \__ \ |_|
 |_|   \__,_|___/___/ (_)


=======================================================
Running fpga-test on c1:00.0
=======================================================

Device Type                : Kalidah
EP Link Status             : Gen3 x8     PASSED 
GIT Hash                   : 0x0FAA0CFE
Device DNA                 : 0x400200000155AC694CA0A0C5
Core Clock Frequency       :    250 MHz
SSD_0 present              :        Yes
SSD_1 present              :        Yes
KSB number                 :          0
Slice number               :          0
Temperature Master  Sysmon :    38.252C
Temperature Slave 0 Sysmon :    38.461C
Temperature Slave 1 Sysmon :    37.478C
DDR4 capability            : ID_2, 16GB, VLP RDIMM w/ ECC, 1R, 16Gb x8 die, 2400 MT/s 
DDR4 calibration done      : 0x00000001  PASSED 
Unsupported Offset BAR3    : 0xFFFFFFFF  PASSED 
FPGA Version               :      3.0.6  PASSED 
DMA ch0 ctl. register      : 0x00008003  PASSED 
DMA ch1 ctl. register      : 0x00008013  PASSED 
DMA ch2 ctl. register      : 0x00008023  PASSED 
SSD0 Power Enabled         :        0x1  PASSED
RP0 Config Req. Ready      :        0x1  PASSED 
RP0 Link Status            : 0x70430000  PASSED 
Locating PCIe capabilities of SSD0 ...
SSD0 Link Status           : 0x10430000  PASSED 
SSD0 Vendor/Dev ID         : 0xA808144D  PASSED  (Samsung)
SSD1 Power Enabled         :        0x1  PASSED
RP1 Config Req. Ready      :        0x1  PASSED 
RP1 Link Status            : 0x70430000  PASSED 
Locating PCIe capabilities of SSD1 ...
SSD1 Link Status           : 0x10430000  PASSED 
SSD1 Vendor/Dev ID         : 0xA808144D  PASSED  (Samsung)
Global Fatal Interrupt     : 0x00000000  PASSED 
Global Non Fatal Interrupt : 0x00000000  PASSED 
  ____                 _
 |  _ \ __ _ ___ ___  | |
 | |_) / _` / __/ __| | |
 |  __/ (_| \__ \__ \ |_|
 |_|   \__,_|___/___/ (_)


KSB0 AIC Serial Number: 505-21050700910001
KSB1 AIC Serial Number: 505-21050700910007

