======================================
=     KSB Manufacture Test Phase2    =
======================================
Chassis Serial Number: 516-22011400300004
========== Step.1 fpga test before KSB mfg test ==========

=======================================================
Running fpga-test on 02:00.0
=======================================================

Device Type                : Kalidah
EP Link Status             : Gen3 x8     PASSED 
GIT Hash                   : 0x0FAA0CFE
Device DNA                 : 0x400200000155AC800C90E285
Core Clock Frequency       :    250 MHz
SSD_0 present              :        Yes
SSD_1 present              :        Yes
KSB number                 :          1
Slice number               :          0
Temperature Master  Sysmon :    38.214C
Temperature Slave 0 Sysmon :    38.082C
Temperature Slave 1 Sysmon :    37.633C
DDR4 capability            : ID_2, 16GB, VLP RDIMM w/ ECC, 1R, 16Gb x8 die, 2400 MT/s 
DDR4 calibration done      : 0x00000001  PASSED 
Unsupported Offset BAR3    : 0xFFFFFFFF  PASSED 
FPGA Version               :      3.0.6  PASSED 
DMA ch0 ctl. register      : 0x00008003  PASSED 
DMA ch1 ctl. register      : 0x00008013  PASSED 
DMA ch2 ctl. register      : 0x00008023  PASSED 
SSD0 Power Enabled         :        0x1  PASSED
RP0 Config Req. Ready      :        0x1  PASSED 
RP0 Link Status            : 0x70430000  PASSED 
Locating PCIe capabilities of SSD0 ...
SSD0 Link Status           : 0x10430000  PASSED 
SSD0 Vendor/Dev ID         : 0xA808144D  PASSED  (Samsung)
SSD1 Power Enabled         :        0x1  PASSED
RP1 Config Req. Ready      :        0x1  PASSED 
RP1 Link Status            : 0x70430000  PASSED 
Locating PCIe capabilities of SSD1 ...
SSD1 Link Status           : 0x10430000  PASSED 
SSD1 Vendor/Dev ID         : 0xA808144D  PASSED  (Samsung)
Global Fatal Interrupt     : 0x00000000  PASSED 
Global Non Fatal Interrupt : 0x00000000  PASSED 
  ____                 _
 |  _ \ __ _ ___ ___  | |
 | |_) / _` / __/ __| | |
 |  __/ (_| \__ \__ \ |_|
 |_|   \__,_|___/___/ (_)


=======================================================
Running fpga-test on 41:00.0
=======================================================

Device Type                : Kalidah
EP Link Status             : Gen3 x8     PASSED 
GIT Hash                   : 0x0FAA0CFE
Device DNA                 : 0x400200000155AC800C90E285
Core Clock Frequency       :    250 MHz
SSD_0 present              :        Yes
SSD_1 present              :        Yes
KSB number                 :          1
Slice number               :          1
DDR4 capability            : ID_2, 16GB, VLP RDIMM w/ ECC, 1R, 16Gb x8 die, 2400 MT/s 
DDR4 calibration done      : 0x00000001  PASSED 
Unsupported Offset BAR3    : 0xFFFFFFFF  PASSED 
FPGA Version               :      3.0.6  PASSED 
DMA ch0 ctl. register      : 0x00008003  PASSED 
DMA ch1 ctl. register      : 0x00008013  PASSED 
DMA ch2 ctl. register      : 0x00008023  PASSED 
SSD0 Power Enabled         :        0x1  PASSED
RP0 Config Req. Ready      :        0x1  PASSED 
RP0 Link Status            : 0x70430000  PASSED 
Locating PCIe capabilities of SSD0 ...
SSD0 Link Status           : 0x10430000  PASSED 
SSD0 Vendor/Dev ID         : 0xA808144D  PASSED  (Samsung)
SSD1 Power Enabled         :        0x1  PASSED
RP1 Config Req. Ready      :        0x1  PASSED 
RP1 Link Status            : 0x70430000  PASSED 
Locating PCIe capabilities of SSD1 ...
SSD1 Link Status           : 0x10430000  PASSED 
SSD1 Vendor/Dev ID         : 0xA808144D  PASSED  (Samsung)
Global Fatal Interrupt     : 0x00000000  PASSED 
Global Non Fatal Interrupt : 0x00000000  PASSED 
  ____                 _
 |  _ \ __ _ ___ ___  | |
 | |_) / _` / __/ __| | |
 |  __/ (_| \__ \__ \ |_|
 |_|   \__,_|___/___/ (_)


=======================================================
Running fpga-test on 84:00.0
=======================================================

Device Type                : Kalidah
EP Link Status             : Gen3 x8     PASSED 
GIT Hash                   : 0x0FAA0CFE
Device DNA                 : 0x400200000155AC694C3082C5
Core Clock Frequency       :    250 MHz
SSD_0 present              :        Yes
SSD_1 present              :        Yes
KSB number                 :          0
Slice number               :          1
DDR4 capability            : ID_2, 16GB, VLP RDIMM w/ ECC, 1R, 16Gb x8 die, 2400 MT/s 
DDR4 calibration done      : 0x00000001  PASSED 
Unsupported Offset BAR3    : 0xFFFFFFFF  PASSED 
FPGA Version               :      3.0.6  PASSED 
DMA ch0 ctl. register      : 0x00008003  PASSED 
DMA ch1 ctl. register      : 0x00008013  PASSED 
DMA ch2 ctl. register      : 0x00008023  PASSED 
SSD0 Power Enabled         :        0x1  PASSED
RP0 Config Req. Ready      :        0x1  PASSED 
RP0 Link Status            : 0x70430000  PASSED 
Locating PCIe capabilities of SSD0 ...
SSD0 Link Status           : 0x10430000  PASSED 
SSD0 Vendor/Dev ID         : 0xA808144D  PASSED  (Samsung)
SSD1 Power Enabled         :        0x1  PASSED
RP1 Config Req. Ready      :        0x1  PASSED 
RP1 Link Status            : 0x70430000  PASSED 
Locating PCIe capabilities of SSD1 ...
SSD1 Link Status           : 0x10430000  PASSED 
SSD1 Vendor/Dev ID         : 0xA808144D  PASSED  (Samsung)
Global Fatal Interrupt     : 0x00000000  PASSED 
Global Non Fatal Interrupt : 0x00000000  PASSED 
  ____                 _
 |  _ \ __ _ ___ ___  | |
 | |_) / _` / __/ __| | |
 |  __/ (_| \__ \__ \ |_|
 |_|   \__,_|___/___/ (_)


=======================================================
Running fpga-test on c1:00.0
=======================================================

Device Type                : Kalidah
EP Link Status             : Gen3 x8     PASSED 
GIT Hash                   : 0x0FAA0CFE
Device DNA                 : 0x400200000155AC694C3082C5
Core Clock Frequency       :    250 MHz
SSD_0 present              :        Yes
SSD_1 present              :        Yes
KSB number                 :          0
Slice number               :          0
Temperature Master  Sysmon :    37.423C
Temperature Slave 0 Sysmon :    38.175C
Temperature Slave 1 Sysmon :    37.826C
DDR4 capability            : ID_2, 16GB, VLP RDIMM w/ ECC, 1R, 16Gb x8 die, 2400 MT/s 
DDR4 calibration done      : 0x00000001  PASSED 
Unsupported Offset BAR3    : 0xFFFFFFFF  PASSED 
FPGA Version               :      3.0.6  PASSED 
DMA ch0 ctl. register      : 0x00008003  PASSED 
DMA ch1 ctl. register      : 0x00008013  PASSED 
DMA ch2 ctl. register      : 0x00008023  PASSED 
SSD0 Power Enabled         :        0x1  PASSED
RP0 Config Req. Ready      :        0x1  PASSED 
RP0 Link Status            : 0x70430000  PASSED 
Locating PCIe capabilities of SSD0 ...
SSD0 Link Status           : 0x10430000  PASSED 
SSD0 Vendor/Dev ID         : 0xA808144D  PASSED  (Samsung)
SSD1 Power Enabled         :        0x1  PASSED
RP1 Config Req. Ready      :        0x1  PASSED 
RP1 Link Status            : 0x70430000  PASSED 
Locating PCIe capabilities of SSD1 ...
SSD1 Link Status           : 0x10430000  PASSED 
SSD1 Vendor/Dev ID         : 0xA808144D  PASSED  (Samsung)
Global Fatal Interrupt     : 0x00000000  PASSED 
Global Non Fatal Interrupt : 0x00000000  PASSED 
  ____                 _
 |  _ \ __ _ ___ ___  | |
 | |_) / _` / __/ __| | |
 |  __/ (_| \__ \__ \ |_|
 |_|   \__,_|___/___/ (_)


========== Step.2 KSB Mfg test Phase2 ==========
MANUFACTURING TEST ...
KSB MANUFACTUIRING TEST START
KSB FPGA/0 PRE-IO TEST ... 
2020-01-01 09:05:44.759       0 Debug     kernel.drivers.KalidahDriver: Resetting FPGA
2020-01-01 09:05:45.926       0 Debug     kernel.drivers.KalidahDriver: Resetting FPGA
2020-01-01 09:05:47.086       0 Debug     kernel.drivers.KalidahDriver: Resetting FPGA
2020-01-01 09:05:48.246       0 Debug     kernel.drivers.KalidahDriver: Resetting FPGA
2020-01-01 09:05:51.026    1234 Critical  kernel.drivers.KalidahDriver: FPGA/0 PRE-IO Test 
2020-01-01 09:05:51.026    1234 Critical  kernel.drivers.KalidahDriver: FPGA/0 HOST PCIe Interface : PASS 
2020-01-01 09:05:51.037    1234 Critical  kernel.drivers.KalidahDriver: FPGA/0 SSD PCIe Interface : PASS 
2020-01-01 09:05:51.037    1234 Critical  kernel.drivers.KalidahDriver: FPGA/0 DRAM Calibration : PASS 
2020-01-01 09:05:51.037    1234 Critical  kernel.drivers.KalidahDriver: SYSMON Registers : 
2020-01-01 09:05:51.037    1234 Critical  kernel.drivers.KalidahDriver: SYSMON_JUNC_TEMP_DIE_0	=	37C
2020-01-01 09:05:51.037    1234 Critical  kernel.drivers.KalidahDriver: SYSMON_JUNC_TEMP_DIE_1	=	37C
2020-01-01 09:05:51.037    1234 Critical  kernel.drivers.KalidahDriver: SYSMON_JUNC_TEMP_DIE_2	=	37C
2020-01-01 09:05:51.037    1234 Critical  kernel.drivers.KalidahDriver: SYSMON_VCCINT_DIE_0	=	849mV
2020-01-01 09:05:51.037    1234 Critical  kernel.drivers.KalidahDriver: SYSMON_VCCINT_DIE_1	=	858mV
2020-01-01 09:05:51.037    1234 Critical  kernel.drivers.KalidahDriver: SYSMON_VCCINT_DIE_2	=	855mV
2020-01-01 09:05:51.037    1234 Critical  kernel.drivers.KalidahDriver: SYSMON_VCCBRAM_DIE_0	=	846mV
2020-01-01 09:05:51.037    1234 Critical  kernel.drivers.KalidahDriver: SYSMON_VCCBRAM_DIE_1	=	849mV
2020-01-01 09:05:51.037    1234 Critical  kernel.drivers.KalidahDriver: SYSMON_VCCBRAM_DIE_2	=	849mV
2020-01-01 09:05:51.037    1234 Critical  kernel.drivers.KalidahDriver: SYSMON_VCCAUX_DIE_0	=	1819mV
2020-01-01 09:05:51.037    1234 Critical  kernel.drivers.KalidahDriver: SYSMON_VCCAUX_DIE_1	=	1822mV
2020-01-01 09:05:51.037    1234 Critical  kernel.drivers.KalidahDriver: SYSMON_VCCAUX_DIE_2	=	1822mV
2020-01-01 09:05:51.037    1234 Critical  kernel.drivers.KalidahDriver: SYSMON_12VSUPPLY_DIE_0	=	12246mV
2020-01-01 09:05:51.037    1234 Critical  kernel.drivers.KalidahDriver: SYSMON_12VSUPPLY_DIE_1	=	12324mV
2020-01-01 09:05:51.037    1234 Critical  kernel.drivers.KalidahDriver: SYSMON_12VSUPPLY_DIE_2	=	12304mV
2020-01-01 09:05:51.037    1234 Critical  kernel.drivers.KalidahDriver: SYSMON_VREFP	=	1248mV
2020-01-01 09:05:51.037    1234 Critical  kernel.drivers.KalidahDriver: SYSMON_VREFN	=	0mV
2020-01-01 09:05:51.037    1234 Critical  kernel.drivers.KalidahDriver: SYSMON_5VSUPPLY	=	4785mV
2020-01-01 09:05:51.037    1234 Critical  kernel.drivers.KalidahDriver: SYSMON_3.3VSUPPLY	=	3300mV
2020-01-01 09:05:51.037    1234 Critical  kernel.drivers.KalidahDriver: SYSMON_SLICE_0_600MV_VTT	=	610mV
2020-01-01 09:05:51.037    1234 Critical  kernel.drivers.KalidahDriver: SYSMON_SLICE_1_600MV_VTT	=	606mV
2020-01-01 09:05:51.037    1234 Critical  kernel.drivers.KalidahDriver: SYSMON_VCCINT_IMON	=	120mV
2020-01-01 09:05:51.037    1234 Critical  kernel.drivers.KalidahDriver: SYSMON_VUSER0_SLR0	=	840mV
2020-01-01 09:05:51.037    1234 Critical  kernel.drivers.KalidahDriver: SYSMON_VUSER1_SLR0	=	840mV
2020-01-01 09:05:51.037    1234 Critical  kernel.drivers.KalidahDriver: SYSMON_VUSER2_SLR0	=	1825mV
2020-01-01 09:05:51.037    1234 Critical  kernel.drivers.KalidahDriver: SYSMON_VUSER3_SLR0	=	1825mV
2020-01-01 09:05:51.037    1234 Critical  kernel.drivers.KalidahDriver: SYSMON_VUSER0_SLR1	=	1215mV
2020-01-01 09:05:51.037    1234 Critical  kernel.drivers.KalidahDriver: SYSMON_VUSER1_SLR1	=	840mV
2020-01-01 09:05:51.037    1234 Critical  kernel.drivers.KalidahDriver: SYSMON_VUSER2_SLR1	=	1215mV
2020-01-01 09:05:51.037    1234 Critical  kernel.drivers.KalidahDriver: SYSMON_VUSER3_SLR1	=	840mV
2020-01-01 09:05:51.037    1234 Critical  kernel.drivers.KalidahDriver: SYSMON_VUSER0_SLR2	=	1212mV
2020-01-01 09:05:51.037    1234 Critical  kernel.drivers.KalidahDriver: SYSMON_VUSER1_SLR2	=	837mV
2020-01-01 09:05:51.037    1234 Critical  kernel.drivers.KalidahDriver: SYSMON_VUSER2_SLR2	=	1212mV
2020-01-01 09:05:51.037    1234 Critical  kernel.drivers.KalidahDriver: SYSMON_VUSER3_SLR2	=	840mV
2020-01-01 09:05:51.037    1234 Critical  kernel.drivers.KalidahDriver: SYSMON Max Recored Values : 
2020-01-01 09:05:51.037    1234 Critical  kernel.drivers.KalidahDriver: SYSMON_MAX_JUNC_TEMP_DIE_0	=	38C
2020-01-01 09:05:51.037    1234 Critical  kernel.drivers.KalidahDriver: SYSMON_MAX_JUNC_TEMP_DIE_1	=	37C
2020-01-01 09:05:51.037    1234 Critical  kernel.drivers.KalidahDriver: SYSMON_MAX_JUNC_TEMP_DIE_2	=	38C
2020-01-01 09:05:51.037    1234 Critical  kernel.drivers.KalidahDriver: SYSMON_MAX_VCCINT	=	852mV
2020-01-01 09:05:51.037    1234 Critical  kernel.drivers.KalidahDriver: SYSMON_MAX_VCCBRAM	=	849mV
2020-01-01 09:05:51.037    1234 Critical  kernel.drivers.KalidahDriver: SYSMON_MAX_VCCAUX	=	1822mV
2020-01-01 09:05:51.037    1234 Critical  kernel.drivers.KalidahDriver: SYSMON_MAX_VUSER0_DIE_0	=	843mV
2020-01-01 09:05:51.037    1234 Critical  kernel.drivers.KalidahDriver: SYSMON_MAX_VUSER0_DIE_1	=	1215mV
2020-01-01 09:05:51.037    1234 Critical  kernel.drivers.KalidahDriver: SYSMON_MAX_VUSER0_DIE_2	=	1215mV
2020-01-01 09:05:51.037    1234 Critical  kernel.drivers.KalidahDriver: SYSMON_MAX_VUSER1_DIE_0	=	843mV
2020-01-01 09:05:51.037    1234 Critical  kernel.drivers.KalidahDriver: SYSMON_MAX_VUSER1_DIE_1	=	843mV
2020-01-01 09:05:51.037    1234 Critical  kernel.drivers.KalidahDriver: SYSMON_MAX_VUSER1_DIE_2	=	840mV
2020-01-01 09:05:51.037    1234 Critical  kernel.drivers.KalidahDriver: SYSMON_MAX_VUSER2_DIE_0	=	1828mV
2020-01-01 09:05:51.037    1234 Critical  kernel.drivers.KalidahDriver: SYSMON_MAX_VUSER2_DIE_1	=	1215mV
2020-01-01 09:05:51.037    1234 Critical  kernel.drivers.KalidahDriver: SYSMON_MAX_VUSER2_DIE_2	=	1212mV
2020-01-01 09:05:51.037    1234 Critical  kernel.drivers.KalidahDriver: SYSMON_MAX_VUSER3_DIE_0	=	1828mV
2020-01-01 09:05:51.037    1234 Critical  kernel.drivers.KalidahDriver: SYSMON_MAX_VUSER3_DIE_1	=	843mV
2020-01-01 09:05:51.037    1234 Critical  kernel.drivers.KalidahDriver: SYSMON_MAX_VUSER3_DIE_2	=	840mV
2020-01-01 09:05:51.037    1234 Critical  kernel.drivers.KalidahDriver: SYSMON Min Recored Values : 
2020-01-01 09:05:51.037    1234 Critical  kernel.drivers.KalidahDriver: SYSMON_MIN_JUNC_TEMP_DIE_0	=	37C
2020-01-01 09:05:51.037    1234 Critical  kernel.drivers.KalidahDriver: SYSMON_MIN_JUNC_TEMP_DIE_1	=	36C
2020-01-01 09:05:51.037    1234 Critical  kernel.drivers.KalidahDriver: SYSMON_MIN_JUNC_TEMP_DIE_2	=	36C
2020-01-01 09:05:51.037    1234 Critical  kernel.drivers.KalidahDriver: SYSMON_MIN_VCCINT	=	849mV
2020-01-01 09:05:51.037    1234 Critical  kernel.drivers.KalidahDriver: SYSMON_MIN_VCCBRAM	=	846mV
2020-01-01 09:05:51.037    1234 Critical  kernel.drivers.KalidahDriver: SYSMON_MIN_VCCAUX	=	1819mV
2020-01-01 09:05:51.037    1234 Critical  kernel.drivers.KalidahDriver: SYSMON_MIN_VUSER0_DIE_0	=	837mV
2020-01-01 09:05:51.037    1234 Critical  kernel.drivers.KalidahDriver: SYSMON_MIN_VUSER0_DIE_1	=	1209mV
2020-01-01 09:05:51.037    1234 Critical  kernel.drivers.KalidahDriver: SYSMON_MIN_VUSER0_DIE_2	=	1207mV
2020-01-01 09:05:51.037    1234 Critical  kernel.drivers.KalidahDriver: SYSMON_MIN_VUSER1_DIE_0	=	837mV
2020-01-01 09:05:51.037    1234 Critical  kernel.drivers.KalidahDriver: SYSMON_MIN_VUSER1_DIE_1	=	837mV
2020-01-01 09:05:51.037    1234 Critical  kernel.drivers.KalidahDriver: SYSMON_MIN_VUSER1_DIE_2	=	834mV
2020-01-01 09:05:51.037    1234 Critical  kernel.drivers.KalidahDriver: SYSMON_MIN_VUSER2_DIE_0	=	1825mV
2020-01-01 09:05:51.037    1234 Critical  kernel.drivers.KalidahDriver: SYSMON_MIN_VUSER2_DIE_1	=	1209mV
2020-01-01 09:05:51.037    1234 Critical  kernel.drivers.KalidahDriver: SYSMON_MIN_VUSER2_DIE_2	=	1209mV
2020-01-01 09:05:51.037    1234 Critical  kernel.drivers.KalidahDriver: SYSMON_MIN_VUSER3_DIE_0	=	1825mV
2020-01-01 09:05:51.037    1234 Critical  kernel.drivers.KalidahDriver: SYSMON_MIN_VUSER3_DIE_1	=	834mV
2020-01-01 09:05:51.037    1234 Critical  kernel.drivers.KalidahDriver: SYSMON_MIN_VUSER3_DIE_2	=	834mV
2020-01-01 09:05:51.037    1234 Critical  kernel.drivers.KalidahDriver: SYSMON Alarm Flags : 
2020-01-01 09:05:51.037    1234 Critical  kernel.drivers.KalidahDriver: SYSMON_ALARM_FLAG0_DIE_0	=	0000
2020-01-01 09:05:51.037    1234 Critical  kernel.drivers.KalidahDriver: SYSMON_ALARM_FLAG0_DIE_1	=	0000
2020-01-01 09:05:51.037    1234 Critical  kernel.drivers.KalidahDriver: SYSMON_ALARM_FLAG0_DIE_2	=	0000
2020-01-01 09:05:51.037    1234 Critical  kernel.drivers.KalidahDriver: SYSMON_ALARM_FLAG1_DIE_0	=	0000
2020-01-01 09:05:51.037    1234 Critical  kernel.drivers.KalidahDriver: SYSMON_ALARM_FLAG1_DIE_1	=	0000
2020-01-01 09:05:51.037    1234 Critical  kernel.drivers.KalidahDriver: SYSMON_ALARM_FLAG1_DIE_2	=	0000
2020-01-01 09:05:51.037    1234 Critical  kernel.drivers.KalidahDriver: FPGA/0 SYSMON : PASS 
2020-01-01 09:05:51.037    1234 Critical  kernel.drivers.KalidahDriver: FPGA/0 SSD Power TEST : Disable drive 0 power (power_ctl : 00000001)
2020-01-01 09:05:51.048    1234 Critical  kernel.drivers.KalidahDriver: FPGA/0 SSD Power TEST : Enable drive 0 power (power_ctl : 00000000)
2020-01-01 09:05:51.449    1234 Critical  kernel.drivers.KalidahDriver: FPGA/0 SSD Power TEST : Disable drive 1 power (power_ctl : 00000001)
2020-01-01 09:05:51.461    1234 Critical  kernel.drivers.KalidahDriver: FPGA/0 SSD Power TEST : Enable drive 1 power (power_ctl : 00000000)
2020-01-01 09:05:51.864    1234 Critical  kernel.drivers.KalidahDriver: FPGA/0 SSD Power TEST : Disable drive 0 power (power_ctl_por : 00000001)
2020-01-01 09:05:51.875    1234 Critical  kernel.drivers.KalidahDriver: Resetting FPGA
2020-01-01 09:05:52.997    1234 Critical  kernel.drivers.KalidahDriver: FPGA/0 SSD Power TEST : Enable drive 0 power (power_ctl_por : 00000000)
2020-01-01 09:05:53.230    1234 Critical  kernel.drivers.KalidahDriver: FPGA/0 SSD Power TEST : Disable drive 1 power (power_ctl_por : 00000001)
2020-01-01 09:05:53.241    1234 Critical  kernel.drivers.KalidahDriver: Resetting FPGA
2020-01-01 09:05:54.357    1234 Critical  kernel.drivers.KalidahDriver: FPGA/0 SSD Power TEST : Enable drive 1 power (power_ctl_por : 00000000)
2020-01-01 09:05:54.576    1234 Critical  kernel.drivers.KalidahDriver: FPGA/0 SSD POWER CONTROL : PASS 
2020-01-01 09:05:54.576    1234 Critical  kernel.drivers.KalidahDriver: Resetting FPGA
2020-01-01 09:05:55.687    1234 Critical  kernel.drivers.KalidahDriver: FPGA/0 PRE-IO TESTS : PASS
KSB FPGA/0 PRE-IO TEST PASS
KSB FPGA/0 MEMORY TEST, IO TEST & POST IO TEST...
2020-01-01 09:05:55.911       0 Debug     kernel.drivers.KalidahDriver: Resetting FPGA
2020-01-01 09:05:57.076       0 Debug     kernel.drivers.KalidahDriver: Resetting FPGA
2020-01-01 09:05:58.236       0 Debug     kernel.drivers.KalidahDriver: Resetting FPGA
2020-01-01 09:05:59.396       0 Debug     kernel.drivers.KalidahDriver: Resetting FPGA
2020-01-01 09:06:07.208    1234 Debug     kernel.drivers.FpgaTest: Kalidah Memory Address Test : PASS
2020-01-01 09:06:11.082    1234 Debug     kernel.drivers.FpgaTest: Kalidah Memory Inversion Test : PASS
2020-01-01 09:06:19.062    1234 Debug     kernel.drivers.FpgaTest: Kalidah Memory March Test : PASS
2020-01-01 09:08:19.084    1234 Critical  kernel.drivers.KalidahDriver: FPGA/0 POST-IO Test
2020-01-01 09:08:19.084    1234 Critical  kernel.drivers.KalidahDriver: FPGA/0 HOST PCIe Interface : PASS 
2020-01-01 09:08:19.099    1234 Critical  kernel.drivers.KalidahDriver: FPGA/0 SSD PCIe Interface : PASS 
2020-01-01 09:08:19.099    1234 Critical  kernel.drivers.KalidahDriver: FPGA/0 DRAM Calibration : PASS 
2020-01-01 09:08:19.099    1234 Critical  kernel.drivers.KalidahDriver: SYSMON Registers : 
2020-01-01 09:08:19.099    1234 Critical  kernel.drivers.KalidahDriver: SYSMON_JUNC_TEMP_DIE_0	=	37C
2020-01-01 09:08:19.099    1234 Critical  kernel.drivers.KalidahDriver: SYSMON_JUNC_TEMP_DIE_1	=	37C
2020-01-01 09:08:19.099    1234 Critical  kernel.drivers.KalidahDriver: SYSMON_JUNC_TEMP_DIE_2	=	37C
2020-01-01 09:08:19.099    1234 Critical  kernel.drivers.KalidahDriver: SYSMON_VCCINT_DIE_0	=	849mV
2020-01-01 09:08:19.099    1234 Critical  kernel.drivers.KalidahDriver: SYSMON_VCCINT_DIE_1	=	858mV
2020-01-01 09:08:19.099    1234 Critical  kernel.drivers.KalidahDriver: SYSMON_VCCINT_DIE_2	=	855mV
2020-01-01 09:08:19.099    1234 Critical  kernel.drivers.KalidahDriver: SYSMON_VCCBRAM_DIE_0	=	846mV
2020-01-01 09:08:19.099    1234 Critical  kernel.drivers.KalidahDriver: SYSMON_VCCBRAM_DIE_1	=	849mV
2020-01-01 09:08:19.099    1234 Critical  kernel.drivers.KalidahDriver: SYSMON_VCCBRAM_DIE_2	=	849mV
2020-01-01 09:08:19.099    1234 Critical  kernel.drivers.KalidahDriver: SYSMON_VCCAUX_DIE_0	=	1822mV
2020-01-01 09:08:19.099    1234 Critical  kernel.drivers.KalidahDriver: SYSMON_VCCAUX_DIE_1	=	1822mV
2020-01-01 09:08:19.099    1234 Critical  kernel.drivers.KalidahDriver: SYSMON_VCCAUX_DIE_2	=	1822mV
2020-01-01 09:08:19.099    1234 Critical  kernel.drivers.KalidahDriver: SYSMON_12VSUPPLY_DIE_0	=	12246mV
2020-01-01 09:08:19.099    1234 Critical  kernel.drivers.KalidahDriver: SYSMON_12VSUPPLY_DIE_1	=	12324mV
2020-01-01 09:08:19.099    1234 Critical  kernel.drivers.KalidahDriver: SYSMON_12VSUPPLY_DIE_2	=	12304mV
2020-01-01 09:08:19.099    1234 Critical  kernel.drivers.KalidahDriver: SYSMON_VREFP	=	1250mV
2020-01-01 09:08:19.099    1234 Critical  kernel.drivers.KalidahDriver: SYSMON_VREFN	=	0mV
2020-01-01 09:08:19.099    1234 Critical  kernel.drivers.KalidahDriver: SYSMON_5VSUPPLY	=	4785mV
2020-01-01 09:08:19.099    1234 Critical  kernel.drivers.KalidahDriver: SYSMON_3.3VSUPPLY	=	3300mV
2020-01-01 09:08:19.099    1234 Critical  kernel.drivers.KalidahDriver: SYSMON_SLICE_0_600MV_VTT	=	610mV
2020-01-01 09:08:19.099    1234 Critical  kernel.drivers.KalidahDriver: SYSMON_SLICE_1_600MV_VTT	=	607mV
2020-01-01 09:08:19.099    1234 Critical  kernel.drivers.KalidahDriver: SYSMON_VCCINT_IMON	=	120mV
2020-01-01 09:08:19.099    1234 Critical  kernel.drivers.KalidahDriver: SYSMON_VUSER0_SLR0	=	840mV
2020-01-01 09:08:19.099    1234 Critical  kernel.drivers.KalidahDriver: SYSMON_VUSER1_SLR0	=	840mV
2020-01-01 09:08:19.099    1234 Critical  kernel.drivers.KalidahDriver: SYSMON_VUSER2_SLR0	=	1828mV
2020-01-01 09:08:19.099    1234 Critical  kernel.drivers.KalidahDriver: SYSMON_VUSER3_SLR0	=	1828mV
2020-01-01 09:08:19.099    1234 Critical  kernel.drivers.KalidahDriver: SYSMON_VUSER0_SLR1	=	1215mV
2020-01-01 09:08:19.099    1234 Critical  kernel.drivers.KalidahDriver: SYSMON_VUSER1_SLR1	=	840mV
2020-01-01 09:08:19.099    1234 Critical  kernel.drivers.KalidahDriver: SYSMON_VUSER2_SLR1	=	1212mV
2020-01-01 09:08:19.099    1234 Critical  kernel.drivers.KalidahDriver: SYSMON_VUSER3_SLR1	=	840mV
2020-01-01 09:08:19.099    1234 Critical  kernel.drivers.KalidahDriver: SYSMON_VUSER0_SLR2	=	1212mV
2020-01-01 09:08:19.099    1234 Critical  kernel.drivers.KalidahDriver: SYSMON_VUSER1_SLR2	=	837mV
2020-01-01 09:08:19.099    1234 Critical  kernel.drivers.KalidahDriver: SYSMON_VUSER2_SLR2	=	1209mV
2020-01-01 09:08:19.099    1234 Critical  kernel.drivers.KalidahDriver: SYSMON_VUSER3_SLR2	=	837mV
2020-01-01 09:08:19.099    1234 Critical  kernel.drivers.KalidahDriver: SYSMON Max Recored Values : 
2020-01-01 09:08:19.099    1234 Critical  kernel.drivers.KalidahDriver: SYSMON_MAX_JUNC_TEMP_DIE_0	=	38C
2020-01-01 09:08:19.099    1234 Critical  kernel.drivers.KalidahDriver: SYSMON_MAX_JUNC_TEMP_DIE_1	=	38C
2020-01-01 09:08:19.099    1234 Critical  kernel.drivers.KalidahDriver: SYSMON_MAX_JUNC_TEMP_DIE_2	=	38C
2020-01-01 09:08:19.099    1234 Critical  kernel.drivers.KalidahDriver: SYSMON_MAX_VCCINT	=	852mV
2020-01-01 09:08:19.099    1234 Critical  kernel.drivers.KalidahDriver: SYSMON_MAX_VCCBRAM	=	849mV
2020-01-01 09:08:19.099    1234 Critical  kernel.drivers.KalidahDriver: SYSMON_MAX_VCCAUX	=	1822mV
2020-01-01 09:08:19.099    1234 Critical  kernel.drivers.KalidahDriver: SYSMON_MAX_VUSER0_DIE_0	=	843mV
2020-01-01 09:08:19.099    1234 Critical  kernel.drivers.KalidahDriver: SYSMON_MAX_VUSER0_DIE_1	=	1215mV
2020-01-01 09:08:19.099    1234 Critical  kernel.drivers.KalidahDriver: SYSMON_MAX_VUSER0_DIE_2	=	1215mV
2020-01-01 09:08:19.099    1234 Critical  kernel.drivers.KalidahDriver: SYSMON_MAX_VUSER1_DIE_0	=	843mV
2020-01-01 09:08:19.099    1234 Critical  kernel.drivers.KalidahDriver: SYSMON_MAX_VUSER1_DIE_1	=	843mV
2020-01-01 09:08:19.099    1234 Critical  kernel.drivers.KalidahDriver: SYSMON_MAX_VUSER1_DIE_2	=	840mV
2020-01-01 09:08:19.099    1234 Critical  kernel.drivers.KalidahDriver: SYSMON_MAX_VUSER2_DIE_0	=	1831mV
2020-01-01 09:08:19.099    1234 Critical  kernel.drivers.KalidahDriver: SYSMON_MAX_VUSER2_DIE_1	=	1215mV
2020-01-01 09:08:19.099    1234 Critical  kernel.drivers.KalidahDriver: SYSMON_MAX_VUSER2_DIE_2	=	1212mV
2020-01-01 09:08:19.099    1234 Critical  kernel.drivers.KalidahDriver: SYSMON_MAX_VUSER3_DIE_0	=	1828mV
2020-01-01 09:08:19.099    1234 Critical  kernel.drivers.KalidahDriver: SYSMON_MAX_VUSER3_DIE_1	=	843mV
2020-01-01 09:08:19.099    1234 Critical  kernel.drivers.KalidahDriver: SYSMON_MAX_VUSER3_DIE_2	=	840mV
2020-01-01 09:08:19.099    1234 Critical  kernel.drivers.KalidahDriver: SYSMON Min Recored Values : 
2020-01-01 09:08:19.099    1234 Critical  kernel.drivers.KalidahDriver: SYSMON_MIN_JUNC_TEMP_DIE_0	=	36C
2020-01-01 09:08:19.099    1234 Critical  kernel.drivers.KalidahDriver: SYSMON_MIN_JUNC_TEMP_DIE_1	=	36C
2020-01-01 09:08:19.099    1234 Critical  kernel.drivers.KalidahDriver: SYSMON_MIN_JUNC_TEMP_DIE_2	=	36C
2020-01-01 09:08:19.099    1234 Critical  kernel.drivers.KalidahDriver: SYSMON_MIN_VCCINT	=	846mV
2020-01-01 09:08:19.099    1234 Critical  kernel.drivers.KalidahDriver: SYSMON_MIN_VCCBRAM	=	843mV
2020-01-01 09:08:19.099    1234 Critical  kernel.drivers.KalidahDriver: SYSMON_MIN_VCCAUX	=	1816mV
2020-01-01 09:08:19.099    1234 Critical  kernel.drivers.KalidahDriver: SYSMON_MIN_VUSER0_DIE_0	=	834mV
2020-01-01 09:08:19.099    1234 Critical  kernel.drivers.KalidahDriver: SYSMON_MIN_VUSER0_DIE_1	=	1207mV
2020-01-01 09:08:19.099    1234 Critical  kernel.drivers.KalidahDriver: SYSMON_MIN_VUSER0_DIE_2	=	1204mV
2020-01-01 09:08:19.099    1234 Critical  kernel.drivers.KalidahDriver: SYSMON_MIN_VUSER1_DIE_0	=	834mV
2020-01-01 09:08:19.099    1234 Critical  kernel.drivers.KalidahDriver: SYSMON_MIN_VUSER1_DIE_1	=	832mV
2020-01-01 09:08:19.099    1234 Critical  kernel.drivers.KalidahDriver: SYSMON_MIN_VUSER1_DIE_2	=	829mV
2020-01-01 09:08:19.099    1234 Critical  kernel.drivers.KalidahDriver: SYSMON_MIN_VUSER2_DIE_0	=	1822mV
2020-01-01 09:08:19.099    1234 Critical  kernel.drivers.KalidahDriver: SYSMON_MIN_VUSER2_DIE_1	=	1209mV
2020-01-01 09:08:19.099    1234 Critical  kernel.drivers.KalidahDriver: SYSMON_MIN_VUSER2_DIE_2	=	1204mV
2020-01-01 09:08:19.099    1234 Critical  kernel.drivers.KalidahDriver: SYSMON_MIN_VUSER3_DIE_0	=	1822mV
2020-01-01 09:08:19.099    1234 Critical  kernel.drivers.KalidahDriver: SYSMON_MIN_VUSER3_DIE_1	=	832mV
2020-01-01 09:08:19.099    1234 Critical  kernel.drivers.KalidahDriver: SYSMON_MIN_VUSER3_DIE_2	=	832mV
2020-01-01 09:08:19.099    1234 Critical  kernel.drivers.KalidahDriver: SYSMON Alarm Flags : 
2020-01-01 09:08:19.099    1234 Critical  kernel.drivers.KalidahDriver: SYSMON_ALARM_FLAG0_DIE_0	=	0000
2020-01-01 09:08:19.099    1234 Critical  kernel.drivers.KalidahDriver: SYSMON_ALARM_FLAG0_DIE_1	=	0000
2020-01-01 09:08:19.099    1234 Critical  kernel.drivers.KalidahDriver: SYSMON_ALARM_FLAG0_DIE_2	=	0000
2020-01-01 09:08:19.099    1234 Critical  kernel.drivers.KalidahDriver: SYSMON_ALARM_FLAG1_DIE_0	=	0000
2020-01-01 09:08:19.099    1234 Critical  kernel.drivers.KalidahDriver: SYSMON_ALARM_FLAG1_DIE_1	=	0000
2020-01-01 09:08:19.099    1234 Critical  kernel.drivers.KalidahDriver: SYSMON_ALARM_FLAG1_DIE_2	=	0000
2020-01-01 09:08:19.099    1234 Critical  kernel.drivers.KalidahDriver: FPGA/0 SYSMON : PASS 
2020-01-01 09:08:19.099    1234 Critical  kernel.drivers.KalidahDriver: FPGA/0 POST-IO TESTS : PASS
2020-01-01 09:08:19.099    1234 Critical  kernel.drivers.KalidahDriver: KSB FPGA/0 MANUFACTURING TESTS : PASS
KSB FPGA/0 MEMORY TEST PASS
KSB FPGA/0 IO TEST PASS
KSB FPGA/0 POST-IO TEST PASS
KSB FPGA/0 MANUFACTURING TEST PASS (Check details in run_fpga.log)
KSB FPGA/1 PRE-IO TEST ... 
2020-01-01 09:08:19.336       0 Debug     kernel.drivers.KalidahDriver: Resetting FPGA
2020-01-01 09:08:20.496       0 Debug     kernel.drivers.KalidahDriver: Resetting FPGA
2020-01-01 09:08:21.656       0 Debug     kernel.drivers.KalidahDriver: Resetting FPGA
2020-01-01 09:08:22.816       0 Debug     kernel.drivers.KalidahDriver: Resetting FPGA
2020-01-01 09:08:25.603    1234 Critical  kernel.drivers.KalidahDriver: FPGA/1 PRE-IO Test 
2020-01-01 09:08:25.603    1234 Critical  kernel.drivers.KalidahDriver: FPGA/1 HOST PCIe Interface : PASS 
2020-01-01 09:08:25.614    1234 Critical  kernel.drivers.KalidahDriver: FPGA/1 SSD PCIe Interface : PASS 
2020-01-01 09:08:25.614    1234 Critical  kernel.drivers.KalidahDriver: FPGA/1 DRAM Calibration : PASS 
2020-01-01 09:08:25.614    1234 Critical  kernel.drivers.KalidahDriver: FPGA/1 SSD Power TEST : Disable drive 0 power (power_ctl : 00000001)
2020-01-01 09:08:25.625    1234 Critical  kernel.drivers.KalidahDriver: FPGA/1 SSD Power TEST : Enable drive 0 power (power_ctl : 00000000)
2020-01-01 09:08:26.038    1234 Critical  kernel.drivers.KalidahDriver: FPGA/1 SSD Power TEST : Disable drive 1 power (power_ctl : 00000001)
2020-01-01 09:08:26.049    1234 Critical  kernel.drivers.KalidahDriver: FPGA/1 SSD Power TEST : Enable drive 1 power (power_ctl : 00000000)
2020-01-01 09:08:26.447    1234 Critical  kernel.drivers.KalidahDriver: FPGA/1 SSD Power TEST : Disable drive 0 power (power_ctl_por : 00000001)
2020-01-01 09:08:26.458    1234 Critical  kernel.drivers.KalidahDriver: Resetting FPGA
2020-01-01 09:08:27.577    1234 Critical  kernel.drivers.KalidahDriver: FPGA/1 SSD Power TEST : Enable drive 0 power (power_ctl_por : 00000000)
2020-01-01 09:08:27.796    1234 Critical  kernel.drivers.KalidahDriver: FPGA/1 SSD Power TEST : Disable drive 1 power (power_ctl_por : 00000001)
2020-01-01 09:08:27.807    1234 Critical  kernel.drivers.KalidahDriver: Resetting FPGA
2020-01-01 09:08:28.927    1234 Critical  kernel.drivers.KalidahDriver: FPGA/1 SSD Power TEST : Enable drive 1 power (power_ctl_por : 00000000)
2020-01-01 09:08:29.146    1234 Critical  kernel.drivers.KalidahDriver: FPGA/1 SSD POWER CONTROL : PASS 
2020-01-01 09:08:29.146    1234 Critical  kernel.drivers.KalidahDriver: Resetting FPGA
2020-01-01 09:08:30.257    1234 Critical  kernel.drivers.KalidahDriver: FPGA/1 PRE-IO TESTS : PASS
KSB FPGA/1 PRE-IO TEST PASS
KSB FPGA/1 MEMORY TEST, IO TEST & POST IO TEST...
2020-01-01 09:08:30.515       0 Debug     kernel.drivers.KalidahDriver: Resetting FPGA
2020-01-01 09:08:31.677       0 Debug     kernel.drivers.KalidahDriver: Resetting FPGA
2020-01-01 09:08:32.846       0 Debug     kernel.drivers.KalidahDriver: Resetting FPGA
2020-01-01 09:08:34.006       0 Debug     kernel.drivers.KalidahDriver: Resetting FPGA
2020-01-01 09:08:41.048    1234 Debug     kernel.drivers.FpgaTest: Kalidah Memory Address Test : PASS
2020-01-01 09:08:45.460    1234 Debug     kernel.drivers.FpgaTest: Kalidah Memory Inversion Test : PASS
2020-01-01 09:08:53.549    1234 Debug     kernel.drivers.FpgaTest: Kalidah Memory March Test : PASS
2020-01-01 09:10:53.594    1234 Critical  kernel.drivers.KalidahDriver: FPGA/1 POST-IO Test
2020-01-01 09:10:53.594    1234 Critical  kernel.drivers.KalidahDriver: FPGA/1 HOST PCIe Interface : PASS 
2020-01-01 09:10:53.609    1234 Critical  kernel.drivers.KalidahDriver: FPGA/1 SSD PCIe Interface : PASS 
2020-01-01 09:10:53.609    1234 Critical  kernel.drivers.KalidahDriver: FPGA/1 DRAM Calibration : PASS 
2020-01-01 09:10:53.609    1234 Critical  kernel.drivers.KalidahDriver: FPGA/1 POST-IO TESTS : PASS
2020-01-01 09:10:53.609    1234 Critical  kernel.drivers.KalidahDriver: KSB FPGA/1 MANUFACTURING TESTS : PASS
KSB FPGA/1 MEMORY TEST PASS
KSB FPGA/1 IO TEST PASS
KSB FPGA/1 POST-IO TEST PASS
KSB FPGA/1 MANUFACTURING TEST PASS (Check details in run_fpga.log)
KSB FPGA/2 PRE-IO TEST ... 
2020-01-01 09:10:53.867       0 Debug     kernel.drivers.KalidahDriver: Resetting FPGA
2020-01-01 09:10:55.036       0 Debug     kernel.drivers.KalidahDriver: Resetting FPGA
2020-01-01 09:10:56.196       0 Debug     kernel.drivers.KalidahDriver: Resetting FPGA
2020-01-01 09:10:57.356       0 Debug     kernel.drivers.KalidahDriver: Resetting FPGA
2020-01-01 09:11:00.138    1234 Critical  kernel.drivers.KalidahDriver: FPGA/2 PRE-IO Test 
2020-01-01 09:11:00.138    1234 Critical  kernel.drivers.KalidahDriver: FPGA/2 HOST PCIe Interface : PASS 
2020-01-01 09:11:00.149    1234 Critical  kernel.drivers.KalidahDriver: FPGA/2 SSD PCIe Interface : PASS 
2020-01-01 09:11:00.149    1234 Critical  kernel.drivers.KalidahDriver: FPGA/2 DRAM Calibration : PASS 
2020-01-01 09:11:00.149    1234 Critical  kernel.drivers.KalidahDriver: SYSMON Registers : 
2020-01-01 09:11:00.149    1234 Critical  kernel.drivers.KalidahDriver: SYSMON_JUNC_TEMP_DIE_0	=	37C
2020-01-01 09:11:00.149    1234 Critical  kernel.drivers.KalidahDriver: SYSMON_JUNC_TEMP_DIE_1	=	37C
2020-01-01 09:11:00.149    1234 Critical  kernel.drivers.KalidahDriver: SYSMON_JUNC_TEMP_DIE_2	=	36C
2020-01-01 09:11:00.149    1234 Critical  kernel.drivers.KalidahDriver: SYSMON_VCCINT_DIE_0	=	849mV
2020-01-01 09:11:00.149    1234 Critical  kernel.drivers.KalidahDriver: SYSMON_VCCINT_DIE_1	=	855mV
2020-01-01 09:11:00.149    1234 Critical  kernel.drivers.KalidahDriver: SYSMON_VCCINT_DIE_2	=	855mV
2020-01-01 09:11:00.149    1234 Critical  kernel.drivers.KalidahDriver: SYSMON_VCCBRAM_DIE_0	=	846mV
2020-01-01 09:11:00.149    1234 Critical  kernel.drivers.KalidahDriver: SYSMON_VCCBRAM_DIE_1	=	849mV
2020-01-01 09:11:00.149    1234 Critical  kernel.drivers.KalidahDriver: SYSMON_VCCBRAM_DIE_2	=	849mV
2020-01-01 09:11:00.149    1234 Critical  kernel.drivers.KalidahDriver: SYSMON_VCCAUX_DIE_0	=	1819mV
2020-01-01 09:11:00.149    1234 Critical  kernel.drivers.KalidahDriver: SYSMON_VCCAUX_DIE_1	=	1822mV
2020-01-01 09:11:00.149    1234 Critical  kernel.drivers.KalidahDriver: SYSMON_VCCAUX_DIE_2	=	1822mV
2020-01-01 09:11:00.149    1234 Critical  kernel.drivers.KalidahDriver: SYSMON_12VSUPPLY_DIE_0	=	12148mV
2020-01-01 09:11:00.149    1234 Critical  kernel.drivers.KalidahDriver: SYSMON_12VSUPPLY_DIE_1	=	12207mV
2020-01-01 09:11:00.149    1234 Critical  kernel.drivers.KalidahDriver: SYSMON_12VSUPPLY_DIE_2	=	12207mV
2020-01-01 09:11:00.149    1234 Critical  kernel.drivers.KalidahDriver: SYSMON_VREFP	=	1250mV
2020-01-01 09:11:00.149    1234 Critical  kernel.drivers.KalidahDriver: SYSMON_VREFN	=	0mV
2020-01-01 09:11:00.149    1234 Critical  kernel.drivers.KalidahDriver: SYSMON_5VSUPPLY	=	4794mV
2020-01-01 09:11:00.149    1234 Critical  kernel.drivers.KalidahDriver: SYSMON_3.3VSUPPLY	=	3305mV
2020-01-01 09:11:00.149    1234 Critical  kernel.drivers.KalidahDriver: SYSMON_SLICE_0_600MV_VTT	=	608mV
2020-01-01 09:11:00.149    1234 Critical  kernel.drivers.KalidahDriver: SYSMON_SLICE_1_600MV_VTT	=	609mV
2020-01-01 09:11:00.149    1234 Critical  kernel.drivers.KalidahDriver: SYSMON_VCCINT_IMON	=	107mV
2020-01-01 09:11:00.149    1234 Critical  kernel.drivers.KalidahDriver: SYSMON_VUSER0_SLR0	=	840mV
2020-01-01 09:11:00.149    1234 Critical  kernel.drivers.KalidahDriver: SYSMON_VUSER1_SLR0	=	840mV
2020-01-01 09:11:00.149    1234 Critical  kernel.drivers.KalidahDriver: SYSMON_VUSER2_SLR0	=	1828mV
2020-01-01 09:11:00.149    1234 Critical  kernel.drivers.KalidahDriver: SYSMON_VUSER3_SLR0	=	1825mV
2020-01-01 09:11:00.149    1234 Critical  kernel.drivers.KalidahDriver: SYSMON_VUSER0_SLR1	=	1212mV
2020-01-01 09:11:00.149    1234 Critical  kernel.drivers.KalidahDriver: SYSMON_VUSER1_SLR1	=	840mV
2020-01-01 09:11:00.149    1234 Critical  kernel.drivers.KalidahDriver: SYSMON_VUSER2_SLR1	=	1212mV
2020-01-01 09:11:00.149    1234 Critical  kernel.drivers.KalidahDriver: SYSMON_VUSER3_SLR1	=	840mV
2020-01-01 09:11:00.149    1234 Critical  kernel.drivers.KalidahDriver: SYSMON_VUSER0_SLR2	=	1212mV
2020-01-01 09:11:00.149    1234 Critical  kernel.drivers.KalidahDriver: SYSMON_VUSER1_SLR2	=	837mV
2020-01-01 09:11:00.149    1234 Critical  kernel.drivers.KalidahDriver: SYSMON_VUSER2_SLR2	=	1209mV
2020-01-01 09:11:00.149    1234 Critical  kernel.drivers.KalidahDriver: SYSMON_VUSER3_SLR2	=	840mV
2020-01-01 09:11:00.149    1234 Critical  kernel.drivers.KalidahDriver: SYSMON Max Recored Values : 
2020-01-01 09:11:00.149    1234 Critical  kernel.drivers.KalidahDriver: SYSMON_MAX_JUNC_TEMP_DIE_0	=	38C
2020-01-01 09:11:00.149    1234 Critical  kernel.drivers.KalidahDriver: SYSMON_MAX_JUNC_TEMP_DIE_1	=	38C
2020-01-01 09:11:00.149    1234 Critical  kernel.drivers.KalidahDriver: SYSMON_MAX_JUNC_TEMP_DIE_2	=	37C
2020-01-01 09:11:00.149    1234 Critical  kernel.drivers.KalidahDriver: SYSMON_MAX_VCCINT	=	852mV
2020-01-01 09:11:00.149    1234 Critical  kernel.drivers.KalidahDriver: SYSMON_MAX_VCCBRAM	=	849mV
2020-01-01 09:11:00.149    1234 Critical  kernel.drivers.KalidahDriver: SYSMON_MAX_VCCAUX	=	1822mV
2020-01-01 09:11:00.149    1234 Critical  kernel.drivers.KalidahDriver: SYSMON_MAX_VUSER0_DIE_0	=	843mV
2020-01-01 09:11:00.149    1234 Critical  kernel.drivers.KalidahDriver: SYSMON_MAX_VUSER0_DIE_1	=	1215mV
2020-01-01 09:11:00.149    1234 Critical  kernel.drivers.KalidahDriver: SYSMON_MAX_VUSER0_DIE_2	=	1215mV
2020-01-01 09:11:00.149    1234 Critical  kernel.drivers.KalidahDriver: SYSMON_MAX_VUSER1_DIE_0	=	843mV
2020-01-01 09:11:00.149    1234 Critical  kernel.drivers.KalidahDriver: SYSMON_MAX_VUSER1_DIE_1	=	843mV
2020-01-01 09:11:00.149    1234 Critical  kernel.drivers.KalidahDriver: SYSMON_MAX_VUSER1_DIE_2	=	843mV
2020-01-01 09:11:00.149    1234 Critical  kernel.drivers.KalidahDriver: SYSMON_MAX_VUSER2_DIE_0	=	1828mV
2020-01-01 09:11:00.149    1234 Critical  kernel.drivers.KalidahDriver: SYSMON_MAX_VUSER2_DIE_1	=	1215mV
2020-01-01 09:11:00.149    1234 Critical  kernel.drivers.KalidahDriver: SYSMON_MAX_VUSER2_DIE_2	=	1212mV
2020-01-01 09:11:00.149    1234 Critical  kernel.drivers.KalidahDriver: SYSMON_MAX_VUSER3_DIE_0	=	1828mV
2020-01-01 09:11:00.149    1234 Critical  kernel.drivers.KalidahDriver: SYSMON_MAX_VUSER3_DIE_1	=	843mV
2020-01-01 09:11:00.149    1234 Critical  kernel.drivers.KalidahDriver: SYSMON_MAX_VUSER3_DIE_2	=	843mV
2020-01-01 09:11:00.149    1234 Critical  kernel.drivers.KalidahDriver: SYSMON Min Recored Values : 
2020-01-01 09:11:00.149    1234 Critical  kernel.drivers.KalidahDriver: SYSMON_MIN_JUNC_TEMP_DIE_0	=	36C
2020-01-01 09:11:00.149    1234 Critical  kernel.drivers.KalidahDriver: SYSMON_MIN_JUNC_TEMP_DIE_1	=	36C
2020-01-01 09:11:00.149    1234 Critical  kernel.drivers.KalidahDriver: SYSMON_MIN_JUNC_TEMP_DIE_2	=	35C
2020-01-01 09:11:00.149    1234 Critical  kernel.drivers.KalidahDriver: SYSMON_MIN_VCCINT	=	849mV
2020-01-01 09:11:00.149    1234 Critical  kernel.drivers.KalidahDriver: SYSMON_MIN_VCCBRAM	=	846mV
2020-01-01 09:11:00.149    1234 Critical  kernel.drivers.KalidahDriver: SYSMON_MIN_VCCAUX	=	1816mV
2020-01-01 09:11:00.149    1234 Critical  kernel.drivers.KalidahDriver: SYSMON_MIN_VUSER0_DIE_0	=	840mV
2020-01-01 09:11:00.149    1234 Critical  kernel.drivers.KalidahDriver: SYSMON_MIN_VUSER0_DIE_1	=	1209mV
2020-01-01 09:11:00.149    1234 Critical  kernel.drivers.KalidahDriver: SYSMON_MIN_VUSER0_DIE_2	=	1209mV
2020-01-01 09:11:00.149    1234 Critical  kernel.drivers.KalidahDriver: SYSMON_MIN_VUSER1_DIE_0	=	840mV
2020-01-01 09:11:00.149    1234 Critical  kernel.drivers.KalidahDriver: SYSMON_MIN_VUSER1_DIE_1	=	837mV
2020-01-01 09:11:00.149    1234 Critical  kernel.drivers.KalidahDriver: SYSMON_MIN_VUSER1_DIE_2	=	834mV
2020-01-01 09:11:00.149    1234 Critical  kernel.drivers.KalidahDriver: SYSMON_MIN_VUSER2_DIE_0	=	1825mV
2020-01-01 09:11:00.149    1234 Critical  kernel.drivers.KalidahDriver: SYSMON_MIN_VUSER2_DIE_1	=	1209mV
2020-01-01 09:11:00.149    1234 Critical  kernel.drivers.KalidahDriver: SYSMON_MIN_VUSER2_DIE_2	=	1207mV
2020-01-01 09:11:00.149    1234 Critical  kernel.drivers.KalidahDriver: SYSMON_MIN_VUSER3_DIE_0	=	1825mV
2020-01-01 09:11:00.149    1234 Critical  kernel.drivers.KalidahDriver: SYSMON_MIN_VUSER3_DIE_1	=	834mV
2020-01-01 09:11:00.149    1234 Critical  kernel.drivers.KalidahDriver: SYSMON_MIN_VUSER3_DIE_2	=	834mV
2020-01-01 09:11:00.149    1234 Critical  kernel.drivers.KalidahDriver: SYSMON Alarm Flags : 
2020-01-01 09:11:00.149    1234 Critical  kernel.drivers.KalidahDriver: SYSMON_ALARM_FLAG0_DIE_0	=	0000
2020-01-01 09:11:00.149    1234 Critical  kernel.drivers.KalidahDriver: SYSMON_ALARM_FLAG0_DIE_1	=	0000
2020-01-01 09:11:00.149    1234 Critical  kernel.drivers.KalidahDriver: SYSMON_ALARM_FLAG0_DIE_2	=	0000
2020-01-01 09:11:00.149    1234 Critical  kernel.drivers.KalidahDriver: SYSMON_ALARM_FLAG1_DIE_0	=	0000
2020-01-01 09:11:00.149    1234 Critical  kernel.drivers.KalidahDriver: SYSMON_ALARM_FLAG1_DIE_1	=	0000
2020-01-01 09:11:00.149    1234 Critical  kernel.drivers.KalidahDriver: SYSMON_ALARM_FLAG1_DIE_2	=	0000
2020-01-01 09:11:00.149    1234 Critical  kernel.drivers.KalidahDriver: FPGA/2 SYSMON : PASS 
2020-01-01 09:11:00.149    1234 Critical  kernel.drivers.KalidahDriver: FPGA/2 SSD Power TEST : Disable drive 0 power (power_ctl : 00000001)
2020-01-01 09:11:00.160    1234 Critical  kernel.drivers.KalidahDriver: FPGA/2 SSD Power TEST : Enable drive 0 power (power_ctl : 00000000)
2020-01-01 09:11:00.571    1234 Critical  kernel.drivers.KalidahDriver: FPGA/2 SSD Power TEST : Disable drive 1 power (power_ctl : 00000001)
2020-01-01 09:11:00.582    1234 Critical  kernel.drivers.KalidahDriver: FPGA/2 SSD Power TEST : Enable drive 1 power (power_ctl : 00000000)
2020-01-01 09:11:00.985    1234 Critical  kernel.drivers.KalidahDriver: FPGA/2 SSD Power TEST : Disable drive 0 power (power_ctl_por : 00000001)
2020-01-01 09:11:00.996    1234 Critical  kernel.drivers.KalidahDriver: Resetting FPGA
2020-01-01 09:11:02.107    1234 Critical  kernel.drivers.KalidahDriver: FPGA/2 SSD Power TEST : Enable drive 0 power (power_ctl_por : 00000000)
2020-01-01 09:11:02.326    1234 Critical  kernel.drivers.KalidahDriver: FPGA/2 SSD Power TEST : Disable drive 1 power (power_ctl_por : 00000001)
2020-01-01 09:11:02.337    1234 Critical  kernel.drivers.KalidahDriver: Resetting FPGA
2020-01-01 09:11:03.457    1234 Critical  kernel.drivers.KalidahDriver: FPGA/2 SSD Power TEST : Enable drive 1 power (power_ctl_por : 00000000)
2020-01-01 09:11:03.694    1234 Critical  kernel.drivers.KalidahDriver: FPGA/2 SSD POWER CONTROL : PASS 
2020-01-01 09:11:03.694    1234 Critical  kernel.drivers.KalidahDriver: Resetting FPGA
2020-01-01 09:11:04.807    1234 Critical  kernel.drivers.KalidahDriver: FPGA/2 PRE-IO TESTS : PASS
KSB FPGA/2 PRE-IO TEST PASS
KSB FPGA/2 MEMORY TEST, IO TEST & POST IO TEST...
2020-01-01 09:11:05.095       0 Debug     kernel.drivers.KalidahDriver: Resetting FPGA
2020-01-01 09:11:06.256       0 Debug     kernel.drivers.KalidahDriver: Resetting FPGA
2020-01-01 09:11:07.416       0 Debug     kernel.drivers.KalidahDriver: Resetting FPGA
2020-01-01 09:11:08.576       0 Debug     kernel.drivers.KalidahDriver: Resetting FPGA
2020-01-01 09:11:15.171    1234 Debug     kernel.drivers.FpgaTest: Kalidah Memory Address Test : PASS
2020-01-01 09:11:18.909    1234 Debug     kernel.drivers.FpgaTest: Kalidah Memory Inversion Test : PASS
2020-01-01 09:11:26.959    1234 Debug     kernel.drivers.FpgaTest: Kalidah Memory March Test : PASS
2020-01-01 09:13:27.159    1234 Critical  kernel.drivers.KalidahDriver: FPGA/2 POST-IO Test
2020-01-01 09:13:27.159    1234 Critical  kernel.drivers.KalidahDriver: FPGA/2 HOST PCIe Interface : PASS 
2020-01-01 09:13:27.170    1234 Critical  kernel.drivers.KalidahDriver: FPGA/2 SSD PCIe Interface : PASS 
2020-01-01 09:13:27.170    1234 Critical  kernel.drivers.KalidahDriver: FPGA/2 DRAM Calibration : PASS 
2020-01-01 09:13:27.170    1234 Critical  kernel.drivers.KalidahDriver: SYSMON Registers : 
2020-01-01 09:13:27.170    1234 Critical  kernel.drivers.KalidahDriver: SYSMON_JUNC_TEMP_DIE_0	=	37C
2020-01-01 09:13:27.170    1234 Critical  kernel.drivers.KalidahDriver: SYSMON_JUNC_TEMP_DIE_1	=	38C
2020-01-01 09:13:27.170    1234 Critical  kernel.drivers.KalidahDriver: SYSMON_JUNC_TEMP_DIE_2	=	36C
2020-01-01 09:13:27.170    1234 Critical  kernel.drivers.KalidahDriver: SYSMON_VCCINT_DIE_0	=	849mV
2020-01-01 09:13:27.170    1234 Critical  kernel.drivers.KalidahDriver: SYSMON_VCCINT_DIE_1	=	855mV
2020-01-01 09:13:27.170    1234 Critical  kernel.drivers.KalidahDriver: SYSMON_VCCINT_DIE_2	=	855mV
2020-01-01 09:13:27.170    1234 Critical  kernel.drivers.KalidahDriver: SYSMON_VCCBRAM_DIE_0	=	846mV
2020-01-01 09:13:27.170    1234 Critical  kernel.drivers.KalidahDriver: SYSMON_VCCBRAM_DIE_1	=	849mV
2020-01-01 09:13:27.170    1234 Critical  kernel.drivers.KalidahDriver: SYSMON_VCCBRAM_DIE_2	=	849mV
2020-01-01 09:13:27.170    1234 Critical  kernel.drivers.KalidahDriver: SYSMON_VCCAUX_DIE_0	=	1819mV
2020-01-01 09:13:27.170    1234 Critical  kernel.drivers.KalidahDriver: SYSMON_VCCAUX_DIE_1	=	1822mV
2020-01-01 09:13:27.170    1234 Critical  kernel.drivers.KalidahDriver: SYSMON_VCCAUX_DIE_2	=	1822mV
2020-01-01 09:13:27.170    1234 Critical  kernel.drivers.KalidahDriver: SYSMON_12VSUPPLY_DIE_0	=	12128mV
2020-01-01 09:13:27.170    1234 Critical  kernel.drivers.KalidahDriver: SYSMON_12VSUPPLY_DIE_1	=	12207mV
2020-01-01 09:13:27.170    1234 Critical  kernel.drivers.KalidahDriver: SYSMON_12VSUPPLY_DIE_2	=	12207mV
2020-01-01 09:13:27.170    1234 Critical  kernel.drivers.KalidahDriver: SYSMON_VREFP	=	1250mV
2020-01-01 09:13:27.170    1234 Critical  kernel.drivers.KalidahDriver: SYSMON_VREFN	=	0mV
2020-01-01 09:13:27.170    1234 Critical  kernel.drivers.KalidahDriver: SYSMON_5VSUPPLY	=	4794mV
2020-01-01 09:13:27.170    1234 Critical  kernel.drivers.KalidahDriver: SYSMON_3.3VSUPPLY	=	3300mV
2020-01-01 09:13:27.170    1234 Critical  kernel.drivers.KalidahDriver: SYSMON_SLICE_0_600MV_VTT	=	608mV
2020-01-01 09:13:27.170    1234 Critical  kernel.drivers.KalidahDriver: SYSMON_SLICE_1_600MV_VTT	=	609mV
2020-01-01 09:13:27.170    1234 Critical  kernel.drivers.KalidahDriver: SYSMON_VCCINT_IMON	=	108mV
2020-01-01 09:13:27.170    1234 Critical  kernel.drivers.KalidahDriver: SYSMON_VUSER0_SLR0	=	840mV
2020-01-01 09:13:27.170    1234 Critical  kernel.drivers.KalidahDriver: SYSMON_VUSER1_SLR0	=	840mV
2020-01-01 09:13:27.170    1234 Critical  kernel.drivers.KalidahDriver: SYSMON_VUSER2_SLR0	=	1825mV
2020-01-01 09:13:27.170    1234 Critical  kernel.drivers.KalidahDriver: SYSMON_VUSER3_SLR0	=	1825mV
2020-01-01 09:13:27.170    1234 Critical  kernel.drivers.KalidahDriver: SYSMON_VUSER0_SLR1	=	1212mV
2020-01-01 09:13:27.170    1234 Critical  kernel.drivers.KalidahDriver: SYSMON_VUSER1_SLR1	=	840mV
2020-01-01 09:13:27.170    1234 Critical  kernel.drivers.KalidahDriver: SYSMON_VUSER2_SLR1	=	1215mV
2020-01-01 09:13:27.170    1234 Critical  kernel.drivers.KalidahDriver: SYSMON_VUSER3_SLR1	=	840mV
2020-01-01 09:13:27.170    1234 Critical  kernel.drivers.KalidahDriver: SYSMON_VUSER0_SLR2	=	1212mV
2020-01-01 09:13:27.170    1234 Critical  kernel.drivers.KalidahDriver: SYSMON_VUSER1_SLR2	=	837mV
2020-01-01 09:13:27.170    1234 Critical  kernel.drivers.KalidahDriver: SYSMON_VUSER2_SLR2	=	1212mV
2020-01-01 09:13:27.170    1234 Critical  kernel.drivers.KalidahDriver: SYSMON_VUSER3_SLR2	=	840mV
2020-01-01 09:13:27.170    1234 Critical  kernel.drivers.KalidahDriver: SYSMON Max Recored Values : 
2020-01-01 09:13:27.170    1234 Critical  kernel.drivers.KalidahDriver: SYSMON_MAX_JUNC_TEMP_DIE_0	=	38C
2020-01-01 09:13:27.170    1234 Critical  kernel.drivers.KalidahDriver: SYSMON_MAX_JUNC_TEMP_DIE_1	=	39C
2020-01-01 09:13:27.170    1234 Critical  kernel.drivers.KalidahDriver: SYSMON_MAX_JUNC_TEMP_DIE_2	=	37C
2020-01-01 09:13:27.170    1234 Critical  kernel.drivers.KalidahDriver: SYSMON_MAX_VCCINT	=	852mV
2020-01-01 09:13:27.170    1234 Critical  kernel.drivers.KalidahDriver: SYSMON_MAX_VCCBRAM	=	849mV
2020-01-01 09:13:27.170    1234 Critical  kernel.drivers.KalidahDriver: SYSMON_MAX_VCCAUX	=	1822mV
2020-01-01 09:13:27.170    1234 Critical  kernel.drivers.KalidahDriver: SYSMON_MAX_VUSER0_DIE_0	=	843mV
2020-01-01 09:13:27.170    1234 Critical  kernel.drivers.KalidahDriver: SYSMON_MAX_VUSER0_DIE_1	=	1215mV
2020-01-01 09:13:27.170    1234 Critical  kernel.drivers.KalidahDriver: SYSMON_MAX_VUSER0_DIE_2	=	1215mV
2020-01-01 09:13:27.170    1234 Critical  kernel.drivers.KalidahDriver: SYSMON_MAX_VUSER1_DIE_0	=	843mV
2020-01-01 09:13:27.170    1234 Critical  kernel.drivers.KalidahDriver: SYSMON_MAX_VUSER1_DIE_1	=	843mV
2020-01-01 09:13:27.170    1234 Critical  kernel.drivers.KalidahDriver: SYSMON_MAX_VUSER1_DIE_2	=	840mV
2020-01-01 09:13:27.170    1234 Critical  kernel.drivers.KalidahDriver: SYSMON_MAX_VUSER2_DIE_0	=	1828mV
2020-01-01 09:13:27.170    1234 Critical  kernel.drivers.KalidahDriver: SYSMON_MAX_VUSER2_DIE_1	=	1215mV
2020-01-01 09:13:27.170    1234 Critical  kernel.drivers.KalidahDriver: SYSMON_MAX_VUSER2_DIE_2	=	1215mV
2020-01-01 09:13:27.170    1234 Critical  kernel.drivers.KalidahDriver: SYSMON_MAX_VUSER3_DIE_0	=	1828mV
2020-01-01 09:13:27.170    1234 Critical  kernel.drivers.KalidahDriver: SYSMON_MAX_VUSER3_DIE_1	=	843mV
2020-01-01 09:13:27.170    1234 Critical  kernel.drivers.KalidahDriver: SYSMON_MAX_VUSER3_DIE_2	=	843mV
2020-01-01 09:13:27.170    1234 Critical  kernel.drivers.KalidahDriver: SYSMON Min Recored Values : 
2020-01-01 09:13:27.170    1234 Critical  kernel.drivers.KalidahDriver: SYSMON_MIN_JUNC_TEMP_DIE_0	=	36C
2020-01-01 09:13:27.170    1234 Critical  kernel.drivers.KalidahDriver: SYSMON_MIN_JUNC_TEMP_DIE_1	=	36C
2020-01-01 09:13:27.170    1234 Critical  kernel.drivers.KalidahDriver: SYSMON_MIN_JUNC_TEMP_DIE_2	=	35C
2020-01-01 09:13:27.170    1234 Critical  kernel.drivers.KalidahDriver: SYSMON_MIN_VCCINT	=	846mV
2020-01-01 09:13:27.170    1234 Critical  kernel.drivers.KalidahDriver: SYSMON_MIN_VCCBRAM	=	843mV
2020-01-01 09:13:27.170    1234 Critical  kernel.drivers.KalidahDriver: SYSMON_MIN_VCCAUX	=	1816mV
2020-01-01 09:13:27.170    1234 Critical  kernel.drivers.KalidahDriver: SYSMON_MIN_VUSER0_DIE_0	=	834mV
2020-01-01 09:13:27.170    1234 Critical  kernel.drivers.KalidahDriver: SYSMON_MIN_VUSER0_DIE_1	=	1207mV
2020-01-01 09:13:27.170    1234 Critical  kernel.drivers.KalidahDriver: SYSMON_MIN_VUSER0_DIE_2	=	1204mV
2020-01-01 09:13:27.170    1234 Critical  kernel.drivers.KalidahDriver: SYSMON_MIN_VUSER1_DIE_0	=	834mV
2020-01-01 09:13:27.170    1234 Critical  kernel.drivers.KalidahDriver: SYSMON_MIN_VUSER1_DIE_1	=	834mV
2020-01-01 09:13:27.170    1234 Critical  kernel.drivers.KalidahDriver: SYSMON_MIN_VUSER1_DIE_2	=	832mV
2020-01-01 09:13:27.170    1234 Critical  kernel.drivers.KalidahDriver: SYSMON_MIN_VUSER2_DIE_0	=	1822mV
2020-01-01 09:13:27.170    1234 Critical  kernel.drivers.KalidahDriver: SYSMON_MIN_VUSER2_DIE_1	=	1209mV
2020-01-01 09:13:27.170    1234 Critical  kernel.drivers.KalidahDriver: SYSMON_MIN_VUSER2_DIE_2	=	1204mV
2020-01-01 09:13:27.170    1234 Critical  kernel.drivers.KalidahDriver: SYSMON_MIN_VUSER3_DIE_0	=	1822mV
2020-01-01 09:13:27.170    1234 Critical  kernel.drivers.KalidahDriver: SYSMON_MIN_VUSER3_DIE_1	=	832mV
2020-01-01 09:13:27.170    1234 Critical  kernel.drivers.KalidahDriver: SYSMON_MIN_VUSER3_DIE_2	=	832mV
2020-01-01 09:13:27.170    1234 Critical  kernel.drivers.KalidahDriver: SYSMON Alarm Flags : 
2020-01-01 09:13:27.170    1234 Critical  kernel.drivers.KalidahDriver: SYSMON_ALARM_FLAG0_DIE_0	=	0000
2020-01-01 09:13:27.170    1234 Critical  kernel.drivers.KalidahDriver: SYSMON_ALARM_FLAG0_DIE_1	=	0000
2020-01-01 09:13:27.170    1234 Critical  kernel.drivers.KalidahDriver: SYSMON_ALARM_FLAG0_DIE_2	=	0000
2020-01-01 09:13:27.170    1234 Critical  kernel.drivers.KalidahDriver: SYSMON_ALARM_FLAG1_DIE_0	=	0000
2020-01-01 09:13:27.170    1234 Critical  kernel.drivers.KalidahDriver: SYSMON_ALARM_FLAG1_DIE_1	=	0000
2020-01-01 09:13:27.170    1234 Critical  kernel.drivers.KalidahDriver: SYSMON_ALARM_FLAG1_DIE_2	=	0000
2020-01-01 09:13:27.170    1234 Critical  kernel.drivers.KalidahDriver: FPGA/2 SYSMON : PASS 
2020-01-01 09:13:27.170    1234 Critical  kernel.drivers.KalidahDriver: FPGA/2 POST-IO TESTS : PASS
2020-01-01 09:13:27.170    1234 Critical  kernel.drivers.KalidahDriver: KSB FPGA/2 MANUFACTURING TESTS : PASS
KSB FPGA/2 MEMORY TEST PASS
KSB FPGA/2 IO TEST PASS
KSB FPGA/2 POST-IO TEST PASS
KSB FPGA/2 MANUFACTURING TEST PASS (Check details in run_fpga.log)
KSB FPGA/3 PRE-IO TEST ... 
2020-01-01 09:13:27.451       0 Debug     kernel.drivers.KalidahDriver: Resetting FPGA
2020-01-01 09:13:28.616       0 Debug     kernel.drivers.KalidahDriver: Resetting FPGA
2020-01-01 09:13:29.785       0 Debug     kernel.drivers.KalidahDriver: Resetting FPGA
2020-01-01 09:13:30.946       0 Debug     kernel.drivers.KalidahDriver: Resetting FPGA
2020-01-01 09:13:33.725    1234 Critical  kernel.drivers.KalidahDriver: FPGA/3 PRE-IO Test 
2020-01-01 09:13:33.725    1234 Critical  kernel.drivers.KalidahDriver: FPGA/3 HOST PCIe Interface : PASS 
2020-01-01 09:13:33.736    1234 Critical  kernel.drivers.KalidahDriver: FPGA/3 SSD PCIe Interface : PASS 
2020-01-01 09:13:33.736    1234 Critical  kernel.drivers.KalidahDriver: FPGA/3 DRAM Calibration : PASS 
2020-01-01 09:13:33.736    1234 Critical  kernel.drivers.KalidahDriver: FPGA/3 SSD Power TEST : Disable drive 0 power (power_ctl : 00000001)
2020-01-01 09:13:33.747    1234 Critical  kernel.drivers.KalidahDriver: FPGA/3 SSD Power TEST : Enable drive 0 power (power_ctl : 00000000)
2020-01-01 09:13:34.145    1234 Critical  kernel.drivers.KalidahDriver: FPGA/3 SSD Power TEST : Disable drive 1 power (power_ctl : 00000001)
2020-01-01 09:13:34.156    1234 Critical  kernel.drivers.KalidahDriver: FPGA/3 SSD Power TEST : Enable drive 1 power (power_ctl : 00000000)
2020-01-01 09:13:34.555    1234 Critical  kernel.drivers.KalidahDriver: FPGA/3 SSD Power TEST : Disable drive 0 power (power_ctl_por : 00000001)
2020-01-01 09:13:34.566    1234 Critical  kernel.drivers.KalidahDriver: Resetting FPGA
2020-01-01 09:13:35.677    1234 Critical  kernel.drivers.KalidahDriver: FPGA/3 SSD Power TEST : Enable drive 0 power (power_ctl_por : 00000000)
2020-01-01 09:13:35.896    1234 Critical  kernel.drivers.KalidahDriver: FPGA/3 SSD Power TEST : Disable drive 1 power (power_ctl_por : 00000001)
2020-01-01 09:13:35.907    1234 Critical  kernel.drivers.KalidahDriver: Resetting FPGA
2020-01-01 09:13:37.027    1234 Critical  kernel.drivers.KalidahDriver: FPGA/3 SSD Power TEST : Enable drive 1 power (power_ctl_por : 00000000)
2020-01-01 09:13:37.246    1234 Critical  kernel.drivers.KalidahDriver: FPGA/3 SSD POWER CONTROL : PASS 
2020-01-01 09:13:37.246    1234 Critical  kernel.drivers.KalidahDriver: Resetting FPGA
2020-01-01 09:13:38.357    1234 Critical  kernel.drivers.KalidahDriver: FPGA/3 PRE-IO TESTS : PASS
KSB FPGA/3 PRE-IO TEST PASS
KSB FPGA/3 MEMORY TEST, IO TEST & POST IO TEST...
2020-01-01 09:13:38.680       0 Debug     kernel.drivers.KalidahDriver: Resetting FPGA
2020-01-01 09:13:39.846       0 Debug     kernel.drivers.KalidahDriver: Resetting FPGA
2020-01-01 09:13:41.006       0 Debug     kernel.drivers.KalidahDriver: Resetting FPGA
2020-01-01 09:13:42.166       0 Debug     kernel.drivers.KalidahDriver: Resetting FPGA
2020-01-01 09:13:48.669    1234 Debug     kernel.drivers.FpgaTest: Kalidah Memory Address Test : PASS
2020-01-01 09:13:52.769    1234 Debug     kernel.drivers.FpgaTest: Kalidah Memory Inversion Test : PASS
2020-01-01 09:14:00.555    1234 Debug     kernel.drivers.FpgaTest: Kalidah Memory March Test : PASS
2020-01-01 09:16:00.594    1234 Critical  kernel.drivers.KalidahDriver: FPGA/3 POST-IO Test
2020-01-01 09:16:00.594    1234 Critical  kernel.drivers.KalidahDriver: FPGA/3 HOST PCIe Interface : PASS 
2020-01-01 09:16:00.604    1234 Critical  kernel.drivers.KalidahDriver: FPGA/3 SSD PCIe Interface : PASS 
2020-01-01 09:16:00.604    1234 Critical  kernel.drivers.KalidahDriver: FPGA/3 DRAM Calibration : PASS 
2020-01-01 09:16:00.604    1234 Critical  kernel.drivers.KalidahDriver: FPGA/3 POST-IO TESTS : PASS
2020-01-01 09:16:00.604    1234 Critical  kernel.drivers.KalidahDriver: KSB FPGA/3 MANUFACTURING TESTS : PASS
KSB FPGA/3 MEMORY TEST PASS
KSB FPGA/3 IO TEST PASS
KSB FPGA/3 POST-IO TEST PASS
KSB FPGA/3 MANUFACTURING TEST PASS (Check details in run_fpga.log)
KSB MANUFACTURING TEST FINAL RESULT : PASS

========== Step.3 fpga test after KSB mfg test ==========

=======================================================
Running fpga-test on 02:00.0
=======================================================

Device Type                : Kalidah
EP Link Status             : Gen3 x8     PASSED 
GIT Hash                   : 0x0FAA0CFE
Device DNA                 : 0x400200000155AC800C90E285
Core Clock Frequency       :    250 MHz
SSD_0 present              :        Yes
SSD_1 present              :        Yes
KSB number                 :          1
Slice number               :          0
Temperature Master  Sysmon :    38.818C
Temperature Slave 0 Sysmon :    38.345C
Temperature Slave 1 Sysmon :    38.856C
DDR4 capability            : ID_2, 16GB, VLP RDIMM w/ ECC, 1R, 16Gb x8 die, 2400 MT/s 
DDR4 calibration done      : 0x00000001  PASSED 
Unsupported Offset BAR3    : 0xFFFFFFFF  PASSED 
FPGA Version               :      3.0.6  PASSED 
DMA ch0 ctl. register      : 0x00008003  PASSED 
DMA ch1 ctl. register      : 0x00008013  PASSED 
DMA ch2 ctl. register      : 0x00008023  PASSED 
SSD0 Power Enabled         :        0x1  PASSED
RP0 Config Req. Ready      :        0x1  PASSED 
RP0 Link Status            : 0x70430000  PASSED 
Locating PCIe capabilities of SSD0 ...
SSD0 Link Status           : 0x10430000  PASSED 
SSD0 Vendor/Dev ID         : 0xA808144D  PASSED  (Samsung)
SSD1 Power Enabled         :        0x1  PASSED
RP1 Config Req. Ready      :        0x1  PASSED 
RP1 Link Status            : 0x70430000  PASSED 
Locating PCIe capabilities of SSD1 ...
SSD1 Link Status           : 0x10430000  PASSED 
SSD1 Vendor/Dev ID         : 0xA808144D  PASSED  (Samsung)
Global Fatal Interrupt     : 0x00000000  PASSED 
Global Non Fatal Interrupt : 0x00000000  PASSED 
  ____                 _
 |  _ \ __ _ ___ ___  | |
 | |_) / _` / __/ __| | |
 |  __/ (_| \__ \__ \ |_|
 |_|   \__,_|___/___/ (_)


=======================================================
Running fpga-test on 41:00.0
=======================================================

Device Type                : Kalidah
EP Link Status             : Gen3 x8     PASSED 
GIT Hash                   : 0x0FAA0CFE
Device DNA                 : 0x400200000155AC800C90E285
Core Clock Frequency       :    250 MHz
SSD_0 present              :        Yes
SSD_1 present              :        Yes
KSB number                 :          1
Slice number               :          1
DDR4 capability            : ID_2, 16GB, VLP RDIMM w/ ECC, 1R, 16Gb x8 die, 2400 MT/s 
DDR4 calibration done      : 0x00000001  PASSED 
Unsupported Offset BAR3    : 0xFFFFFFFF  PASSED 
FPGA Version               :      3.0.6  PASSED 
DMA ch0 ctl. register      : 0x00008003  PASSED 
DMA ch1 ctl. register      : 0x00008013  PASSED 
DMA ch2 ctl. register      : 0x00008023  PASSED 
SSD0 Power Enabled         :        0x1  PASSED
RP0 Config Req. Ready      :        0x1  PASSED 
RP0 Link Status            : 0x70430000  PASSED 
Locating PCIe capabilities of SSD0 ...
SSD0 Link Status           : 0x10430000  PASSED 
SSD0 Vendor/Dev ID         : 0xA808144D  PASSED  (Samsung)
SSD1 Power Enabled         :        0x1  PASSED
RP1 Config Req. Ready      :        0x1  PASSED 
RP1 Link Status            : 0x70430000  PASSED 
Locating PCIe capabilities of SSD1 ...
SSD1 Link Status           : 0x10430000  PASSED 
SSD1 Vendor/Dev ID         : 0xA808144D  PASSED  (Samsung)
Global Fatal Interrupt     : 0x00000000  PASSED 
Global Non Fatal Interrupt : 0x00000000  PASSED 
  ____                 _
 |  _ \ __ _ ___ ___  | |
 | |_) / _` / __/ __| | |
 |  __/ (_| \__ \__ \ |_|
 |_|   \__,_|___/___/ (_)


=======================================================
Running fpga-test on 84:00.0
=======================================================

Device Type                : Kalidah
EP Link Status             : Gen3 x8     PASSED 
GIT Hash                   : 0x0FAA0CFE
Device DNA                 : 0x400200000155AC694C3082C5
Core Clock Frequency       :    250 MHz
SSD_0 present              :        Yes
SSD_1 present              :        Yes
KSB number                 :          0
Slice number               :          1
DDR4 capability            : ID_2, 16GB, VLP RDIMM w/ ECC, 1R, 16Gb x8 die, 2400 MT/s 
DDR4 calibration done      : 0x00000001  PASSED 
Unsupported Offset BAR3    : 0xFFFFFFFF  PASSED 
FPGA Version               :      3.0.6  PASSED 
DMA ch0 ctl. register      : 0x00008003  PASSED 
DMA ch1 ctl. register      : 0x00008013  PASSED 
DMA ch2 ctl. register      : 0x00008023  PASSED 
SSD0 Power Enabled         :        0x1  PASSED
RP0 Config Req. Ready      :        0x1  PASSED 
RP0 Link Status            : 0x70430000  PASSED 
Locating PCIe capabilities of SSD0 ...
SSD0 Link Status           : 0x10430000  PASSED 
SSD0 Vendor/Dev ID         : 0xA808144D  PASSED  (Samsung)
SSD1 Power Enabled         :        0x1  PASSED
RP1 Config Req. Ready      :        0x1  PASSED 
RP1 Link Status            : 0x70430000  PASSED 
Locating PCIe capabilities of SSD1 ...
SSD1 Link Status           : 0x10430000  PASSED 
SSD1 Vendor/Dev ID         : 0xA808144D  PASSED  (Samsung)
Global Fatal Interrupt     : 0x00000000  PASSED 
Global Non Fatal Interrupt : 0x00000000  PASSED 
  ____                 _
 |  _ \ __ _ ___ ___  | |
 | |_) / _` / __/ __| | |
 |  __/ (_| \__ \__ \ |_|
 |_|   \__,_|___/___/ (_)


=======================================================
Running fpga-test on c1:00.0
=======================================================

Device Type                : Kalidah
EP Link Status             : Gen3 x8     PASSED 
GIT Hash                   : 0x0FAA0CFE
Device DNA                 : 0x400200000155AC694C3082C5
Core Clock Frequency       :    250 MHz
SSD_0 present              :        Yes
SSD_1 present              :        Yes
KSB number                 :          0
Slice number               :          0
Temperature Master  Sysmon :    39.430C
Temperature Slave 0 Sysmon :    39.042C
Temperature Slave 1 Sysmon :    38.446C
DDR4 capability            : ID_2, 16GB, VLP RDIMM w/ ECC, 1R, 16Gb x8 die, 2400 MT/s 
DDR4 calibration done      : 0x00000001  PASSED 
Unsupported Offset BAR3    : 0xFFFFFFFF  PASSED 
FPGA Version               :      3.0.6  PASSED 
DMA ch0 ctl. register      : 0x00008003  PASSED 
DMA ch1 ctl. register      : 0x00008013  PASSED 
DMA ch2 ctl. register      : 0x00008023  PASSED 
SSD0 Power Enabled         :        0x1  PASSED
RP0 Config Req. Ready      :        0x1  PASSED 
RP0 Link Status            : 0x70430000  PASSED 
Locating PCIe capabilities of SSD0 ...
SSD0 Link Status           : 0x10430000  PASSED 
SSD0 Vendor/Dev ID         : 0xA808144D  PASSED  (Samsung)
SSD1 Power Enabled         :        0x1  PASSED
RP1 Config Req. Ready      :        0x1  PASSED 
RP1 Link Status            : 0x70430000  PASSED 
Locating PCIe capabilities of SSD1 ...
SSD1 Link Status           : 0x10430000  PASSED 
SSD1 Vendor/Dev ID         : 0xA808144D  PASSED  (Samsung)
Global Fatal Interrupt     : 0x00000000  PASSED 
Global Non Fatal Interrupt : 0x00000000  PASSED 
  ____                 _
 |  _ \ __ _ ___ ___  | |
 | |_) / _` / __/ __| | |
 |  __/ (_| \__ \__ \ |_|
 |_|   \__,_|___/___/ (_)


KSB0 AIC Serial Number: 505-21050700910010
KSB1 AIC Serial Number: 505-21050700910004

