      _____ _                              ____ ____       
     |_   _(_)_ __  _ __ ___   __ _ _ __  / ___|___ \      
       | | | | '_ \| '_ ` _ \ / _` | '_ \| |  _  __) |    
       | | | | | | | | | | | | (_| | | | | |_| |/ __/      
       |_| |_|_| |_|_| |_| |_|\__,_|_| |_|\____|_____|     
 ____                        ___         _____         _   
| __ ) _   _ _ __ _ __      |_ _|_ __   |_   _|__  ___| |_ 
|  _ \| | | | '__| '_ \ _____| || '_ \    | |/ _ \/ __| __|
| |_) | |_| | |  | | | |_____| || | | |   | |  __/\__ \ |_ 
|____/ \__,_|_|  |_| |_|    |___|_| |_|   |_|\___||___/\__|

==============================================
=            Burn-In Test Cycle 1            =
==============================================
Test start time: 2022-01-27_11:09:38
*****************************
* ib_write_bw test          *
*****************************
***************************
*      KSB test cycle1    *
***************************
===== KSB Memory test PASS =====

=======================================================
Running fpga-test on 02:00.0
=======================================================

Device Type                : Kalidah
EP Link Status             : Gen3 x8     PASSED 
GIT Hash                   : 0x0FAA0CFE
Device DNA                 : 0x400200000155AC810540E305
Core Clock Frequency       :    250 MHz
SSD_0 present              :        Yes
SSD_1 present              :        Yes
KSB number                 :          1
Slice number               :          0
Temperature Master  Sysmon :      35.59  Cel
Temperature Slave 0 Sysmon :      35.63  Cel
Temperature Slave 1 Sysmon :      34.60  Cel
DDR4 capability            : ID_2, 16GB, VLP RDIMM w/ ECC, 1R, 16Gb x8 die, 2400 MT/s 
DDR4 calibration done      : 0x00000001  PASSED 
Unsupported Offset BAR3    : 0xFFFFFFFF  PASSED 
FPGA Version               : 0x00030006  PASSED 
DMA ch0 ctl. register      : 0x00008003  PASSED 
DMA ch1 ctl. register      : 0x00008013  PASSED 
DMA ch2 ctl. register      : 0x00008023  PASSED 
RP0 Link Status            : 0x70430000  PASSED 
Locating PCIe capabilities of SSD0 ...SSD0 Link Status           : 0x10430000  PASSED 
SSD0 Vendor/Dev ID         : 0xA808144D  PASSED  (Samsung)
RP1 Link Status            : 0x70430000  PASSED 
Locating PCIe capabilities of SSD1 ...SSD1 Link Status           : 0x10430000  PASSED 
SSD1 Vendor/Dev ID         : 0xA808144D  PASSED  (Samsung)
Global Fatal Interrupt     : 0x00000000  PASSED 
Global Non Fatal Interrupt : 0x00000000  PASSED 
  ____                 _
 |  _ \ __ _ ___ ___  | |
 | |_) / _` / __/ __| | |
 |  __/ (_| \__ \__ \ |_|
 |_|   \__,_|___/___/ (_)


=======================================================
Running fpga-test on 41:00.0
=======================================================

Device Type                : Kalidah
EP Link Status             : Gen3 x8     PASSED 
GIT Hash                   : 0x0FAA0CFE
Device DNA                 : 0x400200000155AC810540E305
Core Clock Frequency       :    250 MHz
SSD_0 present              :        Yes
SSD_1 present              :        Yes
KSB number                 :          1
Slice number               :          1
DDR4 capability            : ID_2, 16GB, VLP RDIMM w/ ECC, 1R, 16Gb x8 die, 2400 MT/s 
DDR4 calibration done      : 0x00000001  PASSED 
Unsupported Offset BAR3    : 0xFFFFFFFF  PASSED 
FPGA Version               : 0x00030006  PASSED 
DMA ch0 ctl. register      : 0x00008003  PASSED 
DMA ch1 ctl. register      : 0x00008013  PASSED 
DMA ch2 ctl. register      : 0x00008023  PASSED 
RP0 Link Status            : 0x70430000  PASSED 
Locating PCIe capabilities of SSD0 ...SSD0 Link Status           : 0x10430000  PASSED 
SSD0 Vendor/Dev ID         : 0xA808144D  PASSED  (Samsung)
RP1 Link Status            : 0x70430000  PASSED 
Locating PCIe capabilities of SSD1 ...SSD1 Link Status           : 0x10430000  PASSED 
SSD1 Vendor/Dev ID         : 0xA808144D  PASSED  (Samsung)
Global Fatal Interrupt     : 0x00000000  PASSED 
Global Non Fatal Interrupt : 0x00000000  PASSED 
  ____                 _
 |  _ \ __ _ ___ ___  | |
 | |_) / _` / __/ __| | |
 |  __/ (_| \__ \__ \ |_|
 |_|   \__,_|___/___/ (_)


=======================================================
Running fpga-test on 84:00.0
=======================================================

Device Type                : Kalidah
EP Link Status             : Gen3 x8     PASSED 
GIT Hash                   : 0x0FAA0CFE
Device DNA                 : 0x400200000155AC8105410105
Core Clock Frequency       :    250 MHz
SSD_0 present              :        Yes
SSD_1 present              :        Yes
KSB number                 :          0
Slice number               :          1
DDR4 capability            : ID_2, 16GB, VLP RDIMM w/ ECC, 1R, 16Gb x8 die, 2400 MT/s 
DDR4 calibration done      : 0x00000001  PASSED 
Unsupported Offset BAR3    : 0xFFFFFFFF  PASSED 
FPGA Version               : 0x00030006  PASSED 
DMA ch0 ctl. register      : 0x00008003  PASSED 
DMA ch1 ctl. register      : 0x00008013  PASSED 
DMA ch2 ctl. register      : 0x00008023  PASSED 
RP0 Link Status            : 0x70430000  PASSED 
Locating PCIe capabilities of SSD0 ...SSD0 Link Status           : 0x10430000  PASSED 
SSD0 Vendor/Dev ID         : 0xA808144D  PASSED  (Samsung)
RP1 Link Status            : 0x70430000  PASSED 
Locating PCIe capabilities of SSD1 ...SSD1 Link Status           : 0x10430000  PASSED 
SSD1 Vendor/Dev ID         : 0xA808144D  PASSED  (Samsung)
Global Fatal Interrupt     : 0x00000000  PASSED 
Global Non Fatal Interrupt : 0x00000000  PASSED 
  ____                 _
 |  _ \ __ _ ___ ___  | |
 | |_) / _` / __/ __| | |
 |  __/ (_| \__ \__ \ |_|
 |_|   \__,_|___/___/ (_)


=======================================================
Running fpga-test on c1:00.0
=======================================================

Device Type                : Kalidah
EP Link Status             : Gen3 x8     PASSED 
GIT Hash                   : 0x0FAA0CFE
Device DNA                 : 0x400200000155AC8105410105
Core Clock Frequency       :    250 MHz
SSD_0 present              :        Yes
SSD_1 present              :        Yes
KSB number                 :          0
Slice number               :          0
Temperature Master  Sysmon :      34.66  Cel
Temperature Slave 0 Sysmon :      34.77  Cel
Temperature Slave 1 Sysmon :      34.83  Cel
DDR4 capability            : ID_2, 16GB, VLP RDIMM w/ ECC, 1R, 16Gb x8 die, 2400 MT/s 
DDR4 calibration done      : 0x00000001  PASSED 
Unsupported Offset BAR3    : 0xFFFFFFFF  PASSED 
FPGA Version               : 0x00030006  PASSED 
DMA ch0 ctl. register      : 0x00008003  PASSED 
DMA ch1 ctl. register      : 0x00008013  PASSED 
DMA ch2 ctl. register      : 0x00008023  PASSED 
RP0 Link Status            : 0x70430000  PASSED 
Locating PCIe capabilities of SSD0 ...SSD0 Link Status           : 0x10430000  PASSED 
SSD0 Vendor/Dev ID         : 0xA808144D  PASSED  (Samsung)
RP1 Link Status            : 0x70430000  PASSED 
Locating PCIe capabilities of SSD1 ...SSD1 Link Status           : 0x10430000  PASSED 
SSD1 Vendor/Dev ID         : 0xA808144D  PASSED  (Samsung)
Global Fatal Interrupt     : 0x00000000  PASSED 
Global Non Fatal Interrupt : 0x00000000  PASSED 
  ____                 _
 |  _ \ __ _ ___ ___  | |
 | |_) / _` / __/ __| | |
 |  __/ (_| \__ \__ \ |_|
 |_|   \__,_|___/___/ (_)


*****************************
*  CPU/Memory Stress cycle1 *
*****************************
============================
=        Stress Log        =
============================
2022/01/27-11:27:06(GMT) Log: Commandline - ./stressapptest -m 32 -C 32 -l /root/TinmanBI/STRESS.log -s 2400
2022/01/27-11:27:06(GMT) Stats: SAT revision 1.0.7_autoconf, 64 bit binary
2022/01/27-11:27:06(GMT) Log: root @ localhost.localdomain on Tue Sep 19 03:28:47 CST 2017 from open source release
2022/01/27-11:27:06(GMT) Log: 1 nodes, 128 cpus.
2022/01/27-11:27:06(GMT) Log: Total 515817 MB. Free 510035 MB. Hugepages 0 MB. Targeting 489834 MB (94%)
2022/01/27-11:27:06(GMT) Log: Prefer plain malloc memory allocation.
2022/01/27-11:27:06(GMT) Log: Using mmap() allocation at 0x7f7219d74000.
2022/01/27-11:27:06(GMT) Stats: Starting SAT, 489834M, 2400 seconds
2022/01/27-11:27:42(GMT) Log: Region mask: 0x1
2022/01/27-11:27:52(GMT) Log: Seconds remaining: 2390
2022/01/27-11:28:02(GMT) Log: Seconds remaining: 2380
2022/01/27-11:28:12(GMT) Log: Seconds remaining: 2370
2022/01/27-11:28:22(GMT) Log: Seconds remaining: 2360
2022/01/27-11:28:32(GMT) Log: Seconds remaining: 2350
2022/01/27-11:28:42(GMT) Log: Seconds remaining: 2340
2022/01/27-11:28:52(GMT) Log: Seconds remaining: 2330
2022/01/27-11:29:02(GMT) Log: Seconds remaining: 2320
2022/01/27-11:29:12(GMT) Log: Seconds remaining: 2310
2022/01/27-11:29:22(GMT) Log: Seconds remaining: 2300
2022/01/27-11:29:32(GMT) Log: Seconds remaining: 2290
2022/01/27-11:29:42(GMT) Log: Seconds remaining: 2280
2022/01/27-11:29:52(GMT) Log: Seconds remaining: 2270
2022/01/27-11:30:02(GMT) Log: Seconds remaining: 2260
2022/01/27-11:30:12(GMT) Log: Seconds remaining: 2250
2022/01/27-11:30:22(GMT) Log: Seconds remaining: 2240
2022/01/27-11:30:32(GMT) Log: Seconds remaining: 2230
2022/01/27-11:30:42(GMT) Log: Seconds remaining: 2220
2022/01/27-11:30:52(GMT) Log: Seconds remaining: 2210
2022/01/27-11:31:02(GMT) Log: Seconds remaining: 2200
2022/01/27-11:31:12(GMT) Log: Seconds remaining: 2190
2022/01/27-11:31:22(GMT) Log: Seconds remaining: 2180
2022/01/27-11:31:32(GMT) Log: Seconds remaining: 2170
2022/01/27-11:31:42(GMT) Log: Seconds remaining: 2160
2022/01/27-11:31:52(GMT) Log: Seconds remaining: 2150
2022/01/27-11:32:02(GMT) Log: Seconds remaining: 2140
2022/01/27-11:32:12(GMT) Log: Seconds remaining: 2130
2022/01/27-11:32:22(GMT) Log: Seconds remaining: 2120
2022/01/27-11:32:32(GMT) Log: Seconds remaining: 2110
2022/01/27-11:32:42(GMT) Log: Seconds remaining: 2100
2022/01/27-11:32:52(GMT) Log: Seconds remaining: 2090
2022/01/27-11:33:02(GMT) Log: Seconds remaining: 2080
2022/01/27-11:33:12(GMT) Log: Seconds remaining: 2070
2022/01/27-11:33:22(GMT) Log: Seconds remaining: 2060
2022/01/27-11:33:32(GMT) Log: Seconds remaining: 2050
2022/01/27-11:33:42(GMT) Log: Seconds remaining: 2040
2022/01/27-11:33:52(GMT) Log: Seconds remaining: 2030
2022/01/27-11:34:02(GMT) Log: Seconds remaining: 2020
2022/01/27-11:34:12(GMT) Log: Seconds remaining: 2010
2022/01/27-11:34:22(GMT) Log: Seconds remaining: 2000
2022/01/27-11:34:32(GMT) Log: Seconds remaining: 1990
2022/01/27-11:34:42(GMT) Log: Seconds remaining: 1980
2022/01/27-11:34:52(GMT) Log: Seconds remaining: 1970
2022/01/27-11:35:02(GMT) Log: Seconds remaining: 1960
2022/01/27-11:35:12(GMT) Log: Seconds remaining: 1950
2022/01/27-11:35:22(GMT) Log: Seconds remaining: 1940
2022/01/27-11:35:32(GMT) Log: Seconds remaining: 1930
2022/01/27-11:35:42(GMT) Log: Seconds remaining: 1920
2022/01/27-11:35:52(GMT) Log: Seconds remaining: 1910
2022/01/27-11:36:02(GMT) Log: Seconds remaining: 1900
2022/01/27-11:36:12(GMT) Log: Seconds remaining: 1890
2022/01/27-11:36:22(GMT) Log: Seconds remaining: 1880
2022/01/27-11:36:32(GMT) Log: Seconds remaining: 1870
2022/01/27-11:36:42(GMT) Log: Seconds remaining: 1860
2022/01/27-11:36:52(GMT) Log: Seconds remaining: 1850
2022/01/27-11:37:02(GMT) Log: Seconds remaining: 1840
2022/01/27-11:37:12(GMT) Log: Seconds remaining: 1830
2022/01/27-11:37:22(GMT) Log: Seconds remaining: 1820
2022/01/27-11:37:32(GMT) Log: Seconds remaining: 1810
2022/01/27-11:37:42(GMT) Log: Seconds remaining: 1800
2022/01/27-11:37:42(GMT) Log: Pausing worker threads in preparation for power spike (1800 seconds remaining)
2022/01/27-11:37:52(GMT) Log: Seconds remaining: 1790
2022/01/27-11:37:57(GMT) Log: Resuming worker threads to cause a power spike (1785 seconds remaining)
2022/01/27-11:38:02(GMT) Log: Seconds remaining: 1780
2022/01/27-11:38:12(GMT) Log: Seconds remaining: 1770
2022/01/27-11:38:22(GMT) Log: Seconds remaining: 1760
2022/01/27-11:38:32(GMT) Log: Seconds remaining: 1750
2022/01/27-11:38:42(GMT) Log: Seconds remaining: 1740
2022/01/27-11:38:52(GMT) Log: Seconds remaining: 1730
2022/01/27-11:39:02(GMT) Log: Seconds remaining: 1720
2022/01/27-11:39:12(GMT) Log: Seconds remaining: 1710
2022/01/27-11:39:22(GMT) Log: Seconds remaining: 1700
2022/01/27-11:39:32(GMT) Log: Seconds remaining: 1690
2022/01/27-11:39:42(GMT) Log: Seconds remaining: 1680
2022/01/27-11:39:52(GMT) Log: Seconds remaining: 1670
2022/01/27-11:40:02(GMT) Log: Seconds remaining: 1660
2022/01/27-11:40:12(GMT) Log: Seconds remaining: 1650
2022/01/27-11:40:22(GMT) Log: Seconds remaining: 1640
2022/01/27-11:40:32(GMT) Log: Seconds remaining: 1630
2022/01/27-11:40:42(GMT) Log: Seconds remaining: 1620
2022/01/27-11:40:52(GMT) Log: Seconds remaining: 1610
2022/01/27-11:41:02(GMT) Log: Seconds remaining: 1600
2022/01/27-11:41:12(GMT) Log: Seconds remaining: 1590
2022/01/27-11:41:22(GMT) Log: Seconds remaining: 1580
2022/01/27-11:41:32(GMT) Log: Seconds remaining: 1570
2022/01/27-11:41:42(GMT) Log: Seconds remaining: 1560
2022/01/27-11:41:52(GMT) Log: Seconds remaining: 1550
2022/01/27-11:42:02(GMT) Log: Seconds remaining: 1540
2022/01/27-11:42:12(GMT) Log: Seconds remaining: 1530
2022/01/27-11:42:22(GMT) Log: Seconds remaining: 1520
2022/01/27-11:42:32(GMT) Log: Seconds remaining: 1510
2022/01/27-11:42:42(GMT) Log: Seconds remaining: 1500
2022/01/27-11:42:52(GMT) Log: Seconds remaining: 1490
2022/01/27-11:43:02(GMT) Log: Seconds remaining: 1480
2022/01/27-11:43:12(GMT) Log: Seconds remaining: 1470
2022/01/27-11:43:22(GMT) Log: Seconds remaining: 1460
2022/01/27-11:43:32(GMT) Log: Seconds remaining: 1450
2022/01/27-11:43:42(GMT) Log: Seconds remaining: 1440
2022/01/27-11:43:52(GMT) Log: Seconds remaining: 1430
2022/01/27-11:44:02(GMT) Log: Seconds remaining: 1420
2022/01/27-11:44:12(GMT) Log: Seconds remaining: 1410
2022/01/27-11:44:22(GMT) Log: Seconds remaining: 1400
2022/01/27-11:44:32(GMT) Log: Seconds remaining: 1390
2022/01/27-11:44:42(GMT) Log: Seconds remaining: 1380
2022/01/27-11:44:52(GMT) Log: Seconds remaining: 1370
2022/01/27-11:45:02(GMT) Log: Seconds remaining: 1360
2022/01/27-11:45:12(GMT) Log: Seconds remaining: 1350
2022/01/27-11:45:22(GMT) Log: Seconds remaining: 1340
2022/01/27-11:45:32(GMT) Log: Seconds remaining: 1330
2022/01/27-11:45:42(GMT) Log: Seconds remaining: 1320
2022/01/27-11:45:52(GMT) Log: Seconds remaining: 1310
2022/01/27-11:46:02(GMT) Log: Seconds remaining: 1300
2022/01/27-11:46:12(GMT) Log: Seconds remaining: 1290
2022/01/27-11:46:22(GMT) Log: Seconds remaining: 1280
2022/01/27-11:46:32(GMT) Log: Seconds remaining: 1270
2022/01/27-11:46:42(GMT) Log: Seconds remaining: 1260
2022/01/27-11:46:52(GMT) Log: Seconds remaining: 1250
2022/01/27-11:47:02(GMT) Log: Seconds remaining: 1240
2022/01/27-11:47:12(GMT) Log: Seconds remaining: 1230
2022/01/27-11:47:22(GMT) Log: Seconds remaining: 1220
2022/01/27-11:47:32(GMT) Log: Seconds remaining: 1210
2022/01/27-11:47:42(GMT) Log: Seconds remaining: 1200
2022/01/27-11:47:42(GMT) Log: Pausing worker threads in preparation for power spike (1200 seconds remaining)
2022/01/27-11:47:52(GMT) Log: Seconds remaining: 1190
2022/01/27-11:47:57(GMT) Log: Resuming worker threads to cause a power spike (1185 seconds remaining)
2022/01/27-11:48:02(GMT) Log: Seconds remaining: 1180
2022/01/27-11:48:12(GMT) Log: Seconds remaining: 1170
2022/01/27-11:48:22(GMT) Log: Seconds remaining: 1160
2022/01/27-11:48:32(GMT) Log: Seconds remaining: 1150
2022/01/27-11:48:42(GMT) Log: Seconds remaining: 1140
2022/01/27-11:48:52(GMT) Log: Seconds remaining: 1130
2022/01/27-11:49:02(GMT) Log: Seconds remaining: 1120
2022/01/27-11:49:12(GMT) Log: Seconds remaining: 1110
2022/01/27-11:49:22(GMT) Log: Seconds remaining: 1100
2022/01/27-11:49:32(GMT) Log: Seconds remaining: 1090
2022/01/27-11:49:42(GMT) Log: Seconds remaining: 1080
2022/01/27-11:49:52(GMT) Log: Seconds remaining: 1070
2022/01/27-11:50:02(GMT) Log: Seconds remaining: 1060
2022/01/27-11:50:12(GMT) Log: Seconds remaining: 1050
2022/01/27-11:50:22(GMT) Log: Seconds remaining: 1040
2022/01/27-11:50:32(GMT) Log: Seconds remaining: 1030
2022/01/27-11:50:42(GMT) Log: Seconds remaining: 1020
2022/01/27-11:50:52(GMT) Log: Seconds remaining: 1010
2022/01/27-11:51:02(GMT) Log: Seconds remaining: 1000
2022/01/27-11:51:12(GMT) Log: Seconds remaining: 990
2022/01/27-11:51:22(GMT) Log: Seconds remaining: 980
2022/01/27-11:51:32(GMT) Log: Seconds remaining: 970
2022/01/27-11:51:42(GMT) Log: Seconds remaining: 960
2022/01/27-11:51:52(GMT) Log: Seconds remaining: 950
2022/01/27-11:52:02(GMT) Log: Seconds remaining: 940
2022/01/27-11:52:12(GMT) Log: Seconds remaining: 930
2022/01/27-11:52:22(GMT) Log: Seconds remaining: 920
2022/01/27-11:52:32(GMT) Log: Seconds remaining: 910
2022/01/27-11:52:42(GMT) Log: Seconds remaining: 900
2022/01/27-11:52:52(GMT) Log: Seconds remaining: 890
2022/01/27-11:53:02(GMT) Log: Seconds remaining: 880
2022/01/27-11:53:12(GMT) Log: Seconds remaining: 870
2022/01/27-11:53:22(GMT) Log: Seconds remaining: 860
2022/01/27-11:53:32(GMT) Log: Seconds remaining: 850
2022/01/27-11:53:42(GMT) Log: Seconds remaining: 840
2022/01/27-11:53:52(GMT) Log: Seconds remaining: 830
2022/01/27-11:54:02(GMT) Log: Seconds remaining: 820
2022/01/27-11:54:12(GMT) Log: Seconds remaining: 810
2022/01/27-11:54:22(GMT) Log: Seconds remaining: 800
2022/01/27-11:54:32(GMT) Log: Seconds remaining: 790
2022/01/27-11:54:42(GMT) Log: Seconds remaining: 780
2022/01/27-11:54:52(GMT) Log: Seconds remaining: 770
2022/01/27-11:55:02(GMT) Log: Seconds remaining: 760
2022/01/27-11:55:12(GMT) Log: Seconds remaining: 750
2022/01/27-11:55:22(GMT) Log: Seconds remaining: 740
2022/01/27-11:55:32(GMT) Log: Seconds remaining: 730
2022/01/27-11:55:42(GMT) Log: Seconds remaining: 720
2022/01/27-11:55:52(GMT) Log: Seconds remaining: 710
2022/01/27-11:56:02(GMT) Log: Seconds remaining: 700
2022/01/27-11:56:12(GMT) Log: Seconds remaining: 690
2022/01/27-11:56:22(GMT) Log: Seconds remaining: 680
2022/01/27-11:56:32(GMT) Log: Seconds remaining: 670
2022/01/27-11:56:42(GMT) Log: Seconds remaining: 660
2022/01/27-11:56:52(GMT) Log: Seconds remaining: 650
2022/01/27-11:57:02(GMT) Log: Seconds remaining: 640
2022/01/27-11:57:12(GMT) Log: Seconds remaining: 630
2022/01/27-11:57:22(GMT) Log: Seconds remaining: 620
2022/01/27-11:57:32(GMT) Log: Seconds remaining: 610
2022/01/27-11:57:42(GMT) Log: Seconds remaining: 600
2022/01/27-11:57:42(GMT) Log: Pausing worker threads in preparation for power spike (600 seconds remaining)
2022/01/27-11:57:52(GMT) Log: Seconds remaining: 590
2022/01/27-11:57:57(GMT) Log: Resuming worker threads to cause a power spike (585 seconds remaining)
2022/01/27-11:58:02(GMT) Log: Seconds remaining: 580
2022/01/27-11:58:12(GMT) Log: Seconds remaining: 570
2022/01/27-11:58:22(GMT) Log: Seconds remaining: 560
2022/01/27-11:58:32(GMT) Log: Seconds remaining: 550
2022/01/27-11:58:42(GMT) Log: Seconds remaining: 540
2022/01/27-11:58:52(GMT) Log: Seconds remaining: 530
2022/01/27-11:59:02(GMT) Log: Seconds remaining: 520
2022/01/27-11:59:12(GMT) Log: Seconds remaining: 510
2022/01/27-11:59:22(GMT) Log: Seconds remaining: 500
2022/01/27-11:59:32(GMT) Log: Seconds remaining: 490
2022/01/27-11:59:42(GMT) Log: Seconds remaining: 480
2022/01/27-11:59:52(GMT) Log: Seconds remaining: 470
2022/01/27-12:00:02(GMT) Log: Seconds remaining: 460
2022/01/27-12:00:12(GMT) Log: Seconds remaining: 450
2022/01/27-12:00:22(GMT) Log: Seconds remaining: 440
2022/01/27-12:00:32(GMT) Log: Seconds remaining: 430
2022/01/27-12:00:42(GMT) Log: Seconds remaining: 420
2022/01/27-12:00:52(GMT) Log: Seconds remaining: 410
2022/01/27-12:01:02(GMT) Log: Seconds remaining: 400
2022/01/27-12:01:12(GMT) Log: Seconds remaining: 390
2022/01/27-12:01:22(GMT) Log: Seconds remaining: 380
2022/01/27-12:01:32(GMT) Log: Seconds remaining: 370
2022/01/27-12:01:42(GMT) Log: Seconds remaining: 360
2022/01/27-12:01:52(GMT) Log: Seconds remaining: 350
2022/01/27-12:02:02(GMT) Log: Seconds remaining: 340
2022/01/27-12:02:12(GMT) Log: Seconds remaining: 330
2022/01/27-12:02:22(GMT) Log: Seconds remaining: 320
2022/01/27-12:02:32(GMT) Log: Seconds remaining: 310
2022/01/27-12:02:42(GMT) Log: Seconds remaining: 300
2022/01/27-12:02:52(GMT) Log: Seconds remaining: 290
2022/01/27-12:03:02(GMT) Log: Seconds remaining: 280
2022/01/27-12:03:12(GMT) Log: Seconds remaining: 270
2022/01/27-12:03:22(GMT) Log: Seconds remaining: 260
2022/01/27-12:03:32(GMT) Log: Seconds remaining: 250
2022/01/27-12:03:42(GMT) Log: Seconds remaining: 240
2022/01/27-12:03:52(GMT) Log: Seconds remaining: 230
2022/01/27-12:04:02(GMT) Log: Seconds remaining: 220
2022/01/27-12:04:12(GMT) Log: Seconds remaining: 210
2022/01/27-12:04:22(GMT) Log: Seconds remaining: 200
2022/01/27-12:04:32(GMT) Log: Seconds remaining: 190
2022/01/27-12:04:42(GMT) Log: Seconds remaining: 180
2022/01/27-12:04:52(GMT) Log: Seconds remaining: 170
2022/01/27-12:05:02(GMT) Log: Seconds remaining: 160
2022/01/27-12:05:12(GMT) Log: Seconds remaining: 150
2022/01/27-12:05:22(GMT) Log: Seconds remaining: 140
2022/01/27-12:05:32(GMT) Log: Seconds remaining: 130
2022/01/27-12:05:42(GMT) Log: Seconds remaining: 120
2022/01/27-12:05:52(GMT) Log: Seconds remaining: 110
2022/01/27-12:06:02(GMT) Log: Seconds remaining: 100
2022/01/27-12:06:12(GMT) Log: Seconds remaining: 90
2022/01/27-12:06:22(GMT) Log: Seconds remaining: 80
2022/01/27-12:06:32(GMT) Log: Seconds remaining: 70
2022/01/27-12:06:42(GMT) Log: Seconds remaining: 60
2022/01/27-12:06:52(GMT) Log: Seconds remaining: 50
2022/01/27-12:07:02(GMT) Log: Seconds remaining: 40
2022/01/27-12:07:12(GMT) Log: Seconds remaining: 30
2022/01/27-12:07:22(GMT) Log: Seconds remaining: 20
2022/01/27-12:07:32(GMT) Log: Seconds remaining: 10
2022/01/27-12:07:47(GMT) Stats: Found 0 hardware incidents
2022/01/27-12:07:47(GMT) Stats: Completed: 193740352.00M in 2400.81s 80697.92MB/s, with 0 hardware incidents, 0 errors
2022/01/27-12:07:47(GMT) Stats: Memory Copy: 193740352.00M at 80721.88MB/s
2022/01/27-12:07:47(GMT) Stats: File Copy: 0.00M at 0.00MB/s
2022/01/27-12:07:47(GMT) Stats: Net Copy: 0.00M at 0.00MB/s
2022/01/27-12:07:47(GMT) Stats: Data Check: 0.00M at 0.00MB/s
2022/01/27-12:07:47(GMT) Stats: Invert Data: 0.00M at 0.00MB/s
2022/01/27-12:07:47(GMT) Stats: Disk: 0.00M at 0.00MB/s
2022/01/27-12:07:47(GMT) 
2022/01/27-12:07:47(GMT) Status: PASS - please verify no corrected errors
2022/01/27-12:07:47(GMT) 

============================
=          DMESG           =
============================
[ 1834.866339] perf: interrupt took too long (2519 > 2500), lowering kernel.perf_event_max_sample_rate to 79250
[ 1942.146099] perf: interrupt took too long (3158 > 3148), lowering kernel.perf_event_max_sample_rate to 63250
[ 2280.235938] perf: interrupt took too long (3960 > 3947), lowering kernel.perf_event_max_sample_rate to 50500

============================
=          BMC SEL         =
============================
=== No SEL logged ===


==============================================
=            Burn-In Test Cycle 2            =
==============================================
Test start time: 2022-01-27_12:08:14
***************************
*      KSB test cycle2    *
***************************
===== KSB Memory test PASS =====

=======================================================
Running fpga-test on 02:00.0
=======================================================

Device Type                : Kalidah
EP Link Status             : Gen3 x8     PASSED 
GIT Hash                   : 0x0FAA0CFE
Device DNA                 : 0x400200000155AC810540E305
Core Clock Frequency       :    250 MHz
SSD_0 present              :        Yes
SSD_1 present              :        Yes
KSB number                 :          1
Slice number               :          0
Temperature Master  Sysmon :      35.14  Cel
Temperature Slave 0 Sysmon :      35.24  Cel
Temperature Slave 1 Sysmon :      34.46  Cel
DDR4 capability            : ID_2, 16GB, VLP RDIMM w/ ECC, 1R, 16Gb x8 die, 2400 MT/s 
DDR4 calibration done      : 0x00000001  PASSED 
Unsupported Offset BAR3    : 0xFFFFFFFF  PASSED 
FPGA Version               : 0x00030006  PASSED 
DMA ch0 ctl. register      : 0x00008003  PASSED 
DMA ch1 ctl. register      : 0x00008013  PASSED 
DMA ch2 ctl. register      : 0x00008023  PASSED 
RP0 Link Status            : 0x70430000  PASSED 
Locating PCIe capabilities of SSD0 ...SSD0 Link Status           : 0x10430000  PASSED 
SSD0 Vendor/Dev ID         : 0xA808144D  PASSED  (Samsung)
RP1 Link Status            : 0x70430000  PASSED 
Locating PCIe capabilities of SSD1 ...SSD1 Link Status           : 0x10430000  PASSED 
SSD1 Vendor/Dev ID         : 0xA808144D  PASSED  (Samsung)
Global Fatal Interrupt     : 0x00000000  PASSED 
Global Non Fatal Interrupt : 0x00000000  PASSED 
  ____                 _
 |  _ \ __ _ ___ ___  | |
 | |_) / _` / __/ __| | |
 |  __/ (_| \__ \__ \ |_|
 |_|   \__,_|___/___/ (_)


=======================================================
Running fpga-test on 41:00.0
=======================================================

Device Type                : Kalidah
EP Link Status             : Gen3 x8     PASSED 
GIT Hash                   : 0x0FAA0CFE
Device DNA                 : 0x400200000155AC810540E305
Core Clock Frequency       :    250 MHz
SSD_0 present              :        Yes
SSD_1 present              :        Yes
KSB number                 :          1
Slice number               :          1
DDR4 capability            : ID_2, 16GB, VLP RDIMM w/ ECC, 1R, 16Gb x8 die, 2400 MT/s 
DDR4 calibration done      : 0x00000001  PASSED 
Unsupported Offset BAR3    : 0xFFFFFFFF  PASSED 
FPGA Version               : 0x00030006  PASSED 
DMA ch0 ctl. register      : 0x00008003  PASSED 
DMA ch1 ctl. register      : 0x00008013  PASSED 
DMA ch2 ctl. register      : 0x00008023  PASSED 
RP0 Link Status            : 0x70430000  PASSED 
Locating PCIe capabilities of SSD0 ...SSD0 Link Status           : 0x10430000  PASSED 
SSD0 Vendor/Dev ID         : 0xA808144D  PASSED  (Samsung)
RP1 Link Status            : 0x70430000  PASSED 
Locating PCIe capabilities of SSD1 ...SSD1 Link Status           : 0x10430000  PASSED 
SSD1 Vendor/Dev ID         : 0xA808144D  PASSED  (Samsung)
Global Fatal Interrupt     : 0x00000000  PASSED 
Global Non Fatal Interrupt : 0x00000000  PASSED 
  ____                 _
 |  _ \ __ _ ___ ___  | |
 | |_) / _` / __/ __| | |
 |  __/ (_| \__ \__ \ |_|
 |_|   \__,_|___/___/ (_)


=======================================================
Running fpga-test on 84:00.0
=======================================================

Device Type                : Kalidah
EP Link Status             : Gen3 x8     PASSED 
GIT Hash                   : 0x0FAA0CFE
Device DNA                 : 0x400200000155AC8105410105
Core Clock Frequency       :    250 MHz
SSD_0 present              :        Yes
SSD_1 present              :        Yes
KSB number                 :          0
Slice number               :          1
DDR4 capability            : ID_2, 16GB, VLP RDIMM w/ ECC, 1R, 16Gb x8 die, 2400 MT/s 
DDR4 calibration done      : 0x00000001  PASSED 
Unsupported Offset BAR3    : 0xFFFFFFFF  PASSED 
FPGA Version               : 0x00030006  PASSED 
DMA ch0 ctl. register      : 0x00008003  PASSED 
DMA ch1 ctl. register      : 0x00008013  PASSED 
DMA ch2 ctl. register      : 0x00008023  PASSED 
RP0 Link Status            : 0x70430000  PASSED 
Locating PCIe capabilities of SSD0 ...SSD0 Link Status           : 0x10430000  PASSED 
SSD0 Vendor/Dev ID         : 0xA808144D  PASSED  (Samsung)
RP1 Link Status            : 0x70430000  PASSED 
Locating PCIe capabilities of SSD1 ...SSD1 Link Status           : 0x10430000  PASSED 
SSD1 Vendor/Dev ID         : 0xA808144D  PASSED  (Samsung)
Global Fatal Interrupt     : 0x00000000  PASSED 
Global Non Fatal Interrupt : 0x00000000  PASSED 
  ____                 _
 |  _ \ __ _ ___ ___  | |
 | |_) / _` / __/ __| | |
 |  __/ (_| \__ \__ \ |_|
 |_|   \__,_|___/___/ (_)


=======================================================
Running fpga-test on c1:00.0
=======================================================

Device Type                : Kalidah
EP Link Status             : Gen3 x8     PASSED 
GIT Hash                   : 0x0FAA0CFE
Device DNA                 : 0x400200000155AC8105410105
Core Clock Frequency       :    250 MHz
SSD_0 present              :        Yes
SSD_1 present              :        Yes
KSB number                 :          0
Slice number               :          0
Temperature Master  Sysmon :      35.03  Cel
Temperature Slave 0 Sysmon :      34.63  Cel
Temperature Slave 1 Sysmon :      34.82  Cel
DDR4 capability            : ID_2, 16GB, VLP RDIMM w/ ECC, 1R, 16Gb x8 die, 2400 MT/s 
DDR4 calibration done      : 0x00000001  PASSED 
Unsupported Offset BAR3    : 0xFFFFFFFF  PASSED 
FPGA Version               : 0x00030006  PASSED 
DMA ch0 ctl. register      : 0x00008003  PASSED 
DMA ch1 ctl. register      : 0x00008013  PASSED 
DMA ch2 ctl. register      : 0x00008023  PASSED 
RP0 Link Status            : 0x70430000  PASSED 
Locating PCIe capabilities of SSD0 ...SSD0 Link Status           : 0x10430000  PASSED 
SSD0 Vendor/Dev ID         : 0xA808144D  PASSED  (Samsung)
RP1 Link Status            : 0x70430000  PASSED 
Locating PCIe capabilities of SSD1 ...SSD1 Link Status           : 0x10430000  PASSED 
SSD1 Vendor/Dev ID         : 0xA808144D  PASSED  (Samsung)
Global Fatal Interrupt     : 0x00000000  PASSED 
Global Non Fatal Interrupt : 0x00000000  PASSED 
  ____                 _
 |  _ \ __ _ ___ ___  | |
 | |_) / _` / __/ __| | |
 |  __/ (_| \__ \__ \ |_|
 |_|   \__,_|___/___/ (_)


*****************************
*  CPU/Memory Stress cycle2 *
*****************************
============================
=        Stress Log        =
============================
2022/01/27-12:08:50(GMT) Log: Commandline - ./stressapptest -m 32 -C 32 -l /root/TinmanBI/STRESS.log -s 2400
2022/01/27-12:08:50(GMT) Stats: SAT revision 1.0.7_autoconf, 64 bit binary
2022/01/27-12:08:50(GMT) Log: root @ localhost.localdomain on Tue Sep 19 03:28:47 CST 2017 from open source release
2022/01/27-12:08:50(GMT) Log: 1 nodes, 128 cpus.
2022/01/27-12:08:50(GMT) Log: Total 515817 MB. Free 510009 MB. Hugepages 0 MB. Targeting 489834 MB (94%)
2022/01/27-12:08:50(GMT) Log: Prefer plain malloc memory allocation.
2022/01/27-12:08:50(GMT) Log: Using mmap() allocation at 0x7e9b1856e000.
2022/01/27-12:08:50(GMT) Stats: Starting SAT, 489834M, 2400 seconds
2022/01/27-12:09:26(GMT) Log: Region mask: 0x1
2022/01/27-12:09:36(GMT) Log: Seconds remaining: 2390
2022/01/27-12:09:46(GMT) Log: Seconds remaining: 2380
2022/01/27-12:09:56(GMT) Log: Seconds remaining: 2370
2022/01/27-12:10:06(GMT) Log: Seconds remaining: 2360
2022/01/27-12:10:16(GMT) Log: Seconds remaining: 2350
2022/01/27-12:10:26(GMT) Log: Seconds remaining: 2340
2022/01/27-12:10:36(GMT) Log: Seconds remaining: 2330
2022/01/27-12:10:46(GMT) Log: Seconds remaining: 2320
2022/01/27-12:10:56(GMT) Log: Seconds remaining: 2310
2022/01/27-12:11:06(GMT) Log: Seconds remaining: 2300
2022/01/27-12:11:16(GMT) Log: Seconds remaining: 2290
2022/01/27-12:11:26(GMT) Log: Seconds remaining: 2280
2022/01/27-12:11:36(GMT) Log: Seconds remaining: 2270
2022/01/27-12:11:46(GMT) Log: Seconds remaining: 2260
2022/01/27-12:11:56(GMT) Log: Seconds remaining: 2250
2022/01/27-12:12:06(GMT) Log: Seconds remaining: 2240
2022/01/27-12:12:16(GMT) Log: Seconds remaining: 2230
2022/01/27-12:12:26(GMT) Log: Seconds remaining: 2220
2022/01/27-12:12:36(GMT) Log: Seconds remaining: 2210
2022/01/27-12:12:46(GMT) Log: Seconds remaining: 2200
2022/01/27-12:12:56(GMT) Log: Seconds remaining: 2190
2022/01/27-12:13:06(GMT) Log: Seconds remaining: 2180
2022/01/27-12:13:16(GMT) Log: Seconds remaining: 2170
2022/01/27-12:13:26(GMT) Log: Seconds remaining: 2160
2022/01/27-12:13:36(GMT) Log: Seconds remaining: 2150
2022/01/27-12:13:46(GMT) Log: Seconds remaining: 2140
2022/01/27-12:13:56(GMT) Log: Seconds remaining: 2130
2022/01/27-12:14:06(GMT) Log: Seconds remaining: 2120
2022/01/27-12:14:16(GMT) Log: Seconds remaining: 2110
2022/01/27-12:14:26(GMT) Log: Seconds remaining: 2100
2022/01/27-12:14:36(GMT) Log: Seconds remaining: 2090
2022/01/27-12:14:46(GMT) Log: Seconds remaining: 2080
2022/01/27-12:14:56(GMT) Log: Seconds remaining: 2070
2022/01/27-12:15:06(GMT) Log: Seconds remaining: 2060
2022/01/27-12:15:16(GMT) Log: Seconds remaining: 2050
2022/01/27-12:15:26(GMT) Log: Seconds remaining: 2040
2022/01/27-12:15:36(GMT) Log: Seconds remaining: 2030
2022/01/27-12:15:46(GMT) Log: Seconds remaining: 2020
2022/01/27-12:15:56(GMT) Log: Seconds remaining: 2010
2022/01/27-12:16:06(GMT) Log: Seconds remaining: 2000
2022/01/27-12:16:16(GMT) Log: Seconds remaining: 1990
2022/01/27-12:16:26(GMT) Log: Seconds remaining: 1980
2022/01/27-12:16:36(GMT) Log: Seconds remaining: 1970
2022/01/27-12:16:46(GMT) Log: Seconds remaining: 1960
2022/01/27-12:16:56(GMT) Log: Seconds remaining: 1950
2022/01/27-12:17:06(GMT) Log: Seconds remaining: 1940
2022/01/27-12:17:16(GMT) Log: Seconds remaining: 1930
2022/01/27-12:17:26(GMT) Log: Seconds remaining: 1920
2022/01/27-12:17:36(GMT) Log: Seconds remaining: 1910
2022/01/27-12:17:46(GMT) Log: Seconds remaining: 1900
2022/01/27-12:17:56(GMT) Log: Seconds remaining: 1890
2022/01/27-12:18:06(GMT) Log: Seconds remaining: 1880
2022/01/27-12:18:16(GMT) Log: Seconds remaining: 1870
2022/01/27-12:18:26(GMT) Log: Seconds remaining: 1860
2022/01/27-12:18:36(GMT) Log: Seconds remaining: 1850
2022/01/27-12:18:46(GMT) Log: Seconds remaining: 1840
2022/01/27-12:18:56(GMT) Log: Seconds remaining: 1830
2022/01/27-12:19:06(GMT) Log: Seconds remaining: 1820
2022/01/27-12:19:16(GMT) Log: Seconds remaining: 1810
2022/01/27-12:19:26(GMT) Log: Seconds remaining: 1800
2022/01/27-12:19:26(GMT) Log: Pausing worker threads in preparation for power spike (1800 seconds remaining)
2022/01/27-12:19:36(GMT) Log: Seconds remaining: 1790
2022/01/27-12:19:41(GMT) Log: Resuming worker threads to cause a power spike (1785 seconds remaining)
2022/01/27-12:19:46(GMT) Log: Seconds remaining: 1780
2022/01/27-12:19:56(GMT) Log: Seconds remaining: 1770
2022/01/27-12:20:06(GMT) Log: Seconds remaining: 1760
2022/01/27-12:20:16(GMT) Log: Seconds remaining: 1750
2022/01/27-12:20:26(GMT) Log: Seconds remaining: 1740
2022/01/27-12:20:36(GMT) Log: Seconds remaining: 1730
2022/01/27-12:20:46(GMT) Log: Seconds remaining: 1720
2022/01/27-12:20:56(GMT) Log: Seconds remaining: 1710
2022/01/27-12:21:06(GMT) Log: Seconds remaining: 1700
2022/01/27-12:21:16(GMT) Log: Seconds remaining: 1690
2022/01/27-12:21:26(GMT) Log: Seconds remaining: 1680
2022/01/27-12:21:36(GMT) Log: Seconds remaining: 1670
2022/01/27-12:21:46(GMT) Log: Seconds remaining: 1660
2022/01/27-12:21:56(GMT) Log: Seconds remaining: 1650
2022/01/27-12:22:06(GMT) Log: Seconds remaining: 1640
2022/01/27-12:22:16(GMT) Log: Seconds remaining: 1630
2022/01/27-12:22:26(GMT) Log: Seconds remaining: 1620
2022/01/27-12:22:36(GMT) Log: Seconds remaining: 1610
2022/01/27-12:22:46(GMT) Log: Seconds remaining: 1600
2022/01/27-12:22:56(GMT) Log: Seconds remaining: 1590
2022/01/27-12:23:06(GMT) Log: Seconds remaining: 1580
2022/01/27-12:23:16(GMT) Log: Seconds remaining: 1570
2022/01/27-12:23:26(GMT) Log: Seconds remaining: 1560
2022/01/27-12:23:36(GMT) Log: Seconds remaining: 1550
2022/01/27-12:23:46(GMT) Log: Seconds remaining: 1540
2022/01/27-12:23:56(GMT) Log: Seconds remaining: 1530
2022/01/27-12:24:06(GMT) Log: Seconds remaining: 1520
2022/01/27-12:24:16(GMT) Log: Seconds remaining: 1510
2022/01/27-12:24:26(GMT) Log: Seconds remaining: 1500
2022/01/27-12:24:36(GMT) Log: Seconds remaining: 1490
2022/01/27-12:24:46(GMT) Log: Seconds remaining: 1480
2022/01/27-12:24:56(GMT) Log: Seconds remaining: 1470
2022/01/27-12:25:06(GMT) Log: Seconds remaining: 1460
2022/01/27-12:25:16(GMT) Log: Seconds remaining: 1450
2022/01/27-12:25:26(GMT) Log: Seconds remaining: 1440
2022/01/27-12:25:36(GMT) Log: Seconds remaining: 1430
2022/01/27-12:25:46(GMT) Log: Seconds remaining: 1420
2022/01/27-12:25:56(GMT) Log: Seconds remaining: 1410
2022/01/27-12:26:06(GMT) Log: Seconds remaining: 1400
2022/01/27-12:26:16(GMT) Log: Seconds remaining: 1390
2022/01/27-12:26:26(GMT) Log: Seconds remaining: 1380
2022/01/27-12:26:36(GMT) Log: Seconds remaining: 1370
2022/01/27-12:26:46(GMT) Log: Seconds remaining: 1360
2022/01/27-12:26:56(GMT) Log: Seconds remaining: 1350
2022/01/27-12:27:06(GMT) Log: Seconds remaining: 1340
2022/01/27-12:27:16(GMT) Log: Seconds remaining: 1330
2022/01/27-12:27:26(GMT) Log: Seconds remaining: 1320
2022/01/27-12:27:36(GMT) Log: Seconds remaining: 1310
2022/01/27-12:27:46(GMT) Log: Seconds remaining: 1300
2022/01/27-12:27:56(GMT) Log: Seconds remaining: 1290
2022/01/27-12:28:06(GMT) Log: Seconds remaining: 1280
2022/01/27-12:28:16(GMT) Log: Seconds remaining: 1270
2022/01/27-12:28:26(GMT) Log: Seconds remaining: 1260
2022/01/27-12:28:36(GMT) Log: Seconds remaining: 1250
2022/01/27-12:28:46(GMT) Log: Seconds remaining: 1240
2022/01/27-12:28:56(GMT) Log: Seconds remaining: 1230
2022/01/27-12:29:06(GMT) Log: Seconds remaining: 1220
2022/01/27-12:29:16(GMT) Log: Seconds remaining: 1210
2022/01/27-12:29:26(GMT) Log: Seconds remaining: 1200
2022/01/27-12:29:26(GMT) Log: Pausing worker threads in preparation for power spike (1200 seconds remaining)
2022/01/27-12:29:36(GMT) Log: Seconds remaining: 1190
2022/01/27-12:29:41(GMT) Log: Resuming worker threads to cause a power spike (1185 seconds remaining)
2022/01/27-12:29:46(GMT) Log: Seconds remaining: 1180
2022/01/27-12:29:56(GMT) Log: Seconds remaining: 1170
2022/01/27-12:30:06(GMT) Log: Seconds remaining: 1160
2022/01/27-12:30:16(GMT) Log: Seconds remaining: 1150
2022/01/27-12:30:26(GMT) Log: Seconds remaining: 1140
2022/01/27-12:30:36(GMT) Log: Seconds remaining: 1130
2022/01/27-12:30:46(GMT) Log: Seconds remaining: 1120
2022/01/27-12:30:56(GMT) Log: Seconds remaining: 1110
2022/01/27-12:31:06(GMT) Log: Seconds remaining: 1100
2022/01/27-12:31:16(GMT) Log: Seconds remaining: 1090
2022/01/27-12:31:26(GMT) Log: Seconds remaining: 1080
2022/01/27-12:31:36(GMT) Log: Seconds remaining: 1070
2022/01/27-12:31:46(GMT) Log: Seconds remaining: 1060
2022/01/27-12:31:56(GMT) Log: Seconds remaining: 1050
2022/01/27-12:32:06(GMT) Log: Seconds remaining: 1040
2022/01/27-12:32:16(GMT) Log: Seconds remaining: 1030
2022/01/27-12:32:26(GMT) Log: Seconds remaining: 1020
2022/01/27-12:32:36(GMT) Log: Seconds remaining: 1010
2022/01/27-12:32:46(GMT) Log: Seconds remaining: 1000
2022/01/27-12:32:56(GMT) Log: Seconds remaining: 990
2022/01/27-12:33:06(GMT) Log: Seconds remaining: 980
2022/01/27-12:33:16(GMT) Log: Seconds remaining: 970
2022/01/27-12:33:26(GMT) Log: Seconds remaining: 960
2022/01/27-12:33:36(GMT) Log: Seconds remaining: 950
2022/01/27-12:33:46(GMT) Log: Seconds remaining: 940
2022/01/27-12:33:56(GMT) Log: Seconds remaining: 930
2022/01/27-12:34:06(GMT) Log: Seconds remaining: 920
2022/01/27-12:34:16(GMT) Log: Seconds remaining: 910
2022/01/27-12:34:26(GMT) Log: Seconds remaining: 900
2022/01/27-12:34:36(GMT) Log: Seconds remaining: 890
2022/01/27-12:34:46(GMT) Log: Seconds remaining: 880
2022/01/27-12:34:56(GMT) Log: Seconds remaining: 870
2022/01/27-12:35:06(GMT) Log: Seconds remaining: 860
2022/01/27-12:35:16(GMT) Log: Seconds remaining: 850
2022/01/27-12:35:26(GMT) Log: Seconds remaining: 840
2022/01/27-12:35:36(GMT) Log: Seconds remaining: 830
2022/01/27-12:35:46(GMT) Log: Seconds remaining: 820
2022/01/27-12:35:56(GMT) Log: Seconds remaining: 810
2022/01/27-12:36:06(GMT) Log: Seconds remaining: 800
2022/01/27-12:36:16(GMT) Log: Seconds remaining: 790
2022/01/27-12:36:26(GMT) Log: Seconds remaining: 780
2022/01/27-12:36:36(GMT) Log: Seconds remaining: 770
2022/01/27-12:36:46(GMT) Log: Seconds remaining: 760
2022/01/27-12:36:56(GMT) Log: Seconds remaining: 750
2022/01/27-12:37:06(GMT) Log: Seconds remaining: 740
2022/01/27-12:37:16(GMT) Log: Seconds remaining: 730
2022/01/27-12:37:26(GMT) Log: Seconds remaining: 720
2022/01/27-12:37:36(GMT) Log: Seconds remaining: 710
2022/01/27-12:37:46(GMT) Log: Seconds remaining: 700
2022/01/27-12:37:56(GMT) Log: Seconds remaining: 690
2022/01/27-12:38:06(GMT) Log: Seconds remaining: 680
2022/01/27-12:38:16(GMT) Log: Seconds remaining: 670
2022/01/27-12:38:26(GMT) Log: Seconds remaining: 660
2022/01/27-12:38:36(GMT) Log: Seconds remaining: 650
2022/01/27-12:38:46(GMT) Log: Seconds remaining: 640
2022/01/27-12:38:56(GMT) Log: Seconds remaining: 630
2022/01/27-12:39:06(GMT) Log: Seconds remaining: 620
2022/01/27-12:39:16(GMT) Log: Seconds remaining: 610
2022/01/27-12:39:26(GMT) Log: Seconds remaining: 600
2022/01/27-12:39:26(GMT) Log: Pausing worker threads in preparation for power spike (600 seconds remaining)
2022/01/27-12:39:36(GMT) Log: Seconds remaining: 590
2022/01/27-12:39:41(GMT) Log: Resuming worker threads to cause a power spike (585 seconds remaining)
2022/01/27-12:39:46(GMT) Log: Seconds remaining: 580
2022/01/27-12:39:56(GMT) Log: Seconds remaining: 570
2022/01/27-12:40:06(GMT) Log: Seconds remaining: 560
2022/01/27-12:40:16(GMT) Log: Seconds remaining: 550
2022/01/27-12:40:26(GMT) Log: Seconds remaining: 540
2022/01/27-12:40:36(GMT) Log: Seconds remaining: 530
2022/01/27-12:40:46(GMT) Log: Seconds remaining: 520
2022/01/27-12:40:56(GMT) Log: Seconds remaining: 510
2022/01/27-12:41:06(GMT) Log: Seconds remaining: 500
2022/01/27-12:41:16(GMT) Log: Seconds remaining: 490
2022/01/27-12:41:26(GMT) Log: Seconds remaining: 480
2022/01/27-12:41:36(GMT) Log: Seconds remaining: 470
2022/01/27-12:41:46(GMT) Log: Seconds remaining: 460
2022/01/27-12:41:56(GMT) Log: Seconds remaining: 450
2022/01/27-12:42:06(GMT) Log: Seconds remaining: 440
2022/01/27-12:42:16(GMT) Log: Seconds remaining: 430
2022/01/27-12:42:26(GMT) Log: Seconds remaining: 420
2022/01/27-12:42:36(GMT) Log: Seconds remaining: 410
2022/01/27-12:42:46(GMT) Log: Seconds remaining: 400
2022/01/27-12:42:56(GMT) Log: Seconds remaining: 390
2022/01/27-12:43:06(GMT) Log: Seconds remaining: 380
2022/01/27-12:43:16(GMT) Log: Seconds remaining: 370
2022/01/27-12:43:26(GMT) Log: Seconds remaining: 360
2022/01/27-12:43:36(GMT) Log: Seconds remaining: 350
2022/01/27-12:43:46(GMT) Log: Seconds remaining: 340
2022/01/27-12:43:56(GMT) Log: Seconds remaining: 330
2022/01/27-12:44:06(GMT) Log: Seconds remaining: 320
2022/01/27-12:44:16(GMT) Log: Seconds remaining: 310
2022/01/27-12:44:26(GMT) Log: Seconds remaining: 300
2022/01/27-12:44:36(GMT) Log: Seconds remaining: 290
2022/01/27-12:44:46(GMT) Log: Seconds remaining: 280
2022/01/27-12:44:56(GMT) Log: Seconds remaining: 270
2022/01/27-12:45:06(GMT) Log: Seconds remaining: 260
2022/01/27-12:45:16(GMT) Log: Seconds remaining: 250
2022/01/27-12:45:26(GMT) Log: Seconds remaining: 240
2022/01/27-12:45:36(GMT) Log: Seconds remaining: 230
2022/01/27-12:45:46(GMT) Log: Seconds remaining: 220
2022/01/27-12:45:56(GMT) Log: Seconds remaining: 210
2022/01/27-12:46:06(GMT) Log: Seconds remaining: 200
2022/01/27-12:46:16(GMT) Log: Seconds remaining: 190
2022/01/27-12:46:26(GMT) Log: Seconds remaining: 180
2022/01/27-12:46:36(GMT) Log: Seconds remaining: 170
2022/01/27-12:46:46(GMT) Log: Seconds remaining: 160
2022/01/27-12:46:56(GMT) Log: Seconds remaining: 150
2022/01/27-12:47:06(GMT) Log: Seconds remaining: 140
2022/01/27-12:47:16(GMT) Log: Seconds remaining: 130
2022/01/27-12:47:26(GMT) Log: Seconds remaining: 120
2022/01/27-12:47:36(GMT) Log: Seconds remaining: 110
2022/01/27-12:47:46(GMT) Log: Seconds remaining: 100
2022/01/27-12:47:56(GMT) Log: Seconds remaining: 90
2022/01/27-12:48:06(GMT) Log: Seconds remaining: 80
2022/01/27-12:48:16(GMT) Log: Seconds remaining: 70
2022/01/27-12:48:26(GMT) Log: Seconds remaining: 60
2022/01/27-12:48:36(GMT) Log: Seconds remaining: 50
2022/01/27-12:48:46(GMT) Log: Seconds remaining: 40
2022/01/27-12:48:56(GMT) Log: Seconds remaining: 30
2022/01/27-12:49:06(GMT) Log: Seconds remaining: 20
2022/01/27-12:49:16(GMT) Log: Seconds remaining: 10
2022/01/27-12:49:32(GMT) Stats: Found 0 hardware incidents
2022/01/27-12:49:32(GMT) Stats: Completed: 195388624.00M in 2400.79s 81385.05MB/s, with 0 hardware incidents, 0 errors
2022/01/27-12:49:32(GMT) Stats: Memory Copy: 195388624.00M at 81409.46MB/s
2022/01/27-12:49:32(GMT) Stats: File Copy: 0.00M at 0.00MB/s
2022/01/27-12:49:32(GMT) Stats: Net Copy: 0.00M at 0.00MB/s
2022/01/27-12:49:32(GMT) Stats: Data Check: 0.00M at 0.00MB/s
2022/01/27-12:49:32(GMT) Stats: Invert Data: 0.00M at 0.00MB/s
2022/01/27-12:49:32(GMT) Stats: Disk: 0.00M at 0.00MB/s
2022/01/27-12:49:32(GMT) 
2022/01/27-12:49:32(GMT) Status: PASS - please verify no corrected errors
2022/01/27-12:49:32(GMT) 

============================
=          DMESG           =
============================
[ 1834.866339] perf: interrupt took too long (2519 > 2500), lowering kernel.perf_event_max_sample_rate to 79250
[ 1942.146099] perf: interrupt took too long (3158 > 3148), lowering kernel.perf_event_max_sample_rate to 63250
[ 2280.235938] perf: interrupt took too long (3960 > 3947), lowering kernel.perf_event_max_sample_rate to 50500
[ 4252.257627] perf: interrupt took too long (4970 > 4950), lowering kernel.perf_event_max_sample_rate to 40000

============================
=          BMC SEL         =
============================
=== No SEL logged ===


==============================================
=            Burn-In Test Cycle 3            =
==============================================
Test start time: 2022-01-27_12:49:59
***************************
*      KSB test cycle3    *
***************************
===== KSB Memory test PASS =====

=======================================================
Running fpga-test on 02:00.0
=======================================================

Device Type                : Kalidah
EP Link Status             : Gen3 x8     PASSED 
GIT Hash                   : 0x0FAA0CFE
Device DNA                 : 0x400200000155AC810540E305
Core Clock Frequency       :    250 MHz
SSD_0 present              :        Yes
SSD_1 present              :        Yes
KSB number                 :          1
Slice number               :          0
Temperature Master  Sysmon :      36.46  Cel
Temperature Slave 0 Sysmon :      36.59  Cel
Temperature Slave 1 Sysmon :      35.86  Cel
DDR4 capability            : ID_2, 16GB, VLP RDIMM w/ ECC, 1R, 16Gb x8 die, 2400 MT/s 
DDR4 calibration done      : 0x00000001  PASSED 
Unsupported Offset BAR3    : 0xFFFFFFFF  PASSED 
FPGA Version               : 0x00030006  PASSED 
DMA ch0 ctl. register      : 0x00008003  PASSED 
DMA ch1 ctl. register      : 0x00008013  PASSED 
DMA ch2 ctl. register      : 0x00008023  PASSED 
RP0 Link Status            : 0x70430000  PASSED 
Locating PCIe capabilities of SSD0 ...SSD0 Link Status           : 0x10430000  PASSED 
SSD0 Vendor/Dev ID         : 0xA808144D  PASSED  (Samsung)
RP1 Link Status            : 0x70430000  PASSED 
Locating PCIe capabilities of SSD1 ...SSD1 Link Status           : 0x10430000  PASSED 
SSD1 Vendor/Dev ID         : 0xA808144D  PASSED  (Samsung)
Global Fatal Interrupt     : 0x00000000  PASSED 
Global Non Fatal Interrupt : 0x00000000  PASSED 
  ____                 _
 |  _ \ __ _ ___ ___  | |
 | |_) / _` / __/ __| | |
 |  __/ (_| \__ \__ \ |_|
 |_|   \__,_|___/___/ (_)


=======================================================
Running fpga-test on 41:00.0
=======================================================

Device Type                : Kalidah
EP Link Status             : Gen3 x8     PASSED 
GIT Hash                   : 0x0FAA0CFE
Device DNA                 : 0x400200000155AC810540E305
Core Clock Frequency       :    250 MHz
SSD_0 present              :        Yes
SSD_1 present              :        Yes
KSB number                 :          1
Slice number               :          1
DDR4 capability            : ID_2, 16GB, VLP RDIMM w/ ECC, 1R, 16Gb x8 die, 2400 MT/s 
DDR4 calibration done      : 0x00000001  PASSED 
Unsupported Offset BAR3    : 0xFFFFFFFF  PASSED 
FPGA Version               : 0x00030006  PASSED 
DMA ch0 ctl. register      : 0x00008003  PASSED 
DMA ch1 ctl. register      : 0x00008013  PASSED 
DMA ch2 ctl. register      : 0x00008023  PASSED 
RP0 Link Status            : 0x70430000  PASSED 
Locating PCIe capabilities of SSD0 ...SSD0 Link Status           : 0x10430000  PASSED 
SSD0 Vendor/Dev ID         : 0xA808144D  PASSED  (Samsung)
RP1 Link Status            : 0x70430000  PASSED 
Locating PCIe capabilities of SSD1 ...SSD1 Link Status           : 0x10430000  PASSED 
SSD1 Vendor/Dev ID         : 0xA808144D  PASSED  (Samsung)
Global Fatal Interrupt     : 0x00000000  PASSED 
Global Non Fatal Interrupt : 0x00000000  PASSED 
  ____                 _
 |  _ \ __ _ ___ ___  | |
 | |_) / _` / __/ __| | |
 |  __/ (_| \__ \__ \ |_|
 |_|   \__,_|___/___/ (_)


=======================================================
Running fpga-test on 84:00.0
=======================================================

Device Type                : Kalidah
EP Link Status             : Gen3 x8     PASSED 
GIT Hash                   : 0x0FAA0CFE
Device DNA                 : 0x400200000155AC8105410105
Core Clock Frequency       :    250 MHz
SSD_0 present              :        Yes
SSD_1 present              :        Yes
KSB number                 :          0
Slice number               :          1
DDR4 capability            : ID_2, 16GB, VLP RDIMM w/ ECC, 1R, 16Gb x8 die, 2400 MT/s 
DDR4 calibration done      : 0x00000001  PASSED 
Unsupported Offset BAR3    : 0xFFFFFFFF  PASSED 
FPGA Version               : 0x00030006  PASSED 
DMA ch0 ctl. register      : 0x00008003  PASSED 
DMA ch1 ctl. register      : 0x00008013  PASSED 
DMA ch2 ctl. register      : 0x00008023  PASSED 
RP0 Link Status            : 0x70430000  PASSED 
Locating PCIe capabilities of SSD0 ...SSD0 Link Status           : 0x10430000  PASSED 
SSD0 Vendor/Dev ID         : 0xA808144D  PASSED  (Samsung)
RP1 Link Status            : 0x70430000  PASSED 
Locating PCIe capabilities of SSD1 ...SSD1 Link Status           : 0x10430000  PASSED 
SSD1 Vendor/Dev ID         : 0xA808144D  PASSED  (Samsung)
Global Fatal Interrupt     : 0x00000000  PASSED 
Global Non Fatal Interrupt : 0x00000000  PASSED 
  ____                 _
 |  _ \ __ _ ___ ___  | |
 | |_) / _` / __/ __| | |
 |  __/ (_| \__ \__ \ |_|
 |_|   \__,_|___/___/ (_)


=======================================================
Running fpga-test on c1:00.0
=======================================================

Device Type                : Kalidah
EP Link Status             : Gen3 x8     PASSED 
GIT Hash                   : 0x0FAA0CFE
Device DNA                 : 0x400200000155AC8105410105
Core Clock Frequency       :    250 MHz
SSD_0 present              :        Yes
SSD_1 present              :        Yes
KSB number                 :          0
Slice number               :          0
Temperature Master  Sysmon :      35.53  Cel
Temperature Slave 0 Sysmon :      35.82  Cel
Temperature Slave 1 Sysmon :      35.46  Cel
DDR4 capability            : ID_2, 16GB, VLP RDIMM w/ ECC, 1R, 16Gb x8 die, 2400 MT/s 
DDR4 calibration done      : 0x00000001  PASSED 
Unsupported Offset BAR3    : 0xFFFFFFFF  PASSED 
FPGA Version               : 0x00030006  PASSED 
DMA ch0 ctl. register      : 0x00008003  PASSED 
DMA ch1 ctl. register      : 0x00008013  PASSED 
DMA ch2 ctl. register      : 0x00008023  PASSED 
RP0 Link Status            : 0x70430000  PASSED 
Locating PCIe capabilities of SSD0 ...SSD0 Link Status           : 0x10430000  PASSED 
SSD0 Vendor/Dev ID         : 0xA808144D  PASSED  (Samsung)
RP1 Link Status            : 0x70430000  PASSED 
Locating PCIe capabilities of SSD1 ...SSD1 Link Status           : 0x10430000  PASSED 
SSD1 Vendor/Dev ID         : 0xA808144D  PASSED  (Samsung)
Global Fatal Interrupt     : 0x00000000  PASSED 
Global Non Fatal Interrupt : 0x00000000  PASSED 
  ____                 _
 |  _ \ __ _ ___ ___  | |
 | |_) / _` / __/ __| | |
 |  __/ (_| \__ \__ \ |_|
 |_|   \__,_|___/___/ (_)


*****************************
*  CPU/Memory Stress cycle3 *
*****************************
============================
=        Stress Log        =
============================
2022/01/27-12:50:34(GMT) Log: Commandline - ./stressapptest -m 32 -C 32 -l /root/TinmanBI/STRESS.log -s 2400
2022/01/27-12:50:34(GMT) Stats: SAT revision 1.0.7_autoconf, 64 bit binary
2022/01/27-12:50:34(GMT) Log: root @ localhost.localdomain on Tue Sep 19 03:28:47 CST 2017 from open source release
2022/01/27-12:50:34(GMT) Log: 1 nodes, 128 cpus.
2022/01/27-12:50:34(GMT) Log: Total 515817 MB. Free 509983 MB. Hugepages 0 MB. Targeting 489834 MB (94%)
2022/01/27-12:50:34(GMT) Log: Prefer plain malloc memory allocation.
2022/01/27-12:50:34(GMT) Log: Using mmap() allocation at 0x7efcdb11f000.
2022/01/27-12:50:34(GMT) Stats: Starting SAT, 489834M, 2400 seconds
2022/01/27-12:51:10(GMT) Log: Region mask: 0x1
2022/01/27-12:51:20(GMT) Log: Seconds remaining: 2390
2022/01/27-12:51:30(GMT) Log: Seconds remaining: 2380
2022/01/27-12:51:40(GMT) Log: Seconds remaining: 2370
2022/01/27-12:51:50(GMT) Log: Seconds remaining: 2360
2022/01/27-12:52:00(GMT) Log: Seconds remaining: 2350
2022/01/27-12:52:10(GMT) Log: Seconds remaining: 2340
2022/01/27-12:52:20(GMT) Log: Seconds remaining: 2330
2022/01/27-12:52:30(GMT) Log: Seconds remaining: 2320
2022/01/27-12:52:40(GMT) Log: Seconds remaining: 2310
2022/01/27-12:52:50(GMT) Log: Seconds remaining: 2300
2022/01/27-12:53:00(GMT) Log: Seconds remaining: 2290
2022/01/27-12:53:10(GMT) Log: Seconds remaining: 2280
2022/01/27-12:53:20(GMT) Log: Seconds remaining: 2270
2022/01/27-12:53:30(GMT) Log: Seconds remaining: 2260
2022/01/27-12:53:40(GMT) Log: Seconds remaining: 2250
2022/01/27-12:53:50(GMT) Log: Seconds remaining: 2240
2022/01/27-12:54:00(GMT) Log: Seconds remaining: 2230
2022/01/27-12:54:10(GMT) Log: Seconds remaining: 2220
2022/01/27-12:54:20(GMT) Log: Seconds remaining: 2210
2022/01/27-12:54:30(GMT) Log: Seconds remaining: 2200
2022/01/27-12:54:40(GMT) Log: Seconds remaining: 2190
2022/01/27-12:54:50(GMT) Log: Seconds remaining: 2180
2022/01/27-12:55:00(GMT) Log: Seconds remaining: 2170
2022/01/27-12:55:10(GMT) Log: Seconds remaining: 2160
2022/01/27-12:55:20(GMT) Log: Seconds remaining: 2150
2022/01/27-12:55:30(GMT) Log: Seconds remaining: 2140
2022/01/27-12:55:40(GMT) Log: Seconds remaining: 2130
2022/01/27-12:55:50(GMT) Log: Seconds remaining: 2120
2022/01/27-12:56:00(GMT) Log: Seconds remaining: 2110
2022/01/27-12:56:10(GMT) Log: Seconds remaining: 2100
2022/01/27-12:56:20(GMT) Log: Seconds remaining: 2090
2022/01/27-12:56:30(GMT) Log: Seconds remaining: 2080
2022/01/27-12:56:40(GMT) Log: Seconds remaining: 2070
2022/01/27-12:56:50(GMT) Log: Seconds remaining: 2060
2022/01/27-12:57:00(GMT) Log: Seconds remaining: 2050
2022/01/27-12:57:10(GMT) Log: Seconds remaining: 2040
2022/01/27-12:57:20(GMT) Log: Seconds remaining: 2030
2022/01/27-12:57:30(GMT) Log: Seconds remaining: 2020
2022/01/27-12:57:40(GMT) Log: Seconds remaining: 2010
2022/01/27-12:57:50(GMT) Log: Seconds remaining: 2000
2022/01/27-12:58:00(GMT) Log: Seconds remaining: 1990
2022/01/27-12:58:10(GMT) Log: Seconds remaining: 1980
2022/01/27-12:58:20(GMT) Log: Seconds remaining: 1970
2022/01/27-12:58:30(GMT) Log: Seconds remaining: 1960
2022/01/27-12:58:40(GMT) Log: Seconds remaining: 1950
2022/01/27-12:58:50(GMT) Log: Seconds remaining: 1940
2022/01/27-12:59:00(GMT) Log: Seconds remaining: 1930
2022/01/27-12:59:10(GMT) Log: Seconds remaining: 1920
2022/01/27-12:59:20(GMT) Log: Seconds remaining: 1910
2022/01/27-12:59:30(GMT) Log: Seconds remaining: 1900
2022/01/27-12:59:40(GMT) Log: Seconds remaining: 1890
2022/01/27-12:59:50(GMT) Log: Seconds remaining: 1880
2022/01/27-13:00:00(GMT) Log: Seconds remaining: 1870
2022/01/27-13:00:10(GMT) Log: Seconds remaining: 1860
2022/01/27-13:00:20(GMT) Log: Seconds remaining: 1850
2022/01/27-13:00:30(GMT) Log: Seconds remaining: 1840
2022/01/27-13:00:40(GMT) Log: Seconds remaining: 1830
2022/01/27-13:00:50(GMT) Log: Seconds remaining: 1820
2022/01/27-13:01:00(GMT) Log: Seconds remaining: 1810
2022/01/27-13:01:10(GMT) Log: Seconds remaining: 1800
2022/01/27-13:01:10(GMT) Log: Pausing worker threads in preparation for power spike (1800 seconds remaining)
2022/01/27-13:01:20(GMT) Log: Seconds remaining: 1790
2022/01/27-13:01:25(GMT) Log: Resuming worker threads to cause a power spike (1785 seconds remaining)
2022/01/27-13:01:30(GMT) Log: Seconds remaining: 1780
2022/01/27-13:01:40(GMT) Log: Seconds remaining: 1770
2022/01/27-13:01:50(GMT) Log: Seconds remaining: 1760
2022/01/27-13:02:00(GMT) Log: Seconds remaining: 1750
2022/01/27-13:02:10(GMT) Log: Seconds remaining: 1740
2022/01/27-13:02:20(GMT) Log: Seconds remaining: 1730
2022/01/27-13:02:30(GMT) Log: Seconds remaining: 1720
2022/01/27-13:02:40(GMT) Log: Seconds remaining: 1710
2022/01/27-13:02:50(GMT) Log: Seconds remaining: 1700
2022/01/27-13:03:00(GMT) Log: Seconds remaining: 1690
2022/01/27-13:03:10(GMT) Log: Seconds remaining: 1680
2022/01/27-13:03:20(GMT) Log: Seconds remaining: 1670
2022/01/27-13:03:30(GMT) Log: Seconds remaining: 1660
2022/01/27-13:03:40(GMT) Log: Seconds remaining: 1650
2022/01/27-13:03:50(GMT) Log: Seconds remaining: 1640
2022/01/27-13:04:00(GMT) Log: Seconds remaining: 1630
2022/01/27-13:04:10(GMT) Log: Seconds remaining: 1620
2022/01/27-13:04:20(GMT) Log: Seconds remaining: 1610
2022/01/27-13:04:30(GMT) Log: Seconds remaining: 1600
2022/01/27-13:04:40(GMT) Log: Seconds remaining: 1590
2022/01/27-13:04:50(GMT) Log: Seconds remaining: 1580
2022/01/27-13:05:00(GMT) Log: Seconds remaining: 1570
2022/01/27-13:05:10(GMT) Log: Seconds remaining: 1560
2022/01/27-13:05:20(GMT) Log: Seconds remaining: 1550
2022/01/27-13:05:30(GMT) Log: Seconds remaining: 1540
2022/01/27-13:05:40(GMT) Log: Seconds remaining: 1530
2022/01/27-13:05:50(GMT) Log: Seconds remaining: 1520
2022/01/27-13:06:00(GMT) Log: Seconds remaining: 1510
2022/01/27-13:06:10(GMT) Log: Seconds remaining: 1500
2022/01/27-13:06:20(GMT) Log: Seconds remaining: 1490
2022/01/27-13:06:30(GMT) Log: Seconds remaining: 1480
2022/01/27-13:06:40(GMT) Log: Seconds remaining: 1470
2022/01/27-13:06:50(GMT) Log: Seconds remaining: 1460
2022/01/27-13:07:00(GMT) Log: Seconds remaining: 1450
2022/01/27-13:07:10(GMT) Log: Seconds remaining: 1440
2022/01/27-13:07:20(GMT) Log: Seconds remaining: 1430
2022/01/27-13:07:30(GMT) Log: Seconds remaining: 1420
2022/01/27-13:07:40(GMT) Log: Seconds remaining: 1410
2022/01/27-13:07:50(GMT) Log: Seconds remaining: 1400
2022/01/27-13:08:00(GMT) Log: Seconds remaining: 1390
2022/01/27-13:08:10(GMT) Log: Seconds remaining: 1380
2022/01/27-13:08:20(GMT) Log: Seconds remaining: 1370
2022/01/27-13:08:30(GMT) Log: Seconds remaining: 1360
2022/01/27-13:08:40(GMT) Log: Seconds remaining: 1350
2022/01/27-13:08:50(GMT) Log: Seconds remaining: 1340
2022/01/27-13:09:00(GMT) Log: Seconds remaining: 1330
2022/01/27-13:09:10(GMT) Log: Seconds remaining: 1320
2022/01/27-13:09:20(GMT) Log: Seconds remaining: 1310
2022/01/27-13:09:30(GMT) Log: Seconds remaining: 1300
2022/01/27-13:09:40(GMT) Log: Seconds remaining: 1290
2022/01/27-13:09:50(GMT) Log: Seconds remaining: 1280
2022/01/27-13:10:00(GMT) Log: Seconds remaining: 1270
2022/01/27-13:10:10(GMT) Log: Seconds remaining: 1260
2022/01/27-13:10:20(GMT) Log: Seconds remaining: 1250
2022/01/27-13:10:30(GMT) Log: Seconds remaining: 1240
2022/01/27-13:10:40(GMT) Log: Seconds remaining: 1230
2022/01/27-13:10:50(GMT) Log: Seconds remaining: 1220
2022/01/27-13:11:00(GMT) Log: Seconds remaining: 1210
2022/01/27-13:11:10(GMT) Log: Seconds remaining: 1200
2022/01/27-13:11:10(GMT) Log: Pausing worker threads in preparation for power spike (1200 seconds remaining)
2022/01/27-13:11:20(GMT) Log: Seconds remaining: 1190
2022/01/27-13:11:25(GMT) Log: Resuming worker threads to cause a power spike (1185 seconds remaining)
2022/01/27-13:11:30(GMT) Log: Seconds remaining: 1180
2022/01/27-13:11:40(GMT) Log: Seconds remaining: 1170
2022/01/27-13:11:50(GMT) Log: Seconds remaining: 1160
2022/01/27-13:12:00(GMT) Log: Seconds remaining: 1150
2022/01/27-13:12:10(GMT) Log: Seconds remaining: 1140
2022/01/27-13:12:20(GMT) Log: Seconds remaining: 1130
2022/01/27-13:12:30(GMT) Log: Seconds remaining: 1120
2022/01/27-13:12:40(GMT) Log: Seconds remaining: 1110
2022/01/27-13:12:50(GMT) Log: Seconds remaining: 1100
2022/01/27-13:13:00(GMT) Log: Seconds remaining: 1090
2022/01/27-13:13:10(GMT) Log: Seconds remaining: 1080
2022/01/27-13:13:20(GMT) Log: Seconds remaining: 1070
2022/01/27-13:13:30(GMT) Log: Seconds remaining: 1060
2022/01/27-13:13:40(GMT) Log: Seconds remaining: 1050
2022/01/27-13:13:50(GMT) Log: Seconds remaining: 1040
2022/01/27-13:14:00(GMT) Log: Seconds remaining: 1030
2022/01/27-13:14:10(GMT) Log: Seconds remaining: 1020
2022/01/27-13:14:20(GMT) Log: Seconds remaining: 1010
2022/01/27-13:14:30(GMT) Log: Seconds remaining: 1000
2022/01/27-13:14:40(GMT) Log: Seconds remaining: 990
2022/01/27-13:14:50(GMT) Log: Seconds remaining: 980
2022/01/27-13:15:00(GMT) Log: Seconds remaining: 970
2022/01/27-13:15:10(GMT) Log: Seconds remaining: 960
2022/01/27-13:15:20(GMT) Log: Seconds remaining: 950
2022/01/27-13:15:30(GMT) Log: Seconds remaining: 940
2022/01/27-13:15:40(GMT) Log: Seconds remaining: 930
2022/01/27-13:15:50(GMT) Log: Seconds remaining: 920
2022/01/27-13:16:00(GMT) Log: Seconds remaining: 910
2022/01/27-13:16:10(GMT) Log: Seconds remaining: 900
2022/01/27-13:16:20(GMT) Log: Seconds remaining: 890
2022/01/27-13:16:30(GMT) Log: Seconds remaining: 880
2022/01/27-13:16:40(GMT) Log: Seconds remaining: 870
2022/01/27-13:16:50(GMT) Log: Seconds remaining: 860
2022/01/27-13:17:00(GMT) Log: Seconds remaining: 850
2022/01/27-13:17:10(GMT) Log: Seconds remaining: 840
2022/01/27-13:17:20(GMT) Log: Seconds remaining: 830
2022/01/27-13:17:30(GMT) Log: Seconds remaining: 820
2022/01/27-13:17:40(GMT) Log: Seconds remaining: 810
2022/01/27-13:17:50(GMT) Log: Seconds remaining: 800
2022/01/27-13:18:00(GMT) Log: Seconds remaining: 790
2022/01/27-13:18:10(GMT) Log: Seconds remaining: 780
2022/01/27-13:18:20(GMT) Log: Seconds remaining: 770
2022/01/27-13:18:30(GMT) Log: Seconds remaining: 760
2022/01/27-13:18:40(GMT) Log: Seconds remaining: 750
2022/01/27-13:18:50(GMT) Log: Seconds remaining: 740
2022/01/27-13:19:00(GMT) Log: Seconds remaining: 730
2022/01/27-13:19:10(GMT) Log: Seconds remaining: 720
2022/01/27-13:19:20(GMT) Log: Seconds remaining: 710
2022/01/27-13:19:30(GMT) Log: Seconds remaining: 700
2022/01/27-13:19:40(GMT) Log: Seconds remaining: 690
2022/01/27-13:19:50(GMT) Log: Seconds remaining: 680
2022/01/27-13:20:00(GMT) Log: Seconds remaining: 670
2022/01/27-13:20:10(GMT) Log: Seconds remaining: 660
2022/01/27-13:20:20(GMT) Log: Seconds remaining: 650
2022/01/27-13:20:30(GMT) Log: Seconds remaining: 640
2022/01/27-13:20:40(GMT) Log: Seconds remaining: 630
2022/01/27-13:20:50(GMT) Log: Seconds remaining: 620
2022/01/27-13:21:00(GMT) Log: Seconds remaining: 610
2022/01/27-13:21:10(GMT) Log: Seconds remaining: 600
2022/01/27-13:21:10(GMT) Log: Pausing worker threads in preparation for power spike (600 seconds remaining)
2022/01/27-13:21:20(GMT) Log: Seconds remaining: 590
2022/01/27-13:21:25(GMT) Log: Resuming worker threads to cause a power spike (585 seconds remaining)
2022/01/27-13:21:30(GMT) Log: Seconds remaining: 580
2022/01/27-13:21:40(GMT) Log: Seconds remaining: 570
2022/01/27-13:21:50(GMT) Log: Seconds remaining: 560
2022/01/27-13:22:00(GMT) Log: Seconds remaining: 550
2022/01/27-13:22:10(GMT) Log: Seconds remaining: 540
2022/01/27-13:22:20(GMT) Log: Seconds remaining: 530
2022/01/27-13:22:30(GMT) Log: Seconds remaining: 520
2022/01/27-13:22:40(GMT) Log: Seconds remaining: 510
2022/01/27-13:22:50(GMT) Log: Seconds remaining: 500
2022/01/27-13:23:00(GMT) Log: Seconds remaining: 490
2022/01/27-13:23:10(GMT) Log: Seconds remaining: 480
2022/01/27-13:23:20(GMT) Log: Seconds remaining: 470
2022/01/27-13:23:30(GMT) Log: Seconds remaining: 460
2022/01/27-13:23:40(GMT) Log: Seconds remaining: 450
2022/01/27-13:23:50(GMT) Log: Seconds remaining: 440
2022/01/27-13:24:00(GMT) Log: Seconds remaining: 430
2022/01/27-13:24:10(GMT) Log: Seconds remaining: 420
2022/01/27-13:24:20(GMT) Log: Seconds remaining: 410
2022/01/27-13:24:30(GMT) Log: Seconds remaining: 400
2022/01/27-13:24:40(GMT) Log: Seconds remaining: 390
2022/01/27-13:24:50(GMT) Log: Seconds remaining: 380
2022/01/27-13:25:00(GMT) Log: Seconds remaining: 370
2022/01/27-13:25:10(GMT) Log: Seconds remaining: 360
2022/01/27-13:25:20(GMT) Log: Seconds remaining: 350
2022/01/27-13:25:30(GMT) Log: Seconds remaining: 340
2022/01/27-13:25:40(GMT) Log: Seconds remaining: 330
2022/01/27-13:25:50(GMT) Log: Seconds remaining: 320
2022/01/27-13:26:00(GMT) Log: Seconds remaining: 310
2022/01/27-13:26:10(GMT) Log: Seconds remaining: 300
2022/01/27-13:26:20(GMT) Log: Seconds remaining: 290
2022/01/27-13:26:30(GMT) Log: Seconds remaining: 280
2022/01/27-13:26:40(GMT) Log: Seconds remaining: 270
2022/01/27-13:26:50(GMT) Log: Seconds remaining: 260
2022/01/27-13:27:00(GMT) Log: Seconds remaining: 250
2022/01/27-13:27:10(GMT) Log: Seconds remaining: 240
2022/01/27-13:27:20(GMT) Log: Seconds remaining: 230
2022/01/27-13:27:30(GMT) Log: Seconds remaining: 220
2022/01/27-13:27:40(GMT) Log: Seconds remaining: 210
2022/01/27-13:27:50(GMT) Log: Seconds remaining: 200
2022/01/27-13:28:00(GMT) Log: Seconds remaining: 190
2022/01/27-13:28:10(GMT) Log: Seconds remaining: 180
2022/01/27-13:28:20(GMT) Log: Seconds remaining: 170
2022/01/27-13:28:30(GMT) Log: Seconds remaining: 160
2022/01/27-13:28:40(GMT) Log: Seconds remaining: 150
2022/01/27-13:28:50(GMT) Log: Seconds remaining: 140
2022/01/27-13:29:00(GMT) Log: Seconds remaining: 130
2022/01/27-13:29:10(GMT) Log: Seconds remaining: 120
2022/01/27-13:29:20(GMT) Log: Seconds remaining: 110
2022/01/27-13:29:30(GMT) Log: Seconds remaining: 100
2022/01/27-13:29:40(GMT) Log: Seconds remaining: 90
2022/01/27-13:29:50(GMT) Log: Seconds remaining: 80
2022/01/27-13:30:00(GMT) Log: Seconds remaining: 70
2022/01/27-13:30:10(GMT) Log: Seconds remaining: 60
2022/01/27-13:30:20(GMT) Log: Seconds remaining: 50
2022/01/27-13:30:30(GMT) Log: Seconds remaining: 40
2022/01/27-13:30:40(GMT) Log: Seconds remaining: 30
2022/01/27-13:30:50(GMT) Log: Seconds remaining: 20
2022/01/27-13:31:00(GMT) Log: Seconds remaining: 10
2022/01/27-13:31:16(GMT) Stats: Found 0 hardware incidents
2022/01/27-13:31:16(GMT) Stats: Completed: 195458944.00M in 2400.79s 81414.27MB/s, with 0 hardware incidents, 0 errors
2022/01/27-13:31:16(GMT) Stats: Memory Copy: 195458944.00M at 81438.63MB/s
2022/01/27-13:31:16(GMT) Stats: File Copy: 0.00M at 0.00MB/s
2022/01/27-13:31:16(GMT) Stats: Net Copy: 0.00M at 0.00MB/s
2022/01/27-13:31:16(GMT) Stats: Data Check: 0.00M at 0.00MB/s
2022/01/27-13:31:16(GMT) Stats: Invert Data: 0.00M at 0.00MB/s
2022/01/27-13:31:16(GMT) Stats: Disk: 0.00M at 0.00MB/s
2022/01/27-13:31:16(GMT) 
2022/01/27-13:31:16(GMT) Status: PASS - please verify no corrected errors
2022/01/27-13:31:16(GMT) 

============================
=          DMESG           =
============================
[ 1834.866339] perf: interrupt took too long (2519 > 2500), lowering kernel.perf_event_max_sample_rate to 79250
[ 1942.146099] perf: interrupt took too long (3158 > 3148), lowering kernel.perf_event_max_sample_rate to 63250
[ 2280.235938] perf: interrupt took too long (3960 > 3947), lowering kernel.perf_event_max_sample_rate to 50500
[ 4252.257627] perf: interrupt took too long (4970 > 4950), lowering kernel.perf_event_max_sample_rate to 40000

============================
=          BMC SEL         =
============================
=== No SEL logged ===


==============================================
=            Burn-In Test Cycle 4            =
==============================================
Test start time: 2022-01-27_13:31:43
***************************
*      KSB test cycle4    *
***************************
===== KSB Memory test PASS =====

=======================================================
Running fpga-test on 02:00.0
=======================================================

Device Type                : Kalidah
EP Link Status             : Gen3 x8     PASSED 
GIT Hash                   : 0x0FAA0CFE
Device DNA                 : 0x400200000155AC810540E305
Core Clock Frequency       :    250 MHz
SSD_0 present              :        Yes
SSD_1 present              :        Yes
KSB number                 :          1
Slice number               :          0
Temperature Master  Sysmon :      34.91  Cel
Temperature Slave 0 Sysmon :      35.40  Cel
Temperature Slave 1 Sysmon :      34.16  Cel
DDR4 capability            : ID_2, 16GB, VLP RDIMM w/ ECC, 1R, 16Gb x8 die, 2400 MT/s 
DDR4 calibration done      : 0x00000001  PASSED 
Unsupported Offset BAR3    : 0xFFFFFFFF  PASSED 
FPGA Version               : 0x00030006  PASSED 
DMA ch0 ctl. register      : 0x00008003  PASSED 
DMA ch1 ctl. register      : 0x00008013  PASSED 
DMA ch2 ctl. register      : 0x00008023  PASSED 
RP0 Link Status            : 0x70430000  PASSED 
Locating PCIe capabilities of SSD0 ...SSD0 Link Status           : 0x10430000  PASSED 
SSD0 Vendor/Dev ID         : 0xA808144D  PASSED  (Samsung)
RP1 Link Status            : 0x70430000  PASSED 
Locating PCIe capabilities of SSD1 ...SSD1 Link Status           : 0x10430000  PASSED 
SSD1 Vendor/Dev ID         : 0xA808144D  PASSED  (Samsung)
Global Fatal Interrupt     : 0x00000000  PASSED 
Global Non Fatal Interrupt : 0x00000000  PASSED 
  ____                 _
 |  _ \ __ _ ___ ___  | |
 | |_) / _` / __/ __| | |
 |  __/ (_| \__ \__ \ |_|
 |_|   \__,_|___/___/ (_)


=======================================================
Running fpga-test on 41:00.0
=======================================================

Device Type                : Kalidah
EP Link Status             : Gen3 x8     PASSED 
GIT Hash                   : 0x0FAA0CFE
Device DNA                 : 0x400200000155AC810540E305
Core Clock Frequency       :    250 MHz
SSD_0 present              :        Yes
SSD_1 present              :        Yes
KSB number                 :          1
Slice number               :          1
DDR4 capability            : ID_2, 16GB, VLP RDIMM w/ ECC, 1R, 16Gb x8 die, 2400 MT/s 
DDR4 calibration done      : 0x00000001  PASSED 
Unsupported Offset BAR3    : 0xFFFFFFFF  PASSED 
FPGA Version               : 0x00030006  PASSED 
DMA ch0 ctl. register      : 0x00008003  PASSED 
DMA ch1 ctl. register      : 0x00008013  PASSED 
DMA ch2 ctl. register      : 0x00008023  PASSED 
RP0 Link Status            : 0x70430000  PASSED 
Locating PCIe capabilities of SSD0 ...SSD0 Link Status           : 0x10430000  PASSED 
SSD0 Vendor/Dev ID         : 0xA808144D  PASSED  (Samsung)
RP1 Link Status            : 0x70430000  PASSED 
Locating PCIe capabilities of SSD1 ...SSD1 Link Status           : 0x10430000  PASSED 
SSD1 Vendor/Dev ID         : 0xA808144D  PASSED  (Samsung)
Global Fatal Interrupt     : 0x00000000  PASSED 
Global Non Fatal Interrupt : 0x00000000  PASSED 
  ____                 _
 |  _ \ __ _ ___ ___  | |
 | |_) / _` / __/ __| | |
 |  __/ (_| \__ \__ \ |_|
 |_|   \__,_|___/___/ (_)


=======================================================
Running fpga-test on 84:00.0
=======================================================

Device Type                : Kalidah
EP Link Status             : Gen3 x8     PASSED 
GIT Hash                   : 0x0FAA0CFE
Device DNA                 : 0x400200000155AC8105410105
Core Clock Frequency       :    250 MHz
SSD_0 present              :        Yes
SSD_1 present              :        Yes
KSB number                 :          0
Slice number               :          1
DDR4 capability            : ID_2, 16GB, VLP RDIMM w/ ECC, 1R, 16Gb x8 die, 2400 MT/s 
DDR4 calibration done      : 0x00000001  PASSED 
Unsupported Offset BAR3    : 0xFFFFFFFF  PASSED 
FPGA Version               : 0x00030006  PASSED 
DMA ch0 ctl. register      : 0x00008003  PASSED 
DMA ch1 ctl. register      : 0x00008013  PASSED 
DMA ch2 ctl. register      : 0x00008023  PASSED 
RP0 Link Status            : 0x70430000  PASSED 
Locating PCIe capabilities of SSD0 ...SSD0 Link Status           : 0x10430000  PASSED 
SSD0 Vendor/Dev ID         : 0xA808144D  PASSED  (Samsung)
RP1 Link Status            : 0x70430000  PASSED 
Locating PCIe capabilities of SSD1 ...SSD1 Link Status           : 0x10430000  PASSED 
SSD1 Vendor/Dev ID         : 0xA808144D  PASSED  (Samsung)
Global Fatal Interrupt     : 0x00000000  PASSED 
Global Non Fatal Interrupt : 0x00000000  PASSED 
  ____                 _
 |  _ \ __ _ ___ ___  | |
 | |_) / _` / __/ __| | |
 |  __/ (_| \__ \__ \ |_|
 |_|   \__,_|___/___/ (_)


=======================================================
Running fpga-test on c1:00.0
=======================================================

Device Type                : Kalidah
EP Link Status             : Gen3 x8     PASSED 
GIT Hash                   : 0x0FAA0CFE
Device DNA                 : 0x400200000155AC8105410105
Core Clock Frequency       :    250 MHz
SSD_0 present              :        Yes
SSD_1 present              :        Yes
KSB number                 :          0
Slice number               :          0
Temperature Master  Sysmon :      34.90  Cel
Temperature Slave 0 Sysmon :      34.41  Cel
Temperature Slave 1 Sysmon :      34.34  Cel
DDR4 capability            : ID_2, 16GB, VLP RDIMM w/ ECC, 1R, 16Gb x8 die, 2400 MT/s 
DDR4 calibration done      : 0x00000001  PASSED 
Unsupported Offset BAR3    : 0xFFFFFFFF  PASSED 
FPGA Version               : 0x00030006  PASSED 
DMA ch0 ctl. register      : 0x00008003  PASSED 
DMA ch1 ctl. register      : 0x00008013  PASSED 
DMA ch2 ctl. register      : 0x00008023  PASSED 
RP0 Link Status            : 0x70430000  PASSED 
Locating PCIe capabilities of SSD0 ...SSD0 Link Status           : 0x10430000  PASSED 
SSD0 Vendor/Dev ID         : 0xA808144D  PASSED  (Samsung)
RP1 Link Status            : 0x70430000  PASSED 
Locating PCIe capabilities of SSD1 ...SSD1 Link Status           : 0x10430000  PASSED 
SSD1 Vendor/Dev ID         : 0xA808144D  PASSED  (Samsung)
Global Fatal Interrupt     : 0x00000000  PASSED 
Global Non Fatal Interrupt : 0x00000000  PASSED 
  ____                 _
 |  _ \ __ _ ___ ___  | |
 | |_) / _` / __/ __| | |
 |  __/ (_| \__ \__ \ |_|
 |_|   \__,_|___/___/ (_)


*****************************
*  CPU/Memory Stress cycle4 *
*****************************
============================
=        Stress Log        =
============================
2022/01/27-13:32:18(GMT) Log: Commandline - ./stressapptest -m 32 -C 32 -l /root/TinmanBI/STRESS.log -s 2400
2022/01/27-13:32:18(GMT) Stats: SAT revision 1.0.7_autoconf, 64 bit binary
2022/01/27-13:32:18(GMT) Log: root @ localhost.localdomain on Tue Sep 19 03:28:47 CST 2017 from open source release
2022/01/27-13:32:18(GMT) Log: 1 nodes, 128 cpus.
2022/01/27-13:32:18(GMT) Log: Total 515817 MB. Free 509986 MB. Hugepages 0 MB. Targeting 489834 MB (94%)
2022/01/27-13:32:18(GMT) Log: Prefer plain malloc memory allocation.
2022/01/27-13:32:18(GMT) Log: Using mmap() allocation at 0x7f70a8586000.
2022/01/27-13:32:18(GMT) Stats: Starting SAT, 489834M, 2400 seconds
2022/01/27-13:32:54(GMT) Log: Region mask: 0x1
2022/01/27-13:33:04(GMT) Log: Seconds remaining: 2390
2022/01/27-13:33:14(GMT) Log: Seconds remaining: 2380
2022/01/27-13:33:24(GMT) Log: Seconds remaining: 2370
2022/01/27-13:33:34(GMT) Log: Seconds remaining: 2360
2022/01/27-13:33:44(GMT) Log: Seconds remaining: 2350
2022/01/27-13:33:54(GMT) Log: Seconds remaining: 2340
2022/01/27-13:34:04(GMT) Log: Seconds remaining: 2330
2022/01/27-13:34:14(GMT) Log: Seconds remaining: 2320
2022/01/27-13:34:24(GMT) Log: Seconds remaining: 2310
2022/01/27-13:34:34(GMT) Log: Seconds remaining: 2300
2022/01/27-13:34:44(GMT) Log: Seconds remaining: 2290
2022/01/27-13:34:54(GMT) Log: Seconds remaining: 2280
2022/01/27-13:35:04(GMT) Log: Seconds remaining: 2270
2022/01/27-13:35:14(GMT) Log: Seconds remaining: 2260
2022/01/27-13:35:24(GMT) Log: Seconds remaining: 2250
2022/01/27-13:35:34(GMT) Log: Seconds remaining: 2240
2022/01/27-13:35:44(GMT) Log: Seconds remaining: 2230
2022/01/27-13:35:54(GMT) Log: Seconds remaining: 2220
2022/01/27-13:36:04(GMT) Log: Seconds remaining: 2210
2022/01/27-13:36:14(GMT) Log: Seconds remaining: 2200
2022/01/27-13:36:24(GMT) Log: Seconds remaining: 2190
2022/01/27-13:36:34(GMT) Log: Seconds remaining: 2180
2022/01/27-13:36:44(GMT) Log: Seconds remaining: 2170
2022/01/27-13:36:54(GMT) Log: Seconds remaining: 2160
2022/01/27-13:37:04(GMT) Log: Seconds remaining: 2150
2022/01/27-13:37:14(GMT) Log: Seconds remaining: 2140
2022/01/27-13:37:24(GMT) Log: Seconds remaining: 2130
2022/01/27-13:37:34(GMT) Log: Seconds remaining: 2120
2022/01/27-13:37:44(GMT) Log: Seconds remaining: 2110
2022/01/27-13:37:54(GMT) Log: Seconds remaining: 2100
2022/01/27-13:38:04(GMT) Log: Seconds remaining: 2090
2022/01/27-13:38:14(GMT) Log: Seconds remaining: 2080
2022/01/27-13:38:24(GMT) Log: Seconds remaining: 2070
2022/01/27-13:38:34(GMT) Log: Seconds remaining: 2060
2022/01/27-13:38:44(GMT) Log: Seconds remaining: 2050
2022/01/27-13:38:54(GMT) Log: Seconds remaining: 2040
2022/01/27-13:39:04(GMT) Log: Seconds remaining: 2030
2022/01/27-13:39:14(GMT) Log: Seconds remaining: 2020
2022/01/27-13:39:24(GMT) Log: Seconds remaining: 2010
2022/01/27-13:39:34(GMT) Log: Seconds remaining: 2000
2022/01/27-13:39:44(GMT) Log: Seconds remaining: 1990
2022/01/27-13:39:54(GMT) Log: Seconds remaining: 1980
2022/01/27-13:40:04(GMT) Log: Seconds remaining: 1970
2022/01/27-13:40:14(GMT) Log: Seconds remaining: 1960
2022/01/27-13:40:24(GMT) Log: Seconds remaining: 1950
2022/01/27-13:40:34(GMT) Log: Seconds remaining: 1940
2022/01/27-13:40:44(GMT) Log: Seconds remaining: 1930
2022/01/27-13:40:54(GMT) Log: Seconds remaining: 1920
2022/01/27-13:41:04(GMT) Log: Seconds remaining: 1910
2022/01/27-13:41:14(GMT) Log: Seconds remaining: 1900
2022/01/27-13:41:24(GMT) Log: Seconds remaining: 1890
2022/01/27-13:41:34(GMT) Log: Seconds remaining: 1880
2022/01/27-13:41:44(GMT) Log: Seconds remaining: 1870
2022/01/27-13:41:54(GMT) Log: Seconds remaining: 1860
2022/01/27-13:42:04(GMT) Log: Seconds remaining: 1850
2022/01/27-13:42:14(GMT) Log: Seconds remaining: 1840
2022/01/27-13:42:24(GMT) Log: Seconds remaining: 1830
2022/01/27-13:42:34(GMT) Log: Seconds remaining: 1820
2022/01/27-13:42:44(GMT) Log: Seconds remaining: 1810
2022/01/27-13:42:54(GMT) Log: Seconds remaining: 1800
2022/01/27-13:42:54(GMT) Log: Pausing worker threads in preparation for power spike (1800 seconds remaining)
2022/01/27-13:43:04(GMT) Log: Seconds remaining: 1790
2022/01/27-13:43:09(GMT) Log: Resuming worker threads to cause a power spike (1785 seconds remaining)
2022/01/27-13:43:14(GMT) Log: Seconds remaining: 1780
2022/01/27-13:43:24(GMT) Log: Seconds remaining: 1770
2022/01/27-13:43:34(GMT) Log: Seconds remaining: 1760
2022/01/27-13:43:44(GMT) Log: Seconds remaining: 1750
2022/01/27-13:43:54(GMT) Log: Seconds remaining: 1740
2022/01/27-13:44:04(GMT) Log: Seconds remaining: 1730
2022/01/27-13:44:14(GMT) Log: Seconds remaining: 1720
2022/01/27-13:44:24(GMT) Log: Seconds remaining: 1710
2022/01/27-13:44:34(GMT) Log: Seconds remaining: 1700
2022/01/27-13:44:44(GMT) Log: Seconds remaining: 1690
2022/01/27-13:44:54(GMT) Log: Seconds remaining: 1680
2022/01/27-13:45:04(GMT) Log: Seconds remaining: 1670
2022/01/27-13:45:14(GMT) Log: Seconds remaining: 1660
2022/01/27-13:45:24(GMT) Log: Seconds remaining: 1650
2022/01/27-13:45:34(GMT) Log: Seconds remaining: 1640
2022/01/27-13:45:44(GMT) Log: Seconds remaining: 1630
2022/01/27-13:45:54(GMT) Log: Seconds remaining: 1620
2022/01/27-13:46:04(GMT) Log: Seconds remaining: 1610
2022/01/27-13:46:14(GMT) Log: Seconds remaining: 1600
2022/01/27-13:46:24(GMT) Log: Seconds remaining: 1590
2022/01/27-13:46:34(GMT) Log: Seconds remaining: 1580
2022/01/27-13:46:44(GMT) Log: Seconds remaining: 1570
2022/01/27-13:46:54(GMT) Log: Seconds remaining: 1560
2022/01/27-13:47:04(GMT) Log: Seconds remaining: 1550
2022/01/27-13:47:14(GMT) Log: Seconds remaining: 1540
2022/01/27-13:47:24(GMT) Log: Seconds remaining: 1530
2022/01/27-13:47:34(GMT) Log: Seconds remaining: 1520
2022/01/27-13:47:44(GMT) Log: Seconds remaining: 1510
2022/01/27-13:47:54(GMT) Log: Seconds remaining: 1500
2022/01/27-13:48:04(GMT) Log: Seconds remaining: 1490
2022/01/27-13:48:14(GMT) Log: Seconds remaining: 1480
2022/01/27-13:48:24(GMT) Log: Seconds remaining: 1470
2022/01/27-13:48:34(GMT) Log: Seconds remaining: 1460
2022/01/27-13:48:44(GMT) Log: Seconds remaining: 1450
2022/01/27-13:48:54(GMT) Log: Seconds remaining: 1440
2022/01/27-13:49:04(GMT) Log: Seconds remaining: 1430
2022/01/27-13:49:14(GMT) Log: Seconds remaining: 1420
2022/01/27-13:49:24(GMT) Log: Seconds remaining: 1410
2022/01/27-13:49:34(GMT) Log: Seconds remaining: 1400
2022/01/27-13:49:44(GMT) Log: Seconds remaining: 1390
2022/01/27-13:49:54(GMT) Log: Seconds remaining: 1380
2022/01/27-13:50:04(GMT) Log: Seconds remaining: 1370
2022/01/27-13:50:14(GMT) Log: Seconds remaining: 1360
2022/01/27-13:50:24(GMT) Log: Seconds remaining: 1350
2022/01/27-13:50:34(GMT) Log: Seconds remaining: 1340
2022/01/27-13:50:44(GMT) Log: Seconds remaining: 1330
2022/01/27-13:50:54(GMT) Log: Seconds remaining: 1320
2022/01/27-13:51:04(GMT) Log: Seconds remaining: 1310
2022/01/27-13:51:14(GMT) Log: Seconds remaining: 1300
2022/01/27-13:51:24(GMT) Log: Seconds remaining: 1290
2022/01/27-13:51:34(GMT) Log: Seconds remaining: 1280
2022/01/27-13:51:44(GMT) Log: Seconds remaining: 1270
2022/01/27-13:51:54(GMT) Log: Seconds remaining: 1260
2022/01/27-13:52:04(GMT) Log: Seconds remaining: 1250
2022/01/27-13:52:14(GMT) Log: Seconds remaining: 1240
2022/01/27-13:52:24(GMT) Log: Seconds remaining: 1230
2022/01/27-13:52:34(GMT) Log: Seconds remaining: 1220
2022/01/27-13:52:44(GMT) Log: Seconds remaining: 1210
2022/01/27-13:52:54(GMT) Log: Seconds remaining: 1200
2022/01/27-13:52:54(GMT) Log: Pausing worker threads in preparation for power spike (1200 seconds remaining)
2022/01/27-13:53:04(GMT) Log: Seconds remaining: 1190
2022/01/27-13:53:09(GMT) Log: Resuming worker threads to cause a power spike (1185 seconds remaining)
2022/01/27-13:53:14(GMT) Log: Seconds remaining: 1180
2022/01/27-13:53:24(GMT) Log: Seconds remaining: 1170
2022/01/27-13:53:34(GMT) Log: Seconds remaining: 1160
2022/01/27-13:53:44(GMT) Log: Seconds remaining: 1150
2022/01/27-13:53:54(GMT) Log: Seconds remaining: 1140
2022/01/27-13:54:04(GMT) Log: Seconds remaining: 1130
2022/01/27-13:54:14(GMT) Log: Seconds remaining: 1120
2022/01/27-13:54:24(GMT) Log: Seconds remaining: 1110
2022/01/27-13:54:34(GMT) Log: Seconds remaining: 1100
2022/01/27-13:54:44(GMT) Log: Seconds remaining: 1090
2022/01/27-13:54:54(GMT) Log: Seconds remaining: 1080
2022/01/27-13:55:04(GMT) Log: Seconds remaining: 1070
2022/01/27-13:55:14(GMT) Log: Seconds remaining: 1060
2022/01/27-13:55:24(GMT) Log: Seconds remaining: 1050
2022/01/27-13:55:34(GMT) Log: Seconds remaining: 1040
2022/01/27-13:55:44(GMT) Log: Seconds remaining: 1030
2022/01/27-13:55:54(GMT) Log: Seconds remaining: 1020
2022/01/27-13:56:04(GMT) Log: Seconds remaining: 1010
2022/01/27-13:56:14(GMT) Log: Seconds remaining: 1000
2022/01/27-13:56:24(GMT) Log: Seconds remaining: 990
2022/01/27-13:56:34(GMT) Log: Seconds remaining: 980
2022/01/27-13:56:44(GMT) Log: Seconds remaining: 970
2022/01/27-13:56:54(GMT) Log: Seconds remaining: 960
2022/01/27-13:57:04(GMT) Log: Seconds remaining: 950
2022/01/27-13:57:14(GMT) Log: Seconds remaining: 940
2022/01/27-13:57:24(GMT) Log: Seconds remaining: 930
2022/01/27-13:57:34(GMT) Log: Seconds remaining: 920
2022/01/27-13:57:44(GMT) Log: Seconds remaining: 910
2022/01/27-13:57:54(GMT) Log: Seconds remaining: 900
2022/01/27-13:58:04(GMT) Log: Seconds remaining: 890
2022/01/27-13:58:14(GMT) Log: Seconds remaining: 880
2022/01/27-13:58:24(GMT) Log: Seconds remaining: 870
2022/01/27-13:58:34(GMT) Log: Seconds remaining: 860
2022/01/27-13:58:44(GMT) Log: Seconds remaining: 850
2022/01/27-13:58:54(GMT) Log: Seconds remaining: 840
2022/01/27-13:59:04(GMT) Log: Seconds remaining: 830
2022/01/27-13:59:14(GMT) Log: Seconds remaining: 820
2022/01/27-13:59:24(GMT) Log: Seconds remaining: 810
2022/01/27-13:59:34(GMT) Log: Seconds remaining: 800
2022/01/27-13:59:44(GMT) Log: Seconds remaining: 790
2022/01/27-13:59:54(GMT) Log: Seconds remaining: 780
2022/01/27-14:00:04(GMT) Log: Seconds remaining: 770
2022/01/27-14:00:14(GMT) Log: Seconds remaining: 760
2022/01/27-14:00:24(GMT) Log: Seconds remaining: 750
2022/01/27-14:00:34(GMT) Log: Seconds remaining: 740
2022/01/27-14:00:44(GMT) Log: Seconds remaining: 730
2022/01/27-14:00:54(GMT) Log: Seconds remaining: 720
2022/01/27-14:01:04(GMT) Log: Seconds remaining: 710
2022/01/27-14:01:14(GMT) Log: Seconds remaining: 700
2022/01/27-14:01:24(GMT) Log: Seconds remaining: 690
2022/01/27-14:01:34(GMT) Log: Seconds remaining: 680
2022/01/27-14:01:44(GMT) Log: Seconds remaining: 670
2022/01/27-14:01:54(GMT) Log: Seconds remaining: 660
2022/01/27-14:02:04(GMT) Log: Seconds remaining: 650
2022/01/27-14:02:14(GMT) Log: Seconds remaining: 640
2022/01/27-14:02:24(GMT) Log: Seconds remaining: 630
2022/01/27-14:02:34(GMT) Log: Seconds remaining: 620
2022/01/27-14:02:44(GMT) Log: Seconds remaining: 610
2022/01/27-14:02:54(GMT) Log: Seconds remaining: 600
2022/01/27-14:02:54(GMT) Log: Pausing worker threads in preparation for power spike (600 seconds remaining)
2022/01/27-14:03:04(GMT) Log: Seconds remaining: 590
2022/01/27-14:03:09(GMT) Log: Resuming worker threads to cause a power spike (585 seconds remaining)
2022/01/27-14:03:14(GMT) Log: Seconds remaining: 580
2022/01/27-14:03:24(GMT) Log: Seconds remaining: 570
2022/01/27-14:03:34(GMT) Log: Seconds remaining: 560
2022/01/27-14:03:44(GMT) Log: Seconds remaining: 550
2022/01/27-14:03:54(GMT) Log: Seconds remaining: 540
2022/01/27-14:04:04(GMT) Log: Seconds remaining: 530
2022/01/27-14:04:14(GMT) Log: Seconds remaining: 520
2022/01/27-14:04:24(GMT) Log: Seconds remaining: 510
2022/01/27-14:04:34(GMT) Log: Seconds remaining: 500
2022/01/27-14:04:44(GMT) Log: Seconds remaining: 490
2022/01/27-14:04:54(GMT) Log: Seconds remaining: 480
2022/01/27-14:05:04(GMT) Log: Seconds remaining: 470
2022/01/27-14:05:14(GMT) Log: Seconds remaining: 460
2022/01/27-14:05:24(GMT) Log: Seconds remaining: 450
2022/01/27-14:05:34(GMT) Log: Seconds remaining: 440
2022/01/27-14:05:44(GMT) Log: Seconds remaining: 430
2022/01/27-14:05:54(GMT) Log: Seconds remaining: 420
2022/01/27-14:06:04(GMT) Log: Seconds remaining: 410
2022/01/27-14:06:14(GMT) Log: Seconds remaining: 400
2022/01/27-14:06:24(GMT) Log: Seconds remaining: 390
2022/01/27-14:06:34(GMT) Log: Seconds remaining: 380
2022/01/27-14:06:44(GMT) Log: Seconds remaining: 370
2022/01/27-14:06:54(GMT) Log: Seconds remaining: 360
2022/01/27-14:07:04(GMT) Log: Seconds remaining: 350
2022/01/27-14:07:14(GMT) Log: Seconds remaining: 340
2022/01/27-14:07:24(GMT) Log: Seconds remaining: 330
2022/01/27-14:07:34(GMT) Log: Seconds remaining: 320
2022/01/27-14:07:44(GMT) Log: Seconds remaining: 310
2022/01/27-14:07:54(GMT) Log: Seconds remaining: 300
2022/01/27-14:08:04(GMT) Log: Seconds remaining: 290
2022/01/27-14:08:14(GMT) Log: Seconds remaining: 280
2022/01/27-14:08:24(GMT) Log: Seconds remaining: 270
2022/01/27-14:08:34(GMT) Log: Seconds remaining: 260
2022/01/27-14:08:44(GMT) Log: Seconds remaining: 250
2022/01/27-14:08:54(GMT) Log: Seconds remaining: 240
2022/01/27-14:09:04(GMT) Log: Seconds remaining: 230
2022/01/27-14:09:14(GMT) Log: Seconds remaining: 220
2022/01/27-14:09:24(GMT) Log: Seconds remaining: 210
2022/01/27-14:09:34(GMT) Log: Seconds remaining: 200
2022/01/27-14:09:44(GMT) Log: Seconds remaining: 190
2022/01/27-14:09:54(GMT) Log: Seconds remaining: 180
2022/01/27-14:10:04(GMT) Log: Seconds remaining: 170
2022/01/27-14:10:14(GMT) Log: Seconds remaining: 160
2022/01/27-14:10:24(GMT) Log: Seconds remaining: 150
2022/01/27-14:10:34(GMT) Log: Seconds remaining: 140
2022/01/27-14:10:44(GMT) Log: Seconds remaining: 130
2022/01/27-14:10:54(GMT) Log: Seconds remaining: 120
2022/01/27-14:11:04(GMT) Log: Seconds remaining: 110
2022/01/27-14:11:14(GMT) Log: Seconds remaining: 100
2022/01/27-14:11:24(GMT) Log: Seconds remaining: 90
2022/01/27-14:11:34(GMT) Log: Seconds remaining: 80
2022/01/27-14:11:44(GMT) Log: Seconds remaining: 70
2022/01/27-14:11:54(GMT) Log: Seconds remaining: 60
2022/01/27-14:12:04(GMT) Log: Seconds remaining: 50
2022/01/27-14:12:14(GMT) Log: Seconds remaining: 40
2022/01/27-14:12:24(GMT) Log: Seconds remaining: 30
2022/01/27-14:12:34(GMT) Log: Seconds remaining: 20
2022/01/27-14:12:44(GMT) Log: Seconds remaining: 10
2022/01/27-14:13:00(GMT) Stats: Found 0 hardware incidents
2022/01/27-14:13:00(GMT) Stats: Completed: 195553472.00M in 2400.77s 81454.43MB/s, with 0 hardware incidents, 0 errors
2022/01/27-14:13:00(GMT) Stats: Memory Copy: 195553472.00M at 81478.11MB/s
2022/01/27-14:13:00(GMT) Stats: File Copy: 0.00M at 0.00MB/s
2022/01/27-14:13:00(GMT) Stats: Net Copy: 0.00M at 0.00MB/s
2022/01/27-14:13:00(GMT) Stats: Data Check: 0.00M at 0.00MB/s
2022/01/27-14:13:00(GMT) Stats: Invert Data: 0.00M at 0.00MB/s
2022/01/27-14:13:00(GMT) Stats: Disk: 0.00M at 0.00MB/s
2022/01/27-14:13:00(GMT) 
2022/01/27-14:13:00(GMT) Status: PASS - please verify no corrected errors
2022/01/27-14:13:00(GMT) 

============================
=          DMESG           =
============================
[ 1834.866339] perf: interrupt took too long (2519 > 2500), lowering kernel.perf_event_max_sample_rate to 79250
[ 1942.146099] perf: interrupt took too long (3158 > 3148), lowering kernel.perf_event_max_sample_rate to 63250
[ 2280.235938] perf: interrupt took too long (3960 > 3947), lowering kernel.perf_event_max_sample_rate to 50500
[ 4252.257627] perf: interrupt took too long (4970 > 4950), lowering kernel.perf_event_max_sample_rate to 40000

============================
=          BMC SEL         =
============================
=== No SEL logged ===


