      _____ _                              ____ ____       
     |_   _(_)_ __  _ __ ___   __ _ _ __  / ___|___ \      
       | | | | '_ \| '_ ` _ \ / _` | '_ \| |  _  __) |    
       | | | | | | | | | | | | (_| | | | | |_| |/ __/      
       |_| |_|_| |_|_| |_| |_|\__,_|_| |_|\____|_____|     
 ____                        ___         _____         _   
| __ ) _   _ _ __ _ __      |_ _|_ __   |_   _|__  ___| |_ 
|  _ \| | | | '__| '_ \ _____| || '_ \    | |/ _ \/ __| __|
| |_) | |_| | |  | | | |_____| || | | |   | |  __/\__ \ |_ 
|____/ \__,_|_|  |_| |_|    |___|_| |_|   |_|\___||___/\__|

==============================================
=            Burn-In Test Cycle 1            =
==============================================
Test start time: 2020-01-27_11:09:48
*****************************
* ib_write_bw test          *
*****************************
***************************
*      KSB test cycle1    *
***************************
===== KSB Memory test PASS =====

=======================================================
Running fpga-test on 02:00.0
=======================================================

Device Type                : Kalidah
EP Link Status             : Gen3 x8     PASSED 
GIT Hash                   : 0x0FAA0CFE
Device DNA                 : 0x400200000155AC800CA06345
Core Clock Frequency       :    250 MHz
SSD_0 present              :        Yes
SSD_1 present              :        Yes
KSB number                 :          1
Slice number               :          0
Temperature Master  Sysmon :      36.04  Cel
Temperature Slave 0 Sysmon :      35.57  Cel
Temperature Slave 1 Sysmon :      35.06  Cel
DDR4 capability            : ID_2, 16GB, VLP RDIMM w/ ECC, 1R, 16Gb x8 die, 2400 MT/s 
DDR4 calibration done      : 0x00000001  PASSED 
Unsupported Offset BAR3    : 0xFFFFFFFF  PASSED 
FPGA Version               : 0x00030006  PASSED 
DMA ch0 ctl. register      : 0x00008003  PASSED 
DMA ch1 ctl. register      : 0x00008013  PASSED 
DMA ch2 ctl. register      : 0x00008023  PASSED 
RP0 Link Status            : 0x70430000  PASSED 
Locating PCIe capabilities of SSD0 ...SSD0 Link Status           : 0x10430000  PASSED 
SSD0 Vendor/Dev ID         : 0xA808144D  PASSED  (Samsung)
RP1 Link Status            : 0x70430000  PASSED 
Locating PCIe capabilities of SSD1 ...SSD1 Link Status           : 0x10430000  PASSED 
SSD1 Vendor/Dev ID         : 0xA808144D  PASSED  (Samsung)
Global Fatal Interrupt     : 0x00000000  PASSED 
Global Non Fatal Interrupt : 0x00000000  PASSED 
  ____                 _
 |  _ \ __ _ ___ ___  | |
 | |_) / _` / __/ __| | |
 |  __/ (_| \__ \__ \ |_|
 |_|   \__,_|___/___/ (_)


=======================================================
Running fpga-test on 41:00.0
=======================================================

Device Type                : Kalidah
EP Link Status             : Gen3 x8     PASSED 
GIT Hash                   : 0x0FAA0CFE
Device DNA                 : 0x400200000155AC800CA06345
Core Clock Frequency       :    250 MHz
SSD_0 present              :        Yes
SSD_1 present              :        Yes
KSB number                 :          1
Slice number               :          1
DDR4 capability            : ID_2, 16GB, VLP RDIMM w/ ECC, 1R, 16Gb x8 die, 2400 MT/s 
DDR4 calibration done      : 0x00000001  PASSED 
Unsupported Offset BAR3    : 0xFFFFFFFF  PASSED 
FPGA Version               : 0x00030006  PASSED 
DMA ch0 ctl. register      : 0x00008003  PASSED 
DMA ch1 ctl. register      : 0x00008013  PASSED 
DMA ch2 ctl. register      : 0x00008023  PASSED 
RP0 Link Status            : 0x70430000  PASSED 
Locating PCIe capabilities of SSD0 ...SSD0 Link Status           : 0x10430000  PASSED 
SSD0 Vendor/Dev ID         : 0xA808144D  PASSED  (Samsung)
RP1 Link Status            : 0x70430000  PASSED 
Locating PCIe capabilities of SSD1 ...SSD1 Link Status           : 0x10430000  PASSED 
SSD1 Vendor/Dev ID         : 0xA808144D  PASSED  (Samsung)
Global Fatal Interrupt     : 0x00000000  PASSED 
Global Non Fatal Interrupt : 0x00000000  PASSED 
  ____                 _
 |  _ \ __ _ ___ ___  | |
 | |_) / _` / __/ __| | |
 |  __/ (_| \__ \__ \ |_|
 |_|   \__,_|___/___/ (_)


=======================================================
Running fpga-test on 84:00.0
=======================================================

Device Type                : Kalidah
EP Link Status             : Gen3 x8     PASSED 
GIT Hash                   : 0x0FAA0CFE
Device DNA                 : 0x400200000155AC81051063C5
Core Clock Frequency       :    250 MHz
SSD_0 present              :        Yes
SSD_1 present              :        Yes
KSB number                 :          0
Slice number               :          1
DDR4 capability            : ID_2, 16GB, VLP RDIMM w/ ECC, 1R, 16Gb x8 die, 2400 MT/s 
DDR4 calibration done      : 0x00000001  PASSED 
Unsupported Offset BAR3    : 0xFFFFFFFF  PASSED 
FPGA Version               : 0x00030006  PASSED 
DMA ch0 ctl. register      : 0x00008003  PASSED 
DMA ch1 ctl. register      : 0x00008013  PASSED 
DMA ch2 ctl. register      : 0x00008023  PASSED 
RP0 Link Status            : 0x70430000  PASSED 
Locating PCIe capabilities of SSD0 ...SSD0 Link Status           : 0x10430000  PASSED 
SSD0 Vendor/Dev ID         : 0xA808144D  PASSED  (Samsung)
RP1 Link Status            : 0x70430000  PASSED 
Locating PCIe capabilities of SSD1 ...SSD1 Link Status           : 0x10430000  PASSED 
SSD1 Vendor/Dev ID         : 0xA808144D  PASSED  (Samsung)
Global Fatal Interrupt     : 0x00000000  PASSED 
Global Non Fatal Interrupt : 0x00000000  PASSED 
  ____                 _
 |  _ \ __ _ ___ ___  | |
 | |_) / _` / __/ __| | |
 |  __/ (_| \__ \__ \ |_|
 |_|   \__,_|___/___/ (_)


=======================================================
Running fpga-test on c1:00.0
=======================================================

Device Type                : Kalidah
EP Link Status             : Gen3 x8     PASSED 
GIT Hash                   : 0x0FAA0CFE
Device DNA                 : 0x400200000155AC81051063C5
Core Clock Frequency       :    250 MHz
SSD_0 present              :        Yes
SSD_1 present              :        Yes
KSB number                 :          0
Slice number               :          0
Temperature Master  Sysmon :      35.85  Cel
Temperature Slave 0 Sysmon :      35.93  Cel
Temperature Slave 1 Sysmon :      34.20  Cel
DDR4 capability            : ID_2, 16GB, VLP RDIMM w/ ECC, 1R, 16Gb x8 die, 2400 MT/s 
DDR4 calibration done      : 0x00000001  PASSED 
Unsupported Offset BAR3    : 0xFFFFFFFF  PASSED 
FPGA Version               : 0x00030006  PASSED 
DMA ch0 ctl. register      : 0x00008003  PASSED 
DMA ch1 ctl. register      : 0x00008013  PASSED 
DMA ch2 ctl. register      : 0x00008023  PASSED 
RP0 Link Status            : 0x70430000  PASSED 
Locating PCIe capabilities of SSD0 ...SSD0 Link Status           : 0x10430000  PASSED 
SSD0 Vendor/Dev ID         : 0xA808144D  PASSED  (Samsung)
RP1 Link Status            : 0x70430000  PASSED 
Locating PCIe capabilities of SSD1 ...SSD1 Link Status           : 0x10430000  PASSED 
SSD1 Vendor/Dev ID         : 0xA808144D  PASSED  (Samsung)
Global Fatal Interrupt     : 0x00000000  PASSED 
Global Non Fatal Interrupt : 0x00000000  PASSED 
  ____                 _
 |  _ \ __ _ ___ ___  | |
 | |_) / _` / __/ __| | |
 |  __/ (_| \__ \__ \ |_|
 |_|   \__,_|___/___/ (_)


*****************************
*  CPU/Memory Stress cycle1 *
*****************************
============================
=        Stress Log        =
============================
2020/01/27-11:27:15(GMT) Log: Commandline - ./stressapptest -m 32 -C 32 -l /root/TinmanBI/STRESS.log -s 2400
2020/01/27-11:27:15(GMT) Stats: SAT revision 1.0.7_autoconf, 64 bit binary
2020/01/27-11:27:15(GMT) Log: root @ localhost.localdomain on Tue Sep 19 03:28:47 CST 2017 from open source release
2020/01/27-11:27:15(GMT) Log: 1 nodes, 128 cpus.
2020/01/27-11:27:15(GMT) Log: Total 515817 MB. Free 510052 MB. Hugepages 0 MB. Targeting 489834 MB (94%)
2020/01/27-11:27:15(GMT) Log: Prefer plain malloc memory allocation.
2020/01/27-11:27:15(GMT) Log: Using mmap() allocation at 0x7f076f039000.
2020/01/27-11:27:15(GMT) Stats: Starting SAT, 489834M, 2400 seconds
2020/01/27-11:27:52(GMT) Log: Region mask: 0x1
2020/01/27-11:28:02(GMT) Log: Seconds remaining: 2390
2020/01/27-11:28:12(GMT) Log: Seconds remaining: 2380
2020/01/27-11:28:22(GMT) Log: Seconds remaining: 2370
2020/01/27-11:28:32(GMT) Log: Seconds remaining: 2360
2020/01/27-11:28:42(GMT) Log: Seconds remaining: 2350
2020/01/27-11:28:52(GMT) Log: Seconds remaining: 2340
2020/01/27-11:29:02(GMT) Log: Seconds remaining: 2330
2020/01/27-11:29:12(GMT) Log: Seconds remaining: 2320
2020/01/27-11:29:22(GMT) Log: Seconds remaining: 2310
2020/01/27-11:29:32(GMT) Log: Seconds remaining: 2300
2020/01/27-11:29:42(GMT) Log: Seconds remaining: 2290
2020/01/27-11:29:52(GMT) Log: Seconds remaining: 2280
2020/01/27-11:30:02(GMT) Log: Seconds remaining: 2270
2020/01/27-11:30:12(GMT) Log: Seconds remaining: 2260
2020/01/27-11:30:22(GMT) Log: Seconds remaining: 2250
2020/01/27-11:30:32(GMT) Log: Seconds remaining: 2240
2020/01/27-11:30:42(GMT) Log: Seconds remaining: 2230
2020/01/27-11:30:52(GMT) Log: Seconds remaining: 2220
2020/01/27-11:31:02(GMT) Log: Seconds remaining: 2210
2020/01/27-11:31:12(GMT) Log: Seconds remaining: 2200
2020/01/27-11:31:22(GMT) Log: Seconds remaining: 2190
2020/01/27-11:31:32(GMT) Log: Seconds remaining: 2180
2020/01/27-11:31:42(GMT) Log: Seconds remaining: 2170
2020/01/27-11:31:52(GMT) Log: Seconds remaining: 2160
2020/01/27-11:32:02(GMT) Log: Seconds remaining: 2150
2020/01/27-11:32:12(GMT) Log: Seconds remaining: 2140
2020/01/27-11:32:22(GMT) Log: Seconds remaining: 2130
2020/01/27-11:32:32(GMT) Log: Seconds remaining: 2120
2020/01/27-11:32:42(GMT) Log: Seconds remaining: 2110
2020/01/27-11:32:52(GMT) Log: Seconds remaining: 2100
2020/01/27-11:33:02(GMT) Log: Seconds remaining: 2090
2020/01/27-11:33:12(GMT) Log: Seconds remaining: 2080
2020/01/27-11:33:22(GMT) Log: Seconds remaining: 2070
2020/01/27-11:33:32(GMT) Log: Seconds remaining: 2060
2020/01/27-11:33:42(GMT) Log: Seconds remaining: 2050
2020/01/27-11:33:52(GMT) Log: Seconds remaining: 2040
2020/01/27-11:34:02(GMT) Log: Seconds remaining: 2030
2020/01/27-11:34:12(GMT) Log: Seconds remaining: 2020
2020/01/27-11:34:22(GMT) Log: Seconds remaining: 2010
2020/01/27-11:34:32(GMT) Log: Seconds remaining: 2000
2020/01/27-11:34:42(GMT) Log: Seconds remaining: 1990
2020/01/27-11:34:52(GMT) Log: Seconds remaining: 1980
2020/01/27-11:35:02(GMT) Log: Seconds remaining: 1970
2020/01/27-11:35:12(GMT) Log: Seconds remaining: 1960
2020/01/27-11:35:22(GMT) Log: Seconds remaining: 1950
2020/01/27-11:35:32(GMT) Log: Seconds remaining: 1940
2020/01/27-11:35:42(GMT) Log: Seconds remaining: 1930
2020/01/27-11:35:52(GMT) Log: Seconds remaining: 1920
2020/01/27-11:36:02(GMT) Log: Seconds remaining: 1910
2020/01/27-11:36:12(GMT) Log: Seconds remaining: 1900
2020/01/27-11:36:22(GMT) Log: Seconds remaining: 1890
2020/01/27-11:36:32(GMT) Log: Seconds remaining: 1880
2020/01/27-11:36:42(GMT) Log: Seconds remaining: 1870
2020/01/27-11:36:52(GMT) Log: Seconds remaining: 1860
2020/01/27-11:37:02(GMT) Log: Seconds remaining: 1850
2020/01/27-11:37:12(GMT) Log: Seconds remaining: 1840
2020/01/27-11:37:22(GMT) Log: Seconds remaining: 1830
2020/01/27-11:37:32(GMT) Log: Seconds remaining: 1820
2020/01/27-11:37:42(GMT) Log: Seconds remaining: 1810
2020/01/27-11:37:52(GMT) Log: Seconds remaining: 1800
2020/01/27-11:37:52(GMT) Log: Pausing worker threads in preparation for power spike (1800 seconds remaining)
2020/01/27-11:38:02(GMT) Log: Seconds remaining: 1790
2020/01/27-11:38:07(GMT) Log: Resuming worker threads to cause a power spike (1785 seconds remaining)
2020/01/27-11:38:12(GMT) Log: Seconds remaining: 1780
2020/01/27-11:38:22(GMT) Log: Seconds remaining: 1770
2020/01/27-11:38:32(GMT) Log: Seconds remaining: 1760
2020/01/27-11:38:42(GMT) Log: Seconds remaining: 1750
2020/01/27-11:38:52(GMT) Log: Seconds remaining: 1740
2020/01/27-11:39:02(GMT) Log: Seconds remaining: 1730
2020/01/27-11:39:12(GMT) Log: Seconds remaining: 1720
2020/01/27-11:39:22(GMT) Log: Seconds remaining: 1710
2020/01/27-11:39:32(GMT) Log: Seconds remaining: 1700
2020/01/27-11:39:42(GMT) Log: Seconds remaining: 1690
2020/01/27-11:39:52(GMT) Log: Seconds remaining: 1680
2020/01/27-11:40:02(GMT) Log: Seconds remaining: 1670
2020/01/27-11:40:12(GMT) Log: Seconds remaining: 1660
2020/01/27-11:40:22(GMT) Log: Seconds remaining: 1650
2020/01/27-11:40:32(GMT) Log: Seconds remaining: 1640
2020/01/27-11:40:42(GMT) Log: Seconds remaining: 1630
2020/01/27-11:40:52(GMT) Log: Seconds remaining: 1620
2020/01/27-11:41:02(GMT) Log: Seconds remaining: 1610
2020/01/27-11:41:12(GMT) Log: Seconds remaining: 1600
2020/01/27-11:41:22(GMT) Log: Seconds remaining: 1590
2020/01/27-11:41:32(GMT) Log: Seconds remaining: 1580
2020/01/27-11:41:42(GMT) Log: Seconds remaining: 1570
2020/01/27-11:41:52(GMT) Log: Seconds remaining: 1560
2020/01/27-11:42:02(GMT) Log: Seconds remaining: 1550
2020/01/27-11:42:12(GMT) Log: Seconds remaining: 1540
2020/01/27-11:42:22(GMT) Log: Seconds remaining: 1530
2020/01/27-11:42:32(GMT) Log: Seconds remaining: 1520
2020/01/27-11:42:42(GMT) Log: Seconds remaining: 1510
2020/01/27-11:42:52(GMT) Log: Seconds remaining: 1500
2020/01/27-11:43:02(GMT) Log: Seconds remaining: 1490
2020/01/27-11:43:12(GMT) Log: Seconds remaining: 1480
2020/01/27-11:43:22(GMT) Log: Seconds remaining: 1470
2020/01/27-11:43:32(GMT) Log: Seconds remaining: 1460
2020/01/27-11:43:42(GMT) Log: Seconds remaining: 1450
2020/01/27-11:43:52(GMT) Log: Seconds remaining: 1440
2020/01/27-11:44:02(GMT) Log: Seconds remaining: 1430
2020/01/27-11:44:12(GMT) Log: Seconds remaining: 1420
2020/01/27-11:44:22(GMT) Log: Seconds remaining: 1410
2020/01/27-11:44:32(GMT) Log: Seconds remaining: 1400
2020/01/27-11:44:42(GMT) Log: Seconds remaining: 1390
2020/01/27-11:44:52(GMT) Log: Seconds remaining: 1380
2020/01/27-11:45:02(GMT) Log: Seconds remaining: 1370
2020/01/27-11:45:12(GMT) Log: Seconds remaining: 1360
2020/01/27-11:45:22(GMT) Log: Seconds remaining: 1350
2020/01/27-11:45:32(GMT) Log: Seconds remaining: 1340
2020/01/27-11:45:42(GMT) Log: Seconds remaining: 1330
2020/01/27-11:45:52(GMT) Log: Seconds remaining: 1320
2020/01/27-11:46:02(GMT) Log: Seconds remaining: 1310
2020/01/27-11:46:12(GMT) Log: Seconds remaining: 1300
2020/01/27-11:46:22(GMT) Log: Seconds remaining: 1290
2020/01/27-11:46:32(GMT) Log: Seconds remaining: 1280
2020/01/27-11:46:42(GMT) Log: Seconds remaining: 1270
2020/01/27-11:46:52(GMT) Log: Seconds remaining: 1260
2020/01/27-11:47:02(GMT) Log: Seconds remaining: 1250
2020/01/27-11:47:12(GMT) Log: Seconds remaining: 1240
2020/01/27-11:47:22(GMT) Log: Seconds remaining: 1230
2020/01/27-11:47:32(GMT) Log: Seconds remaining: 1220
2020/01/27-11:47:42(GMT) Log: Seconds remaining: 1210
2020/01/27-11:47:52(GMT) Log: Seconds remaining: 1200
2020/01/27-11:47:52(GMT) Log: Pausing worker threads in preparation for power spike (1200 seconds remaining)
2020/01/27-11:48:02(GMT) Log: Seconds remaining: 1190
2020/01/27-11:48:07(GMT) Log: Resuming worker threads to cause a power spike (1185 seconds remaining)
2020/01/27-11:48:12(GMT) Log: Seconds remaining: 1180
2020/01/27-11:48:22(GMT) Log: Seconds remaining: 1170
2020/01/27-11:48:32(GMT) Log: Seconds remaining: 1160
2020/01/27-11:48:42(GMT) Log: Seconds remaining: 1150
2020/01/27-11:48:52(GMT) Log: Seconds remaining: 1140
2020/01/27-11:49:02(GMT) Log: Seconds remaining: 1130
2020/01/27-11:49:12(GMT) Log: Seconds remaining: 1120
2020/01/27-11:49:22(GMT) Log: Seconds remaining: 1110
2020/01/27-11:49:32(GMT) Log: Seconds remaining: 1100
2020/01/27-11:49:42(GMT) Log: Seconds remaining: 1090
2020/01/27-11:49:52(GMT) Log: Seconds remaining: 1080
2020/01/27-11:50:02(GMT) Log: Seconds remaining: 1070
2020/01/27-11:50:12(GMT) Log: Seconds remaining: 1060
2020/01/27-11:50:22(GMT) Log: Seconds remaining: 1050
2020/01/27-11:50:32(GMT) Log: Seconds remaining: 1040
2020/01/27-11:50:42(GMT) Log: Seconds remaining: 1030
2020/01/27-11:50:52(GMT) Log: Seconds remaining: 1020
2020/01/27-11:51:02(GMT) Log: Seconds remaining: 1010
2020/01/27-11:51:12(GMT) Log: Seconds remaining: 1000
2020/01/27-11:51:22(GMT) Log: Seconds remaining: 990
2020/01/27-11:51:32(GMT) Log: Seconds remaining: 980
2020/01/27-11:51:42(GMT) Log: Seconds remaining: 970
2020/01/27-11:51:52(GMT) Log: Seconds remaining: 960
2020/01/27-11:52:02(GMT) Log: Seconds remaining: 950
2020/01/27-11:52:12(GMT) Log: Seconds remaining: 940
2020/01/27-11:52:22(GMT) Log: Seconds remaining: 930
2020/01/27-11:52:32(GMT) Log: Seconds remaining: 920
2020/01/27-11:52:42(GMT) Log: Seconds remaining: 910
2020/01/27-11:52:52(GMT) Log: Seconds remaining: 900
2020/01/27-11:53:02(GMT) Log: Seconds remaining: 890
2020/01/27-11:53:12(GMT) Log: Seconds remaining: 880
2020/01/27-11:53:22(GMT) Log: Seconds remaining: 870
2020/01/27-11:53:32(GMT) Log: Seconds remaining: 860
2020/01/27-11:53:42(GMT) Log: Seconds remaining: 850
2020/01/27-11:53:52(GMT) Log: Seconds remaining: 840
2020/01/27-11:54:02(GMT) Log: Seconds remaining: 830
2020/01/27-11:54:12(GMT) Log: Seconds remaining: 820
2020/01/27-11:54:22(GMT) Log: Seconds remaining: 810
2020/01/27-11:54:32(GMT) Log: Seconds remaining: 800
2020/01/27-11:54:42(GMT) Log: Seconds remaining: 790
2020/01/27-11:54:52(GMT) Log: Seconds remaining: 780
2020/01/27-11:55:02(GMT) Log: Seconds remaining: 770
2020/01/27-11:55:12(GMT) Log: Seconds remaining: 760
2020/01/27-11:55:22(GMT) Log: Seconds remaining: 750
2020/01/27-11:55:32(GMT) Log: Seconds remaining: 740
2020/01/27-11:55:42(GMT) Log: Seconds remaining: 730
2020/01/27-11:55:52(GMT) Log: Seconds remaining: 720
2020/01/27-11:56:02(GMT) Log: Seconds remaining: 710
2020/01/27-11:56:12(GMT) Log: Seconds remaining: 700
2020/01/27-11:56:22(GMT) Log: Seconds remaining: 690
2020/01/27-11:56:32(GMT) Log: Seconds remaining: 680
2020/01/27-11:56:42(GMT) Log: Seconds remaining: 670
2020/01/27-11:56:52(GMT) Log: Seconds remaining: 660
2020/01/27-11:57:02(GMT) Log: Seconds remaining: 650
2020/01/27-11:57:12(GMT) Log: Seconds remaining: 640
2020/01/27-11:57:22(GMT) Log: Seconds remaining: 630
2020/01/27-11:57:32(GMT) Log: Seconds remaining: 620
2020/01/27-11:57:42(GMT) Log: Seconds remaining: 610
2020/01/27-11:57:52(GMT) Log: Seconds remaining: 600
2020/01/27-11:57:52(GMT) Log: Pausing worker threads in preparation for power spike (600 seconds remaining)
2020/01/27-11:58:02(GMT) Log: Seconds remaining: 590
2020/01/27-11:58:07(GMT) Log: Resuming worker threads to cause a power spike (585 seconds remaining)
2020/01/27-11:58:12(GMT) Log: Seconds remaining: 580
2020/01/27-11:58:22(GMT) Log: Seconds remaining: 570
2020/01/27-11:58:32(GMT) Log: Seconds remaining: 560
2020/01/27-11:58:42(GMT) Log: Seconds remaining: 550
2020/01/27-11:58:52(GMT) Log: Seconds remaining: 540
2020/01/27-11:59:02(GMT) Log: Seconds remaining: 530
2020/01/27-11:59:12(GMT) Log: Seconds remaining: 520
2020/01/27-11:59:22(GMT) Log: Seconds remaining: 510
2020/01/27-11:59:32(GMT) Log: Seconds remaining: 500
2020/01/27-11:59:42(GMT) Log: Seconds remaining: 490
2020/01/27-11:59:52(GMT) Log: Seconds remaining: 480
2020/01/27-12:00:02(GMT) Log: Seconds remaining: 470
2020/01/27-12:00:12(GMT) Log: Seconds remaining: 460
2020/01/27-12:00:22(GMT) Log: Seconds remaining: 450
2020/01/27-12:00:32(GMT) Log: Seconds remaining: 440
2020/01/27-12:00:42(GMT) Log: Seconds remaining: 430
2020/01/27-12:00:52(GMT) Log: Seconds remaining: 420
2020/01/27-12:01:02(GMT) Log: Seconds remaining: 410
2020/01/27-12:01:12(GMT) Log: Seconds remaining: 400
2020/01/27-12:01:22(GMT) Log: Seconds remaining: 390
2020/01/27-12:01:32(GMT) Log: Seconds remaining: 380
2020/01/27-12:01:42(GMT) Log: Seconds remaining: 370
2020/01/27-12:01:52(GMT) Log: Seconds remaining: 360
2020/01/27-12:02:02(GMT) Log: Seconds remaining: 350
2020/01/27-12:02:12(GMT) Log: Seconds remaining: 340
2020/01/27-12:02:22(GMT) Log: Seconds remaining: 330
2020/01/27-12:02:32(GMT) Log: Seconds remaining: 320
2020/01/27-12:02:42(GMT) Log: Seconds remaining: 310
2020/01/27-12:02:52(GMT) Log: Seconds remaining: 300
2020/01/27-12:03:02(GMT) Log: Seconds remaining: 290
2020/01/27-12:03:12(GMT) Log: Seconds remaining: 280
2020/01/27-12:03:22(GMT) Log: Seconds remaining: 270
2020/01/27-12:03:32(GMT) Log: Seconds remaining: 260
2020/01/27-12:03:42(GMT) Log: Seconds remaining: 250
2020/01/27-12:03:52(GMT) Log: Seconds remaining: 240
2020/01/27-12:04:02(GMT) Log: Seconds remaining: 230
2020/01/27-12:04:12(GMT) Log: Seconds remaining: 220
2020/01/27-12:04:22(GMT) Log: Seconds remaining: 210
2020/01/27-12:04:32(GMT) Log: Seconds remaining: 200
2020/01/27-12:04:42(GMT) Log: Seconds remaining: 190
2020/01/27-12:04:52(GMT) Log: Seconds remaining: 180
2020/01/27-12:05:02(GMT) Log: Seconds remaining: 170
2020/01/27-12:05:12(GMT) Log: Seconds remaining: 160
2020/01/27-12:05:22(GMT) Log: Seconds remaining: 150
2020/01/27-12:05:32(GMT) Log: Seconds remaining: 140
2020/01/27-12:05:42(GMT) Log: Seconds remaining: 130
2020/01/27-12:05:52(GMT) Log: Seconds remaining: 120
2020/01/27-12:06:02(GMT) Log: Seconds remaining: 110
2020/01/27-12:06:12(GMT) Log: Seconds remaining: 100
2020/01/27-12:06:22(GMT) Log: Seconds remaining: 90
2020/01/27-12:06:32(GMT) Log: Seconds remaining: 80
2020/01/27-12:06:42(GMT) Log: Seconds remaining: 70
2020/01/27-12:06:52(GMT) Log: Seconds remaining: 60
2020/01/27-12:07:02(GMT) Log: Seconds remaining: 50
2020/01/27-12:07:12(GMT) Log: Seconds remaining: 40
2020/01/27-12:07:22(GMT) Log: Seconds remaining: 30
2020/01/27-12:07:32(GMT) Log: Seconds remaining: 20
2020/01/27-12:07:42(GMT) Log: Seconds remaining: 10
2020/01/27-12:07:58(GMT) Stats: Found 0 hardware incidents
2020/01/27-12:07:58(GMT) Stats: Completed: 193998480.00M in 2400.73s 80808.18MB/s, with 0 hardware incidents, 0 errors
2020/01/27-12:07:58(GMT) Stats: Memory Copy: 193998480.00M at 80830.34MB/s
2020/01/27-12:07:58(GMT) Stats: File Copy: 0.00M at 0.00MB/s
2020/01/27-12:07:58(GMT) Stats: Net Copy: 0.00M at 0.00MB/s
2020/01/27-12:07:58(GMT) Stats: Data Check: 0.00M at 0.00MB/s
2020/01/27-12:07:58(GMT) Stats: Invert Data: 0.00M at 0.00MB/s
2020/01/27-12:07:58(GMT) Stats: Disk: 0.00M at 0.00MB/s
2020/01/27-12:07:58(GMT) 
2020/01/27-12:07:58(GMT) Status: PASS - please verify no corrected errors
2020/01/27-12:07:58(GMT) 

============================
=          DMESG           =
============================
[ 6069.555334] perf: interrupt took too long (2556 > 2500), lowering kernel.perf_event_max_sample_rate to 78000
[ 6139.046812] perf: interrupt took too long (3226 > 3195), lowering kernel.perf_event_max_sample_rate to 62000
[ 6284.942987] perf: interrupt took too long (4041 > 4032), lowering kernel.perf_event_max_sample_rate to 49250
[ 6657.666815] perf: interrupt took too long (5069 > 5051), lowering kernel.perf_event_max_sample_rate to 39250

============================
=          BMC SEL         =
============================
=== No SEL logged ===


==============================================
=            Burn-In Test Cycle 2            =
==============================================
Test start time: 2020-01-27_12:08:26
***************************
*      KSB test cycle2    *
***************************
===== KSB Memory test PASS =====

=======================================================
Running fpga-test on 02:00.0
=======================================================

Device Type                : Kalidah
EP Link Status             : Gen3 x8     PASSED 
GIT Hash                   : 0x0FAA0CFE
Device DNA                 : 0x400200000155AC800CA06345
Core Clock Frequency       :    250 MHz
SSD_0 present              :        Yes
SSD_1 present              :        Yes
KSB number                 :          1
Slice number               :          0
Temperature Master  Sysmon :      35.67  Cel
Temperature Slave 0 Sysmon :      35.03  Cel
Temperature Slave 1 Sysmon :      34.78  Cel
DDR4 capability            : ID_2, 16GB, VLP RDIMM w/ ECC, 1R, 16Gb x8 die, 2400 MT/s 
DDR4 calibration done      : 0x00000001  PASSED 
Unsupported Offset BAR3    : 0xFFFFFFFF  PASSED 
FPGA Version               : 0x00030006  PASSED 
DMA ch0 ctl. register      : 0x00008003  PASSED 
DMA ch1 ctl. register      : 0x00008013  PASSED 
DMA ch2 ctl. register      : 0x00008023  PASSED 
RP0 Link Status            : 0x70430000  PASSED 
Locating PCIe capabilities of SSD0 ...SSD0 Link Status           : 0x10430000  PASSED 
SSD0 Vendor/Dev ID         : 0xA808144D  PASSED  (Samsung)
RP1 Link Status            : 0x70430000  PASSED 
Locating PCIe capabilities of SSD1 ...SSD1 Link Status           : 0x10430000  PASSED 
SSD1 Vendor/Dev ID         : 0xA808144D  PASSED  (Samsung)
Global Fatal Interrupt     : 0x00000000  PASSED 
Global Non Fatal Interrupt : 0x00000000  PASSED 
  ____                 _
 |  _ \ __ _ ___ ___  | |
 | |_) / _` / __/ __| | |
 |  __/ (_| \__ \__ \ |_|
 |_|   \__,_|___/___/ (_)


=======================================================
Running fpga-test on 41:00.0
=======================================================

Device Type                : Kalidah
EP Link Status             : Gen3 x8     PASSED 
GIT Hash                   : 0x0FAA0CFE
Device DNA                 : 0x400200000155AC800CA06345
Core Clock Frequency       :    250 MHz
SSD_0 present              :        Yes
SSD_1 present              :        Yes
KSB number                 :          1
Slice number               :          1
DDR4 capability            : ID_2, 16GB, VLP RDIMM w/ ECC, 1R, 16Gb x8 die, 2400 MT/s 
DDR4 calibration done      : 0x00000001  PASSED 
Unsupported Offset BAR3    : 0xFFFFFFFF  PASSED 
FPGA Version               : 0x00030006  PASSED 
DMA ch0 ctl. register      : 0x00008003  PASSED 
DMA ch1 ctl. register      : 0x00008013  PASSED 
DMA ch2 ctl. register      : 0x00008023  PASSED 
RP0 Link Status            : 0x70430000  PASSED 
Locating PCIe capabilities of SSD0 ...SSD0 Link Status           : 0x10430000  PASSED 
SSD0 Vendor/Dev ID         : 0xA808144D  PASSED  (Samsung)
RP1 Link Status            : 0x70430000  PASSED 
Locating PCIe capabilities of SSD1 ...SSD1 Link Status           : 0x10430000  PASSED 
SSD1 Vendor/Dev ID         : 0xA808144D  PASSED  (Samsung)
Global Fatal Interrupt     : 0x00000000  PASSED 
Global Non Fatal Interrupt : 0x00000000  PASSED 
  ____                 _
 |  _ \ __ _ ___ ___  | |
 | |_) / _` / __/ __| | |
 |  __/ (_| \__ \__ \ |_|
 |_|   \__,_|___/___/ (_)


=======================================================
Running fpga-test on 84:00.0
=======================================================

Device Type                : Kalidah
EP Link Status             : Gen3 x8     PASSED 
GIT Hash                   : 0x0FAA0CFE
Device DNA                 : 0x400200000155AC81051063C5
Core Clock Frequency       :    250 MHz
SSD_0 present              :        Yes
SSD_1 present              :        Yes
KSB number                 :          0
Slice number               :          1
DDR4 capability            : ID_2, 16GB, VLP RDIMM w/ ECC, 1R, 16Gb x8 die, 2400 MT/s 
DDR4 calibration done      : 0x00000001  PASSED 
Unsupported Offset BAR3    : 0xFFFFFFFF  PASSED 
FPGA Version               : 0x00030006  PASSED 
DMA ch0 ctl. register      : 0x00008003  PASSED 
DMA ch1 ctl. register      : 0x00008013  PASSED 
DMA ch2 ctl. register      : 0x00008023  PASSED 
RP0 Link Status            : 0x70430000  PASSED 
Locating PCIe capabilities of SSD0 ...SSD0 Link Status           : 0x10430000  PASSED 
SSD0 Vendor/Dev ID         : 0xA808144D  PASSED  (Samsung)
RP1 Link Status            : 0x70430000  PASSED 
Locating PCIe capabilities of SSD1 ...SSD1 Link Status           : 0x10430000  PASSED 
SSD1 Vendor/Dev ID         : 0xA808144D  PASSED  (Samsung)
Global Fatal Interrupt     : 0x00000000  PASSED 
Global Non Fatal Interrupt : 0x00000000  PASSED 
  ____                 _
 |  _ \ __ _ ___ ___  | |
 | |_) / _` / __/ __| | |
 |  __/ (_| \__ \__ \ |_|
 |_|   \__,_|___/___/ (_)


=======================================================
Running fpga-test on c1:00.0
=======================================================

Device Type                : Kalidah
EP Link Status             : Gen3 x8     PASSED 
GIT Hash                   : 0x0FAA0CFE
Device DNA                 : 0x400200000155AC81051063C5
Core Clock Frequency       :    250 MHz
SSD_0 present              :        Yes
SSD_1 present              :        Yes
KSB number                 :          0
Slice number               :          0
Temperature Master  Sysmon :      35.58  Cel
Temperature Slave 0 Sysmon :      35.83  Cel
Temperature Slave 1 Sysmon :      34.09  Cel
DDR4 capability            : ID_2, 16GB, VLP RDIMM w/ ECC, 1R, 16Gb x8 die, 2400 MT/s 
DDR4 calibration done      : 0x00000001  PASSED 
Unsupported Offset BAR3    : 0xFFFFFFFF  PASSED 
FPGA Version               : 0x00030006  PASSED 
DMA ch0 ctl. register      : 0x00008003  PASSED 
DMA ch1 ctl. register      : 0x00008013  PASSED 
DMA ch2 ctl. register      : 0x00008023  PASSED 
RP0 Link Status            : 0x70430000  PASSED 
Locating PCIe capabilities of SSD0 ...SSD0 Link Status           : 0x10430000  PASSED 
SSD0 Vendor/Dev ID         : 0xA808144D  PASSED  (Samsung)
RP1 Link Status            : 0x70430000  PASSED 
Locating PCIe capabilities of SSD1 ...SSD1 Link Status           : 0x10430000  PASSED 
SSD1 Vendor/Dev ID         : 0xA808144D  PASSED  (Samsung)
Global Fatal Interrupt     : 0x00000000  PASSED 
Global Non Fatal Interrupt : 0x00000000  PASSED 
  ____                 _
 |  _ \ __ _ ___ ___  | |
 | |_) / _` / __/ __| | |
 |  __/ (_| \__ \__ \ |_|
 |_|   \__,_|___/___/ (_)


*****************************
*  CPU/Memory Stress cycle2 *
*****************************
============================
=        Stress Log        =
============================
2020/01/27-12:09:01(GMT) Log: Commandline - ./stressapptest -m 32 -C 32 -l /root/TinmanBI/STRESS.log -s 2400
2020/01/27-12:09:01(GMT) Stats: SAT revision 1.0.7_autoconf, 64 bit binary
2020/01/27-12:09:01(GMT) Log: root @ localhost.localdomain on Tue Sep 19 03:28:47 CST 2017 from open source release
2020/01/27-12:09:01(GMT) Log: 1 nodes, 128 cpus.
2020/01/27-12:09:01(GMT) Log: Total 515817 MB. Free 510033 MB. Hugepages 0 MB. Targeting 489834 MB (94%)
2020/01/27-12:09:01(GMT) Log: Prefer plain malloc memory allocation.
2020/01/27-12:09:01(GMT) Log: Using mmap() allocation at 0x7ea868d40000.
2020/01/27-12:09:01(GMT) Stats: Starting SAT, 489834M, 2400 seconds
2020/01/27-12:09:37(GMT) Log: Region mask: 0x1
2020/01/27-12:09:47(GMT) Log: Seconds remaining: 2390
2020/01/27-12:09:57(GMT) Log: Seconds remaining: 2380
2020/01/27-12:10:07(GMT) Log: Seconds remaining: 2370
2020/01/27-12:10:17(GMT) Log: Seconds remaining: 2360
2020/01/27-12:10:27(GMT) Log: Seconds remaining: 2350
2020/01/27-12:10:37(GMT) Log: Seconds remaining: 2340
2020/01/27-12:10:47(GMT) Log: Seconds remaining: 2330
2020/01/27-12:10:57(GMT) Log: Seconds remaining: 2320
2020/01/27-12:11:07(GMT) Log: Seconds remaining: 2310
2020/01/27-12:11:17(GMT) Log: Seconds remaining: 2300
2020/01/27-12:11:27(GMT) Log: Seconds remaining: 2290
2020/01/27-12:11:37(GMT) Log: Seconds remaining: 2280
2020/01/27-12:11:47(GMT) Log: Seconds remaining: 2270
2020/01/27-12:11:57(GMT) Log: Seconds remaining: 2260
2020/01/27-12:12:07(GMT) Log: Seconds remaining: 2250
2020/01/27-12:12:17(GMT) Log: Seconds remaining: 2240
2020/01/27-12:12:27(GMT) Log: Seconds remaining: 2230
2020/01/27-12:12:37(GMT) Log: Seconds remaining: 2220
2020/01/27-12:12:47(GMT) Log: Seconds remaining: 2210
2020/01/27-12:12:57(GMT) Log: Seconds remaining: 2200
2020/01/27-12:13:07(GMT) Log: Seconds remaining: 2190
2020/01/27-12:13:17(GMT) Log: Seconds remaining: 2180
2020/01/27-12:13:27(GMT) Log: Seconds remaining: 2170
2020/01/27-12:13:37(GMT) Log: Seconds remaining: 2160
2020/01/27-12:13:47(GMT) Log: Seconds remaining: 2150
2020/01/27-12:13:57(GMT) Log: Seconds remaining: 2140
2020/01/27-12:14:07(GMT) Log: Seconds remaining: 2130
2020/01/27-12:14:17(GMT) Log: Seconds remaining: 2120
2020/01/27-12:14:27(GMT) Log: Seconds remaining: 2110
2020/01/27-12:14:37(GMT) Log: Seconds remaining: 2100
2020/01/27-12:14:47(GMT) Log: Seconds remaining: 2090
2020/01/27-12:14:57(GMT) Log: Seconds remaining: 2080
2020/01/27-12:15:07(GMT) Log: Seconds remaining: 2070
2020/01/27-12:15:17(GMT) Log: Seconds remaining: 2060
2020/01/27-12:15:27(GMT) Log: Seconds remaining: 2050
2020/01/27-12:15:37(GMT) Log: Seconds remaining: 2040
2020/01/27-12:15:47(GMT) Log: Seconds remaining: 2030
2020/01/27-12:15:57(GMT) Log: Seconds remaining: 2020
2020/01/27-12:16:07(GMT) Log: Seconds remaining: 2010
2020/01/27-12:16:17(GMT) Log: Seconds remaining: 2000
2020/01/27-12:16:27(GMT) Log: Seconds remaining: 1990
2020/01/27-12:16:37(GMT) Log: Seconds remaining: 1980
2020/01/27-12:16:47(GMT) Log: Seconds remaining: 1970
2020/01/27-12:16:57(GMT) Log: Seconds remaining: 1960
2020/01/27-12:17:07(GMT) Log: Seconds remaining: 1950
2020/01/27-12:17:17(GMT) Log: Seconds remaining: 1940
2020/01/27-12:17:27(GMT) Log: Seconds remaining: 1930
2020/01/27-12:17:37(GMT) Log: Seconds remaining: 1920
2020/01/27-12:17:47(GMT) Log: Seconds remaining: 1910
2020/01/27-12:17:57(GMT) Log: Seconds remaining: 1900
2020/01/27-12:18:07(GMT) Log: Seconds remaining: 1890
2020/01/27-12:18:17(GMT) Log: Seconds remaining: 1880
2020/01/27-12:18:27(GMT) Log: Seconds remaining: 1870
2020/01/27-12:18:37(GMT) Log: Seconds remaining: 1860
2020/01/27-12:18:47(GMT) Log: Seconds remaining: 1850
2020/01/27-12:18:57(GMT) Log: Seconds remaining: 1840
2020/01/27-12:19:07(GMT) Log: Seconds remaining: 1830
2020/01/27-12:19:17(GMT) Log: Seconds remaining: 1820
2020/01/27-12:19:27(GMT) Log: Seconds remaining: 1810
2020/01/27-12:19:37(GMT) Log: Seconds remaining: 1800
2020/01/27-12:19:37(GMT) Log: Pausing worker threads in preparation for power spike (1800 seconds remaining)
2020/01/27-12:19:47(GMT) Log: Seconds remaining: 1790
2020/01/27-12:19:52(GMT) Log: Resuming worker threads to cause a power spike (1785 seconds remaining)
2020/01/27-12:19:57(GMT) Log: Seconds remaining: 1780
2020/01/27-12:20:07(GMT) Log: Seconds remaining: 1770
2020/01/27-12:20:17(GMT) Log: Seconds remaining: 1760
2020/01/27-12:20:27(GMT) Log: Seconds remaining: 1750
2020/01/27-12:20:37(GMT) Log: Seconds remaining: 1740
2020/01/27-12:20:47(GMT) Log: Seconds remaining: 1730
2020/01/27-12:20:57(GMT) Log: Seconds remaining: 1720
2020/01/27-12:21:07(GMT) Log: Seconds remaining: 1710
2020/01/27-12:21:17(GMT) Log: Seconds remaining: 1700
2020/01/27-12:21:27(GMT) Log: Seconds remaining: 1690
2020/01/27-12:21:37(GMT) Log: Seconds remaining: 1680
2020/01/27-12:21:47(GMT) Log: Seconds remaining: 1670
2020/01/27-12:21:57(GMT) Log: Seconds remaining: 1660
2020/01/27-12:22:07(GMT) Log: Seconds remaining: 1650
2020/01/27-12:22:17(GMT) Log: Seconds remaining: 1640
2020/01/27-12:22:27(GMT) Log: Seconds remaining: 1630
2020/01/27-12:22:37(GMT) Log: Seconds remaining: 1620
2020/01/27-12:22:47(GMT) Log: Seconds remaining: 1610
2020/01/27-12:22:57(GMT) Log: Seconds remaining: 1600
2020/01/27-12:23:07(GMT) Log: Seconds remaining: 1590
2020/01/27-12:23:17(GMT) Log: Seconds remaining: 1580
2020/01/27-12:23:27(GMT) Log: Seconds remaining: 1570
2020/01/27-12:23:37(GMT) Log: Seconds remaining: 1560
2020/01/27-12:23:47(GMT) Log: Seconds remaining: 1550
2020/01/27-12:23:57(GMT) Log: Seconds remaining: 1540
2020/01/27-12:24:07(GMT) Log: Seconds remaining: 1530
2020/01/27-12:24:17(GMT) Log: Seconds remaining: 1520
2020/01/27-12:24:27(GMT) Log: Seconds remaining: 1510
2020/01/27-12:24:37(GMT) Log: Seconds remaining: 1500
2020/01/27-12:24:47(GMT) Log: Seconds remaining: 1490
2020/01/27-12:24:57(GMT) Log: Seconds remaining: 1480
2020/01/27-12:25:07(GMT) Log: Seconds remaining: 1470
2020/01/27-12:25:17(GMT) Log: Seconds remaining: 1460
2020/01/27-12:25:27(GMT) Log: Seconds remaining: 1450
2020/01/27-12:25:37(GMT) Log: Seconds remaining: 1440
2020/01/27-12:25:47(GMT) Log: Seconds remaining: 1430
2020/01/27-12:25:57(GMT) Log: Seconds remaining: 1420
2020/01/27-12:26:07(GMT) Log: Seconds remaining: 1410
2020/01/27-12:26:17(GMT) Log: Seconds remaining: 1400
2020/01/27-12:26:27(GMT) Log: Seconds remaining: 1390
2020/01/27-12:26:37(GMT) Log: Seconds remaining: 1380
2020/01/27-12:26:47(GMT) Log: Seconds remaining: 1370
2020/01/27-12:26:57(GMT) Log: Seconds remaining: 1360
2020/01/27-12:27:07(GMT) Log: Seconds remaining: 1350
2020/01/27-12:27:17(GMT) Log: Seconds remaining: 1340
2020/01/27-12:27:27(GMT) Log: Seconds remaining: 1330
2020/01/27-12:27:37(GMT) Log: Seconds remaining: 1320
2020/01/27-12:27:47(GMT) Log: Seconds remaining: 1310
2020/01/27-12:27:57(GMT) Log: Seconds remaining: 1300
2020/01/27-12:28:07(GMT) Log: Seconds remaining: 1290
2020/01/27-12:28:17(GMT) Log: Seconds remaining: 1280
2020/01/27-12:28:27(GMT) Log: Seconds remaining: 1270
2020/01/27-12:28:37(GMT) Log: Seconds remaining: 1260
2020/01/27-12:28:47(GMT) Log: Seconds remaining: 1250
2020/01/27-12:28:57(GMT) Log: Seconds remaining: 1240
2020/01/27-12:29:07(GMT) Log: Seconds remaining: 1230
2020/01/27-12:29:17(GMT) Log: Seconds remaining: 1220
2020/01/27-12:29:27(GMT) Log: Seconds remaining: 1210
2020/01/27-12:29:37(GMT) Log: Seconds remaining: 1200
2020/01/27-12:29:37(GMT) Log: Pausing worker threads in preparation for power spike (1200 seconds remaining)
2020/01/27-12:29:47(GMT) Log: Seconds remaining: 1190
2020/01/27-12:29:52(GMT) Log: Resuming worker threads to cause a power spike (1185 seconds remaining)
2020/01/27-12:29:57(GMT) Log: Seconds remaining: 1180
2020/01/27-12:30:07(GMT) Log: Seconds remaining: 1170
2020/01/27-12:30:17(GMT) Log: Seconds remaining: 1160
2020/01/27-12:30:27(GMT) Log: Seconds remaining: 1150
2020/01/27-12:30:37(GMT) Log: Seconds remaining: 1140
2020/01/27-12:30:47(GMT) Log: Seconds remaining: 1130
2020/01/27-12:30:57(GMT) Log: Seconds remaining: 1120
2020/01/27-12:31:07(GMT) Log: Seconds remaining: 1110
2020/01/27-12:31:17(GMT) Log: Seconds remaining: 1100
2020/01/27-12:31:27(GMT) Log: Seconds remaining: 1090
2020/01/27-12:31:37(GMT) Log: Seconds remaining: 1080
2020/01/27-12:31:47(GMT) Log: Seconds remaining: 1070
2020/01/27-12:31:57(GMT) Log: Seconds remaining: 1060
2020/01/27-12:32:07(GMT) Log: Seconds remaining: 1050
2020/01/27-12:32:17(GMT) Log: Seconds remaining: 1040
2020/01/27-12:32:27(GMT) Log: Seconds remaining: 1030
2020/01/27-12:32:37(GMT) Log: Seconds remaining: 1020
2020/01/27-12:32:47(GMT) Log: Seconds remaining: 1010
2020/01/27-12:32:57(GMT) Log: Seconds remaining: 1000
2020/01/27-12:33:07(GMT) Log: Seconds remaining: 990
2020/01/27-12:33:17(GMT) Log: Seconds remaining: 980
2020/01/27-12:33:27(GMT) Log: Seconds remaining: 970
2020/01/27-12:33:37(GMT) Log: Seconds remaining: 960
2020/01/27-12:33:47(GMT) Log: Seconds remaining: 950
2020/01/27-12:33:57(GMT) Log: Seconds remaining: 940
2020/01/27-12:34:07(GMT) Log: Seconds remaining: 930
2020/01/27-12:34:17(GMT) Log: Seconds remaining: 920
2020/01/27-12:34:27(GMT) Log: Seconds remaining: 910
2020/01/27-12:34:37(GMT) Log: Seconds remaining: 900
2020/01/27-12:34:47(GMT) Log: Seconds remaining: 890
2020/01/27-12:34:57(GMT) Log: Seconds remaining: 880
2020/01/27-12:35:07(GMT) Log: Seconds remaining: 870
2020/01/27-12:35:17(GMT) Log: Seconds remaining: 860
2020/01/27-12:35:27(GMT) Log: Seconds remaining: 850
2020/01/27-12:35:37(GMT) Log: Seconds remaining: 840
2020/01/27-12:35:47(GMT) Log: Seconds remaining: 830
2020/01/27-12:35:57(GMT) Log: Seconds remaining: 820
2020/01/27-12:36:07(GMT) Log: Seconds remaining: 810
2020/01/27-12:36:17(GMT) Log: Seconds remaining: 800
2020/01/27-12:36:27(GMT) Log: Seconds remaining: 790
2020/01/27-12:36:37(GMT) Log: Seconds remaining: 780
2020/01/27-12:36:47(GMT) Log: Seconds remaining: 770
2020/01/27-12:36:57(GMT) Log: Seconds remaining: 760
2020/01/27-12:37:07(GMT) Log: Seconds remaining: 750
2020/01/27-12:37:17(GMT) Log: Seconds remaining: 740
2020/01/27-12:37:27(GMT) Log: Seconds remaining: 730
2020/01/27-12:37:37(GMT) Log: Seconds remaining: 720
2020/01/27-12:37:47(GMT) Log: Seconds remaining: 710
2020/01/27-12:37:57(GMT) Log: Seconds remaining: 700
2020/01/27-12:38:07(GMT) Log: Seconds remaining: 690
2020/01/27-12:38:17(GMT) Log: Seconds remaining: 680
2020/01/27-12:38:27(GMT) Log: Seconds remaining: 670
2020/01/27-12:38:37(GMT) Log: Seconds remaining: 660
2020/01/27-12:38:47(GMT) Log: Seconds remaining: 650
2020/01/27-12:38:57(GMT) Log: Seconds remaining: 640
2020/01/27-12:39:07(GMT) Log: Seconds remaining: 630
2020/01/27-12:39:17(GMT) Log: Seconds remaining: 620
2020/01/27-12:39:27(GMT) Log: Seconds remaining: 610
2020/01/27-12:39:37(GMT) Log: Seconds remaining: 600
2020/01/27-12:39:37(GMT) Log: Pausing worker threads in preparation for power spike (600 seconds remaining)
2020/01/27-12:39:47(GMT) Log: Seconds remaining: 590
2020/01/27-12:39:52(GMT) Log: Resuming worker threads to cause a power spike (585 seconds remaining)
2020/01/27-12:39:57(GMT) Log: Seconds remaining: 580
2020/01/27-12:40:07(GMT) Log: Seconds remaining: 570
2020/01/27-12:40:17(GMT) Log: Seconds remaining: 560
2020/01/27-12:40:27(GMT) Log: Seconds remaining: 550
2020/01/27-12:40:37(GMT) Log: Seconds remaining: 540
2020/01/27-12:40:47(GMT) Log: Seconds remaining: 530
2020/01/27-12:40:57(GMT) Log: Seconds remaining: 520
2020/01/27-12:41:07(GMT) Log: Seconds remaining: 510
2020/01/27-12:41:17(GMT) Log: Seconds remaining: 500
2020/01/27-12:41:27(GMT) Log: Seconds remaining: 490
2020/01/27-12:41:37(GMT) Log: Seconds remaining: 480
2020/01/27-12:41:47(GMT) Log: Seconds remaining: 470
2020/01/27-12:41:57(GMT) Log: Seconds remaining: 460
2020/01/27-12:42:07(GMT) Log: Seconds remaining: 450
2020/01/27-12:42:17(GMT) Log: Seconds remaining: 440
2020/01/27-12:42:27(GMT) Log: Seconds remaining: 430
2020/01/27-12:42:37(GMT) Log: Seconds remaining: 420
2020/01/27-12:42:47(GMT) Log: Seconds remaining: 410
2020/01/27-12:42:57(GMT) Log: Seconds remaining: 400
2020/01/27-12:43:07(GMT) Log: Seconds remaining: 390
2020/01/27-12:43:17(GMT) Log: Seconds remaining: 380
2020/01/27-12:43:27(GMT) Log: Seconds remaining: 370
2020/01/27-12:43:37(GMT) Log: Seconds remaining: 360
2020/01/27-12:43:47(GMT) Log: Seconds remaining: 350
2020/01/27-12:43:57(GMT) Log: Seconds remaining: 340
2020/01/27-12:44:07(GMT) Log: Seconds remaining: 330
2020/01/27-12:44:17(GMT) Log: Seconds remaining: 320
2020/01/27-12:44:27(GMT) Log: Seconds remaining: 310
2020/01/27-12:44:37(GMT) Log: Seconds remaining: 300
2020/01/27-12:44:47(GMT) Log: Seconds remaining: 290
2020/01/27-12:44:57(GMT) Log: Seconds remaining: 280
2020/01/27-12:45:07(GMT) Log: Seconds remaining: 270
2020/01/27-12:45:17(GMT) Log: Seconds remaining: 260
2020/01/27-12:45:27(GMT) Log: Seconds remaining: 250
2020/01/27-12:45:37(GMT) Log: Seconds remaining: 240
2020/01/27-12:45:47(GMT) Log: Seconds remaining: 230
2020/01/27-12:45:57(GMT) Log: Seconds remaining: 220
2020/01/27-12:46:07(GMT) Log: Seconds remaining: 210
2020/01/27-12:46:17(GMT) Log: Seconds remaining: 200
2020/01/27-12:46:27(GMT) Log: Seconds remaining: 190
2020/01/27-12:46:37(GMT) Log: Seconds remaining: 180
2020/01/27-12:46:47(GMT) Log: Seconds remaining: 170
2020/01/27-12:46:57(GMT) Log: Seconds remaining: 160
2020/01/27-12:47:07(GMT) Log: Seconds remaining: 150
2020/01/27-12:47:17(GMT) Log: Seconds remaining: 140
2020/01/27-12:47:27(GMT) Log: Seconds remaining: 130
2020/01/27-12:47:37(GMT) Log: Seconds remaining: 120
2020/01/27-12:47:47(GMT) Log: Seconds remaining: 110
2020/01/27-12:47:57(GMT) Log: Seconds remaining: 100
2020/01/27-12:48:07(GMT) Log: Seconds remaining: 90
2020/01/27-12:48:17(GMT) Log: Seconds remaining: 80
2020/01/27-12:48:27(GMT) Log: Seconds remaining: 70
2020/01/27-12:48:37(GMT) Log: Seconds remaining: 60
2020/01/27-12:48:47(GMT) Log: Seconds remaining: 50
2020/01/27-12:48:57(GMT) Log: Seconds remaining: 40
2020/01/27-12:49:07(GMT) Log: Seconds remaining: 30
2020/01/27-12:49:17(GMT) Log: Seconds remaining: 20
2020/01/27-12:49:27(GMT) Log: Seconds remaining: 10
2020/01/27-12:49:43(GMT) Stats: Found 0 hardware incidents
2020/01/27-12:49:43(GMT) Stats: Completed: 193746400.00M in 2399.75s 80735.95MB/s, with 0 hardware incidents, 0 errors
2020/01/27-12:49:43(GMT) Stats: Memory Copy: 193746400.00M at 80759.07MB/s
2020/01/27-12:49:43(GMT) Stats: File Copy: 0.00M at 0.00MB/s
2020/01/27-12:49:43(GMT) Stats: Net Copy: 0.00M at 0.00MB/s
2020/01/27-12:49:43(GMT) Stats: Data Check: 0.00M at 0.00MB/s
2020/01/27-12:49:43(GMT) Stats: Invert Data: 0.00M at 0.00MB/s
2020/01/27-12:49:43(GMT) Stats: Disk: 0.00M at 0.00MB/s
2020/01/27-12:49:43(GMT) 
2020/01/27-12:49:43(GMT) Status: PASS - please verify no corrected errors
2020/01/27-12:49:43(GMT) 

============================
=          DMESG           =
============================
[ 6069.555334] perf: interrupt took too long (2556 > 2500), lowering kernel.perf_event_max_sample_rate to 78000
[ 6139.046812] perf: interrupt took too long (3226 > 3195), lowering kernel.perf_event_max_sample_rate to 62000
[ 6284.942987] perf: interrupt took too long (4041 > 4032), lowering kernel.perf_event_max_sample_rate to 49250
[ 6657.666815] perf: interrupt took too long (5069 > 5051), lowering kernel.perf_event_max_sample_rate to 39250
[ 9820.914556] perf: interrupt took too long (6347 > 6336), lowering kernel.perf_event_max_sample_rate to 31500

============================
=          BMC SEL         =
============================
=== No SEL logged ===


==============================================
=            Burn-In Test Cycle 3            =
==============================================
Test start time: 2020-01-27_12:50:10
***************************
*      KSB test cycle3    *
***************************
===== KSB Memory test PASS =====

=======================================================
Running fpga-test on 02:00.0
=======================================================

Device Type                : Kalidah
EP Link Status             : Gen3 x8     PASSED 
GIT Hash                   : 0x0FAA0CFE
Device DNA                 : 0x400200000155AC800CA06345
Core Clock Frequency       :    250 MHz
SSD_0 present              :        Yes
SSD_1 present              :        Yes
KSB number                 :          1
Slice number               :          0
Temperature Master  Sysmon :      36.77  Cel
Temperature Slave 0 Sysmon :      36.28  Cel
Temperature Slave 1 Sysmon :      36.27  Cel
DDR4 capability            : ID_2, 16GB, VLP RDIMM w/ ECC, 1R, 16Gb x8 die, 2400 MT/s 
DDR4 calibration done      : 0x00000001  PASSED 
Unsupported Offset BAR3    : 0xFFFFFFFF  PASSED 
FPGA Version               : 0x00030006  PASSED 
DMA ch0 ctl. register      : 0x00008003  PASSED 
DMA ch1 ctl. register      : 0x00008013  PASSED 
DMA ch2 ctl. register      : 0x00008023  PASSED 
RP0 Link Status            : 0x70430000  PASSED 
Locating PCIe capabilities of SSD0 ...SSD0 Link Status           : 0x10430000  PASSED 
SSD0 Vendor/Dev ID         : 0xA808144D  PASSED  (Samsung)
RP1 Link Status            : 0x70430000  PASSED 
Locating PCIe capabilities of SSD1 ...SSD1 Link Status           : 0x10430000  PASSED 
SSD1 Vendor/Dev ID         : 0xA808144D  PASSED  (Samsung)
Global Fatal Interrupt     : 0x00000000  PASSED 
Global Non Fatal Interrupt : 0x00000000  PASSED 
  ____                 _
 |  _ \ __ _ ___ ___  | |
 | |_) / _` / __/ __| | |
 |  __/ (_| \__ \__ \ |_|
 |_|   \__,_|___/___/ (_)


=======================================================
Running fpga-test on 41:00.0
=======================================================

Device Type                : Kalidah
EP Link Status             : Gen3 x8     PASSED 
GIT Hash                   : 0x0FAA0CFE
Device DNA                 : 0x400200000155AC800CA06345
Core Clock Frequency       :    250 MHz
SSD_0 present              :        Yes
SSD_1 present              :        Yes
KSB number                 :          1
Slice number               :          1
DDR4 capability            : ID_2, 16GB, VLP RDIMM w/ ECC, 1R, 16Gb x8 die, 2400 MT/s 
DDR4 calibration done      : 0x00000001  PASSED 
Unsupported Offset BAR3    : 0xFFFFFFFF  PASSED 
FPGA Version               : 0x00030006  PASSED 
DMA ch0 ctl. register      : 0x00008003  PASSED 
DMA ch1 ctl. register      : 0x00008013  PASSED 
DMA ch2 ctl. register      : 0x00008023  PASSED 
RP0 Link Status            : 0x70430000  PASSED 
Locating PCIe capabilities of SSD0 ...SSD0 Link Status           : 0x10430000  PASSED 
SSD0 Vendor/Dev ID         : 0xA808144D  PASSED  (Samsung)
RP1 Link Status            : 0x70430000  PASSED 
Locating PCIe capabilities of SSD1 ...SSD1 Link Status           : 0x10430000  PASSED 
SSD1 Vendor/Dev ID         : 0xA808144D  PASSED  (Samsung)
Global Fatal Interrupt     : 0x00000000  PASSED 
Global Non Fatal Interrupt : 0x00000000  PASSED 
  ____                 _
 |  _ \ __ _ ___ ___  | |
 | |_) / _` / __/ __| | |
 |  __/ (_| \__ \__ \ |_|
 |_|   \__,_|___/___/ (_)


=======================================================
Running fpga-test on 84:00.0
=======================================================

Device Type                : Kalidah
EP Link Status             : Gen3 x8     PASSED 
GIT Hash                   : 0x0FAA0CFE
Device DNA                 : 0x400200000155AC81051063C5
Core Clock Frequency       :    250 MHz
SSD_0 present              :        Yes
SSD_1 present              :        Yes
KSB number                 :          0
Slice number               :          1
DDR4 capability            : ID_2, 16GB, VLP RDIMM w/ ECC, 1R, 16Gb x8 die, 2400 MT/s 
DDR4 calibration done      : 0x00000001  PASSED 
Unsupported Offset BAR3    : 0xFFFFFFFF  PASSED 
FPGA Version               : 0x00030006  PASSED 
DMA ch0 ctl. register      : 0x00008003  PASSED 
DMA ch1 ctl. register      : 0x00008013  PASSED 
DMA ch2 ctl. register      : 0x00008023  PASSED 
RP0 Link Status            : 0x70430000  PASSED 
Locating PCIe capabilities of SSD0 ...SSD0 Link Status           : 0x10430000  PASSED 
SSD0 Vendor/Dev ID         : 0xA808144D  PASSED  (Samsung)
RP1 Link Status            : 0x70430000  PASSED 
Locating PCIe capabilities of SSD1 ...SSD1 Link Status           : 0x10430000  PASSED 
SSD1 Vendor/Dev ID         : 0xA808144D  PASSED  (Samsung)
Global Fatal Interrupt     : 0x00000000  PASSED 
Global Non Fatal Interrupt : 0x00000000  PASSED 
  ____                 _
 |  _ \ __ _ ___ ___  | |
 | |_) / _` / __/ __| | |
 |  __/ (_| \__ \__ \ |_|
 |_|   \__,_|___/___/ (_)


=======================================================
Running fpga-test on c1:00.0
=======================================================

Device Type                : Kalidah
EP Link Status             : Gen3 x8     PASSED 
GIT Hash                   : 0x0FAA0CFE
Device DNA                 : 0x400200000155AC81051063C5
Core Clock Frequency       :    250 MHz
SSD_0 present              :        Yes
SSD_1 present              :        Yes
KSB number                 :          0
Slice number               :          0
Temperature Master  Sysmon :      37.05  Cel
Temperature Slave 0 Sysmon :      37.07  Cel
Temperature Slave 1 Sysmon :      35.91  Cel
DDR4 capability            : ID_2, 16GB, VLP RDIMM w/ ECC, 1R, 16Gb x8 die, 2400 MT/s 
DDR4 calibration done      : 0x00000001  PASSED 
Unsupported Offset BAR3    : 0xFFFFFFFF  PASSED 
FPGA Version               : 0x00030006  PASSED 
DMA ch0 ctl. register      : 0x00008003  PASSED 
DMA ch1 ctl. register      : 0x00008013  PASSED 
DMA ch2 ctl. register      : 0x00008023  PASSED 
RP0 Link Status            : 0x70430000  PASSED 
Locating PCIe capabilities of SSD0 ...SSD0 Link Status           : 0x10430000  PASSED 
SSD0 Vendor/Dev ID         : 0xA808144D  PASSED  (Samsung)
RP1 Link Status            : 0x70430000  PASSED 
Locating PCIe capabilities of SSD1 ...SSD1 Link Status           : 0x10430000  PASSED 
SSD1 Vendor/Dev ID         : 0xA808144D  PASSED  (Samsung)
Global Fatal Interrupt     : 0x00000000  PASSED 
Global Non Fatal Interrupt : 0x00000000  PASSED 
  ____                 _
 |  _ \ __ _ ___ ___  | |
 | |_) / _` / __/ __| | |
 |  __/ (_| \__ \__ \ |_|
 |_|   \__,_|___/___/ (_)


*****************************
*  CPU/Memory Stress cycle3 *
*****************************
============================
=        Stress Log        =
============================
2020/01/27-12:50:45(GMT) Log: Commandline - ./stressapptest -m 32 -C 32 -l /root/TinmanBI/STRESS.log -s 2400
2020/01/27-12:50:45(GMT) Stats: SAT revision 1.0.7_autoconf, 64 bit binary
2020/01/27-12:50:45(GMT) Log: root @ localhost.localdomain on Tue Sep 19 03:28:47 CST 2017 from open source release
2020/01/27-12:50:45(GMT) Log: 1 nodes, 128 cpus.
2020/01/27-12:50:45(GMT) Log: Total 515817 MB. Free 510015 MB. Hugepages 0 MB. Targeting 489834 MB (94%)
2020/01/27-12:50:45(GMT) Log: Prefer plain malloc memory allocation.
2020/01/27-12:50:45(GMT) Log: Using mmap() allocation at 0x7ead55fea000.
2020/01/27-12:50:45(GMT) Stats: Starting SAT, 489834M, 2400 seconds
2020/01/27-12:51:21(GMT) Log: Region mask: 0x1
2020/01/27-12:51:31(GMT) Log: Seconds remaining: 2390
2020/01/27-12:51:41(GMT) Log: Seconds remaining: 2380
2020/01/27-12:51:51(GMT) Log: Seconds remaining: 2370
2020/01/27-12:52:01(GMT) Log: Seconds remaining: 2360
2020/01/27-12:52:11(GMT) Log: Seconds remaining: 2350
2020/01/27-12:52:21(GMT) Log: Seconds remaining: 2340
2020/01/27-12:52:31(GMT) Log: Seconds remaining: 2330
2020/01/27-12:52:41(GMT) Log: Seconds remaining: 2320
2020/01/27-12:52:51(GMT) Log: Seconds remaining: 2310
2020/01/27-12:53:01(GMT) Log: Seconds remaining: 2300
2020/01/27-12:53:11(GMT) Log: Seconds remaining: 2290
2020/01/27-12:53:21(GMT) Log: Seconds remaining: 2280
2020/01/27-12:53:31(GMT) Log: Seconds remaining: 2270
2020/01/27-12:53:41(GMT) Log: Seconds remaining: 2260
2020/01/27-12:53:51(GMT) Log: Seconds remaining: 2250
2020/01/27-12:54:01(GMT) Log: Seconds remaining: 2240
2020/01/27-12:54:11(GMT) Log: Seconds remaining: 2230
2020/01/27-12:54:21(GMT) Log: Seconds remaining: 2220
2020/01/27-12:54:31(GMT) Log: Seconds remaining: 2210
2020/01/27-12:54:41(GMT) Log: Seconds remaining: 2200
2020/01/27-12:54:51(GMT) Log: Seconds remaining: 2190
2020/01/27-12:55:01(GMT) Log: Seconds remaining: 2180
2020/01/27-12:55:11(GMT) Log: Seconds remaining: 2170
2020/01/27-12:55:21(GMT) Log: Seconds remaining: 2160
2020/01/27-12:55:31(GMT) Log: Seconds remaining: 2150
2020/01/27-12:55:41(GMT) Log: Seconds remaining: 2140
2020/01/27-12:55:51(GMT) Log: Seconds remaining: 2130
2020/01/27-12:56:01(GMT) Log: Seconds remaining: 2120
2020/01/27-12:56:11(GMT) Log: Seconds remaining: 2110
2020/01/27-12:56:21(GMT) Log: Seconds remaining: 2100
2020/01/27-12:56:31(GMT) Log: Seconds remaining: 2090
2020/01/27-12:56:41(GMT) Log: Seconds remaining: 2080
2020/01/27-12:56:51(GMT) Log: Seconds remaining: 2070
2020/01/27-12:57:01(GMT) Log: Seconds remaining: 2060
2020/01/27-12:57:11(GMT) Log: Seconds remaining: 2050
2020/01/27-12:57:21(GMT) Log: Seconds remaining: 2040
2020/01/27-12:57:31(GMT) Log: Seconds remaining: 2030
2020/01/27-12:57:41(GMT) Log: Seconds remaining: 2020
2020/01/27-12:57:51(GMT) Log: Seconds remaining: 2010
2020/01/27-12:58:01(GMT) Log: Seconds remaining: 2000
2020/01/27-12:58:11(GMT) Log: Seconds remaining: 1990
2020/01/27-12:58:21(GMT) Log: Seconds remaining: 1980
2020/01/27-12:58:31(GMT) Log: Seconds remaining: 1970
2020/01/27-12:58:41(GMT) Log: Seconds remaining: 1960
2020/01/27-12:58:51(GMT) Log: Seconds remaining: 1950
2020/01/27-12:59:01(GMT) Log: Seconds remaining: 1940
2020/01/27-12:59:11(GMT) Log: Seconds remaining: 1930
2020/01/27-12:59:21(GMT) Log: Seconds remaining: 1920
2020/01/27-12:59:31(GMT) Log: Seconds remaining: 1910
2020/01/27-12:59:41(GMT) Log: Seconds remaining: 1900
2020/01/27-12:59:51(GMT) Log: Seconds remaining: 1890
2020/01/27-13:00:01(GMT) Log: Seconds remaining: 1880
2020/01/27-13:00:11(GMT) Log: Seconds remaining: 1870
2020/01/27-13:00:21(GMT) Log: Seconds remaining: 1860
2020/01/27-13:00:31(GMT) Log: Seconds remaining: 1850
2020/01/27-13:00:41(GMT) Log: Seconds remaining: 1840
2020/01/27-13:00:51(GMT) Log: Seconds remaining: 1830
2020/01/27-13:01:01(GMT) Log: Seconds remaining: 1820
2020/01/27-13:01:11(GMT) Log: Seconds remaining: 1810
2020/01/27-13:01:21(GMT) Log: Seconds remaining: 1800
2020/01/27-13:01:21(GMT) Log: Pausing worker threads in preparation for power spike (1800 seconds remaining)
2020/01/27-13:01:31(GMT) Log: Seconds remaining: 1790
2020/01/27-13:01:36(GMT) Log: Resuming worker threads to cause a power spike (1785 seconds remaining)
2020/01/27-13:01:41(GMT) Log: Seconds remaining: 1780
2020/01/27-13:01:51(GMT) Log: Seconds remaining: 1770
2020/01/27-13:02:01(GMT) Log: Seconds remaining: 1760
2020/01/27-13:02:11(GMT) Log: Seconds remaining: 1750
2020/01/27-13:02:21(GMT) Log: Seconds remaining: 1740
2020/01/27-13:02:31(GMT) Log: Seconds remaining: 1730
2020/01/27-13:02:41(GMT) Log: Seconds remaining: 1720
2020/01/27-13:02:51(GMT) Log: Seconds remaining: 1710
2020/01/27-13:03:01(GMT) Log: Seconds remaining: 1700
2020/01/27-13:03:11(GMT) Log: Seconds remaining: 1690
2020/01/27-13:03:21(GMT) Log: Seconds remaining: 1680
2020/01/27-13:03:31(GMT) Log: Seconds remaining: 1670
2020/01/27-13:03:41(GMT) Log: Seconds remaining: 1660
2020/01/27-13:03:51(GMT) Log: Seconds remaining: 1650
2020/01/27-13:04:01(GMT) Log: Seconds remaining: 1640
2020/01/27-13:04:11(GMT) Log: Seconds remaining: 1630
2020/01/27-13:04:21(GMT) Log: Seconds remaining: 1620
2020/01/27-13:04:31(GMT) Log: Seconds remaining: 1610
2020/01/27-13:04:41(GMT) Log: Seconds remaining: 1600
2020/01/27-13:04:51(GMT) Log: Seconds remaining: 1590
2020/01/27-13:05:01(GMT) Log: Seconds remaining: 1580
2020/01/27-13:05:11(GMT) Log: Seconds remaining: 1570
2020/01/27-13:05:21(GMT) Log: Seconds remaining: 1560
2020/01/27-13:05:31(GMT) Log: Seconds remaining: 1550
2020/01/27-13:05:41(GMT) Log: Seconds remaining: 1540
2020/01/27-13:05:51(GMT) Log: Seconds remaining: 1530
2020/01/27-13:06:01(GMT) Log: Seconds remaining: 1520
2020/01/27-13:06:11(GMT) Log: Seconds remaining: 1510
2020/01/27-13:06:21(GMT) Log: Seconds remaining: 1500
2020/01/27-13:06:31(GMT) Log: Seconds remaining: 1490
2020/01/27-13:06:41(GMT) Log: Seconds remaining: 1480
2020/01/27-13:06:51(GMT) Log: Seconds remaining: 1470
2020/01/27-13:07:01(GMT) Log: Seconds remaining: 1460
2020/01/27-13:07:11(GMT) Log: Seconds remaining: 1450
2020/01/27-13:07:21(GMT) Log: Seconds remaining: 1440
2020/01/27-13:07:31(GMT) Log: Seconds remaining: 1430
2020/01/27-13:07:41(GMT) Log: Seconds remaining: 1420
2020/01/27-13:07:51(GMT) Log: Seconds remaining: 1410
2020/01/27-13:08:01(GMT) Log: Seconds remaining: 1400
2020/01/27-13:08:11(GMT) Log: Seconds remaining: 1390
2020/01/27-13:08:21(GMT) Log: Seconds remaining: 1380
2020/01/27-13:08:31(GMT) Log: Seconds remaining: 1370
2020/01/27-13:08:41(GMT) Log: Seconds remaining: 1360
2020/01/27-13:08:51(GMT) Log: Seconds remaining: 1350
2020/01/27-13:09:01(GMT) Log: Seconds remaining: 1340
2020/01/27-13:09:11(GMT) Log: Seconds remaining: 1330
2020/01/27-13:09:21(GMT) Log: Seconds remaining: 1320
2020/01/27-13:09:31(GMT) Log: Seconds remaining: 1310
2020/01/27-13:09:41(GMT) Log: Seconds remaining: 1300
2020/01/27-13:09:51(GMT) Log: Seconds remaining: 1290
2020/01/27-13:10:01(GMT) Log: Seconds remaining: 1280
2020/01/27-13:10:11(GMT) Log: Seconds remaining: 1270
2020/01/27-13:10:21(GMT) Log: Seconds remaining: 1260
2020/01/27-13:10:31(GMT) Log: Seconds remaining: 1250
2020/01/27-13:10:41(GMT) Log: Seconds remaining: 1240
2020/01/27-13:10:51(GMT) Log: Seconds remaining: 1230
2020/01/27-13:11:01(GMT) Log: Seconds remaining: 1220
2020/01/27-13:11:11(GMT) Log: Seconds remaining: 1210
2020/01/27-13:11:21(GMT) Log: Seconds remaining: 1200
2020/01/27-13:11:21(GMT) Log: Pausing worker threads in preparation for power spike (1200 seconds remaining)
2020/01/27-13:11:31(GMT) Log: Seconds remaining: 1190
2020/01/27-13:11:36(GMT) Log: Resuming worker threads to cause a power spike (1185 seconds remaining)
2020/01/27-13:11:41(GMT) Log: Seconds remaining: 1180
2020/01/27-13:11:51(GMT) Log: Seconds remaining: 1170
2020/01/27-13:12:01(GMT) Log: Seconds remaining: 1160
2020/01/27-13:12:11(GMT) Log: Seconds remaining: 1150
2020/01/27-13:12:21(GMT) Log: Seconds remaining: 1140
2020/01/27-13:12:31(GMT) Log: Seconds remaining: 1130
2020/01/27-13:12:41(GMT) Log: Seconds remaining: 1120
2020/01/27-13:12:51(GMT) Log: Seconds remaining: 1110
2020/01/27-13:13:01(GMT) Log: Seconds remaining: 1100
2020/01/27-13:13:11(GMT) Log: Seconds remaining: 1090
2020/01/27-13:13:21(GMT) Log: Seconds remaining: 1080
2020/01/27-13:13:31(GMT) Log: Seconds remaining: 1070
2020/01/27-13:13:41(GMT) Log: Seconds remaining: 1060
2020/01/27-13:13:51(GMT) Log: Seconds remaining: 1050
2020/01/27-13:14:01(GMT) Log: Seconds remaining: 1040
2020/01/27-13:14:11(GMT) Log: Seconds remaining: 1030
2020/01/27-13:14:21(GMT) Log: Seconds remaining: 1020
2020/01/27-13:14:31(GMT) Log: Seconds remaining: 1010
2020/01/27-13:14:41(GMT) Log: Seconds remaining: 1000
2020/01/27-13:14:51(GMT) Log: Seconds remaining: 990
2020/01/27-13:15:01(GMT) Log: Seconds remaining: 980
2020/01/27-13:15:11(GMT) Log: Seconds remaining: 970
2020/01/27-13:15:21(GMT) Log: Seconds remaining: 960
2020/01/27-13:15:31(GMT) Log: Seconds remaining: 950
2020/01/27-13:15:41(GMT) Log: Seconds remaining: 940
2020/01/27-13:15:51(GMT) Log: Seconds remaining: 930
2020/01/27-13:16:01(GMT) Log: Seconds remaining: 920
2020/01/27-13:16:11(GMT) Log: Seconds remaining: 910
2020/01/27-13:16:21(GMT) Log: Seconds remaining: 900
2020/01/27-13:16:31(GMT) Log: Seconds remaining: 890
2020/01/27-13:16:41(GMT) Log: Seconds remaining: 880
2020/01/27-13:16:51(GMT) Log: Seconds remaining: 870
2020/01/27-13:17:01(GMT) Log: Seconds remaining: 860
2020/01/27-13:17:11(GMT) Log: Seconds remaining: 850
2020/01/27-13:17:21(GMT) Log: Seconds remaining: 840
2020/01/27-13:17:31(GMT) Log: Seconds remaining: 830
2020/01/27-13:17:41(GMT) Log: Seconds remaining: 820
2020/01/27-13:17:51(GMT) Log: Seconds remaining: 810
2020/01/27-13:18:01(GMT) Log: Seconds remaining: 800
2020/01/27-13:18:11(GMT) Log: Seconds remaining: 790
2020/01/27-13:18:21(GMT) Log: Seconds remaining: 780
2020/01/27-13:18:31(GMT) Log: Seconds remaining: 770
2020/01/27-13:18:41(GMT) Log: Seconds remaining: 760
2020/01/27-13:18:51(GMT) Log: Seconds remaining: 750
2020/01/27-13:19:01(GMT) Log: Seconds remaining: 740
2020/01/27-13:19:11(GMT) Log: Seconds remaining: 730
2020/01/27-13:19:21(GMT) Log: Seconds remaining: 720
2020/01/27-13:19:31(GMT) Log: Seconds remaining: 710
2020/01/27-13:19:41(GMT) Log: Seconds remaining: 700
2020/01/27-13:19:51(GMT) Log: Seconds remaining: 690
2020/01/27-13:20:01(GMT) Log: Seconds remaining: 680
2020/01/27-13:20:11(GMT) Log: Seconds remaining: 670
2020/01/27-13:20:21(GMT) Log: Seconds remaining: 660
2020/01/27-13:20:31(GMT) Log: Seconds remaining: 650
2020/01/27-13:20:41(GMT) Log: Seconds remaining: 640
2020/01/27-13:20:51(GMT) Log: Seconds remaining: 630
2020/01/27-13:21:01(GMT) Log: Seconds remaining: 620
2020/01/27-13:21:11(GMT) Log: Seconds remaining: 610
2020/01/27-13:21:21(GMT) Log: Seconds remaining: 600
2020/01/27-13:21:21(GMT) Log: Pausing worker threads in preparation for power spike (600 seconds remaining)
2020/01/27-13:21:31(GMT) Log: Seconds remaining: 590
2020/01/27-13:21:36(GMT) Log: Resuming worker threads to cause a power spike (585 seconds remaining)
2020/01/27-13:21:41(GMT) Log: Seconds remaining: 580
2020/01/27-13:21:51(GMT) Log: Seconds remaining: 570
2020/01/27-13:22:01(GMT) Log: Seconds remaining: 560
2020/01/27-13:22:11(GMT) Log: Seconds remaining: 550
2020/01/27-13:22:21(GMT) Log: Seconds remaining: 540
2020/01/27-13:22:31(GMT) Log: Seconds remaining: 530
2020/01/27-13:22:41(GMT) Log: Seconds remaining: 520
2020/01/27-13:22:51(GMT) Log: Seconds remaining: 510
2020/01/27-13:23:01(GMT) Log: Seconds remaining: 500
2020/01/27-13:23:11(GMT) Log: Seconds remaining: 490
2020/01/27-13:23:21(GMT) Log: Seconds remaining: 480
2020/01/27-13:23:31(GMT) Log: Seconds remaining: 470
2020/01/27-13:23:41(GMT) Log: Seconds remaining: 460
2020/01/27-13:23:51(GMT) Log: Seconds remaining: 450
2020/01/27-13:24:01(GMT) Log: Seconds remaining: 440
2020/01/27-13:24:11(GMT) Log: Seconds remaining: 430
2020/01/27-13:24:21(GMT) Log: Seconds remaining: 420
2020/01/27-13:24:31(GMT) Log: Seconds remaining: 410
2020/01/27-13:24:41(GMT) Log: Seconds remaining: 400
2020/01/27-13:24:51(GMT) Log: Seconds remaining: 390
2020/01/27-13:25:01(GMT) Log: Seconds remaining: 380
2020/01/27-13:25:11(GMT) Log: Seconds remaining: 370
2020/01/27-13:25:21(GMT) Log: Seconds remaining: 360
2020/01/27-13:25:31(GMT) Log: Seconds remaining: 350
2020/01/27-13:25:41(GMT) Log: Seconds remaining: 340
2020/01/27-13:25:51(GMT) Log: Seconds remaining: 330
2020/01/27-13:26:01(GMT) Log: Seconds remaining: 320
2020/01/27-13:26:11(GMT) Log: Seconds remaining: 310
2020/01/27-13:26:21(GMT) Log: Seconds remaining: 300
2020/01/27-13:26:31(GMT) Log: Seconds remaining: 290
2020/01/27-13:26:41(GMT) Log: Seconds remaining: 280
2020/01/27-13:26:51(GMT) Log: Seconds remaining: 270
2020/01/27-13:27:01(GMT) Log: Seconds remaining: 260
2020/01/27-13:27:11(GMT) Log: Seconds remaining: 250
2020/01/27-13:27:21(GMT) Log: Seconds remaining: 240
2020/01/27-13:27:31(GMT) Log: Seconds remaining: 230
2020/01/27-13:27:41(GMT) Log: Seconds remaining: 220
2020/01/27-13:27:51(GMT) Log: Seconds remaining: 210
2020/01/27-13:28:01(GMT) Log: Seconds remaining: 200
2020/01/27-13:28:11(GMT) Log: Seconds remaining: 190
2020/01/27-13:28:21(GMT) Log: Seconds remaining: 180
2020/01/27-13:28:31(GMT) Log: Seconds remaining: 170
2020/01/27-13:28:41(GMT) Log: Seconds remaining: 160
2020/01/27-13:28:51(GMT) Log: Seconds remaining: 150
2020/01/27-13:29:01(GMT) Log: Seconds remaining: 140
2020/01/27-13:29:11(GMT) Log: Seconds remaining: 130
2020/01/27-13:29:21(GMT) Log: Seconds remaining: 120
2020/01/27-13:29:31(GMT) Log: Seconds remaining: 110
2020/01/27-13:29:41(GMT) Log: Seconds remaining: 100
2020/01/27-13:29:51(GMT) Log: Seconds remaining: 90
2020/01/27-13:30:01(GMT) Log: Seconds remaining: 80
2020/01/27-13:30:11(GMT) Log: Seconds remaining: 70
2020/01/27-13:30:21(GMT) Log: Seconds remaining: 60
2020/01/27-13:30:31(GMT) Log: Seconds remaining: 50
2020/01/27-13:30:41(GMT) Log: Seconds remaining: 40
2020/01/27-13:30:51(GMT) Log: Seconds remaining: 30
2020/01/27-13:31:01(GMT) Log: Seconds remaining: 20
2020/01/27-13:31:11(GMT) Log: Seconds remaining: 10
2020/01/27-13:31:27(GMT) Stats: Found 0 hardware incidents
2020/01/27-13:31:27(GMT) Stats: Completed: 195098640.00M in 2400.75s 81265.70MB/s, with 0 hardware incidents, 0 errors
2020/01/27-13:31:27(GMT) Stats: Memory Copy: 195098640.00M at 81288.68MB/s
2020/01/27-13:31:27(GMT) Stats: File Copy: 0.00M at 0.00MB/s
2020/01/27-13:31:27(GMT) Stats: Net Copy: 0.00M at 0.00MB/s
2020/01/27-13:31:27(GMT) Stats: Data Check: 0.00M at 0.00MB/s
2020/01/27-13:31:27(GMT) Stats: Invert Data: 0.00M at 0.00MB/s
2020/01/27-13:31:27(GMT) Stats: Disk: 0.00M at 0.00MB/s
2020/01/27-13:31:27(GMT) 
2020/01/27-13:31:27(GMT) Status: PASS - please verify no corrected errors
2020/01/27-13:31:27(GMT) 

============================
=          DMESG           =
============================
[ 6069.555334] perf: interrupt took too long (2556 > 2500), lowering kernel.perf_event_max_sample_rate to 78000
[ 6139.046812] perf: interrupt took too long (3226 > 3195), lowering kernel.perf_event_max_sample_rate to 62000
[ 6284.942987] perf: interrupt took too long (4041 > 4032), lowering kernel.perf_event_max_sample_rate to 49250
[ 6657.666815] perf: interrupt took too long (5069 > 5051), lowering kernel.perf_event_max_sample_rate to 39250
[ 9820.914556] perf: interrupt took too long (6347 > 6336), lowering kernel.perf_event_max_sample_rate to 31500

============================
=          BMC SEL         =
============================
=== No SEL logged ===


==============================================
=            Burn-In Test Cycle 4            =
==============================================
Test start time: 2020-01-27_13:31:54
***************************
*      KSB test cycle4    *
***************************
===== KSB Memory test PASS =====

=======================================================
Running fpga-test on 02:00.0
=======================================================

Device Type                : Kalidah
EP Link Status             : Gen3 x8     PASSED 
GIT Hash                   : 0x0FAA0CFE
Device DNA                 : 0x400200000155AC800CA06345
Core Clock Frequency       :    250 MHz
SSD_0 present              :        Yes
SSD_1 present              :        Yes
KSB number                 :          1
Slice number               :          0
Temperature Master  Sysmon :      35.52  Cel
Temperature Slave 0 Sysmon :      35.67  Cel
Temperature Slave 1 Sysmon :      34.67  Cel
DDR4 capability            : ID_2, 16GB, VLP RDIMM w/ ECC, 1R, 16Gb x8 die, 2400 MT/s 
DDR4 calibration done      : 0x00000001  PASSED 
Unsupported Offset BAR3    : 0xFFFFFFFF  PASSED 
FPGA Version               : 0x00030006  PASSED 
DMA ch0 ctl. register      : 0x00008003  PASSED 
DMA ch1 ctl. register      : 0x00008013  PASSED 
DMA ch2 ctl. register      : 0x00008023  PASSED 
RP0 Link Status            : 0x70430000  PASSED 
Locating PCIe capabilities of SSD0 ...SSD0 Link Status           : 0x10430000  PASSED 
SSD0 Vendor/Dev ID         : 0xA808144D  PASSED  (Samsung)
RP1 Link Status            : 0x70430000  PASSED 
Locating PCIe capabilities of SSD1 ...SSD1 Link Status           : 0x10430000  PASSED 
SSD1 Vendor/Dev ID         : 0xA808144D  PASSED  (Samsung)
Global Fatal Interrupt     : 0x00000000  PASSED 
Global Non Fatal Interrupt : 0x00000000  PASSED 
  ____                 _
 |  _ \ __ _ ___ ___  | |
 | |_) / _` / __/ __| | |
 |  __/ (_| \__ \__ \ |_|
 |_|   \__,_|___/___/ (_)


=======================================================
Running fpga-test on 41:00.0
=======================================================

Device Type                : Kalidah
EP Link Status             : Gen3 x8     PASSED 
GIT Hash                   : 0x0FAA0CFE
Device DNA                 : 0x400200000155AC800CA06345
Core Clock Frequency       :    250 MHz
SSD_0 present              :        Yes
SSD_1 present              :        Yes
KSB number                 :          1
Slice number               :          1
DDR4 capability            : ID_2, 16GB, VLP RDIMM w/ ECC, 1R, 16Gb x8 die, 2400 MT/s 
DDR4 calibration done      : 0x00000001  PASSED 
Unsupported Offset BAR3    : 0xFFFFFFFF  PASSED 
FPGA Version               : 0x00030006  PASSED 
DMA ch0 ctl. register      : 0x00008003  PASSED 
DMA ch1 ctl. register      : 0x00008013  PASSED 
DMA ch2 ctl. register      : 0x00008023  PASSED 
RP0 Link Status            : 0x70430000  PASSED 
Locating PCIe capabilities of SSD0 ...SSD0 Link Status           : 0x10430000  PASSED 
SSD0 Vendor/Dev ID         : 0xA808144D  PASSED  (Samsung)
RP1 Link Status            : 0x70430000  PASSED 
Locating PCIe capabilities of SSD1 ...SSD1 Link Status           : 0x10430000  PASSED 
SSD1 Vendor/Dev ID         : 0xA808144D  PASSED  (Samsung)
Global Fatal Interrupt     : 0x00000000  PASSED 
Global Non Fatal Interrupt : 0x00000000  PASSED 
  ____                 _
 |  _ \ __ _ ___ ___  | |
 | |_) / _` / __/ __| | |
 |  __/ (_| \__ \__ \ |_|
 |_|   \__,_|___/___/ (_)


=======================================================
Running fpga-test on 84:00.0
=======================================================

Device Type                : Kalidah
EP Link Status             : Gen3 x8     PASSED 
GIT Hash                   : 0x0FAA0CFE
Device DNA                 : 0x400200000155AC81051063C5
Core Clock Frequency       :    250 MHz
SSD_0 present              :        Yes
SSD_1 present              :        Yes
KSB number                 :          0
Slice number               :          1
DDR4 capability            : ID_2, 16GB, VLP RDIMM w/ ECC, 1R, 16Gb x8 die, 2400 MT/s 
DDR4 calibration done      : 0x00000001  PASSED 
Unsupported Offset BAR3    : 0xFFFFFFFF  PASSED 
FPGA Version               : 0x00030006  PASSED 
DMA ch0 ctl. register      : 0x00008003  PASSED 
DMA ch1 ctl. register      : 0x00008013  PASSED 
DMA ch2 ctl. register      : 0x00008023  PASSED 
RP0 Link Status            : 0x70430000  PASSED 
Locating PCIe capabilities of SSD0 ...SSD0 Link Status           : 0x10430000  PASSED 
SSD0 Vendor/Dev ID         : 0xA808144D  PASSED  (Samsung)
RP1 Link Status            : 0x70430000  PASSED 
Locating PCIe capabilities of SSD1 ...SSD1 Link Status           : 0x10430000  PASSED 
SSD1 Vendor/Dev ID         : 0xA808144D  PASSED  (Samsung)
Global Fatal Interrupt     : 0x00000000  PASSED 
Global Non Fatal Interrupt : 0x00000000  PASSED 
  ____                 _
 |  _ \ __ _ ___ ___  | |
 | |_) / _` / __/ __| | |
 |  __/ (_| \__ \__ \ |_|
 |_|   \__,_|___/___/ (_)


=======================================================
Running fpga-test on c1:00.0
=======================================================

Device Type                : Kalidah
EP Link Status             : Gen3 x8     PASSED 
GIT Hash                   : 0x0FAA0CFE
Device DNA                 : 0x400200000155AC81051063C5
Core Clock Frequency       :    250 MHz
SSD_0 present              :        Yes
SSD_1 present              :        Yes
KSB number                 :          0
Slice number               :          0
Temperature Master  Sysmon :      35.08  Cel
Temperature Slave 0 Sysmon :      35.44  Cel
Temperature Slave 1 Sysmon :      33.71  Cel
DDR4 capability            : ID_2, 16GB, VLP RDIMM w/ ECC, 1R, 16Gb x8 die, 2400 MT/s 
DDR4 calibration done      : 0x00000001  PASSED 
Unsupported Offset BAR3    : 0xFFFFFFFF  PASSED 
FPGA Version               : 0x00030006  PASSED 
DMA ch0 ctl. register      : 0x00008003  PASSED 
DMA ch1 ctl. register      : 0x00008013  PASSED 
DMA ch2 ctl. register      : 0x00008023  PASSED 
RP0 Link Status            : 0x70430000  PASSED 
Locating PCIe capabilities of SSD0 ...SSD0 Link Status           : 0x10430000  PASSED 
SSD0 Vendor/Dev ID         : 0xA808144D  PASSED  (Samsung)
RP1 Link Status            : 0x70430000  PASSED 
Locating PCIe capabilities of SSD1 ...SSD1 Link Status           : 0x10430000  PASSED 
SSD1 Vendor/Dev ID         : 0xA808144D  PASSED  (Samsung)
Global Fatal Interrupt     : 0x00000000  PASSED 
Global Non Fatal Interrupt : 0x00000000  PASSED 
  ____                 _
 |  _ \ __ _ ___ ___  | |
 | |_) / _` / __/ __| | |
 |  __/ (_| \__ \__ \ |_|
 |_|   \__,_|___/___/ (_)


*****************************
*  CPU/Memory Stress cycle4 *
*****************************
============================
=        Stress Log        =
============================
2020/01/27-13:32:29(GMT) Log: Commandline - ./stressapptest -m 32 -C 32 -l /root/TinmanBI/STRESS.log -s 2400
2020/01/27-13:32:29(GMT) Stats: SAT revision 1.0.7_autoconf, 64 bit binary
2020/01/27-13:32:29(GMT) Log: root @ localhost.localdomain on Tue Sep 19 03:28:47 CST 2017 from open source release
2020/01/27-13:32:29(GMT) Log: 1 nodes, 128 cpus.
2020/01/27-13:32:29(GMT) Log: Total 515817 MB. Free 510012 MB. Hugepages 0 MB. Targeting 489834 MB (94%)
2020/01/27-13:32:29(GMT) Log: Prefer plain malloc memory allocation.
2020/01/27-13:32:29(GMT) Log: Using mmap() allocation at 0x7e9374c20000.
2020/01/27-13:32:29(GMT) Stats: Starting SAT, 489834M, 2400 seconds
2020/01/27-13:33:06(GMT) Log: Region mask: 0x1
2020/01/27-13:33:16(GMT) Log: Seconds remaining: 2390
2020/01/27-13:33:26(GMT) Log: Seconds remaining: 2380
2020/01/27-13:33:36(GMT) Log: Seconds remaining: 2370
2020/01/27-13:33:46(GMT) Log: Seconds remaining: 2360
2020/01/27-13:33:56(GMT) Log: Seconds remaining: 2350
2020/01/27-13:34:06(GMT) Log: Seconds remaining: 2340
2020/01/27-13:34:16(GMT) Log: Seconds remaining: 2330
2020/01/27-13:34:26(GMT) Log: Seconds remaining: 2320
2020/01/27-13:34:36(GMT) Log: Seconds remaining: 2310
2020/01/27-13:34:46(GMT) Log: Seconds remaining: 2300
2020/01/27-13:34:56(GMT) Log: Seconds remaining: 2290
2020/01/27-13:35:06(GMT) Log: Seconds remaining: 2280
2020/01/27-13:35:16(GMT) Log: Seconds remaining: 2270
2020/01/27-13:35:26(GMT) Log: Seconds remaining: 2260
2020/01/27-13:35:36(GMT) Log: Seconds remaining: 2250
2020/01/27-13:35:46(GMT) Log: Seconds remaining: 2240
2020/01/27-13:35:56(GMT) Log: Seconds remaining: 2230
2020/01/27-13:36:06(GMT) Log: Seconds remaining: 2220
2020/01/27-13:36:16(GMT) Log: Seconds remaining: 2210
2020/01/27-13:36:26(GMT) Log: Seconds remaining: 2200
2020/01/27-13:36:36(GMT) Log: Seconds remaining: 2190
2020/01/27-13:36:46(GMT) Log: Seconds remaining: 2180
2020/01/27-13:36:56(GMT) Log: Seconds remaining: 2170
2020/01/27-13:37:06(GMT) Log: Seconds remaining: 2160
2020/01/27-13:37:16(GMT) Log: Seconds remaining: 2150
2020/01/27-13:37:26(GMT) Log: Seconds remaining: 2140
2020/01/27-13:37:36(GMT) Log: Seconds remaining: 2130
2020/01/27-13:37:46(GMT) Log: Seconds remaining: 2120
2020/01/27-13:37:56(GMT) Log: Seconds remaining: 2110
2020/01/27-13:38:06(GMT) Log: Seconds remaining: 2100
2020/01/27-13:38:16(GMT) Log: Seconds remaining: 2090
2020/01/27-13:38:26(GMT) Log: Seconds remaining: 2080
2020/01/27-13:38:36(GMT) Log: Seconds remaining: 2070
2020/01/27-13:38:46(GMT) Log: Seconds remaining: 2060
2020/01/27-13:38:56(GMT) Log: Seconds remaining: 2050
2020/01/27-13:39:06(GMT) Log: Seconds remaining: 2040
2020/01/27-13:39:16(GMT) Log: Seconds remaining: 2030
2020/01/27-13:39:26(GMT) Log: Seconds remaining: 2020
2020/01/27-13:39:36(GMT) Log: Seconds remaining: 2010
2020/01/27-13:39:46(GMT) Log: Seconds remaining: 2000
2020/01/27-13:39:56(GMT) Log: Seconds remaining: 1990
2020/01/27-13:40:06(GMT) Log: Seconds remaining: 1980
2020/01/27-13:40:16(GMT) Log: Seconds remaining: 1970
2020/01/27-13:40:26(GMT) Log: Seconds remaining: 1960
2020/01/27-13:40:36(GMT) Log: Seconds remaining: 1950
2020/01/27-13:40:46(GMT) Log: Seconds remaining: 1940
2020/01/27-13:40:56(GMT) Log: Seconds remaining: 1930
2020/01/27-13:41:06(GMT) Log: Seconds remaining: 1920
2020/01/27-13:41:16(GMT) Log: Seconds remaining: 1910
2020/01/27-13:41:26(GMT) Log: Seconds remaining: 1900
2020/01/27-13:41:36(GMT) Log: Seconds remaining: 1890
2020/01/27-13:41:46(GMT) Log: Seconds remaining: 1880
2020/01/27-13:41:56(GMT) Log: Seconds remaining: 1870
2020/01/27-13:42:06(GMT) Log: Seconds remaining: 1860
2020/01/27-13:42:16(GMT) Log: Seconds remaining: 1850
2020/01/27-13:42:26(GMT) Log: Seconds remaining: 1840
2020/01/27-13:42:36(GMT) Log: Seconds remaining: 1830
2020/01/27-13:42:46(GMT) Log: Seconds remaining: 1820
2020/01/27-13:42:56(GMT) Log: Seconds remaining: 1810
2020/01/27-13:43:06(GMT) Log: Seconds remaining: 1800
2020/01/27-13:43:06(GMT) Log: Pausing worker threads in preparation for power spike (1800 seconds remaining)
2020/01/27-13:43:16(GMT) Log: Seconds remaining: 1790
2020/01/27-13:43:21(GMT) Log: Resuming worker threads to cause a power spike (1785 seconds remaining)
2020/01/27-13:43:26(GMT) Log: Seconds remaining: 1780
2020/01/27-13:43:36(GMT) Log: Seconds remaining: 1770
2020/01/27-13:43:46(GMT) Log: Seconds remaining: 1760
2020/01/27-13:43:56(GMT) Log: Seconds remaining: 1750
2020/01/27-13:44:06(GMT) Log: Seconds remaining: 1740
2020/01/27-13:44:16(GMT) Log: Seconds remaining: 1730
2020/01/27-13:44:26(GMT) Log: Seconds remaining: 1720
2020/01/27-13:44:36(GMT) Log: Seconds remaining: 1710
2020/01/27-13:44:46(GMT) Log: Seconds remaining: 1700
2020/01/27-13:44:56(GMT) Log: Seconds remaining: 1690
2020/01/27-13:45:06(GMT) Log: Seconds remaining: 1680
2020/01/27-13:45:16(GMT) Log: Seconds remaining: 1670
2020/01/27-13:45:26(GMT) Log: Seconds remaining: 1660
2020/01/27-13:45:36(GMT) Log: Seconds remaining: 1650
2020/01/27-13:45:46(GMT) Log: Seconds remaining: 1640
2020/01/27-13:45:56(GMT) Log: Seconds remaining: 1630
2020/01/27-13:46:06(GMT) Log: Seconds remaining: 1620
2020/01/27-13:46:16(GMT) Log: Seconds remaining: 1610
2020/01/27-13:46:26(GMT) Log: Seconds remaining: 1600
2020/01/27-13:46:36(GMT) Log: Seconds remaining: 1590
2020/01/27-13:46:46(GMT) Log: Seconds remaining: 1580
2020/01/27-13:46:56(GMT) Log: Seconds remaining: 1570
2020/01/27-13:47:06(GMT) Log: Seconds remaining: 1560
2020/01/27-13:47:16(GMT) Log: Seconds remaining: 1550
2020/01/27-13:47:26(GMT) Log: Seconds remaining: 1540
2020/01/27-13:47:36(GMT) Log: Seconds remaining: 1530
2020/01/27-13:47:46(GMT) Log: Seconds remaining: 1520
2020/01/27-13:47:56(GMT) Log: Seconds remaining: 1510
2020/01/27-13:48:06(GMT) Log: Seconds remaining: 1500
2020/01/27-13:48:16(GMT) Log: Seconds remaining: 1490
2020/01/27-13:48:26(GMT) Log: Seconds remaining: 1480
2020/01/27-13:48:36(GMT) Log: Seconds remaining: 1470
2020/01/27-13:48:46(GMT) Log: Seconds remaining: 1460
2020/01/27-13:48:56(GMT) Log: Seconds remaining: 1450
2020/01/27-13:49:06(GMT) Log: Seconds remaining: 1440
2020/01/27-13:49:16(GMT) Log: Seconds remaining: 1430
2020/01/27-13:49:26(GMT) Log: Seconds remaining: 1420
2020/01/27-13:49:36(GMT) Log: Seconds remaining: 1410
2020/01/27-13:49:46(GMT) Log: Seconds remaining: 1400
2020/01/27-13:49:56(GMT) Log: Seconds remaining: 1390
2020/01/27-13:50:06(GMT) Log: Seconds remaining: 1380
2020/01/27-13:50:16(GMT) Log: Seconds remaining: 1370
2020/01/27-13:50:26(GMT) Log: Seconds remaining: 1360
2020/01/27-13:50:36(GMT) Log: Seconds remaining: 1350
2020/01/27-13:50:46(GMT) Log: Seconds remaining: 1340
2020/01/27-13:50:56(GMT) Log: Seconds remaining: 1330
2020/01/27-13:51:06(GMT) Log: Seconds remaining: 1320
2020/01/27-13:51:16(GMT) Log: Seconds remaining: 1310
2020/01/27-13:51:26(GMT) Log: Seconds remaining: 1300
2020/01/27-13:51:36(GMT) Log: Seconds remaining: 1290
2020/01/27-13:51:46(GMT) Log: Seconds remaining: 1280
2020/01/27-13:51:56(GMT) Log: Seconds remaining: 1270
2020/01/27-13:52:06(GMT) Log: Seconds remaining: 1260
2020/01/27-13:52:16(GMT) Log: Seconds remaining: 1250
2020/01/27-13:52:26(GMT) Log: Seconds remaining: 1240
2020/01/27-13:52:36(GMT) Log: Seconds remaining: 1230
2020/01/27-13:52:46(GMT) Log: Seconds remaining: 1220
2020/01/27-13:52:56(GMT) Log: Seconds remaining: 1210
2020/01/27-13:53:06(GMT) Log: Seconds remaining: 1200
2020/01/27-13:53:06(GMT) Log: Pausing worker threads in preparation for power spike (1200 seconds remaining)
2020/01/27-13:53:16(GMT) Log: Seconds remaining: 1190
2020/01/27-13:53:21(GMT) Log: Resuming worker threads to cause a power spike (1185 seconds remaining)
2020/01/27-13:53:26(GMT) Log: Seconds remaining: 1180
2020/01/27-13:53:36(GMT) Log: Seconds remaining: 1170
2020/01/27-13:53:46(GMT) Log: Seconds remaining: 1160
2020/01/27-13:53:56(GMT) Log: Seconds remaining: 1150
2020/01/27-13:54:06(GMT) Log: Seconds remaining: 1140
2020/01/27-13:54:16(GMT) Log: Seconds remaining: 1130
2020/01/27-13:54:26(GMT) Log: Seconds remaining: 1120
2020/01/27-13:54:36(GMT) Log: Seconds remaining: 1110
2020/01/27-13:54:46(GMT) Log: Seconds remaining: 1100
2020/01/27-13:54:56(GMT) Log: Seconds remaining: 1090
2020/01/27-13:55:06(GMT) Log: Seconds remaining: 1080
2020/01/27-13:55:16(GMT) Log: Seconds remaining: 1070
2020/01/27-13:55:26(GMT) Log: Seconds remaining: 1060
2020/01/27-13:55:36(GMT) Log: Seconds remaining: 1050
2020/01/27-13:55:46(GMT) Log: Seconds remaining: 1040
2020/01/27-13:55:56(GMT) Log: Seconds remaining: 1030
2020/01/27-13:56:06(GMT) Log: Seconds remaining: 1020
2020/01/27-13:56:16(GMT) Log: Seconds remaining: 1010
2020/01/27-13:56:26(GMT) Log: Seconds remaining: 1000
2020/01/27-13:56:36(GMT) Log: Seconds remaining: 990
2020/01/27-13:56:46(GMT) Log: Seconds remaining: 980
2020/01/27-13:56:56(GMT) Log: Seconds remaining: 970
2020/01/27-13:57:06(GMT) Log: Seconds remaining: 960
2020/01/27-13:57:16(GMT) Log: Seconds remaining: 950
2020/01/27-13:57:26(GMT) Log: Seconds remaining: 940
2020/01/27-13:57:36(GMT) Log: Seconds remaining: 930
2020/01/27-13:57:46(GMT) Log: Seconds remaining: 920
2020/01/27-13:57:56(GMT) Log: Seconds remaining: 910
2020/01/27-13:58:06(GMT) Log: Seconds remaining: 900
2020/01/27-13:58:16(GMT) Log: Seconds remaining: 890
2020/01/27-13:58:26(GMT) Log: Seconds remaining: 880
2020/01/27-13:58:36(GMT) Log: Seconds remaining: 870
2020/01/27-13:58:46(GMT) Log: Seconds remaining: 860
2020/01/27-13:58:56(GMT) Log: Seconds remaining: 850
2020/01/27-13:59:06(GMT) Log: Seconds remaining: 840
2020/01/27-13:59:16(GMT) Log: Seconds remaining: 830
2020/01/27-13:59:26(GMT) Log: Seconds remaining: 820
2020/01/27-13:59:36(GMT) Log: Seconds remaining: 810
2020/01/27-13:59:46(GMT) Log: Seconds remaining: 800
2020/01/27-13:59:56(GMT) Log: Seconds remaining: 790
2020/01/27-14:00:06(GMT) Log: Seconds remaining: 780
2020/01/27-14:00:16(GMT) Log: Seconds remaining: 770
2020/01/27-14:00:26(GMT) Log: Seconds remaining: 760
2020/01/27-14:00:36(GMT) Log: Seconds remaining: 750
2020/01/27-14:00:46(GMT) Log: Seconds remaining: 740
2020/01/27-14:00:56(GMT) Log: Seconds remaining: 730
2020/01/27-14:01:06(GMT) Log: Seconds remaining: 720
2020/01/27-14:01:16(GMT) Log: Seconds remaining: 710
2020/01/27-14:01:26(GMT) Log: Seconds remaining: 700
2020/01/27-14:01:36(GMT) Log: Seconds remaining: 690
2020/01/27-14:01:46(GMT) Log: Seconds remaining: 680
2020/01/27-14:01:56(GMT) Log: Seconds remaining: 670
2020/01/27-14:02:06(GMT) Log: Seconds remaining: 660
2020/01/27-14:02:16(GMT) Log: Seconds remaining: 650
2020/01/27-14:02:26(GMT) Log: Seconds remaining: 640
2020/01/27-14:02:36(GMT) Log: Seconds remaining: 630
2020/01/27-14:02:46(GMT) Log: Seconds remaining: 620
2020/01/27-14:02:56(GMT) Log: Seconds remaining: 610
2020/01/27-14:03:06(GMT) Log: Seconds remaining: 600
2020/01/27-14:03:06(GMT) Log: Pausing worker threads in preparation for power spike (600 seconds remaining)
2020/01/27-14:03:16(GMT) Log: Seconds remaining: 590
2020/01/27-14:03:21(GMT) Log: Resuming worker threads to cause a power spike (585 seconds remaining)
2020/01/27-14:03:26(GMT) Log: Seconds remaining: 580
2020/01/27-14:03:36(GMT) Log: Seconds remaining: 570
2020/01/27-14:03:46(GMT) Log: Seconds remaining: 560
2020/01/27-14:03:56(GMT) Log: Seconds remaining: 550
2020/01/27-14:04:06(GMT) Log: Seconds remaining: 540
2020/01/27-14:04:16(GMT) Log: Seconds remaining: 530
2020/01/27-14:04:26(GMT) Log: Seconds remaining: 520
2020/01/27-14:04:36(GMT) Log: Seconds remaining: 510
2020/01/27-14:04:46(GMT) Log: Seconds remaining: 500
2020/01/27-14:04:56(GMT) Log: Seconds remaining: 490
2020/01/27-14:05:06(GMT) Log: Seconds remaining: 480
2020/01/27-14:05:16(GMT) Log: Seconds remaining: 470
2020/01/27-14:05:26(GMT) Log: Seconds remaining: 460
2020/01/27-14:05:36(GMT) Log: Seconds remaining: 450
2020/01/27-14:05:46(GMT) Log: Seconds remaining: 440
2020/01/27-14:05:56(GMT) Log: Seconds remaining: 430
2020/01/27-14:06:06(GMT) Log: Seconds remaining: 420
2020/01/27-14:06:16(GMT) Log: Seconds remaining: 410
2020/01/27-14:06:26(GMT) Log: Seconds remaining: 400
2020/01/27-14:06:36(GMT) Log: Seconds remaining: 390
2020/01/27-14:06:46(GMT) Log: Seconds remaining: 380
2020/01/27-14:06:56(GMT) Log: Seconds remaining: 370
2020/01/27-14:07:06(GMT) Log: Seconds remaining: 360
2020/01/27-14:07:16(GMT) Log: Seconds remaining: 350
2020/01/27-14:07:26(GMT) Log: Seconds remaining: 340
2020/01/27-14:07:36(GMT) Log: Seconds remaining: 330
2020/01/27-14:07:46(GMT) Log: Seconds remaining: 320
2020/01/27-14:07:56(GMT) Log: Seconds remaining: 310
2020/01/27-14:08:06(GMT) Log: Seconds remaining: 300
2020/01/27-14:08:16(GMT) Log: Seconds remaining: 290
2020/01/27-14:08:26(GMT) Log: Seconds remaining: 280
2020/01/27-14:08:36(GMT) Log: Seconds remaining: 270
2020/01/27-14:08:46(GMT) Log: Seconds remaining: 260
2020/01/27-14:08:56(GMT) Log: Seconds remaining: 250
2020/01/27-14:09:06(GMT) Log: Seconds remaining: 240
2020/01/27-14:09:16(GMT) Log: Seconds remaining: 230
2020/01/27-14:09:26(GMT) Log: Seconds remaining: 220
2020/01/27-14:09:36(GMT) Log: Seconds remaining: 210
2020/01/27-14:09:46(GMT) Log: Seconds remaining: 200
2020/01/27-14:09:56(GMT) Log: Seconds remaining: 190
2020/01/27-14:10:06(GMT) Log: Seconds remaining: 180
2020/01/27-14:10:16(GMT) Log: Seconds remaining: 170
2020/01/27-14:10:26(GMT) Log: Seconds remaining: 160
2020/01/27-14:10:36(GMT) Log: Seconds remaining: 150
2020/01/27-14:10:46(GMT) Log: Seconds remaining: 140
2020/01/27-14:10:56(GMT) Log: Seconds remaining: 130
2020/01/27-14:11:06(GMT) Log: Seconds remaining: 120
2020/01/27-14:11:16(GMT) Log: Seconds remaining: 110
2020/01/27-14:11:26(GMT) Log: Seconds remaining: 100
2020/01/27-14:11:36(GMT) Log: Seconds remaining: 90
2020/01/27-14:11:46(GMT) Log: Seconds remaining: 80
2020/01/27-14:11:56(GMT) Log: Seconds remaining: 70
2020/01/27-14:12:06(GMT) Log: Seconds remaining: 60
2020/01/27-14:12:16(GMT) Log: Seconds remaining: 50
2020/01/27-14:12:26(GMT) Log: Seconds remaining: 40
2020/01/27-14:12:36(GMT) Log: Seconds remaining: 30
2020/01/27-14:12:46(GMT) Log: Seconds remaining: 20
2020/01/27-14:12:56(GMT) Log: Seconds remaining: 10
2020/01/27-14:13:11(GMT) Stats: Found 0 hardware incidents
2020/01/27-14:13:11(GMT) Stats: Completed: 194958656.00M in 2400.80s 81205.86MB/s, with 0 hardware incidents, 0 errors
2020/01/27-14:13:11(GMT) Stats: Memory Copy: 194958656.00M at 81230.26MB/s
2020/01/27-14:13:11(GMT) Stats: File Copy: 0.00M at 0.00MB/s
2020/01/27-14:13:11(GMT) Stats: Net Copy: 0.00M at 0.00MB/s
2020/01/27-14:13:11(GMT) Stats: Data Check: 0.00M at 0.00MB/s
2020/01/27-14:13:11(GMT) Stats: Invert Data: 0.00M at 0.00MB/s
2020/01/27-14:13:11(GMT) Stats: Disk: 0.00M at 0.00MB/s
2020/01/27-14:13:11(GMT) 
2020/01/27-14:13:11(GMT) Status: PASS - please verify no corrected errors
2020/01/27-14:13:11(GMT) 

============================
=          DMESG           =
============================
[ 6069.555334] perf: interrupt took too long (2556 > 2500), lowering kernel.perf_event_max_sample_rate to 78000
[ 6139.046812] perf: interrupt took too long (3226 > 3195), lowering kernel.perf_event_max_sample_rate to 62000
[ 6284.942987] perf: interrupt took too long (4041 > 4032), lowering kernel.perf_event_max_sample_rate to 49250
[ 6657.666815] perf: interrupt took too long (5069 > 5051), lowering kernel.perf_event_max_sample_rate to 39250
[ 9820.914556] perf: interrupt took too long (6347 > 6336), lowering kernel.perf_event_max_sample_rate to 31500

============================
=          BMC SEL         =
============================
=== No SEL logged ===


