      _____ _                              ____ ____       
     |_   _(_)_ __  _ __ ___   __ _ _ __  / ___|___ \      
       | | | | '_ \| '_ ` _ \ / _` | '_ \| |  _  __) |    
       | | | | | | | | | | | | (_| | | | | |_| |/ __/      
       |_| |_|_| |_|_| |_| |_|\__,_|_| |_|\____|_____|     
 ____                        ___         _____         _   
| __ ) _   _ _ __ _ __      |_ _|_ __   |_   _|__  ___| |_ 
|  _ \| | | | '__| '_ \ _____| || '_ \    | |/ _ \/ __| __|
| |_) | |_| | |  | | | |_____| || | | |   | |  __/\__ \ |_ 
|____/ \__,_|_|  |_| |_|    |___|_| |_|   |_|\___||___/\__|

==============================================
=            Burn-In Test Cycle 1            =
==============================================
Test start time: 2022-01-27_11:12:06
*****************************
* ib_write_bw test          *
*****************************
***************************
*      KSB test cycle1    *
***************************
===== KSB Memory test PASS =====

=======================================================
Running fpga-test on 02:00.0
=======================================================

Device Type                : Kalidah
EP Link Status             : Gen3 x8     PASSED 
GIT Hash                   : 0x0FAA0CFE
Device DNA                 : 0x400200000155AC694C3062C5
Core Clock Frequency       :    250 MHz
SSD_0 present              :        Yes
SSD_1 present              :        Yes
KSB number                 :          1
Slice number               :          0
Temperature Master  Sysmon :      36.43  Cel
Temperature Slave 0 Sysmon :      35.44  Cel
Temperature Slave 1 Sysmon :      34.56  Cel
DDR4 capability            : ID_2, 16GB, VLP RDIMM w/ ECC, 1R, 16Gb x8 die, 2400 MT/s 
DDR4 calibration done      : 0x00000001  PASSED 
Unsupported Offset BAR3    : 0xFFFFFFFF  PASSED 
FPGA Version               : 0x00030006  PASSED 
DMA ch0 ctl. register      : 0x00008003  PASSED 
DMA ch1 ctl. register      : 0x00008013  PASSED 
DMA ch2 ctl. register      : 0x00008023  PASSED 
RP0 Link Status            : 0x70430000  PASSED 
Locating PCIe capabilities of SSD0 ...SSD0 Link Status           : 0x10430000  PASSED 
SSD0 Vendor/Dev ID         : 0xA808144D  PASSED  (Samsung)
RP1 Link Status            : 0x70430000  PASSED 
Locating PCIe capabilities of SSD1 ...SSD1 Link Status           : 0x10430000  PASSED 
SSD1 Vendor/Dev ID         : 0xA808144D  PASSED  (Samsung)
Global Fatal Interrupt     : 0x00000000  PASSED 
Global Non Fatal Interrupt : 0x00000000  PASSED 
  ____                 _
 |  _ \ __ _ ___ ___  | |
 | |_) / _` / __/ __| | |
 |  __/ (_| \__ \__ \ |_|
 |_|   \__,_|___/___/ (_)


=======================================================
Running fpga-test on 41:00.0
=======================================================

Device Type                : Kalidah
EP Link Status             : Gen3 x8     PASSED 
GIT Hash                   : 0x0FAA0CFE
Device DNA                 : 0x400200000155AC694C3062C5
Core Clock Frequency       :    250 MHz
SSD_0 present              :        Yes
SSD_1 present              :        Yes
KSB number                 :          1
Slice number               :          1
DDR4 capability            : ID_2, 16GB, VLP RDIMM w/ ECC, 1R, 16Gb x8 die, 2400 MT/s 
DDR4 calibration done      : 0x00000001  PASSED 
Unsupported Offset BAR3    : 0xFFFFFFFF  PASSED 
FPGA Version               : 0x00030006  PASSED 
DMA ch0 ctl. register      : 0x00008003  PASSED 
DMA ch1 ctl. register      : 0x00008013  PASSED 
DMA ch2 ctl. register      : 0x00008023  PASSED 
RP0 Link Status            : 0x70430000  PASSED 
Locating PCIe capabilities of SSD0 ...SSD0 Link Status           : 0x10430000  PASSED 
SSD0 Vendor/Dev ID         : 0xA808144D  PASSED  (Samsung)
RP1 Link Status            : 0x70430000  PASSED 
Locating PCIe capabilities of SSD1 ...SSD1 Link Status           : 0x10430000  PASSED 
SSD1 Vendor/Dev ID         : 0xA808144D  PASSED  (Samsung)
Global Fatal Interrupt     : 0x00000000  PASSED 
Global Non Fatal Interrupt : 0x00000000  PASSED 
  ____                 _
 |  _ \ __ _ ___ ___  | |
 | |_) / _` / __/ __| | |
 |  __/ (_| \__ \__ \ |_|
 |_|   \__,_|___/___/ (_)


=======================================================
Running fpga-test on 84:00.0
=======================================================

Device Type                : Kalidah
EP Link Status             : Gen3 x8     PASSED 
GIT Hash                   : 0x0FAA0CFE
Device DNA                 : 0x400200000155AC694CA0A0C5
Core Clock Frequency       :    250 MHz
SSD_0 present              :        Yes
SSD_1 present              :        Yes
KSB number                 :          0
Slice number               :          1
DDR4 capability            : ID_2, 16GB, VLP RDIMM w/ ECC, 1R, 16Gb x8 die, 2400 MT/s 
DDR4 calibration done      : 0x00000001  PASSED 
Unsupported Offset BAR3    : 0xFFFFFFFF  PASSED 
FPGA Version               : 0x00030006  PASSED 
DMA ch0 ctl. register      : 0x00008003  PASSED 
DMA ch1 ctl. register      : 0x00008013  PASSED 
DMA ch2 ctl. register      : 0x00008023  PASSED 
RP0 Link Status            : 0x70430000  PASSED 
Locating PCIe capabilities of SSD0 ...SSD0 Link Status           : 0x10430000  PASSED 
SSD0 Vendor/Dev ID         : 0xA808144D  PASSED  (Samsung)
RP1 Link Status            : 0x70430000  PASSED 
Locating PCIe capabilities of SSD1 ...SSD1 Link Status           : 0x10430000  PASSED 
SSD1 Vendor/Dev ID         : 0xA808144D  PASSED  (Samsung)
Global Fatal Interrupt     : 0x00000000  PASSED 
Global Non Fatal Interrupt : 0x00000000  PASSED 
  ____                 _
 |  _ \ __ _ ___ ___  | |
 | |_) / _` / __/ __| | |
 |  __/ (_| \__ \__ \ |_|
 |_|   \__,_|___/___/ (_)


=======================================================
Running fpga-test on c1:00.0
=======================================================

Device Type                : Kalidah
EP Link Status             : Gen3 x8     PASSED 
GIT Hash                   : 0x0FAA0CFE
Device DNA                 : 0x400200000155AC694CA0A0C5
Core Clock Frequency       :    250 MHz
SSD_0 present              :        Yes
SSD_1 present              :        Yes
KSB number                 :          0
Slice number               :          0
Temperature Master  Sysmon :      35.91  Cel
Temperature Slave 0 Sysmon :      36.26  Cel
Temperature Slave 1 Sysmon :      35.44  Cel
DDR4 capability            : ID_2, 16GB, VLP RDIMM w/ ECC, 1R, 16Gb x8 die, 2400 MT/s 
DDR4 calibration done      : 0x00000001  PASSED 
Unsupported Offset BAR3    : 0xFFFFFFFF  PASSED 
FPGA Version               : 0x00030006  PASSED 
DMA ch0 ctl. register      : 0x00008003  PASSED 
DMA ch1 ctl. register      : 0x00008013  PASSED 
DMA ch2 ctl. register      : 0x00008023  PASSED 
RP0 Link Status            : 0x70430000  PASSED 
Locating PCIe capabilities of SSD0 ...SSD0 Link Status           : 0x10430000  PASSED 
SSD0 Vendor/Dev ID         : 0xA808144D  PASSED  (Samsung)
RP1 Link Status            : 0x70430000  PASSED 
Locating PCIe capabilities of SSD1 ...SSD1 Link Status           : 0x10430000  PASSED 
SSD1 Vendor/Dev ID         : 0xA808144D  PASSED  (Samsung)
Global Fatal Interrupt     : 0x00000000  PASSED 
Global Non Fatal Interrupt : 0x00000000  PASSED 
  ____                 _
 |  _ \ __ _ ___ ___  | |
 | |_) / _` / __/ __| | |
 |  __/ (_| \__ \__ \ |_|
 |_|   \__,_|___/___/ (_)


*****************************
*  CPU/Memory Stress cycle1 *
*****************************
============================
=        Stress Log        =
============================
2022/01/27-11:29:33(GMT) Log: Commandline - ./stressapptest -m 32 -C 32 -l /root/TinmanBI/STRESS.log -s 2400
2022/01/27-11:29:33(GMT) Stats: SAT revision 1.0.7_autoconf, 64 bit binary
2022/01/27-11:29:33(GMT) Log: root @ localhost.localdomain on Tue Sep 19 03:28:47 CST 2017 from open source release
2022/01/27-11:29:33(GMT) Log: 1 nodes, 128 cpus.
2022/01/27-11:29:33(GMT) Log: Total 515817 MB. Free 510027 MB. Hugepages 0 MB. Targeting 489834 MB (94%)
2022/01/27-11:29:33(GMT) Log: Prefer plain malloc memory allocation.
2022/01/27-11:29:33(GMT) Log: Using mmap() allocation at 0x7eea8dbf2000.
2022/01/27-11:29:33(GMT) Stats: Starting SAT, 489834M, 2400 seconds
2022/01/27-11:30:08(GMT) Log: Region mask: 0x1
2022/01/27-11:30:18(GMT) Log: Seconds remaining: 2390
2022/01/27-11:30:28(GMT) Log: Seconds remaining: 2380
2022/01/27-11:30:38(GMT) Log: Seconds remaining: 2370
2022/01/27-11:30:48(GMT) Log: Seconds remaining: 2360
2022/01/27-11:30:58(GMT) Log: Seconds remaining: 2350
2022/01/27-11:31:08(GMT) Log: Seconds remaining: 2340
2022/01/27-11:31:18(GMT) Log: Seconds remaining: 2330
2022/01/27-11:31:28(GMT) Log: Seconds remaining: 2320
2022/01/27-11:31:38(GMT) Log: Seconds remaining: 2310
2022/01/27-11:31:48(GMT) Log: Seconds remaining: 2300
2022/01/27-11:31:58(GMT) Log: Seconds remaining: 2290
2022/01/27-11:32:08(GMT) Log: Seconds remaining: 2280
2022/01/27-11:32:18(GMT) Log: Seconds remaining: 2270
2022/01/27-11:32:28(GMT) Log: Seconds remaining: 2260
2022/01/27-11:32:38(GMT) Log: Seconds remaining: 2250
2022/01/27-11:32:48(GMT) Log: Seconds remaining: 2240
2022/01/27-11:32:58(GMT) Log: Seconds remaining: 2230
2022/01/27-11:33:08(GMT) Log: Seconds remaining: 2220
2022/01/27-11:33:18(GMT) Log: Seconds remaining: 2210
2022/01/27-11:33:28(GMT) Log: Seconds remaining: 2200
2022/01/27-11:33:38(GMT) Log: Seconds remaining: 2190
2022/01/27-11:33:48(GMT) Log: Seconds remaining: 2180
2022/01/27-11:33:58(GMT) Log: Seconds remaining: 2170
2022/01/27-11:34:08(GMT) Log: Seconds remaining: 2160
2022/01/27-11:34:18(GMT) Log: Seconds remaining: 2150
2022/01/27-11:34:28(GMT) Log: Seconds remaining: 2140
2022/01/27-11:34:38(GMT) Log: Seconds remaining: 2130
2022/01/27-11:34:48(GMT) Log: Seconds remaining: 2120
2022/01/27-11:34:58(GMT) Log: Seconds remaining: 2110
2022/01/27-11:35:08(GMT) Log: Seconds remaining: 2100
2022/01/27-11:35:18(GMT) Log: Seconds remaining: 2090
2022/01/27-11:35:28(GMT) Log: Seconds remaining: 2080
2022/01/27-11:35:38(GMT) Log: Seconds remaining: 2070
2022/01/27-11:35:48(GMT) Log: Seconds remaining: 2060
2022/01/27-11:35:58(GMT) Log: Seconds remaining: 2050
2022/01/27-11:36:08(GMT) Log: Seconds remaining: 2040
2022/01/27-11:36:18(GMT) Log: Seconds remaining: 2030
2022/01/27-11:36:28(GMT) Log: Seconds remaining: 2020
2022/01/27-11:36:38(GMT) Log: Seconds remaining: 2010
2022/01/27-11:36:48(GMT) Log: Seconds remaining: 2000
2022/01/27-11:36:58(GMT) Log: Seconds remaining: 1990
2022/01/27-11:37:08(GMT) Log: Seconds remaining: 1980
2022/01/27-11:37:18(GMT) Log: Seconds remaining: 1970
2022/01/27-11:37:28(GMT) Log: Seconds remaining: 1960
2022/01/27-11:37:38(GMT) Log: Seconds remaining: 1950
2022/01/27-11:37:48(GMT) Log: Seconds remaining: 1940
2022/01/27-11:37:58(GMT) Log: Seconds remaining: 1930
2022/01/27-11:38:08(GMT) Log: Seconds remaining: 1920
2022/01/27-11:38:18(GMT) Log: Seconds remaining: 1910
2022/01/27-11:38:28(GMT) Log: Seconds remaining: 1900
2022/01/27-11:38:38(GMT) Log: Seconds remaining: 1890
2022/01/27-11:38:48(GMT) Log: Seconds remaining: 1880
2022/01/27-11:38:58(GMT) Log: Seconds remaining: 1870
2022/01/27-11:39:08(GMT) Log: Seconds remaining: 1860
2022/01/27-11:39:18(GMT) Log: Seconds remaining: 1850
2022/01/27-11:39:28(GMT) Log: Seconds remaining: 1840
2022/01/27-11:39:38(GMT) Log: Seconds remaining: 1830
2022/01/27-11:39:48(GMT) Log: Seconds remaining: 1820
2022/01/27-11:39:58(GMT) Log: Seconds remaining: 1810
2022/01/27-11:40:08(GMT) Log: Seconds remaining: 1800
2022/01/27-11:40:08(GMT) Log: Pausing worker threads in preparation for power spike (1800 seconds remaining)
2022/01/27-11:40:18(GMT) Log: Seconds remaining: 1790
2022/01/27-11:40:23(GMT) Log: Resuming worker threads to cause a power spike (1785 seconds remaining)
2022/01/27-11:40:28(GMT) Log: Seconds remaining: 1780
2022/01/27-11:40:38(GMT) Log: Seconds remaining: 1770
2022/01/27-11:40:48(GMT) Log: Seconds remaining: 1760
2022/01/27-11:40:58(GMT) Log: Seconds remaining: 1750
2022/01/27-11:41:08(GMT) Log: Seconds remaining: 1740
2022/01/27-11:41:18(GMT) Log: Seconds remaining: 1730
2022/01/27-11:41:28(GMT) Log: Seconds remaining: 1720
2022/01/27-11:41:38(GMT) Log: Seconds remaining: 1710
2022/01/27-11:41:48(GMT) Log: Seconds remaining: 1700
2022/01/27-11:41:58(GMT) Log: Seconds remaining: 1690
2022/01/27-11:42:08(GMT) Log: Seconds remaining: 1680
2022/01/27-11:42:18(GMT) Log: Seconds remaining: 1670
2022/01/27-11:42:28(GMT) Log: Seconds remaining: 1660
2022/01/27-11:42:38(GMT) Log: Seconds remaining: 1650
2022/01/27-11:42:48(GMT) Log: Seconds remaining: 1640
2022/01/27-11:42:58(GMT) Log: Seconds remaining: 1630
2022/01/27-11:43:08(GMT) Log: Seconds remaining: 1620
2022/01/27-11:43:18(GMT) Log: Seconds remaining: 1610
2022/01/27-11:43:28(GMT) Log: Seconds remaining: 1600
2022/01/27-11:43:38(GMT) Log: Seconds remaining: 1590
2022/01/27-11:43:48(GMT) Log: Seconds remaining: 1580
2022/01/27-11:43:58(GMT) Log: Seconds remaining: 1570
2022/01/27-11:44:08(GMT) Log: Seconds remaining: 1560
2022/01/27-11:44:18(GMT) Log: Seconds remaining: 1550
2022/01/27-11:44:28(GMT) Log: Seconds remaining: 1540
2022/01/27-11:44:38(GMT) Log: Seconds remaining: 1530
2022/01/27-11:44:48(GMT) Log: Seconds remaining: 1520
2022/01/27-11:44:58(GMT) Log: Seconds remaining: 1510
2022/01/27-11:45:08(GMT) Log: Seconds remaining: 1500
2022/01/27-11:45:18(GMT) Log: Seconds remaining: 1490
2022/01/27-11:45:28(GMT) Log: Seconds remaining: 1480
2022/01/27-11:45:38(GMT) Log: Seconds remaining: 1470
2022/01/27-11:45:48(GMT) Log: Seconds remaining: 1460
2022/01/27-11:45:58(GMT) Log: Seconds remaining: 1450
2022/01/27-11:46:08(GMT) Log: Seconds remaining: 1440
2022/01/27-11:46:18(GMT) Log: Seconds remaining: 1430
2022/01/27-11:46:28(GMT) Log: Seconds remaining: 1420
2022/01/27-11:46:38(GMT) Log: Seconds remaining: 1410
2022/01/27-11:46:48(GMT) Log: Seconds remaining: 1400
2022/01/27-11:46:58(GMT) Log: Seconds remaining: 1390
2022/01/27-11:47:08(GMT) Log: Seconds remaining: 1380
2022/01/27-11:47:18(GMT) Log: Seconds remaining: 1370
2022/01/27-11:47:28(GMT) Log: Seconds remaining: 1360
2022/01/27-11:47:38(GMT) Log: Seconds remaining: 1350
2022/01/27-11:47:48(GMT) Log: Seconds remaining: 1340
2022/01/27-11:47:58(GMT) Log: Seconds remaining: 1330
2022/01/27-11:48:08(GMT) Log: Seconds remaining: 1320
2022/01/27-11:48:18(GMT) Log: Seconds remaining: 1310
2022/01/27-11:48:28(GMT) Log: Seconds remaining: 1300
2022/01/27-11:48:38(GMT) Log: Seconds remaining: 1290
2022/01/27-11:48:48(GMT) Log: Seconds remaining: 1280
2022/01/27-11:48:58(GMT) Log: Seconds remaining: 1270
2022/01/27-11:49:08(GMT) Log: Seconds remaining: 1260
2022/01/27-11:49:18(GMT) Log: Seconds remaining: 1250
2022/01/27-11:49:28(GMT) Log: Seconds remaining: 1240
2022/01/27-11:49:38(GMT) Log: Seconds remaining: 1230
2022/01/27-11:49:48(GMT) Log: Seconds remaining: 1220
2022/01/27-11:49:58(GMT) Log: Seconds remaining: 1210
2022/01/27-11:50:08(GMT) Log: Seconds remaining: 1200
2022/01/27-11:50:08(GMT) Log: Pausing worker threads in preparation for power spike (1200 seconds remaining)
2022/01/27-11:50:18(GMT) Log: Seconds remaining: 1190
2022/01/27-11:50:23(GMT) Log: Resuming worker threads to cause a power spike (1185 seconds remaining)
2022/01/27-11:50:28(GMT) Log: Seconds remaining: 1180
2022/01/27-11:50:38(GMT) Log: Seconds remaining: 1170
2022/01/27-11:50:48(GMT) Log: Seconds remaining: 1160
2022/01/27-11:50:58(GMT) Log: Seconds remaining: 1150
2022/01/27-11:51:08(GMT) Log: Seconds remaining: 1140
2022/01/27-11:51:18(GMT) Log: Seconds remaining: 1130
2022/01/27-11:51:28(GMT) Log: Seconds remaining: 1120
2022/01/27-11:51:38(GMT) Log: Seconds remaining: 1110
2022/01/27-11:51:48(GMT) Log: Seconds remaining: 1100
2022/01/27-11:51:58(GMT) Log: Seconds remaining: 1090
2022/01/27-11:52:08(GMT) Log: Seconds remaining: 1080
2022/01/27-11:52:18(GMT) Log: Seconds remaining: 1070
2022/01/27-11:52:28(GMT) Log: Seconds remaining: 1060
2022/01/27-11:52:38(GMT) Log: Seconds remaining: 1050
2022/01/27-11:52:48(GMT) Log: Seconds remaining: 1040
2022/01/27-11:52:58(GMT) Log: Seconds remaining: 1030
2022/01/27-11:53:08(GMT) Log: Seconds remaining: 1020
2022/01/27-11:53:18(GMT) Log: Seconds remaining: 1010
2022/01/27-11:53:28(GMT) Log: Seconds remaining: 1000
2022/01/27-11:53:38(GMT) Log: Seconds remaining: 990
2022/01/27-11:53:48(GMT) Log: Seconds remaining: 980
2022/01/27-11:53:58(GMT) Log: Seconds remaining: 970
2022/01/27-11:54:08(GMT) Log: Seconds remaining: 960
2022/01/27-11:54:18(GMT) Log: Seconds remaining: 950
2022/01/27-11:54:28(GMT) Log: Seconds remaining: 940
2022/01/27-11:54:38(GMT) Log: Seconds remaining: 930
2022/01/27-11:54:48(GMT) Log: Seconds remaining: 920
2022/01/27-11:54:58(GMT) Log: Seconds remaining: 910
2022/01/27-11:55:08(GMT) Log: Seconds remaining: 900
2022/01/27-11:55:18(GMT) Log: Seconds remaining: 890
2022/01/27-11:55:28(GMT) Log: Seconds remaining: 880
2022/01/27-11:55:38(GMT) Log: Seconds remaining: 870
2022/01/27-11:55:48(GMT) Log: Seconds remaining: 860
2022/01/27-11:55:58(GMT) Log: Seconds remaining: 850
2022/01/27-11:56:08(GMT) Log: Seconds remaining: 840
2022/01/27-11:56:18(GMT) Log: Seconds remaining: 830
2022/01/27-11:56:28(GMT) Log: Seconds remaining: 820
2022/01/27-11:56:38(GMT) Log: Seconds remaining: 810
2022/01/27-11:56:48(GMT) Log: Seconds remaining: 800
2022/01/27-11:56:58(GMT) Log: Seconds remaining: 790
2022/01/27-11:57:08(GMT) Log: Seconds remaining: 780
2022/01/27-11:57:18(GMT) Log: Seconds remaining: 770
2022/01/27-11:57:28(GMT) Log: Seconds remaining: 760
2022/01/27-11:57:38(GMT) Log: Seconds remaining: 750
2022/01/27-11:57:48(GMT) Log: Seconds remaining: 740
2022/01/27-11:57:58(GMT) Log: Seconds remaining: 730
2022/01/27-11:58:08(GMT) Log: Seconds remaining: 720
2022/01/27-11:58:18(GMT) Log: Seconds remaining: 710
2022/01/27-11:58:28(GMT) Log: Seconds remaining: 700
2022/01/27-11:58:38(GMT) Log: Seconds remaining: 690
2022/01/27-11:58:48(GMT) Log: Seconds remaining: 680
2022/01/27-11:58:58(GMT) Log: Seconds remaining: 670
2022/01/27-11:59:08(GMT) Log: Seconds remaining: 660
2022/01/27-11:59:18(GMT) Log: Seconds remaining: 650
2022/01/27-11:59:28(GMT) Log: Seconds remaining: 640
2022/01/27-11:59:38(GMT) Log: Seconds remaining: 630
2022/01/27-11:59:48(GMT) Log: Seconds remaining: 620
2022/01/27-11:59:58(GMT) Log: Seconds remaining: 610
2022/01/27-12:00:08(GMT) Log: Seconds remaining: 600
2022/01/27-12:00:08(GMT) Log: Pausing worker threads in preparation for power spike (600 seconds remaining)
2022/01/27-12:00:18(GMT) Log: Seconds remaining: 590
2022/01/27-12:00:23(GMT) Log: Resuming worker threads to cause a power spike (585 seconds remaining)
2022/01/27-12:00:28(GMT) Log: Seconds remaining: 580
2022/01/27-12:00:38(GMT) Log: Seconds remaining: 570
2022/01/27-12:00:48(GMT) Log: Seconds remaining: 560
2022/01/27-12:00:58(GMT) Log: Seconds remaining: 550
2022/01/27-12:01:08(GMT) Log: Seconds remaining: 540
2022/01/27-12:01:18(GMT) Log: Seconds remaining: 530
2022/01/27-12:01:28(GMT) Log: Seconds remaining: 520
2022/01/27-12:01:38(GMT) Log: Seconds remaining: 510
2022/01/27-12:01:48(GMT) Log: Seconds remaining: 500
2022/01/27-12:01:58(GMT) Log: Seconds remaining: 490
2022/01/27-12:02:08(GMT) Log: Seconds remaining: 480
2022/01/27-12:02:18(GMT) Log: Seconds remaining: 470
2022/01/27-12:02:28(GMT) Log: Seconds remaining: 460
2022/01/27-12:02:38(GMT) Log: Seconds remaining: 450
2022/01/27-12:02:48(GMT) Log: Seconds remaining: 440
2022/01/27-12:02:58(GMT) Log: Seconds remaining: 430
2022/01/27-12:03:08(GMT) Log: Seconds remaining: 420
2022/01/27-12:03:18(GMT) Log: Seconds remaining: 410
2022/01/27-12:03:28(GMT) Log: Seconds remaining: 400
2022/01/27-12:03:38(GMT) Log: Seconds remaining: 390
2022/01/27-12:03:48(GMT) Log: Seconds remaining: 380
2022/01/27-12:03:58(GMT) Log: Seconds remaining: 370
2022/01/27-12:04:08(GMT) Log: Seconds remaining: 360
2022/01/27-12:04:18(GMT) Log: Seconds remaining: 350
2022/01/27-12:04:28(GMT) Log: Seconds remaining: 340
2022/01/27-12:04:38(GMT) Log: Seconds remaining: 330
2022/01/27-12:04:48(GMT) Log: Seconds remaining: 320
2022/01/27-12:04:58(GMT) Log: Seconds remaining: 310
2022/01/27-12:05:08(GMT) Log: Seconds remaining: 300
2022/01/27-12:05:18(GMT) Log: Seconds remaining: 290
2022/01/27-12:05:28(GMT) Log: Seconds remaining: 280
2022/01/27-12:05:38(GMT) Log: Seconds remaining: 270
2022/01/27-12:05:48(GMT) Log: Seconds remaining: 260
2022/01/27-12:05:58(GMT) Log: Seconds remaining: 250
2022/01/27-12:06:08(GMT) Log: Seconds remaining: 240
2022/01/27-12:06:18(GMT) Log: Seconds remaining: 230
2022/01/27-12:06:28(GMT) Log: Seconds remaining: 220
2022/01/27-12:06:38(GMT) Log: Seconds remaining: 210
2022/01/27-12:06:48(GMT) Log: Seconds remaining: 200
2022/01/27-12:06:58(GMT) Log: Seconds remaining: 190
2022/01/27-12:07:08(GMT) Log: Seconds remaining: 180
2022/01/27-12:07:18(GMT) Log: Seconds remaining: 170
2022/01/27-12:07:28(GMT) Log: Seconds remaining: 160
2022/01/27-12:07:38(GMT) Log: Seconds remaining: 150
2022/01/27-12:07:48(GMT) Log: Seconds remaining: 140
2022/01/27-12:07:58(GMT) Log: Seconds remaining: 130
2022/01/27-12:08:08(GMT) Log: Seconds remaining: 120
2022/01/27-12:08:18(GMT) Log: Seconds remaining: 110
2022/01/27-12:08:28(GMT) Log: Seconds remaining: 100
2022/01/27-12:08:38(GMT) Log: Seconds remaining: 90
2022/01/27-12:08:48(GMT) Log: Seconds remaining: 80
2022/01/27-12:08:58(GMT) Log: Seconds remaining: 70
2022/01/27-12:09:08(GMT) Log: Seconds remaining: 60
2022/01/27-12:09:18(GMT) Log: Seconds remaining: 50
2022/01/27-12:09:28(GMT) Log: Seconds remaining: 40
2022/01/27-12:09:38(GMT) Log: Seconds remaining: 30
2022/01/27-12:09:48(GMT) Log: Seconds remaining: 20
2022/01/27-12:09:58(GMT) Log: Seconds remaining: 10
2022/01/27-12:10:14(GMT) Stats: Found 0 hardware incidents
2022/01/27-12:10:14(GMT) Stats: Completed: 194874656.00M in 2400.78s 81171.50MB/s, with 0 hardware incidents, 0 errors
2022/01/27-12:10:14(GMT) Stats: Memory Copy: 194874656.00M at 81194.06MB/s
2022/01/27-12:10:14(GMT) Stats: File Copy: 0.00M at 0.00MB/s
2022/01/27-12:10:14(GMT) Stats: Net Copy: 0.00M at 0.00MB/s
2022/01/27-12:10:14(GMT) Stats: Data Check: 0.00M at 0.00MB/s
2022/01/27-12:10:14(GMT) Stats: Invert Data: 0.00M at 0.00MB/s
2022/01/27-12:10:14(GMT) Stats: Disk: 0.00M at 0.00MB/s
2022/01/27-12:10:14(GMT) 
2022/01/27-12:10:14(GMT) Status: PASS - please verify no corrected errors
2022/01/27-12:10:14(GMT) 

============================
=          DMESG           =
============================
[ 6230.901518] perf: interrupt took too long (2531 > 2500), lowering kernel.perf_event_max_sample_rate to 79000
[ 6361.818155] perf: interrupt took too long (3224 > 3163), lowering kernel.perf_event_max_sample_rate to 62000
[ 6575.248837] perf: interrupt took too long (4031 > 4030), lowering kernel.perf_event_max_sample_rate to 49500
[ 6867.128423] perf: interrupt took too long (5040 > 5038), lowering kernel.perf_event_max_sample_rate to 39500

============================
=          BMC SEL         =
============================
=== No SEL logged ===


==============================================
=            Burn-In Test Cycle 2            =
==============================================
Test start time: 2022-01-27_12:10:41
***************************
*      KSB test cycle2    *
***************************
===== KSB Memory test PASS =====

=======================================================
Running fpga-test on 02:00.0
=======================================================

Device Type                : Kalidah
EP Link Status             : Gen3 x8     PASSED 
GIT Hash                   : 0x0FAA0CFE
Device DNA                 : 0x400200000155AC694C3062C5
Core Clock Frequency       :    250 MHz
SSD_0 present              :        Yes
SSD_1 present              :        Yes
KSB number                 :          1
Slice number               :          0
Temperature Master  Sysmon :      35.73  Cel
Temperature Slave 0 Sysmon :      34.24  Cel
Temperature Slave 1 Sysmon :      35.36  Cel
DDR4 capability            : ID_2, 16GB, VLP RDIMM w/ ECC, 1R, 16Gb x8 die, 2400 MT/s 
DDR4 calibration done      : 0x00000001  PASSED 
Unsupported Offset BAR3    : 0xFFFFFFFF  PASSED 
FPGA Version               : 0x00030006  PASSED 
DMA ch0 ctl. register      : 0x00008003  PASSED 
DMA ch1 ctl. register      : 0x00008013  PASSED 
DMA ch2 ctl. register      : 0x00008023  PASSED 
RP0 Link Status            : 0x70430000  PASSED 
Locating PCIe capabilities of SSD0 ...SSD0 Link Status           : 0x10430000  PASSED 
SSD0 Vendor/Dev ID         : 0xA808144D  PASSED  (Samsung)
RP1 Link Status            : 0x70430000  PASSED 
Locating PCIe capabilities of SSD1 ...SSD1 Link Status           : 0x10430000  PASSED 
SSD1 Vendor/Dev ID         : 0xA808144D  PASSED  (Samsung)
Global Fatal Interrupt     : 0x00000000  PASSED 
Global Non Fatal Interrupt : 0x00000000  PASSED 
  ____                 _
 |  _ \ __ _ ___ ___  | |
 | |_) / _` / __/ __| | |
 |  __/ (_| \__ \__ \ |_|
 |_|   \__,_|___/___/ (_)


=======================================================
Running fpga-test on 41:00.0
=======================================================

Device Type                : Kalidah
EP Link Status             : Gen3 x8     PASSED 
GIT Hash                   : 0x0FAA0CFE
Device DNA                 : 0x400200000155AC694C3062C5
Core Clock Frequency       :    250 MHz
SSD_0 present              :        Yes
SSD_1 present              :        Yes
KSB number                 :          1
Slice number               :          1
DDR4 capability            : ID_2, 16GB, VLP RDIMM w/ ECC, 1R, 16Gb x8 die, 2400 MT/s 
DDR4 calibration done      : 0x00000001  PASSED 
Unsupported Offset BAR3    : 0xFFFFFFFF  PASSED 
FPGA Version               : 0x00030006  PASSED 
DMA ch0 ctl. register      : 0x00008003  PASSED 
DMA ch1 ctl. register      : 0x00008013  PASSED 
DMA ch2 ctl. register      : 0x00008023  PASSED 
RP0 Link Status            : 0x70430000  PASSED 
Locating PCIe capabilities of SSD0 ...SSD0 Link Status           : 0x10430000  PASSED 
SSD0 Vendor/Dev ID         : 0xA808144D  PASSED  (Samsung)
RP1 Link Status            : 0x70430000  PASSED 
Locating PCIe capabilities of SSD1 ...SSD1 Link Status           : 0x10430000  PASSED 
SSD1 Vendor/Dev ID         : 0xA808144D  PASSED  (Samsung)
Global Fatal Interrupt     : 0x00000000  PASSED 
Global Non Fatal Interrupt : 0x00000000  PASSED 
  ____                 _
 |  _ \ __ _ ___ ___  | |
 | |_) / _` / __/ __| | |
 |  __/ (_| \__ \__ \ |_|
 |_|   \__,_|___/___/ (_)


=======================================================
Running fpga-test on 84:00.0
=======================================================

Device Type                : Kalidah
EP Link Status             : Gen3 x8     PASSED 
GIT Hash                   : 0x0FAA0CFE
Device DNA                 : 0x400200000155AC694CA0A0C5
Core Clock Frequency       :    250 MHz
SSD_0 present              :        Yes
SSD_1 present              :        Yes
KSB number                 :          0
Slice number               :          1
DDR4 capability            : ID_2, 16GB, VLP RDIMM w/ ECC, 1R, 16Gb x8 die, 2400 MT/s 
DDR4 calibration done      : 0x00000001  PASSED 
Unsupported Offset BAR3    : 0xFFFFFFFF  PASSED 
FPGA Version               : 0x00030006  PASSED 
DMA ch0 ctl. register      : 0x00008003  PASSED 
DMA ch1 ctl. register      : 0x00008013  PASSED 
DMA ch2 ctl. register      : 0x00008023  PASSED 
RP0 Link Status            : 0x70430000  PASSED 
Locating PCIe capabilities of SSD0 ...SSD0 Link Status           : 0x10430000  PASSED 
SSD0 Vendor/Dev ID         : 0xA808144D  PASSED  (Samsung)
RP1 Link Status            : 0x70430000  PASSED 
Locating PCIe capabilities of SSD1 ...SSD1 Link Status           : 0x10430000  PASSED 
SSD1 Vendor/Dev ID         : 0xA808144D  PASSED  (Samsung)
Global Fatal Interrupt     : 0x00000000  PASSED 
Global Non Fatal Interrupt : 0x00000000  PASSED 
  ____                 _
 |  _ \ __ _ ___ ___  | |
 | |_) / _` / __/ __| | |
 |  __/ (_| \__ \__ \ |_|
 |_|   \__,_|___/___/ (_)


=======================================================
Running fpga-test on c1:00.0
=======================================================

Device Type                : Kalidah
EP Link Status             : Gen3 x8     PASSED 
GIT Hash                   : 0x0FAA0CFE
Device DNA                 : 0x400200000155AC694CA0A0C5
Core Clock Frequency       :    250 MHz
SSD_0 present              :        Yes
SSD_1 present              :        Yes
KSB number                 :          0
Slice number               :          0
Temperature Master  Sysmon :      35.84  Cel
Temperature Slave 0 Sysmon :      36.32  Cel
Temperature Slave 1 Sysmon :      34.82  Cel
DDR4 capability            : ID_2, 16GB, VLP RDIMM w/ ECC, 1R, 16Gb x8 die, 2400 MT/s 
DDR4 calibration done      : 0x00000001  PASSED 
Unsupported Offset BAR3    : 0xFFFFFFFF  PASSED 
FPGA Version               : 0x00030006  PASSED 
DMA ch0 ctl. register      : 0x00008003  PASSED 
DMA ch1 ctl. register      : 0x00008013  PASSED 
DMA ch2 ctl. register      : 0x00008023  PASSED 
RP0 Link Status            : 0x70430000  PASSED 
Locating PCIe capabilities of SSD0 ...SSD0 Link Status           : 0x10430000  PASSED 
SSD0 Vendor/Dev ID         : 0xA808144D  PASSED  (Samsung)
RP1 Link Status            : 0x70430000  PASSED 
Locating PCIe capabilities of SSD1 ...SSD1 Link Status           : 0x10430000  PASSED 
SSD1 Vendor/Dev ID         : 0xA808144D  PASSED  (Samsung)
Global Fatal Interrupt     : 0x00000000  PASSED 
Global Non Fatal Interrupt : 0x00000000  PASSED 
  ____                 _
 |  _ \ __ _ ___ ___  | |
 | |_) / _` / __/ __| | |
 |  __/ (_| \__ \__ \ |_|
 |_|   \__,_|___/___/ (_)


*****************************
*  CPU/Memory Stress cycle2 *
*****************************
============================
=        Stress Log        =
============================
2022/01/27-12:11:16(GMT) Log: Commandline - ./stressapptest -m 32 -C 32 -l /root/TinmanBI/STRESS.log -s 2400
2022/01/27-12:11:16(GMT) Stats: SAT revision 1.0.7_autoconf, 64 bit binary
2022/01/27-12:11:16(GMT) Log: root @ localhost.localdomain on Tue Sep 19 03:28:47 CST 2017 from open source release
2022/01/27-12:11:16(GMT) Log: 1 nodes, 128 cpus.
2022/01/27-12:11:16(GMT) Log: Total 515817 MB. Free 509993 MB. Hugepages 0 MB. Targeting 489834 MB (94%)
2022/01/27-12:11:16(GMT) Log: Prefer plain malloc memory allocation.
2022/01/27-12:11:16(GMT) Log: Using mmap() allocation at 0x7f6836e19000.
2022/01/27-12:11:16(GMT) Stats: Starting SAT, 489834M, 2400 seconds
2022/01/27-12:11:53(GMT) Log: Region mask: 0x1
2022/01/27-12:12:03(GMT) Log: Seconds remaining: 2390
2022/01/27-12:12:13(GMT) Log: Seconds remaining: 2380
2022/01/27-12:12:23(GMT) Log: Seconds remaining: 2370
2022/01/27-12:12:33(GMT) Log: Seconds remaining: 2360
2022/01/27-12:12:43(GMT) Log: Seconds remaining: 2350
2022/01/27-12:12:53(GMT) Log: Seconds remaining: 2340
2022/01/27-12:13:03(GMT) Log: Seconds remaining: 2330
2022/01/27-12:13:13(GMT) Log: Seconds remaining: 2320
2022/01/27-12:13:23(GMT) Log: Seconds remaining: 2310
2022/01/27-12:13:33(GMT) Log: Seconds remaining: 2300
2022/01/27-12:13:43(GMT) Log: Seconds remaining: 2290
2022/01/27-12:13:53(GMT) Log: Seconds remaining: 2280
2022/01/27-12:14:03(GMT) Log: Seconds remaining: 2270
2022/01/27-12:14:13(GMT) Log: Seconds remaining: 2260
2022/01/27-12:14:23(GMT) Log: Seconds remaining: 2250
2022/01/27-12:14:33(GMT) Log: Seconds remaining: 2240
2022/01/27-12:14:43(GMT) Log: Seconds remaining: 2230
2022/01/27-12:14:53(GMT) Log: Seconds remaining: 2220
2022/01/27-12:15:03(GMT) Log: Seconds remaining: 2210
2022/01/27-12:15:13(GMT) Log: Seconds remaining: 2200
2022/01/27-12:15:23(GMT) Log: Seconds remaining: 2190
2022/01/27-12:15:33(GMT) Log: Seconds remaining: 2180
2022/01/27-12:15:43(GMT) Log: Seconds remaining: 2170
2022/01/27-12:15:53(GMT) Log: Seconds remaining: 2160
2022/01/27-12:16:03(GMT) Log: Seconds remaining: 2150
2022/01/27-12:16:13(GMT) Log: Seconds remaining: 2140
2022/01/27-12:16:23(GMT) Log: Seconds remaining: 2130
2022/01/27-12:16:33(GMT) Log: Seconds remaining: 2120
2022/01/27-12:16:43(GMT) Log: Seconds remaining: 2110
2022/01/27-12:16:53(GMT) Log: Seconds remaining: 2100
2022/01/27-12:17:03(GMT) Log: Seconds remaining: 2090
2022/01/27-12:17:13(GMT) Log: Seconds remaining: 2080
2022/01/27-12:17:23(GMT) Log: Seconds remaining: 2070
2022/01/27-12:17:33(GMT) Log: Seconds remaining: 2060
2022/01/27-12:17:43(GMT) Log: Seconds remaining: 2050
2022/01/27-12:17:53(GMT) Log: Seconds remaining: 2040
2022/01/27-12:18:03(GMT) Log: Seconds remaining: 2030
2022/01/27-12:18:13(GMT) Log: Seconds remaining: 2020
2022/01/27-12:18:23(GMT) Log: Seconds remaining: 2010
2022/01/27-12:18:33(GMT) Log: Seconds remaining: 2000
2022/01/27-12:18:43(GMT) Log: Seconds remaining: 1990
2022/01/27-12:18:53(GMT) Log: Seconds remaining: 1980
2022/01/27-12:19:03(GMT) Log: Seconds remaining: 1970
2022/01/27-12:19:13(GMT) Log: Seconds remaining: 1960
2022/01/27-12:19:23(GMT) Log: Seconds remaining: 1950
2022/01/27-12:19:33(GMT) Log: Seconds remaining: 1940
2022/01/27-12:19:43(GMT) Log: Seconds remaining: 1930
2022/01/27-12:19:53(GMT) Log: Seconds remaining: 1920
2022/01/27-12:20:03(GMT) Log: Seconds remaining: 1910
2022/01/27-12:20:13(GMT) Log: Seconds remaining: 1900
2022/01/27-12:20:23(GMT) Log: Seconds remaining: 1890
2022/01/27-12:20:33(GMT) Log: Seconds remaining: 1880
2022/01/27-12:20:43(GMT) Log: Seconds remaining: 1870
2022/01/27-12:20:53(GMT) Log: Seconds remaining: 1860
2022/01/27-12:21:03(GMT) Log: Seconds remaining: 1850
2022/01/27-12:21:13(GMT) Log: Seconds remaining: 1840
2022/01/27-12:21:23(GMT) Log: Seconds remaining: 1830
2022/01/27-12:21:33(GMT) Log: Seconds remaining: 1820
2022/01/27-12:21:43(GMT) Log: Seconds remaining: 1810
2022/01/27-12:21:53(GMT) Log: Seconds remaining: 1800
2022/01/27-12:21:53(GMT) Log: Pausing worker threads in preparation for power spike (1800 seconds remaining)
2022/01/27-12:22:03(GMT) Log: Seconds remaining: 1790
2022/01/27-12:22:08(GMT) Log: Resuming worker threads to cause a power spike (1785 seconds remaining)
2022/01/27-12:22:13(GMT) Log: Seconds remaining: 1780
2022/01/27-12:22:23(GMT) Log: Seconds remaining: 1770
2022/01/27-12:22:33(GMT) Log: Seconds remaining: 1760
2022/01/27-12:22:43(GMT) Log: Seconds remaining: 1750
2022/01/27-12:22:53(GMT) Log: Seconds remaining: 1740
2022/01/27-12:23:03(GMT) Log: Seconds remaining: 1730
2022/01/27-12:23:13(GMT) Log: Seconds remaining: 1720
2022/01/27-12:23:23(GMT) Log: Seconds remaining: 1710
2022/01/27-12:23:33(GMT) Log: Seconds remaining: 1700
2022/01/27-12:23:43(GMT) Log: Seconds remaining: 1690
2022/01/27-12:23:53(GMT) Log: Seconds remaining: 1680
2022/01/27-12:24:03(GMT) Log: Seconds remaining: 1670
2022/01/27-12:24:13(GMT) Log: Seconds remaining: 1660
2022/01/27-12:24:23(GMT) Log: Seconds remaining: 1650
2022/01/27-12:24:33(GMT) Log: Seconds remaining: 1640
2022/01/27-12:24:43(GMT) Log: Seconds remaining: 1630
2022/01/27-12:24:53(GMT) Log: Seconds remaining: 1620
2022/01/27-12:25:03(GMT) Log: Seconds remaining: 1610
2022/01/27-12:25:13(GMT) Log: Seconds remaining: 1600
2022/01/27-12:25:23(GMT) Log: Seconds remaining: 1590
2022/01/27-12:25:33(GMT) Log: Seconds remaining: 1580
2022/01/27-12:25:43(GMT) Log: Seconds remaining: 1570
2022/01/27-12:25:53(GMT) Log: Seconds remaining: 1560
2022/01/27-12:26:03(GMT) Log: Seconds remaining: 1550
2022/01/27-12:26:13(GMT) Log: Seconds remaining: 1540
2022/01/27-12:26:23(GMT) Log: Seconds remaining: 1530
2022/01/27-12:26:33(GMT) Log: Seconds remaining: 1520
2022/01/27-12:26:43(GMT) Log: Seconds remaining: 1510
2022/01/27-12:26:53(GMT) Log: Seconds remaining: 1500
2022/01/27-12:27:03(GMT) Log: Seconds remaining: 1490
2022/01/27-12:27:13(GMT) Log: Seconds remaining: 1480
2022/01/27-12:27:23(GMT) Log: Seconds remaining: 1470
2022/01/27-12:27:33(GMT) Log: Seconds remaining: 1460
2022/01/27-12:27:43(GMT) Log: Seconds remaining: 1450
2022/01/27-12:27:53(GMT) Log: Seconds remaining: 1440
2022/01/27-12:28:03(GMT) Log: Seconds remaining: 1430
2022/01/27-12:28:13(GMT) Log: Seconds remaining: 1420
2022/01/27-12:28:23(GMT) Log: Seconds remaining: 1410
2022/01/27-12:28:33(GMT) Log: Seconds remaining: 1400
2022/01/27-12:28:43(GMT) Log: Seconds remaining: 1390
2022/01/27-12:28:53(GMT) Log: Seconds remaining: 1380
2022/01/27-12:29:03(GMT) Log: Seconds remaining: 1370
2022/01/27-12:29:13(GMT) Log: Seconds remaining: 1360
2022/01/27-12:29:23(GMT) Log: Seconds remaining: 1350
2022/01/27-12:29:33(GMT) Log: Seconds remaining: 1340
2022/01/27-12:29:43(GMT) Log: Seconds remaining: 1330
2022/01/27-12:29:53(GMT) Log: Seconds remaining: 1320
2022/01/27-12:30:03(GMT) Log: Seconds remaining: 1310
2022/01/27-12:30:13(GMT) Log: Seconds remaining: 1300
2022/01/27-12:30:23(GMT) Log: Seconds remaining: 1290
2022/01/27-12:30:33(GMT) Log: Seconds remaining: 1280
2022/01/27-12:30:43(GMT) Log: Seconds remaining: 1270
2022/01/27-12:30:53(GMT) Log: Seconds remaining: 1260
2022/01/27-12:31:03(GMT) Log: Seconds remaining: 1250
2022/01/27-12:31:13(GMT) Log: Seconds remaining: 1240
2022/01/27-12:31:23(GMT) Log: Seconds remaining: 1230
2022/01/27-12:31:33(GMT) Log: Seconds remaining: 1220
2022/01/27-12:31:43(GMT) Log: Seconds remaining: 1210
2022/01/27-12:31:53(GMT) Log: Seconds remaining: 1200
2022/01/27-12:31:53(GMT) Log: Pausing worker threads in preparation for power spike (1200 seconds remaining)
2022/01/27-12:32:03(GMT) Log: Seconds remaining: 1190
2022/01/27-12:32:08(GMT) Log: Resuming worker threads to cause a power spike (1185 seconds remaining)
2022/01/27-12:32:13(GMT) Log: Seconds remaining: 1180
2022/01/27-12:32:23(GMT) Log: Seconds remaining: 1170
2022/01/27-12:32:33(GMT) Log: Seconds remaining: 1160
2022/01/27-12:32:43(GMT) Log: Seconds remaining: 1150
2022/01/27-12:32:53(GMT) Log: Seconds remaining: 1140
2022/01/27-12:33:03(GMT) Log: Seconds remaining: 1130
2022/01/27-12:33:13(GMT) Log: Seconds remaining: 1120
2022/01/27-12:33:23(GMT) Log: Seconds remaining: 1110
2022/01/27-12:33:33(GMT) Log: Seconds remaining: 1100
2022/01/27-12:33:43(GMT) Log: Seconds remaining: 1090
2022/01/27-12:33:53(GMT) Log: Seconds remaining: 1080
2022/01/27-12:34:03(GMT) Log: Seconds remaining: 1070
2022/01/27-12:34:13(GMT) Log: Seconds remaining: 1060
2022/01/27-12:34:23(GMT) Log: Seconds remaining: 1050
2022/01/27-12:34:33(GMT) Log: Seconds remaining: 1040
2022/01/27-12:34:43(GMT) Log: Seconds remaining: 1030
2022/01/27-12:34:53(GMT) Log: Seconds remaining: 1020
2022/01/27-12:35:03(GMT) Log: Seconds remaining: 1010
2022/01/27-12:35:13(GMT) Log: Seconds remaining: 1000
2022/01/27-12:35:23(GMT) Log: Seconds remaining: 990
2022/01/27-12:35:33(GMT) Log: Seconds remaining: 980
2022/01/27-12:35:43(GMT) Log: Seconds remaining: 970
2022/01/27-12:35:53(GMT) Log: Seconds remaining: 960
2022/01/27-12:36:03(GMT) Log: Seconds remaining: 950
2022/01/27-12:36:13(GMT) Log: Seconds remaining: 940
2022/01/27-12:36:23(GMT) Log: Seconds remaining: 930
2022/01/27-12:36:33(GMT) Log: Seconds remaining: 920
2022/01/27-12:36:43(GMT) Log: Seconds remaining: 910
2022/01/27-12:36:53(GMT) Log: Seconds remaining: 900
2022/01/27-12:37:03(GMT) Log: Seconds remaining: 890
2022/01/27-12:37:13(GMT) Log: Seconds remaining: 880
2022/01/27-12:37:23(GMT) Log: Seconds remaining: 870
2022/01/27-12:37:33(GMT) Log: Seconds remaining: 860
2022/01/27-12:37:43(GMT) Log: Seconds remaining: 850
2022/01/27-12:37:53(GMT) Log: Seconds remaining: 840
2022/01/27-12:38:03(GMT) Log: Seconds remaining: 830
2022/01/27-12:38:13(GMT) Log: Seconds remaining: 820
2022/01/27-12:38:23(GMT) Log: Seconds remaining: 810
2022/01/27-12:38:33(GMT) Log: Seconds remaining: 800
2022/01/27-12:38:43(GMT) Log: Seconds remaining: 790
2022/01/27-12:38:53(GMT) Log: Seconds remaining: 780
2022/01/27-12:39:03(GMT) Log: Seconds remaining: 770
2022/01/27-12:39:13(GMT) Log: Seconds remaining: 760
2022/01/27-12:39:23(GMT) Log: Seconds remaining: 750
2022/01/27-12:39:33(GMT) Log: Seconds remaining: 740
2022/01/27-12:39:43(GMT) Log: Seconds remaining: 730
2022/01/27-12:39:53(GMT) Log: Seconds remaining: 720
2022/01/27-12:40:03(GMT) Log: Seconds remaining: 710
2022/01/27-12:40:13(GMT) Log: Seconds remaining: 700
2022/01/27-12:40:23(GMT) Log: Seconds remaining: 690
2022/01/27-12:40:33(GMT) Log: Seconds remaining: 680
2022/01/27-12:40:43(GMT) Log: Seconds remaining: 670
2022/01/27-12:40:53(GMT) Log: Seconds remaining: 660
2022/01/27-12:41:03(GMT) Log: Seconds remaining: 650
2022/01/27-12:41:13(GMT) Log: Seconds remaining: 640
2022/01/27-12:41:23(GMT) Log: Seconds remaining: 630
2022/01/27-12:41:33(GMT) Log: Seconds remaining: 620
2022/01/27-12:41:43(GMT) Log: Seconds remaining: 610
2022/01/27-12:41:53(GMT) Log: Seconds remaining: 600
2022/01/27-12:41:53(GMT) Log: Pausing worker threads in preparation for power spike (600 seconds remaining)
2022/01/27-12:42:03(GMT) Log: Seconds remaining: 590
2022/01/27-12:42:08(GMT) Log: Resuming worker threads to cause a power spike (585 seconds remaining)
2022/01/27-12:42:13(GMT) Log: Seconds remaining: 580
2022/01/27-12:42:23(GMT) Log: Seconds remaining: 570
2022/01/27-12:42:33(GMT) Log: Seconds remaining: 560
2022/01/27-12:42:43(GMT) Log: Seconds remaining: 550
2022/01/27-12:42:53(GMT) Log: Seconds remaining: 540
2022/01/27-12:43:03(GMT) Log: Seconds remaining: 530
2022/01/27-12:43:13(GMT) Log: Seconds remaining: 520
2022/01/27-12:43:23(GMT) Log: Seconds remaining: 510
2022/01/27-12:43:33(GMT) Log: Seconds remaining: 500
2022/01/27-12:43:43(GMT) Log: Seconds remaining: 490
2022/01/27-12:43:53(GMT) Log: Seconds remaining: 480
2022/01/27-12:44:03(GMT) Log: Seconds remaining: 470
2022/01/27-12:44:13(GMT) Log: Seconds remaining: 460
2022/01/27-12:44:23(GMT) Log: Seconds remaining: 450
2022/01/27-12:44:33(GMT) Log: Seconds remaining: 440
2022/01/27-12:44:43(GMT) Log: Seconds remaining: 430
2022/01/27-12:44:53(GMT) Log: Seconds remaining: 420
2022/01/27-12:45:03(GMT) Log: Seconds remaining: 410
2022/01/27-12:45:13(GMT) Log: Seconds remaining: 400
2022/01/27-12:45:23(GMT) Log: Seconds remaining: 390
2022/01/27-12:45:33(GMT) Log: Seconds remaining: 380
2022/01/27-12:45:43(GMT) Log: Seconds remaining: 370
2022/01/27-12:45:53(GMT) Log: Seconds remaining: 360
2022/01/27-12:46:03(GMT) Log: Seconds remaining: 350
2022/01/27-12:46:13(GMT) Log: Seconds remaining: 340
2022/01/27-12:46:23(GMT) Log: Seconds remaining: 330
2022/01/27-12:46:33(GMT) Log: Seconds remaining: 320
2022/01/27-12:46:43(GMT) Log: Seconds remaining: 310
2022/01/27-12:46:53(GMT) Log: Seconds remaining: 300
2022/01/27-12:47:03(GMT) Log: Seconds remaining: 290
2022/01/27-12:47:13(GMT) Log: Seconds remaining: 280
2022/01/27-12:47:23(GMT) Log: Seconds remaining: 270
2022/01/27-12:47:33(GMT) Log: Seconds remaining: 260
2022/01/27-12:47:43(GMT) Log: Seconds remaining: 250
2022/01/27-12:47:53(GMT) Log: Seconds remaining: 240
2022/01/27-12:48:03(GMT) Log: Seconds remaining: 230
2022/01/27-12:48:13(GMT) Log: Seconds remaining: 220
2022/01/27-12:48:23(GMT) Log: Seconds remaining: 210
2022/01/27-12:48:33(GMT) Log: Seconds remaining: 200
2022/01/27-12:48:43(GMT) Log: Seconds remaining: 190
2022/01/27-12:48:53(GMT) Log: Seconds remaining: 180
2022/01/27-12:49:03(GMT) Log: Seconds remaining: 170
2022/01/27-12:49:13(GMT) Log: Seconds remaining: 160
2022/01/27-12:49:23(GMT) Log: Seconds remaining: 150
2022/01/27-12:49:33(GMT) Log: Seconds remaining: 140
2022/01/27-12:49:43(GMT) Log: Seconds remaining: 130
2022/01/27-12:49:53(GMT) Log: Seconds remaining: 120
2022/01/27-12:50:03(GMT) Log: Seconds remaining: 110
2022/01/27-12:50:13(GMT) Log: Seconds remaining: 100
2022/01/27-12:50:23(GMT) Log: Seconds remaining: 90
2022/01/27-12:50:33(GMT) Log: Seconds remaining: 80
2022/01/27-12:50:43(GMT) Log: Seconds remaining: 70
2022/01/27-12:50:53(GMT) Log: Seconds remaining: 60
2022/01/27-12:51:03(GMT) Log: Seconds remaining: 50
2022/01/27-12:51:13(GMT) Log: Seconds remaining: 40
2022/01/27-12:51:23(GMT) Log: Seconds remaining: 30
2022/01/27-12:51:33(GMT) Log: Seconds remaining: 20
2022/01/27-12:51:43(GMT) Log: Seconds remaining: 10
2022/01/27-12:51:58(GMT) Stats: Found 0 hardware incidents
2022/01/27-12:51:58(GMT) Stats: Completed: 195434112.00M in 2399.80s 81437.61MB/s, with 0 hardware incidents, 0 errors
2022/01/27-12:51:58(GMT) Stats: Memory Copy: 195434112.00M at 81461.31MB/s
2022/01/27-12:51:58(GMT) Stats: File Copy: 0.00M at 0.00MB/s
2022/01/27-12:51:58(GMT) Stats: Net Copy: 0.00M at 0.00MB/s
2022/01/27-12:51:58(GMT) Stats: Data Check: 0.00M at 0.00MB/s
2022/01/27-12:51:58(GMT) Stats: Invert Data: 0.00M at 0.00MB/s
2022/01/27-12:51:58(GMT) Stats: Disk: 0.00M at 0.00MB/s
2022/01/27-12:51:58(GMT) 
2022/01/27-12:51:58(GMT) Status: PASS - please verify no corrected errors
2022/01/27-12:51:58(GMT) 

============================
=          DMESG           =
============================
[ 6230.901518] perf: interrupt took too long (2531 > 2500), lowering kernel.perf_event_max_sample_rate to 79000
[ 6361.818155] perf: interrupt took too long (3224 > 3163), lowering kernel.perf_event_max_sample_rate to 62000
[ 6575.248837] perf: interrupt took too long (4031 > 4030), lowering kernel.perf_event_max_sample_rate to 49500
[ 6867.128423] perf: interrupt took too long (5040 > 5038), lowering kernel.perf_event_max_sample_rate to 39500

============================
=          BMC SEL         =
============================
=== No SEL logged ===


==============================================
=            Burn-In Test Cycle 3            =
==============================================
Test start time: 2022-01-27_12:52:25
***************************
*      KSB test cycle3    *
***************************
===== KSB Memory test PASS =====

=======================================================
Running fpga-test on 02:00.0
=======================================================

Device Type                : Kalidah
EP Link Status             : Gen3 x8     PASSED 
GIT Hash                   : 0x0FAA0CFE
Device DNA                 : 0x400200000155AC694C3062C5
Core Clock Frequency       :    250 MHz
SSD_0 present              :        Yes
SSD_1 present              :        Yes
KSB number                 :          1
Slice number               :          0
Temperature Master  Sysmon :      37.15  Cel
Temperature Slave 0 Sysmon :      35.94  Cel
Temperature Slave 1 Sysmon :      35.70  Cel
DDR4 capability            : ID_2, 16GB, VLP RDIMM w/ ECC, 1R, 16Gb x8 die, 2400 MT/s 
DDR4 calibration done      : 0x00000001  PASSED 
Unsupported Offset BAR3    : 0xFFFFFFFF  PASSED 
FPGA Version               : 0x00030006  PASSED 
DMA ch0 ctl. register      : 0x00008003  PASSED 
DMA ch1 ctl. register      : 0x00008013  PASSED 
DMA ch2 ctl. register      : 0x00008023  PASSED 
RP0 Link Status            : 0x70430000  PASSED 
Locating PCIe capabilities of SSD0 ...SSD0 Link Status           : 0x10430000  PASSED 
SSD0 Vendor/Dev ID         : 0xA808144D  PASSED  (Samsung)
RP1 Link Status            : 0x70430000  PASSED 
Locating PCIe capabilities of SSD1 ...SSD1 Link Status           : 0x10430000  PASSED 
SSD1 Vendor/Dev ID         : 0xA808144D  PASSED  (Samsung)
Global Fatal Interrupt     : 0x00000000  PASSED 
Global Non Fatal Interrupt : 0x00000000  PASSED 
  ____                 _
 |  _ \ __ _ ___ ___  | |
 | |_) / _` / __/ __| | |
 |  __/ (_| \__ \__ \ |_|
 |_|   \__,_|___/___/ (_)


=======================================================
Running fpga-test on 41:00.0
=======================================================

Device Type                : Kalidah
EP Link Status             : Gen3 x8     PASSED 
GIT Hash                   : 0x0FAA0CFE
Device DNA                 : 0x400200000155AC694C3062C5
Core Clock Frequency       :    250 MHz
SSD_0 present              :        Yes
SSD_1 present              :        Yes
KSB number                 :          1
Slice number               :          1
DDR4 capability            : ID_2, 16GB, VLP RDIMM w/ ECC, 1R, 16Gb x8 die, 2400 MT/s 
DDR4 calibration done      : 0x00000001  PASSED 
Unsupported Offset BAR3    : 0xFFFFFFFF  PASSED 
FPGA Version               : 0x00030006  PASSED 
DMA ch0 ctl. register      : 0x00008003  PASSED 
DMA ch1 ctl. register      : 0x00008013  PASSED 
DMA ch2 ctl. register      : 0x00008023  PASSED 
RP0 Link Status            : 0x70430000  PASSED 
Locating PCIe capabilities of SSD0 ...SSD0 Link Status           : 0x10430000  PASSED 
SSD0 Vendor/Dev ID         : 0xA808144D  PASSED  (Samsung)
RP1 Link Status            : 0x70430000  PASSED 
Locating PCIe capabilities of SSD1 ...SSD1 Link Status           : 0x10430000  PASSED 
SSD1 Vendor/Dev ID         : 0xA808144D  PASSED  (Samsung)
Global Fatal Interrupt     : 0x00000000  PASSED 
Global Non Fatal Interrupt : 0x00000000  PASSED 
  ____                 _
 |  _ \ __ _ ___ ___  | |
 | |_) / _` / __/ __| | |
 |  __/ (_| \__ \__ \ |_|
 |_|   \__,_|___/___/ (_)


=======================================================
Running fpga-test on 84:00.0
=======================================================

Device Type                : Kalidah
EP Link Status             : Gen3 x8     PASSED 
GIT Hash                   : 0x0FAA0CFE
Device DNA                 : 0x400200000155AC694CA0A0C5
Core Clock Frequency       :    250 MHz
SSD_0 present              :        Yes
SSD_1 present              :        Yes
KSB number                 :          0
Slice number               :          1
DDR4 capability            : ID_2, 16GB, VLP RDIMM w/ ECC, 1R, 16Gb x8 die, 2400 MT/s 
DDR4 calibration done      : 0x00000001  PASSED 
Unsupported Offset BAR3    : 0xFFFFFFFF  PASSED 
FPGA Version               : 0x00030006  PASSED 
DMA ch0 ctl. register      : 0x00008003  PASSED 
DMA ch1 ctl. register      : 0x00008013  PASSED 
DMA ch2 ctl. register      : 0x00008023  PASSED 
RP0 Link Status            : 0x70430000  PASSED 
Locating PCIe capabilities of SSD0 ...SSD0 Link Status           : 0x10430000  PASSED 
SSD0 Vendor/Dev ID         : 0xA808144D  PASSED  (Samsung)
RP1 Link Status            : 0x70430000  PASSED 
Locating PCIe capabilities of SSD1 ...SSD1 Link Status           : 0x10430000  PASSED 
SSD1 Vendor/Dev ID         : 0xA808144D  PASSED  (Samsung)
Global Fatal Interrupt     : 0x00000000  PASSED 
Global Non Fatal Interrupt : 0x00000000  PASSED 
  ____                 _
 |  _ \ __ _ ___ ___  | |
 | |_) / _` / __/ __| | |
 |  __/ (_| \__ \__ \ |_|
 |_|   \__,_|___/___/ (_)


=======================================================
Running fpga-test on c1:00.0
=======================================================

Device Type                : Kalidah
EP Link Status             : Gen3 x8     PASSED 
GIT Hash                   : 0x0FAA0CFE
Device DNA                 : 0x400200000155AC694CA0A0C5
Core Clock Frequency       :    250 MHz
SSD_0 present              :        Yes
SSD_1 present              :        Yes
KSB number                 :          0
Slice number               :          0
Temperature Master  Sysmon :      37.43  Cel
Temperature Slave 0 Sysmon :      37.17  Cel
Temperature Slave 1 Sysmon :      37.21  Cel
DDR4 capability            : ID_2, 16GB, VLP RDIMM w/ ECC, 1R, 16Gb x8 die, 2400 MT/s 
DDR4 calibration done      : 0x00000001  PASSED 
Unsupported Offset BAR3    : 0xFFFFFFFF  PASSED 
FPGA Version               : 0x00030006  PASSED 
DMA ch0 ctl. register      : 0x00008003  PASSED 
DMA ch1 ctl. register      : 0x00008013  PASSED 
DMA ch2 ctl. register      : 0x00008023  PASSED 
RP0 Link Status            : 0x70430000  PASSED 
Locating PCIe capabilities of SSD0 ...SSD0 Link Status           : 0x10430000  PASSED 
SSD0 Vendor/Dev ID         : 0xA808144D  PASSED  (Samsung)
RP1 Link Status            : 0x70430000  PASSED 
Locating PCIe capabilities of SSD1 ...SSD1 Link Status           : 0x10430000  PASSED 
SSD1 Vendor/Dev ID         : 0xA808144D  PASSED  (Samsung)
Global Fatal Interrupt     : 0x00000000  PASSED 
Global Non Fatal Interrupt : 0x00000000  PASSED 
  ____                 _
 |  _ \ __ _ ___ ___  | |
 | |_) / _` / __/ __| | |
 |  __/ (_| \__ \__ \ |_|
 |_|   \__,_|___/___/ (_)


*****************************
*  CPU/Memory Stress cycle3 *
*****************************
============================
=        Stress Log        =
============================
2022/01/27-12:53:01(GMT) Log: Commandline - ./stressapptest -m 32 -C 32 -l /root/TinmanBI/STRESS.log -s 2400
2022/01/27-12:53:01(GMT) Stats: SAT revision 1.0.7_autoconf, 64 bit binary
2022/01/27-12:53:01(GMT) Log: root @ localhost.localdomain on Tue Sep 19 03:28:47 CST 2017 from open source release
2022/01/27-12:53:01(GMT) Log: 1 nodes, 128 cpus.
2022/01/27-12:53:01(GMT) Log: Total 515817 MB. Free 509996 MB. Hugepages 0 MB. Targeting 489834 MB (94%)
2022/01/27-12:53:01(GMT) Log: Prefer plain malloc memory allocation.
2022/01/27-12:53:01(GMT) Log: Using mmap() allocation at 0x7e926f53a000.
2022/01/27-12:53:01(GMT) Stats: Starting SAT, 489834M, 2400 seconds
2022/01/27-12:53:37(GMT) Log: Region mask: 0x1
2022/01/27-12:53:47(GMT) Log: Seconds remaining: 2390
2022/01/27-12:53:57(GMT) Log: Seconds remaining: 2380
2022/01/27-12:54:07(GMT) Log: Seconds remaining: 2370
2022/01/27-12:54:17(GMT) Log: Seconds remaining: 2360
2022/01/27-12:54:27(GMT) Log: Seconds remaining: 2350
2022/01/27-12:54:37(GMT) Log: Seconds remaining: 2340
2022/01/27-12:54:47(GMT) Log: Seconds remaining: 2330
2022/01/27-12:54:57(GMT) Log: Seconds remaining: 2320
2022/01/27-12:55:07(GMT) Log: Seconds remaining: 2310
2022/01/27-12:55:17(GMT) Log: Seconds remaining: 2300
2022/01/27-12:55:27(GMT) Log: Seconds remaining: 2290
2022/01/27-12:55:37(GMT) Log: Seconds remaining: 2280
2022/01/27-12:55:47(GMT) Log: Seconds remaining: 2270
2022/01/27-12:55:57(GMT) Log: Seconds remaining: 2260
2022/01/27-12:56:07(GMT) Log: Seconds remaining: 2250
2022/01/27-12:56:17(GMT) Log: Seconds remaining: 2240
2022/01/27-12:56:27(GMT) Log: Seconds remaining: 2230
2022/01/27-12:56:37(GMT) Log: Seconds remaining: 2220
2022/01/27-12:56:47(GMT) Log: Seconds remaining: 2210
2022/01/27-12:56:57(GMT) Log: Seconds remaining: 2200
2022/01/27-12:57:07(GMT) Log: Seconds remaining: 2190
2022/01/27-12:57:17(GMT) Log: Seconds remaining: 2180
2022/01/27-12:57:27(GMT) Log: Seconds remaining: 2170
2022/01/27-12:57:37(GMT) Log: Seconds remaining: 2160
2022/01/27-12:57:47(GMT) Log: Seconds remaining: 2150
2022/01/27-12:57:57(GMT) Log: Seconds remaining: 2140
2022/01/27-12:58:07(GMT) Log: Seconds remaining: 2130
2022/01/27-12:58:17(GMT) Log: Seconds remaining: 2120
2022/01/27-12:58:27(GMT) Log: Seconds remaining: 2110
2022/01/27-12:58:37(GMT) Log: Seconds remaining: 2100
2022/01/27-12:58:47(GMT) Log: Seconds remaining: 2090
2022/01/27-12:58:57(GMT) Log: Seconds remaining: 2080
2022/01/27-12:59:07(GMT) Log: Seconds remaining: 2070
2022/01/27-12:59:17(GMT) Log: Seconds remaining: 2060
2022/01/27-12:59:27(GMT) Log: Seconds remaining: 2050
2022/01/27-12:59:37(GMT) Log: Seconds remaining: 2040
2022/01/27-12:59:47(GMT) Log: Seconds remaining: 2030
2022/01/27-12:59:57(GMT) Log: Seconds remaining: 2020
2022/01/27-13:00:07(GMT) Log: Seconds remaining: 2010
2022/01/27-13:00:17(GMT) Log: Seconds remaining: 2000
2022/01/27-13:00:27(GMT) Log: Seconds remaining: 1990
2022/01/27-13:00:37(GMT) Log: Seconds remaining: 1980
2022/01/27-13:00:47(GMT) Log: Seconds remaining: 1970
2022/01/27-13:00:57(GMT) Log: Seconds remaining: 1960
2022/01/27-13:01:07(GMT) Log: Seconds remaining: 1950
2022/01/27-13:01:17(GMT) Log: Seconds remaining: 1940
2022/01/27-13:01:27(GMT) Log: Seconds remaining: 1930
2022/01/27-13:01:37(GMT) Log: Seconds remaining: 1920
2022/01/27-13:01:47(GMT) Log: Seconds remaining: 1910
2022/01/27-13:01:57(GMT) Log: Seconds remaining: 1900
2022/01/27-13:02:07(GMT) Log: Seconds remaining: 1890
2022/01/27-13:02:17(GMT) Log: Seconds remaining: 1880
2022/01/27-13:02:27(GMT) Log: Seconds remaining: 1870
2022/01/27-13:02:37(GMT) Log: Seconds remaining: 1860
2022/01/27-13:02:47(GMT) Log: Seconds remaining: 1850
2022/01/27-13:02:57(GMT) Log: Seconds remaining: 1840
2022/01/27-13:03:07(GMT) Log: Seconds remaining: 1830
2022/01/27-13:03:17(GMT) Log: Seconds remaining: 1820
2022/01/27-13:03:27(GMT) Log: Seconds remaining: 1810
2022/01/27-13:03:37(GMT) Log: Seconds remaining: 1800
2022/01/27-13:03:37(GMT) Log: Pausing worker threads in preparation for power spike (1800 seconds remaining)
2022/01/27-13:03:47(GMT) Log: Seconds remaining: 1790
2022/01/27-13:03:52(GMT) Log: Resuming worker threads to cause a power spike (1785 seconds remaining)
2022/01/27-13:03:57(GMT) Log: Seconds remaining: 1780
2022/01/27-13:04:07(GMT) Log: Seconds remaining: 1770
2022/01/27-13:04:17(GMT) Log: Seconds remaining: 1760
2022/01/27-13:04:27(GMT) Log: Seconds remaining: 1750
2022/01/27-13:04:37(GMT) Log: Seconds remaining: 1740
2022/01/27-13:04:47(GMT) Log: Seconds remaining: 1730
2022/01/27-13:04:57(GMT) Log: Seconds remaining: 1720
2022/01/27-13:05:07(GMT) Log: Seconds remaining: 1710
2022/01/27-13:05:17(GMT) Log: Seconds remaining: 1700
2022/01/27-13:05:27(GMT) Log: Seconds remaining: 1690
2022/01/27-13:05:37(GMT) Log: Seconds remaining: 1680
2022/01/27-13:05:47(GMT) Log: Seconds remaining: 1670
2022/01/27-13:05:57(GMT) Log: Seconds remaining: 1660
2022/01/27-13:06:07(GMT) Log: Seconds remaining: 1650
2022/01/27-13:06:17(GMT) Log: Seconds remaining: 1640
2022/01/27-13:06:27(GMT) Log: Seconds remaining: 1630
2022/01/27-13:06:37(GMT) Log: Seconds remaining: 1620
2022/01/27-13:06:47(GMT) Log: Seconds remaining: 1610
2022/01/27-13:06:57(GMT) Log: Seconds remaining: 1600
2022/01/27-13:07:07(GMT) Log: Seconds remaining: 1590
2022/01/27-13:07:17(GMT) Log: Seconds remaining: 1580
2022/01/27-13:07:27(GMT) Log: Seconds remaining: 1570
2022/01/27-13:07:37(GMT) Log: Seconds remaining: 1560
2022/01/27-13:07:47(GMT) Log: Seconds remaining: 1550
2022/01/27-13:07:57(GMT) Log: Seconds remaining: 1540
2022/01/27-13:08:07(GMT) Log: Seconds remaining: 1530
2022/01/27-13:08:17(GMT) Log: Seconds remaining: 1520
2022/01/27-13:08:27(GMT) Log: Seconds remaining: 1510
2022/01/27-13:08:37(GMT) Log: Seconds remaining: 1500
2022/01/27-13:08:47(GMT) Log: Seconds remaining: 1490
2022/01/27-13:08:57(GMT) Log: Seconds remaining: 1480
2022/01/27-13:09:07(GMT) Log: Seconds remaining: 1470
2022/01/27-13:09:17(GMT) Log: Seconds remaining: 1460
2022/01/27-13:09:27(GMT) Log: Seconds remaining: 1450
2022/01/27-13:09:37(GMT) Log: Seconds remaining: 1440
2022/01/27-13:09:47(GMT) Log: Seconds remaining: 1430
2022/01/27-13:09:57(GMT) Log: Seconds remaining: 1420
2022/01/27-13:10:07(GMT) Log: Seconds remaining: 1410
2022/01/27-13:10:17(GMT) Log: Seconds remaining: 1400
2022/01/27-13:10:27(GMT) Log: Seconds remaining: 1390
2022/01/27-13:10:37(GMT) Log: Seconds remaining: 1380
2022/01/27-13:10:47(GMT) Log: Seconds remaining: 1370
2022/01/27-13:10:57(GMT) Log: Seconds remaining: 1360
2022/01/27-13:11:07(GMT) Log: Seconds remaining: 1350
2022/01/27-13:11:17(GMT) Log: Seconds remaining: 1340
2022/01/27-13:11:27(GMT) Log: Seconds remaining: 1330
2022/01/27-13:11:37(GMT) Log: Seconds remaining: 1320
2022/01/27-13:11:47(GMT) Log: Seconds remaining: 1310
2022/01/27-13:11:57(GMT) Log: Seconds remaining: 1300
2022/01/27-13:12:07(GMT) Log: Seconds remaining: 1290
2022/01/27-13:12:17(GMT) Log: Seconds remaining: 1280
2022/01/27-13:12:27(GMT) Log: Seconds remaining: 1270
2022/01/27-13:12:37(GMT) Log: Seconds remaining: 1260
2022/01/27-13:12:47(GMT) Log: Seconds remaining: 1250
2022/01/27-13:12:57(GMT) Log: Seconds remaining: 1240
2022/01/27-13:13:07(GMT) Log: Seconds remaining: 1230
2022/01/27-13:13:17(GMT) Log: Seconds remaining: 1220
2022/01/27-13:13:27(GMT) Log: Seconds remaining: 1210
2022/01/27-13:13:37(GMT) Log: Seconds remaining: 1200
2022/01/27-13:13:37(GMT) Log: Pausing worker threads in preparation for power spike (1200 seconds remaining)
2022/01/27-13:13:47(GMT) Log: Seconds remaining: 1190
2022/01/27-13:13:52(GMT) Log: Resuming worker threads to cause a power spike (1185 seconds remaining)
2022/01/27-13:13:57(GMT) Log: Seconds remaining: 1180
2022/01/27-13:14:07(GMT) Log: Seconds remaining: 1170
2022/01/27-13:14:17(GMT) Log: Seconds remaining: 1160
2022/01/27-13:14:27(GMT) Log: Seconds remaining: 1150
2022/01/27-13:14:37(GMT) Log: Seconds remaining: 1140
2022/01/27-13:14:47(GMT) Log: Seconds remaining: 1130
2022/01/27-13:14:57(GMT) Log: Seconds remaining: 1120
2022/01/27-13:15:07(GMT) Log: Seconds remaining: 1110
2022/01/27-13:15:17(GMT) Log: Seconds remaining: 1100
2022/01/27-13:15:27(GMT) Log: Seconds remaining: 1090
2022/01/27-13:15:37(GMT) Log: Seconds remaining: 1080
2022/01/27-13:15:47(GMT) Log: Seconds remaining: 1070
2022/01/27-13:15:57(GMT) Log: Seconds remaining: 1060
2022/01/27-13:16:07(GMT) Log: Seconds remaining: 1050
2022/01/27-13:16:17(GMT) Log: Seconds remaining: 1040
2022/01/27-13:16:27(GMT) Log: Seconds remaining: 1030
2022/01/27-13:16:37(GMT) Log: Seconds remaining: 1020
2022/01/27-13:16:47(GMT) Log: Seconds remaining: 1010
2022/01/27-13:16:57(GMT) Log: Seconds remaining: 1000
2022/01/27-13:17:07(GMT) Log: Seconds remaining: 990
2022/01/27-13:17:17(GMT) Log: Seconds remaining: 980
2022/01/27-13:17:27(GMT) Log: Seconds remaining: 970
2022/01/27-13:17:37(GMT) Log: Seconds remaining: 960
2022/01/27-13:17:47(GMT) Log: Seconds remaining: 950
2022/01/27-13:17:57(GMT) Log: Seconds remaining: 940
2022/01/27-13:18:07(GMT) Log: Seconds remaining: 930
2022/01/27-13:18:17(GMT) Log: Seconds remaining: 920
2022/01/27-13:18:27(GMT) Log: Seconds remaining: 910
2022/01/27-13:18:37(GMT) Log: Seconds remaining: 900
2022/01/27-13:18:47(GMT) Log: Seconds remaining: 890
2022/01/27-13:18:57(GMT) Log: Seconds remaining: 880
2022/01/27-13:19:07(GMT) Log: Seconds remaining: 870
2022/01/27-13:19:17(GMT) Log: Seconds remaining: 860
2022/01/27-13:19:27(GMT) Log: Seconds remaining: 850
2022/01/27-13:19:37(GMT) Log: Seconds remaining: 840
2022/01/27-13:19:47(GMT) Log: Seconds remaining: 830
2022/01/27-13:19:57(GMT) Log: Seconds remaining: 820
2022/01/27-13:20:07(GMT) Log: Seconds remaining: 810
2022/01/27-13:20:17(GMT) Log: Seconds remaining: 800
2022/01/27-13:20:27(GMT) Log: Seconds remaining: 790
2022/01/27-13:20:37(GMT) Log: Seconds remaining: 780
2022/01/27-13:20:47(GMT) Log: Seconds remaining: 770
2022/01/27-13:20:57(GMT) Log: Seconds remaining: 760
2022/01/27-13:21:07(GMT) Log: Seconds remaining: 750
2022/01/27-13:21:17(GMT) Log: Seconds remaining: 740
2022/01/27-13:21:27(GMT) Log: Seconds remaining: 730
2022/01/27-13:21:37(GMT) Log: Seconds remaining: 720
2022/01/27-13:21:47(GMT) Log: Seconds remaining: 710
2022/01/27-13:21:57(GMT) Log: Seconds remaining: 700
2022/01/27-13:22:07(GMT) Log: Seconds remaining: 690
2022/01/27-13:22:17(GMT) Log: Seconds remaining: 680
2022/01/27-13:22:27(GMT) Log: Seconds remaining: 670
2022/01/27-13:22:37(GMT) Log: Seconds remaining: 660
2022/01/27-13:22:47(GMT) Log: Seconds remaining: 650
2022/01/27-13:22:57(GMT) Log: Seconds remaining: 640
2022/01/27-13:23:07(GMT) Log: Seconds remaining: 630
2022/01/27-13:23:17(GMT) Log: Seconds remaining: 620
2022/01/27-13:23:27(GMT) Log: Seconds remaining: 610
2022/01/27-13:23:37(GMT) Log: Seconds remaining: 600
2022/01/27-13:23:37(GMT) Log: Pausing worker threads in preparation for power spike (600 seconds remaining)
2022/01/27-13:23:47(GMT) Log: Seconds remaining: 590
2022/01/27-13:23:52(GMT) Log: Resuming worker threads to cause a power spike (585 seconds remaining)
2022/01/27-13:23:57(GMT) Log: Seconds remaining: 580
2022/01/27-13:24:07(GMT) Log: Seconds remaining: 570
2022/01/27-13:24:17(GMT) Log: Seconds remaining: 560
2022/01/27-13:24:27(GMT) Log: Seconds remaining: 550
2022/01/27-13:24:37(GMT) Log: Seconds remaining: 540
2022/01/27-13:24:47(GMT) Log: Seconds remaining: 530
2022/01/27-13:24:57(GMT) Log: Seconds remaining: 520
2022/01/27-13:25:07(GMT) Log: Seconds remaining: 510
2022/01/27-13:25:17(GMT) Log: Seconds remaining: 500
2022/01/27-13:25:27(GMT) Log: Seconds remaining: 490
2022/01/27-13:25:37(GMT) Log: Seconds remaining: 480
2022/01/27-13:25:47(GMT) Log: Seconds remaining: 470
2022/01/27-13:25:57(GMT) Log: Seconds remaining: 460
2022/01/27-13:26:07(GMT) Log: Seconds remaining: 450
2022/01/27-13:26:17(GMT) Log: Seconds remaining: 440
2022/01/27-13:26:27(GMT) Log: Seconds remaining: 430
2022/01/27-13:26:37(GMT) Log: Seconds remaining: 420
2022/01/27-13:26:47(GMT) Log: Seconds remaining: 410
2022/01/27-13:26:57(GMT) Log: Seconds remaining: 400
2022/01/27-13:27:07(GMT) Log: Seconds remaining: 390
2022/01/27-13:27:17(GMT) Log: Seconds remaining: 380
2022/01/27-13:27:27(GMT) Log: Seconds remaining: 370
2022/01/27-13:27:37(GMT) Log: Seconds remaining: 360
2022/01/27-13:27:47(GMT) Log: Seconds remaining: 350
2022/01/27-13:27:57(GMT) Log: Seconds remaining: 340
2022/01/27-13:28:07(GMT) Log: Seconds remaining: 330
2022/01/27-13:28:17(GMT) Log: Seconds remaining: 320
2022/01/27-13:28:27(GMT) Log: Seconds remaining: 310
2022/01/27-13:28:37(GMT) Log: Seconds remaining: 300
2022/01/27-13:28:47(GMT) Log: Seconds remaining: 290
2022/01/27-13:28:57(GMT) Log: Seconds remaining: 280
2022/01/27-13:29:07(GMT) Log: Seconds remaining: 270
2022/01/27-13:29:17(GMT) Log: Seconds remaining: 260
2022/01/27-13:29:27(GMT) Log: Seconds remaining: 250
2022/01/27-13:29:37(GMT) Log: Seconds remaining: 240
2022/01/27-13:29:47(GMT) Log: Seconds remaining: 230
2022/01/27-13:29:57(GMT) Log: Seconds remaining: 220
2022/01/27-13:30:07(GMT) Log: Seconds remaining: 210
2022/01/27-13:30:17(GMT) Log: Seconds remaining: 200
2022/01/27-13:30:27(GMT) Log: Seconds remaining: 190
2022/01/27-13:30:37(GMT) Log: Seconds remaining: 180
2022/01/27-13:30:47(GMT) Log: Seconds remaining: 170
2022/01/27-13:30:57(GMT) Log: Seconds remaining: 160
2022/01/27-13:31:07(GMT) Log: Seconds remaining: 150
2022/01/27-13:31:17(GMT) Log: Seconds remaining: 140
2022/01/27-13:31:27(GMT) Log: Seconds remaining: 130
2022/01/27-13:31:37(GMT) Log: Seconds remaining: 120
2022/01/27-13:31:47(GMT) Log: Seconds remaining: 110
2022/01/27-13:31:57(GMT) Log: Seconds remaining: 100
2022/01/27-13:32:07(GMT) Log: Seconds remaining: 90
2022/01/27-13:32:17(GMT) Log: Seconds remaining: 80
2022/01/27-13:32:27(GMT) Log: Seconds remaining: 70
2022/01/27-13:32:37(GMT) Log: Seconds remaining: 60
2022/01/27-13:32:47(GMT) Log: Seconds remaining: 50
2022/01/27-13:32:57(GMT) Log: Seconds remaining: 40
2022/01/27-13:33:07(GMT) Log: Seconds remaining: 30
2022/01/27-13:33:17(GMT) Log: Seconds remaining: 20
2022/01/27-13:33:27(GMT) Log: Seconds remaining: 10
2022/01/27-13:33:44(GMT) Stats: Found 0 hardware incidents
2022/01/27-13:33:44(GMT) Stats: Completed: 194989376.00M in 2400.78s 81219.30MB/s, with 0 hardware incidents, 0 errors
2022/01/27-13:33:44(GMT) Stats: Memory Copy: 194989376.00M at 81242.90MB/s
2022/01/27-13:33:44(GMT) Stats: File Copy: 0.00M at 0.00MB/s
2022/01/27-13:33:44(GMT) Stats: Net Copy: 0.00M at 0.00MB/s
2022/01/27-13:33:44(GMT) Stats: Data Check: 0.00M at 0.00MB/s
2022/01/27-13:33:44(GMT) Stats: Invert Data: 0.00M at 0.00MB/s
2022/01/27-13:33:44(GMT) Stats: Disk: 0.00M at 0.00MB/s
2022/01/27-13:33:44(GMT) 
2022/01/27-13:33:44(GMT) Status: PASS - please verify no corrected errors
2022/01/27-13:33:44(GMT) 

============================
=          DMESG           =
============================
[ 6230.901518] perf: interrupt took too long (2531 > 2500), lowering kernel.perf_event_max_sample_rate to 79000
[ 6361.818155] perf: interrupt took too long (3224 > 3163), lowering kernel.perf_event_max_sample_rate to 62000
[ 6575.248837] perf: interrupt took too long (4031 > 4030), lowering kernel.perf_event_max_sample_rate to 49500
[ 6867.128423] perf: interrupt took too long (5040 > 5038), lowering kernel.perf_event_max_sample_rate to 39500

============================
=          BMC SEL         =
============================
=== No SEL logged ===


==============================================
=            Burn-In Test Cycle 4            =
==============================================
Test start time: 2022-01-27_13:34:11
***************************
*      KSB test cycle4    *
***************************
===== KSB Memory test PASS =====

=======================================================
Running fpga-test on 02:00.0
=======================================================

Device Type                : Kalidah
EP Link Status             : Gen3 x8     PASSED 
GIT Hash                   : 0x0FAA0CFE
Device DNA                 : 0x400200000155AC694C3062C5
Core Clock Frequency       :    250 MHz
SSD_0 present              :        Yes
SSD_1 present              :        Yes
KSB number                 :          1
Slice number               :          0
Temperature Master  Sysmon :      35.92  Cel
Temperature Slave 0 Sysmon :      35.00  Cel
Temperature Slave 1 Sysmon :      34.01  Cel
DDR4 capability            : ID_2, 16GB, VLP RDIMM w/ ECC, 1R, 16Gb x8 die, 2400 MT/s 
DDR4 calibration done      : 0x00000001  PASSED 
Unsupported Offset BAR3    : 0xFFFFFFFF  PASSED 
FPGA Version               : 0x00030006  PASSED 
DMA ch0 ctl. register      : 0x00008003  PASSED 
DMA ch1 ctl. register      : 0x00008013  PASSED 
DMA ch2 ctl. register      : 0x00008023  PASSED 
RP0 Link Status            : 0x70430000  PASSED 
Locating PCIe capabilities of SSD0 ...SSD0 Link Status           : 0x10430000  PASSED 
SSD0 Vendor/Dev ID         : 0xA808144D  PASSED  (Samsung)
RP1 Link Status            : 0x70430000  PASSED 
Locating PCIe capabilities of SSD1 ...SSD1 Link Status           : 0x10430000  PASSED 
SSD1 Vendor/Dev ID         : 0xA808144D  PASSED  (Samsung)
Global Fatal Interrupt     : 0x00000000  PASSED 
Global Non Fatal Interrupt : 0x00000000  PASSED 
  ____                 _
 |  _ \ __ _ ___ ___  | |
 | |_) / _` / __/ __| | |
 |  __/ (_| \__ \__ \ |_|
 |_|   \__,_|___/___/ (_)


=======================================================
Running fpga-test on 41:00.0
=======================================================

Device Type                : Kalidah
EP Link Status             : Gen3 x8     PASSED 
GIT Hash                   : 0x0FAA0CFE
Device DNA                 : 0x400200000155AC694C3062C5
Core Clock Frequency       :    250 MHz
SSD_0 present              :        Yes
SSD_1 present              :        Yes
KSB number                 :          1
Slice number               :          1
DDR4 capability            : ID_2, 16GB, VLP RDIMM w/ ECC, 1R, 16Gb x8 die, 2400 MT/s 
DDR4 calibration done      : 0x00000001  PASSED 
Unsupported Offset BAR3    : 0xFFFFFFFF  PASSED 
FPGA Version               : 0x00030006  PASSED 
DMA ch0 ctl. register      : 0x00008003  PASSED 
DMA ch1 ctl. register      : 0x00008013  PASSED 
DMA ch2 ctl. register      : 0x00008023  PASSED 
RP0 Link Status            : 0x70430000  PASSED 
Locating PCIe capabilities of SSD0 ...SSD0 Link Status           : 0x10430000  PASSED 
SSD0 Vendor/Dev ID         : 0xA808144D  PASSED  (Samsung)
RP1 Link Status            : 0x70430000  PASSED 
Locating PCIe capabilities of SSD1 ...SSD1 Link Status           : 0x10430000  PASSED 
SSD1 Vendor/Dev ID         : 0xA808144D  PASSED  (Samsung)
Global Fatal Interrupt     : 0x00000000  PASSED 
Global Non Fatal Interrupt : 0x00000000  PASSED 
  ____                 _
 |  _ \ __ _ ___ ___  | |
 | |_) / _` / __/ __| | |
 |  __/ (_| \__ \__ \ |_|
 |_|   \__,_|___/___/ (_)


=======================================================
Running fpga-test on 84:00.0
=======================================================

Device Type                : Kalidah
EP Link Status             : Gen3 x8     PASSED 
GIT Hash                   : 0x0FAA0CFE
Device DNA                 : 0x400200000155AC694CA0A0C5
Core Clock Frequency       :    250 MHz
SSD_0 present              :        Yes
SSD_1 present              :        Yes
KSB number                 :          0
Slice number               :          1
DDR4 capability            : ID_2, 16GB, VLP RDIMM w/ ECC, 1R, 16Gb x8 die, 2400 MT/s 
DDR4 calibration done      : 0x00000001  PASSED 
Unsupported Offset BAR3    : 0xFFFFFFFF  PASSED 
FPGA Version               : 0x00030006  PASSED 
DMA ch0 ctl. register      : 0x00008003  PASSED 
DMA ch1 ctl. register      : 0x00008013  PASSED 
DMA ch2 ctl. register      : 0x00008023  PASSED 
RP0 Link Status            : 0x70430000  PASSED 
Locating PCIe capabilities of SSD0 ...SSD0 Link Status           : 0x10430000  PASSED 
SSD0 Vendor/Dev ID         : 0xA808144D  PASSED  (Samsung)
RP1 Link Status            : 0x70430000  PASSED 
Locating PCIe capabilities of SSD1 ...SSD1 Link Status           : 0x10430000  PASSED 
SSD1 Vendor/Dev ID         : 0xA808144D  PASSED  (Samsung)
Global Fatal Interrupt     : 0x00000000  PASSED 
Global Non Fatal Interrupt : 0x00000000  PASSED 
  ____                 _
 |  _ \ __ _ ___ ___  | |
 | |_) / _` / __/ __| | |
 |  __/ (_| \__ \__ \ |_|
 |_|   \__,_|___/___/ (_)


=======================================================
Running fpga-test on c1:00.0
=======================================================

Device Type                : Kalidah
EP Link Status             : Gen3 x8     PASSED 
GIT Hash                   : 0x0FAA0CFE
Device DNA                 : 0x400200000155AC694CA0A0C5
Core Clock Frequency       :    250 MHz
SSD_0 present              :        Yes
SSD_1 present              :        Yes
KSB number                 :          0
Slice number               :          0
Temperature Master  Sysmon :      35.54  Cel
Temperature Slave 0 Sysmon :      35.85  Cel
Temperature Slave 1 Sysmon :      35.15  Cel
DDR4 capability            : ID_2, 16GB, VLP RDIMM w/ ECC, 1R, 16Gb x8 die, 2400 MT/s 
DDR4 calibration done      : 0x00000001  PASSED 
Unsupported Offset BAR3    : 0xFFFFFFFF  PASSED 
FPGA Version               : 0x00030006  PASSED 
DMA ch0 ctl. register      : 0x00008003  PASSED 
DMA ch1 ctl. register      : 0x00008013  PASSED 
DMA ch2 ctl. register      : 0x00008023  PASSED 
RP0 Link Status            : 0x70430000  PASSED 
Locating PCIe capabilities of SSD0 ...SSD0 Link Status           : 0x10430000  PASSED 
SSD0 Vendor/Dev ID         : 0xA808144D  PASSED  (Samsung)
RP1 Link Status            : 0x70430000  PASSED 
Locating PCIe capabilities of SSD1 ...SSD1 Link Status           : 0x10430000  PASSED 
SSD1 Vendor/Dev ID         : 0xA808144D  PASSED  (Samsung)
Global Fatal Interrupt     : 0x00000000  PASSED 
Global Non Fatal Interrupt : 0x00000000  PASSED 
  ____                 _
 |  _ \ __ _ ___ ___  | |
 | |_) / _` / __/ __| | |
 |  __/ (_| \__ \__ \ |_|
 |_|   \__,_|___/___/ (_)


*****************************
*  CPU/Memory Stress cycle4 *
*****************************
============================
=        Stress Log        =
============================
2022/01/27-13:34:46(GMT) Log: Commandline - ./stressapptest -m 32 -C 32 -l /root/TinmanBI/STRESS.log -s 2400
2022/01/27-13:34:46(GMT) Stats: SAT revision 1.0.7_autoconf, 64 bit binary
2022/01/27-13:34:46(GMT) Log: root @ localhost.localdomain on Tue Sep 19 03:28:47 CST 2017 from open source release
2022/01/27-13:34:46(GMT) Log: 1 nodes, 128 cpus.
2022/01/27-13:34:46(GMT) Log: Total 515817 MB. Free 509989 MB. Hugepages 0 MB. Targeting 489834 MB (94%)
2022/01/27-13:34:46(GMT) Log: Prefer plain malloc memory allocation.
2022/01/27-13:34:46(GMT) Log: Using mmap() allocation at 0x7f05eca0c000.
2022/01/27-13:34:46(GMT) Stats: Starting SAT, 489834M, 2400 seconds
2022/01/27-13:35:22(GMT) Log: Region mask: 0x1
2022/01/27-13:35:32(GMT) Log: Seconds remaining: 2390
2022/01/27-13:35:42(GMT) Log: Seconds remaining: 2380
2022/01/27-13:35:52(GMT) Log: Seconds remaining: 2370
2022/01/27-13:36:02(GMT) Log: Seconds remaining: 2360
2022/01/27-13:36:12(GMT) Log: Seconds remaining: 2350
2022/01/27-13:36:22(GMT) Log: Seconds remaining: 2340
2022/01/27-13:36:32(GMT) Log: Seconds remaining: 2330
2022/01/27-13:36:42(GMT) Log: Seconds remaining: 2320
2022/01/27-13:36:52(GMT) Log: Seconds remaining: 2310
2022/01/27-13:37:02(GMT) Log: Seconds remaining: 2300
2022/01/27-13:37:12(GMT) Log: Seconds remaining: 2290
2022/01/27-13:37:22(GMT) Log: Seconds remaining: 2280
2022/01/27-13:37:32(GMT) Log: Seconds remaining: 2270
2022/01/27-13:37:42(GMT) Log: Seconds remaining: 2260
2022/01/27-13:37:52(GMT) Log: Seconds remaining: 2250
2022/01/27-13:38:02(GMT) Log: Seconds remaining: 2240
2022/01/27-13:38:12(GMT) Log: Seconds remaining: 2230
2022/01/27-13:38:22(GMT) Log: Seconds remaining: 2220
2022/01/27-13:38:32(GMT) Log: Seconds remaining: 2210
2022/01/27-13:38:42(GMT) Log: Seconds remaining: 2200
2022/01/27-13:38:52(GMT) Log: Seconds remaining: 2190
2022/01/27-13:39:02(GMT) Log: Seconds remaining: 2180
2022/01/27-13:39:12(GMT) Log: Seconds remaining: 2170
2022/01/27-13:39:22(GMT) Log: Seconds remaining: 2160
2022/01/27-13:39:32(GMT) Log: Seconds remaining: 2150
2022/01/27-13:39:42(GMT) Log: Seconds remaining: 2140
2022/01/27-13:39:52(GMT) Log: Seconds remaining: 2130
2022/01/27-13:40:02(GMT) Log: Seconds remaining: 2120
2022/01/27-13:40:12(GMT) Log: Seconds remaining: 2110
2022/01/27-13:40:22(GMT) Log: Seconds remaining: 2100
2022/01/27-13:40:32(GMT) Log: Seconds remaining: 2090
2022/01/27-13:40:42(GMT) Log: Seconds remaining: 2080
2022/01/27-13:40:52(GMT) Log: Seconds remaining: 2070
2022/01/27-13:41:02(GMT) Log: Seconds remaining: 2060
2022/01/27-13:41:12(GMT) Log: Seconds remaining: 2050
2022/01/27-13:41:22(GMT) Log: Seconds remaining: 2040
2022/01/27-13:41:32(GMT) Log: Seconds remaining: 2030
2022/01/27-13:41:42(GMT) Log: Seconds remaining: 2020
2022/01/27-13:41:52(GMT) Log: Seconds remaining: 2010
2022/01/27-13:42:02(GMT) Log: Seconds remaining: 2000
2022/01/27-13:42:12(GMT) Log: Seconds remaining: 1990
2022/01/27-13:42:22(GMT) Log: Seconds remaining: 1980
2022/01/27-13:42:32(GMT) Log: Seconds remaining: 1970
2022/01/27-13:42:42(GMT) Log: Seconds remaining: 1960
2022/01/27-13:42:52(GMT) Log: Seconds remaining: 1950
2022/01/27-13:43:02(GMT) Log: Seconds remaining: 1940
2022/01/27-13:43:12(GMT) Log: Seconds remaining: 1930
2022/01/27-13:43:22(GMT) Log: Seconds remaining: 1920
2022/01/27-13:43:32(GMT) Log: Seconds remaining: 1910
2022/01/27-13:43:42(GMT) Log: Seconds remaining: 1900
2022/01/27-13:43:52(GMT) Log: Seconds remaining: 1890
2022/01/27-13:44:02(GMT) Log: Seconds remaining: 1880
2022/01/27-13:44:12(GMT) Log: Seconds remaining: 1870
2022/01/27-13:44:22(GMT) Log: Seconds remaining: 1860
2022/01/27-13:44:32(GMT) Log: Seconds remaining: 1850
2022/01/27-13:44:42(GMT) Log: Seconds remaining: 1840
2022/01/27-13:44:52(GMT) Log: Seconds remaining: 1830
2022/01/27-13:45:02(GMT) Log: Seconds remaining: 1820
2022/01/27-13:45:12(GMT) Log: Seconds remaining: 1810
2022/01/27-13:45:22(GMT) Log: Seconds remaining: 1800
2022/01/27-13:45:22(GMT) Log: Pausing worker threads in preparation for power spike (1800 seconds remaining)
2022/01/27-13:45:32(GMT) Log: Seconds remaining: 1790
2022/01/27-13:45:37(GMT) Log: Resuming worker threads to cause a power spike (1785 seconds remaining)
2022/01/27-13:45:42(GMT) Log: Seconds remaining: 1780
2022/01/27-13:45:52(GMT) Log: Seconds remaining: 1770
2022/01/27-13:46:02(GMT) Log: Seconds remaining: 1760
2022/01/27-13:46:12(GMT) Log: Seconds remaining: 1750
2022/01/27-13:46:22(GMT) Log: Seconds remaining: 1740
2022/01/27-13:46:32(GMT) Log: Seconds remaining: 1730
2022/01/27-13:46:42(GMT) Log: Seconds remaining: 1720
2022/01/27-13:46:52(GMT) Log: Seconds remaining: 1710
2022/01/27-13:47:02(GMT) Log: Seconds remaining: 1700
2022/01/27-13:47:12(GMT) Log: Seconds remaining: 1690
2022/01/27-13:47:22(GMT) Log: Seconds remaining: 1680
2022/01/27-13:47:32(GMT) Log: Seconds remaining: 1670
2022/01/27-13:47:42(GMT) Log: Seconds remaining: 1660
2022/01/27-13:47:52(GMT) Log: Seconds remaining: 1650
2022/01/27-13:48:02(GMT) Log: Seconds remaining: 1640
2022/01/27-13:48:12(GMT) Log: Seconds remaining: 1630
2022/01/27-13:48:22(GMT) Log: Seconds remaining: 1620
2022/01/27-13:48:32(GMT) Log: Seconds remaining: 1610
2022/01/27-13:48:42(GMT) Log: Seconds remaining: 1600
2022/01/27-13:48:52(GMT) Log: Seconds remaining: 1590
2022/01/27-13:49:02(GMT) Log: Seconds remaining: 1580
2022/01/27-13:49:12(GMT) Log: Seconds remaining: 1570
2022/01/27-13:49:22(GMT) Log: Seconds remaining: 1560
2022/01/27-13:49:32(GMT) Log: Seconds remaining: 1550
2022/01/27-13:49:42(GMT) Log: Seconds remaining: 1540
2022/01/27-13:49:52(GMT) Log: Seconds remaining: 1530
2022/01/27-13:50:02(GMT) Log: Seconds remaining: 1520
2022/01/27-13:50:12(GMT) Log: Seconds remaining: 1510
2022/01/27-13:50:22(GMT) Log: Seconds remaining: 1500
2022/01/27-13:50:32(GMT) Log: Seconds remaining: 1490
2022/01/27-13:50:42(GMT) Log: Seconds remaining: 1480
2022/01/27-13:50:52(GMT) Log: Seconds remaining: 1470
2022/01/27-13:51:02(GMT) Log: Seconds remaining: 1460
2022/01/27-13:51:12(GMT) Log: Seconds remaining: 1450
2022/01/27-13:51:22(GMT) Log: Seconds remaining: 1440
2022/01/27-13:51:32(GMT) Log: Seconds remaining: 1430
2022/01/27-13:51:42(GMT) Log: Seconds remaining: 1420
2022/01/27-13:51:52(GMT) Log: Seconds remaining: 1410
2022/01/27-13:52:02(GMT) Log: Seconds remaining: 1400
2022/01/27-13:52:12(GMT) Log: Seconds remaining: 1390
2022/01/27-13:52:22(GMT) Log: Seconds remaining: 1380
2022/01/27-13:52:32(GMT) Log: Seconds remaining: 1370
2022/01/27-13:52:42(GMT) Log: Seconds remaining: 1360
2022/01/27-13:52:52(GMT) Log: Seconds remaining: 1350
2022/01/27-13:53:02(GMT) Log: Seconds remaining: 1340
2022/01/27-13:53:12(GMT) Log: Seconds remaining: 1330
2022/01/27-13:53:22(GMT) Log: Seconds remaining: 1320
2022/01/27-13:53:32(GMT) Log: Seconds remaining: 1310
2022/01/27-13:53:42(GMT) Log: Seconds remaining: 1300
2022/01/27-13:53:52(GMT) Log: Seconds remaining: 1290
2022/01/27-13:54:02(GMT) Log: Seconds remaining: 1280
2022/01/27-13:54:12(GMT) Log: Seconds remaining: 1270
2022/01/27-13:54:22(GMT) Log: Seconds remaining: 1260
2022/01/27-13:54:32(GMT) Log: Seconds remaining: 1250
2022/01/27-13:54:42(GMT) Log: Seconds remaining: 1240
2022/01/27-13:54:52(GMT) Log: Seconds remaining: 1230
2022/01/27-13:55:02(GMT) Log: Seconds remaining: 1220
2022/01/27-13:55:12(GMT) Log: Seconds remaining: 1210
2022/01/27-13:55:22(GMT) Log: Seconds remaining: 1200
2022/01/27-13:55:22(GMT) Log: Pausing worker threads in preparation for power spike (1200 seconds remaining)
2022/01/27-13:55:32(GMT) Log: Seconds remaining: 1190
2022/01/27-13:55:37(GMT) Log: Resuming worker threads to cause a power spike (1185 seconds remaining)
2022/01/27-13:55:42(GMT) Log: Seconds remaining: 1180
2022/01/27-13:55:52(GMT) Log: Seconds remaining: 1170
2022/01/27-13:56:02(GMT) Log: Seconds remaining: 1160
2022/01/27-13:56:12(GMT) Log: Seconds remaining: 1150
2022/01/27-13:56:22(GMT) Log: Seconds remaining: 1140
2022/01/27-13:56:32(GMT) Log: Seconds remaining: 1130
2022/01/27-13:56:42(GMT) Log: Seconds remaining: 1120
2022/01/27-13:56:52(GMT) Log: Seconds remaining: 1110
2022/01/27-13:57:02(GMT) Log: Seconds remaining: 1100
2022/01/27-13:57:12(GMT) Log: Seconds remaining: 1090
2022/01/27-13:57:22(GMT) Log: Seconds remaining: 1080
2022/01/27-13:57:32(GMT) Log: Seconds remaining: 1070
2022/01/27-13:57:42(GMT) Log: Seconds remaining: 1060
2022/01/27-13:57:52(GMT) Log: Seconds remaining: 1050
2022/01/27-13:58:02(GMT) Log: Seconds remaining: 1040
2022/01/27-13:58:12(GMT) Log: Seconds remaining: 1030
2022/01/27-13:58:22(GMT) Log: Seconds remaining: 1020
2022/01/27-13:58:32(GMT) Log: Seconds remaining: 1010
2022/01/27-13:58:42(GMT) Log: Seconds remaining: 1000
2022/01/27-13:58:52(GMT) Log: Seconds remaining: 990
2022/01/27-13:59:02(GMT) Log: Seconds remaining: 980
2022/01/27-13:59:12(GMT) Log: Seconds remaining: 970
2022/01/27-13:59:22(GMT) Log: Seconds remaining: 960
2022/01/27-13:59:32(GMT) Log: Seconds remaining: 950
2022/01/27-13:59:42(GMT) Log: Seconds remaining: 940
2022/01/27-13:59:52(GMT) Log: Seconds remaining: 930
2022/01/27-14:00:02(GMT) Log: Seconds remaining: 920
2022/01/27-14:00:12(GMT) Log: Seconds remaining: 910
2022/01/27-14:00:22(GMT) Log: Seconds remaining: 900
2022/01/27-14:00:32(GMT) Log: Seconds remaining: 890
2022/01/27-14:00:42(GMT) Log: Seconds remaining: 880
2022/01/27-14:00:52(GMT) Log: Seconds remaining: 870
2022/01/27-14:01:02(GMT) Log: Seconds remaining: 860
2022/01/27-14:01:12(GMT) Log: Seconds remaining: 850
2022/01/27-14:01:22(GMT) Log: Seconds remaining: 840
2022/01/27-14:01:32(GMT) Log: Seconds remaining: 830
2022/01/27-14:01:42(GMT) Log: Seconds remaining: 820
2022/01/27-14:01:52(GMT) Log: Seconds remaining: 810
2022/01/27-14:02:02(GMT) Log: Seconds remaining: 800
2022/01/27-14:02:12(GMT) Log: Seconds remaining: 790
2022/01/27-14:02:22(GMT) Log: Seconds remaining: 780
2022/01/27-14:02:32(GMT) Log: Seconds remaining: 770
2022/01/27-14:02:42(GMT) Log: Seconds remaining: 760
2022/01/27-14:02:52(GMT) Log: Seconds remaining: 750
2022/01/27-14:03:02(GMT) Log: Seconds remaining: 740
2022/01/27-14:03:12(GMT) Log: Seconds remaining: 730
2022/01/27-14:03:22(GMT) Log: Seconds remaining: 720
2022/01/27-14:03:32(GMT) Log: Seconds remaining: 710
2022/01/27-14:03:42(GMT) Log: Seconds remaining: 700
2022/01/27-14:03:52(GMT) Log: Seconds remaining: 690
2022/01/27-14:04:02(GMT) Log: Seconds remaining: 680
2022/01/27-14:04:12(GMT) Log: Seconds remaining: 670
2022/01/27-14:04:22(GMT) Log: Seconds remaining: 660
2022/01/27-14:04:32(GMT) Log: Seconds remaining: 650
2022/01/27-14:04:42(GMT) Log: Seconds remaining: 640
2022/01/27-14:04:52(GMT) Log: Seconds remaining: 630
2022/01/27-14:05:02(GMT) Log: Seconds remaining: 620
2022/01/27-14:05:12(GMT) Log: Seconds remaining: 610
2022/01/27-14:05:22(GMT) Log: Seconds remaining: 600
2022/01/27-14:05:22(GMT) Log: Pausing worker threads in preparation for power spike (600 seconds remaining)
2022/01/27-14:05:32(GMT) Log: Seconds remaining: 590
2022/01/27-14:05:37(GMT) Log: Resuming worker threads to cause a power spike (585 seconds remaining)
2022/01/27-14:05:42(GMT) Log: Seconds remaining: 580
2022/01/27-14:05:52(GMT) Log: Seconds remaining: 570
2022/01/27-14:06:02(GMT) Log: Seconds remaining: 560
2022/01/27-14:06:12(GMT) Log: Seconds remaining: 550
2022/01/27-14:06:22(GMT) Log: Seconds remaining: 540
2022/01/27-14:06:32(GMT) Log: Seconds remaining: 530
2022/01/27-14:06:42(GMT) Log: Seconds remaining: 520
2022/01/27-14:06:52(GMT) Log: Seconds remaining: 510
2022/01/27-14:07:02(GMT) Log: Seconds remaining: 500
2022/01/27-14:07:12(GMT) Log: Seconds remaining: 490
2022/01/27-14:07:22(GMT) Log: Seconds remaining: 480
2022/01/27-14:07:32(GMT) Log: Seconds remaining: 470
2022/01/27-14:07:42(GMT) Log: Seconds remaining: 460
2022/01/27-14:07:52(GMT) Log: Seconds remaining: 450
2022/01/27-14:08:02(GMT) Log: Seconds remaining: 440
2022/01/27-14:08:12(GMT) Log: Seconds remaining: 430
2022/01/27-14:08:22(GMT) Log: Seconds remaining: 420
2022/01/27-14:08:32(GMT) Log: Seconds remaining: 410
2022/01/27-14:08:42(GMT) Log: Seconds remaining: 400
2022/01/27-14:08:52(GMT) Log: Seconds remaining: 390
2022/01/27-14:09:02(GMT) Log: Seconds remaining: 380
2022/01/27-14:09:12(GMT) Log: Seconds remaining: 370
2022/01/27-14:09:22(GMT) Log: Seconds remaining: 360
2022/01/27-14:09:32(GMT) Log: Seconds remaining: 350
2022/01/27-14:09:42(GMT) Log: Seconds remaining: 340
2022/01/27-14:09:52(GMT) Log: Seconds remaining: 330
2022/01/27-14:10:02(GMT) Log: Seconds remaining: 320
2022/01/27-14:10:12(GMT) Log: Seconds remaining: 310
2022/01/27-14:10:22(GMT) Log: Seconds remaining: 300
2022/01/27-14:10:32(GMT) Log: Seconds remaining: 290
2022/01/27-14:10:42(GMT) Log: Seconds remaining: 280
2022/01/27-14:10:52(GMT) Log: Seconds remaining: 270
2022/01/27-14:11:02(GMT) Log: Seconds remaining: 260
2022/01/27-14:11:12(GMT) Log: Seconds remaining: 250
2022/01/27-14:11:22(GMT) Log: Seconds remaining: 240
2022/01/27-14:11:32(GMT) Log: Seconds remaining: 230
2022/01/27-14:11:42(GMT) Log: Seconds remaining: 220
2022/01/27-14:11:52(GMT) Log: Seconds remaining: 210
2022/01/27-14:12:02(GMT) Log: Seconds remaining: 200
2022/01/27-14:12:12(GMT) Log: Seconds remaining: 190
2022/01/27-14:12:22(GMT) Log: Seconds remaining: 180
2022/01/27-14:12:32(GMT) Log: Seconds remaining: 170
2022/01/27-14:12:42(GMT) Log: Seconds remaining: 160
2022/01/27-14:12:52(GMT) Log: Seconds remaining: 150
2022/01/27-14:13:02(GMT) Log: Seconds remaining: 140
2022/01/27-14:13:12(GMT) Log: Seconds remaining: 130
2022/01/27-14:13:22(GMT) Log: Seconds remaining: 120
2022/01/27-14:13:32(GMT) Log: Seconds remaining: 110
2022/01/27-14:13:42(GMT) Log: Seconds remaining: 100
2022/01/27-14:13:52(GMT) Log: Seconds remaining: 90
2022/01/27-14:14:02(GMT) Log: Seconds remaining: 80
2022/01/27-14:14:12(GMT) Log: Seconds remaining: 70
2022/01/27-14:14:22(GMT) Log: Seconds remaining: 60
2022/01/27-14:14:32(GMT) Log: Seconds remaining: 50
2022/01/27-14:14:42(GMT) Log: Seconds remaining: 40
2022/01/27-14:14:52(GMT) Log: Seconds remaining: 30
2022/01/27-14:15:02(GMT) Log: Seconds remaining: 20
2022/01/27-14:15:12(GMT) Log: Seconds remaining: 10
2022/01/27-14:15:28(GMT) Stats: Found 0 hardware incidents
2022/01/27-14:15:28(GMT) Stats: Completed: 194863952.00M in 2400.80s 81166.31MB/s, with 0 hardware incidents, 0 errors
2022/01/27-14:15:28(GMT) Stats: Memory Copy: 194863952.00M at 81190.68MB/s
2022/01/27-14:15:28(GMT) Stats: File Copy: 0.00M at 0.00MB/s
2022/01/27-14:15:28(GMT) Stats: Net Copy: 0.00M at 0.00MB/s
2022/01/27-14:15:28(GMT) Stats: Data Check: 0.00M at 0.00MB/s
2022/01/27-14:15:28(GMT) Stats: Invert Data: 0.00M at 0.00MB/s
2022/01/27-14:15:28(GMT) Stats: Disk: 0.00M at 0.00MB/s
2022/01/27-14:15:28(GMT) 
2022/01/27-14:15:28(GMT) Status: PASS - please verify no corrected errors
2022/01/27-14:15:28(GMT) 

============================
=          DMESG           =
============================
[ 6230.901518] perf: interrupt took too long (2531 > 2500), lowering kernel.perf_event_max_sample_rate to 79000
[ 6361.818155] perf: interrupt took too long (3224 > 3163), lowering kernel.perf_event_max_sample_rate to 62000
[ 6575.248837] perf: interrupt took too long (4031 > 4030), lowering kernel.perf_event_max_sample_rate to 49500
[ 6867.128423] perf: interrupt took too long (5040 > 5038), lowering kernel.perf_event_max_sample_rate to 39500

============================
=          BMC SEL         =
============================
=== No SEL logged ===


