      _____ _                              ____ ____       
     |_   _(_)_ __  _ __ ___   __ _ _ __  / ___|___ \      
       | | | | '_ \| '_ ` _ \ / _` | '_ \| |  _  __) |    
       | | | | | | | | | | | | (_| | | | | |_| |/ __/      
       |_| |_|_| |_|_| |_| |_|\__,_|_| |_|\____|_____|     
 ____                        ___         _____         _   
| __ ) _   _ _ __ _ __      |_ _|_ __   |_   _|__  ___| |_ 
|  _ \| | | | '__| '_ \ _____| || '_ \    | |/ _ \/ __| __|
| |_) | |_| | |  | | | |_____| || | | |   | |  __/\__ \ |_ 
|____/ \__,_|_|  |_| |_|    |___|_| |_|   |_|\___||___/\__|

==============================================
=            Burn-In Test Cycle 1            =
==============================================
Test start time: 2022-01-27_11:09:36
*****************************
* ib_write_bw test          *
*****************************
***************************
*      KSB test cycle1    *
***************************
===== KSB Memory test PASS =====

=======================================================
Running fpga-test on 02:00.0
=======================================================

Device Type                : Kalidah
EP Link Status             : Gen3 x8     PASSED 
GIT Hash                   : 0x0FAA0CFE
Device DNA                 : 0x400200000155AC694C90A4C5
Core Clock Frequency       :    250 MHz
SSD_0 present              :        Yes
SSD_1 present              :        Yes
KSB number                 :          1
Slice number               :          0
Temperature Master  Sysmon :      36.62  Cel
Temperature Slave 0 Sysmon :      36.64  Cel
Temperature Slave 1 Sysmon :      36.05  Cel
DDR4 capability            : ID_2, 16GB, VLP RDIMM w/ ECC, 1R, 16Gb x8 die, 2400 MT/s 
DDR4 calibration done      : 0x00000001  PASSED 
Unsupported Offset BAR3    : 0xFFFFFFFF  PASSED 
FPGA Version               : 0x00030006  PASSED 
DMA ch0 ctl. register      : 0x00008003  PASSED 
DMA ch1 ctl. register      : 0x00008013  PASSED 
DMA ch2 ctl. register      : 0x00008023  PASSED 
RP0 Link Status            : 0x70430000  PASSED 
Locating PCIe capabilities of SSD0 ...SSD0 Link Status           : 0x10430000  PASSED 
SSD0 Vendor/Dev ID         : 0xA808144D  PASSED  (Samsung)
RP1 Link Status            : 0x70430000  PASSED 
Locating PCIe capabilities of SSD1 ...SSD1 Link Status           : 0x10430000  PASSED 
SSD1 Vendor/Dev ID         : 0xA808144D  PASSED  (Samsung)
Global Fatal Interrupt     : 0x00000000  PASSED 
Global Non Fatal Interrupt : 0x00000000  PASSED 
  ____                 _
 |  _ \ __ _ ___ ___  | |
 | |_) / _` / __/ __| | |
 |  __/ (_| \__ \__ \ |_|
 |_|   \__,_|___/___/ (_)


=======================================================
Running fpga-test on 41:00.0
=======================================================

Device Type                : Kalidah
EP Link Status             : Gen3 x8     PASSED 
GIT Hash                   : 0x0FAA0CFE
Device DNA                 : 0x400200000155AC694C90A4C5
Core Clock Frequency       :    250 MHz
SSD_0 present              :        Yes
SSD_1 present              :        Yes
KSB number                 :          1
Slice number               :          1
DDR4 capability            : ID_2, 16GB, VLP RDIMM w/ ECC, 1R, 16Gb x8 die, 2400 MT/s 
DDR4 calibration done      : 0x00000001  PASSED 
Unsupported Offset BAR3    : 0xFFFFFFFF  PASSED 
FPGA Version               : 0x00030006  PASSED 
DMA ch0 ctl. register      : 0x00008003  PASSED 
DMA ch1 ctl. register      : 0x00008013  PASSED 
DMA ch2 ctl. register      : 0x00008023  PASSED 
RP0 Link Status            : 0x70430000  PASSED 
Locating PCIe capabilities of SSD0 ...SSD0 Link Status           : 0x10430000  PASSED 
SSD0 Vendor/Dev ID         : 0xA808144D  PASSED  (Samsung)
RP1 Link Status            : 0x70430000  PASSED 
Locating PCIe capabilities of SSD1 ...SSD1 Link Status           : 0x10430000  PASSED 
SSD1 Vendor/Dev ID         : 0xA808144D  PASSED  (Samsung)
Global Fatal Interrupt     : 0x00000000  PASSED 
Global Non Fatal Interrupt : 0x00000000  PASSED 
  ____                 _
 |  _ \ __ _ ___ ___  | |
 | |_) / _` / __/ __| | |
 |  __/ (_| \__ \__ \ |_|
 |_|   \__,_|___/___/ (_)


=======================================================
Running fpga-test on 84:00.0
=======================================================

Device Type                : Kalidah
EP Link Status             : Gen3 x8     PASSED 
GIT Hash                   : 0x0FAA0CFE
Device DNA                 : 0x400200000155AC694C812445
Core Clock Frequency       :    250 MHz
SSD_0 present              :        Yes
SSD_1 present              :        Yes
KSB number                 :          0
Slice number               :          1
DDR4 capability            : ID_2, 16GB, VLP RDIMM w/ ECC, 1R, 16Gb x8 die, 2400 MT/s 
DDR4 calibration done      : 0x00000001  PASSED 
Unsupported Offset BAR3    : 0xFFFFFFFF  PASSED 
FPGA Version               : 0x00030006  PASSED 
DMA ch0 ctl. register      : 0x00008003  PASSED 
DMA ch1 ctl. register      : 0x00008013  PASSED 
DMA ch2 ctl. register      : 0x00008023  PASSED 
RP0 Link Status            : 0x70430000  PASSED 
Locating PCIe capabilities of SSD0 ...SSD0 Link Status           : 0x10430000  PASSED 
SSD0 Vendor/Dev ID         : 0xA808144D  PASSED  (Samsung)
RP1 Link Status            : 0x70430000  PASSED 
Locating PCIe capabilities of SSD1 ...SSD1 Link Status           : 0x10430000  PASSED 
SSD1 Vendor/Dev ID         : 0xA808144D  PASSED  (Samsung)
Global Fatal Interrupt     : 0x00000000  PASSED 
Global Non Fatal Interrupt : 0x00000000  PASSED 
  ____                 _
 |  _ \ __ _ ___ ___  | |
 | |_) / _` / __/ __| | |
 |  __/ (_| \__ \__ \ |_|
 |_|   \__,_|___/___/ (_)


=======================================================
Running fpga-test on c1:00.0
=======================================================

Device Type                : Kalidah
EP Link Status             : Gen3 x8     PASSED 
GIT Hash                   : 0x0FAA0CFE
Device DNA                 : 0x400200000155AC694C812445
Core Clock Frequency       :    250 MHz
SSD_0 present              :        Yes
SSD_1 present              :        Yes
KSB number                 :          0
Slice number               :          0
Temperature Master  Sysmon :      35.31  Cel
Temperature Slave 0 Sysmon :      35.73  Cel
Temperature Slave 1 Sysmon :      34.57  Cel
DDR4 capability            : ID_2, 16GB, VLP RDIMM w/ ECC, 1R, 16Gb x8 die, 2400 MT/s 
DDR4 calibration done      : 0x00000001  PASSED 
Unsupported Offset BAR3    : 0xFFFFFFFF  PASSED 
FPGA Version               : 0x00030006  PASSED 
DMA ch0 ctl. register      : 0x00008003  PASSED 
DMA ch1 ctl. register      : 0x00008013  PASSED 
DMA ch2 ctl. register      : 0x00008023  PASSED 
RP0 Link Status            : 0x70430000  PASSED 
Locating PCIe capabilities of SSD0 ...SSD0 Link Status           : 0x10430000  PASSED 
SSD0 Vendor/Dev ID         : 0xA808144D  PASSED  (Samsung)
RP1 Link Status            : 0x70430000  PASSED 
Locating PCIe capabilities of SSD1 ...SSD1 Link Status           : 0x10430000  PASSED 
SSD1 Vendor/Dev ID         : 0xA808144D  PASSED  (Samsung)
Global Fatal Interrupt     : 0x00000000  PASSED 
Global Non Fatal Interrupt : 0x00000000  PASSED 
  ____                 _
 |  _ \ __ _ ___ ___  | |
 | |_) / _` / __/ __| | |
 |  __/ (_| \__ \__ \ |_|
 |_|   \__,_|___/___/ (_)


*****************************
*  CPU/Memory Stress cycle1 *
*****************************
============================
=        Stress Log        =
============================
2022/01/27-11:27:03(GMT) Log: Commandline - ./stressapptest -m 32 -C 32 -l /root/TinmanBI/STRESS.log -s 2400
2022/01/27-11:27:03(GMT) Stats: SAT revision 1.0.7_autoconf, 64 bit binary
2022/01/27-11:27:03(GMT) Log: root @ localhost.localdomain on Tue Sep 19 03:28:47 CST 2017 from open source release
2022/01/27-11:27:03(GMT) Log: 1 nodes, 128 cpus.
2022/01/27-11:27:03(GMT) Log: Total 515817 MB. Free 509999 MB. Hugepages 0 MB. Targeting 489834 MB (94%)
2022/01/27-11:27:03(GMT) Log: Prefer plain malloc memory allocation.
2022/01/27-11:27:03(GMT) Log: Using mmap() allocation at 0x7f00affa6000.
2022/01/27-11:27:03(GMT) Stats: Starting SAT, 489834M, 2400 seconds
2022/01/27-11:27:38(GMT) Log: Region mask: 0x1
2022/01/27-11:27:48(GMT) Log: Seconds remaining: 2390
2022/01/27-11:27:58(GMT) Log: Seconds remaining: 2380
2022/01/27-11:28:08(GMT) Log: Seconds remaining: 2370
2022/01/27-11:28:18(GMT) Log: Seconds remaining: 2360
2022/01/27-11:28:28(GMT) Log: Seconds remaining: 2350
2022/01/27-11:28:38(GMT) Log: Seconds remaining: 2340
2022/01/27-11:28:48(GMT) Log: Seconds remaining: 2330
2022/01/27-11:28:58(GMT) Log: Seconds remaining: 2320
2022/01/27-11:29:08(GMT) Log: Seconds remaining: 2310
2022/01/27-11:29:18(GMT) Log: Seconds remaining: 2300
2022/01/27-11:29:28(GMT) Log: Seconds remaining: 2290
2022/01/27-11:29:38(GMT) Log: Seconds remaining: 2280
2022/01/27-11:29:48(GMT) Log: Seconds remaining: 2270
2022/01/27-11:29:58(GMT) Log: Seconds remaining: 2260
2022/01/27-11:30:08(GMT) Log: Seconds remaining: 2250
2022/01/27-11:30:18(GMT) Log: Seconds remaining: 2240
2022/01/27-11:30:28(GMT) Log: Seconds remaining: 2230
2022/01/27-11:30:38(GMT) Log: Seconds remaining: 2220
2022/01/27-11:30:48(GMT) Log: Seconds remaining: 2210
2022/01/27-11:30:58(GMT) Log: Seconds remaining: 2200
2022/01/27-11:31:08(GMT) Log: Seconds remaining: 2190
2022/01/27-11:31:18(GMT) Log: Seconds remaining: 2180
2022/01/27-11:31:28(GMT) Log: Seconds remaining: 2170
2022/01/27-11:31:38(GMT) Log: Seconds remaining: 2160
2022/01/27-11:31:48(GMT) Log: Seconds remaining: 2150
2022/01/27-11:31:58(GMT) Log: Seconds remaining: 2140
2022/01/27-11:32:08(GMT) Log: Seconds remaining: 2130
2022/01/27-11:32:18(GMT) Log: Seconds remaining: 2120
2022/01/27-11:32:28(GMT) Log: Seconds remaining: 2110
2022/01/27-11:32:38(GMT) Log: Seconds remaining: 2100
2022/01/27-11:32:48(GMT) Log: Seconds remaining: 2090
2022/01/27-11:32:58(GMT) Log: Seconds remaining: 2080
2022/01/27-11:33:08(GMT) Log: Seconds remaining: 2070
2022/01/27-11:33:18(GMT) Log: Seconds remaining: 2060
2022/01/27-11:33:28(GMT) Log: Seconds remaining: 2050
2022/01/27-11:33:38(GMT) Log: Seconds remaining: 2040
2022/01/27-11:33:48(GMT) Log: Seconds remaining: 2030
2022/01/27-11:33:58(GMT) Log: Seconds remaining: 2020
2022/01/27-11:34:08(GMT) Log: Seconds remaining: 2010
2022/01/27-11:34:18(GMT) Log: Seconds remaining: 2000
2022/01/27-11:34:28(GMT) Log: Seconds remaining: 1990
2022/01/27-11:34:38(GMT) Log: Seconds remaining: 1980
2022/01/27-11:34:48(GMT) Log: Seconds remaining: 1970
2022/01/27-11:34:58(GMT) Log: Seconds remaining: 1960
2022/01/27-11:35:08(GMT) Log: Seconds remaining: 1950
2022/01/27-11:35:18(GMT) Log: Seconds remaining: 1940
2022/01/27-11:35:28(GMT) Log: Seconds remaining: 1930
2022/01/27-11:35:38(GMT) Log: Seconds remaining: 1920
2022/01/27-11:35:48(GMT) Log: Seconds remaining: 1910
2022/01/27-11:35:58(GMT) Log: Seconds remaining: 1900
2022/01/27-11:36:08(GMT) Log: Seconds remaining: 1890
2022/01/27-11:36:18(GMT) Log: Seconds remaining: 1880
2022/01/27-11:36:28(GMT) Log: Seconds remaining: 1870
2022/01/27-11:36:38(GMT) Log: Seconds remaining: 1860
2022/01/27-11:36:48(GMT) Log: Seconds remaining: 1850
2022/01/27-11:36:58(GMT) Log: Seconds remaining: 1840
2022/01/27-11:37:08(GMT) Log: Seconds remaining: 1830
2022/01/27-11:37:18(GMT) Log: Seconds remaining: 1820
2022/01/27-11:37:28(GMT) Log: Seconds remaining: 1810
2022/01/27-11:37:38(GMT) Log: Seconds remaining: 1800
2022/01/27-11:37:38(GMT) Log: Pausing worker threads in preparation for power spike (1800 seconds remaining)
2022/01/27-11:37:48(GMT) Log: Seconds remaining: 1790
2022/01/27-11:37:53(GMT) Log: Resuming worker threads to cause a power spike (1785 seconds remaining)
2022/01/27-11:37:58(GMT) Log: Seconds remaining: 1780
2022/01/27-11:38:08(GMT) Log: Seconds remaining: 1770
2022/01/27-11:38:18(GMT) Log: Seconds remaining: 1760
2022/01/27-11:38:28(GMT) Log: Seconds remaining: 1750
2022/01/27-11:38:38(GMT) Log: Seconds remaining: 1740
2022/01/27-11:38:48(GMT) Log: Seconds remaining: 1730
2022/01/27-11:38:58(GMT) Log: Seconds remaining: 1720
2022/01/27-11:39:08(GMT) Log: Seconds remaining: 1710
2022/01/27-11:39:18(GMT) Log: Seconds remaining: 1700
2022/01/27-11:39:28(GMT) Log: Seconds remaining: 1690
2022/01/27-11:39:38(GMT) Log: Seconds remaining: 1680
2022/01/27-11:39:48(GMT) Log: Seconds remaining: 1670
2022/01/27-11:39:58(GMT) Log: Seconds remaining: 1660
2022/01/27-11:40:08(GMT) Log: Seconds remaining: 1650
2022/01/27-11:40:18(GMT) Log: Seconds remaining: 1640
2022/01/27-11:40:28(GMT) Log: Seconds remaining: 1630
2022/01/27-11:40:38(GMT) Log: Seconds remaining: 1620
2022/01/27-11:40:48(GMT) Log: Seconds remaining: 1610
2022/01/27-11:40:58(GMT) Log: Seconds remaining: 1600
2022/01/27-11:41:08(GMT) Log: Seconds remaining: 1590
2022/01/27-11:41:18(GMT) Log: Seconds remaining: 1580
2022/01/27-11:41:28(GMT) Log: Seconds remaining: 1570
2022/01/27-11:41:38(GMT) Log: Seconds remaining: 1560
2022/01/27-11:41:48(GMT) Log: Seconds remaining: 1550
2022/01/27-11:41:58(GMT) Log: Seconds remaining: 1540
2022/01/27-11:42:08(GMT) Log: Seconds remaining: 1530
2022/01/27-11:42:18(GMT) Log: Seconds remaining: 1520
2022/01/27-11:42:28(GMT) Log: Seconds remaining: 1510
2022/01/27-11:42:38(GMT) Log: Seconds remaining: 1500
2022/01/27-11:42:48(GMT) Log: Seconds remaining: 1490
2022/01/27-11:42:58(GMT) Log: Seconds remaining: 1480
2022/01/27-11:43:08(GMT) Log: Seconds remaining: 1470
2022/01/27-11:43:18(GMT) Log: Seconds remaining: 1460
2022/01/27-11:43:28(GMT) Log: Seconds remaining: 1450
2022/01/27-11:43:38(GMT) Log: Seconds remaining: 1440
2022/01/27-11:43:48(GMT) Log: Seconds remaining: 1430
2022/01/27-11:43:58(GMT) Log: Seconds remaining: 1420
2022/01/27-11:44:08(GMT) Log: Seconds remaining: 1410
2022/01/27-11:44:18(GMT) Log: Seconds remaining: 1400
2022/01/27-11:44:28(GMT) Log: Seconds remaining: 1390
2022/01/27-11:44:38(GMT) Log: Seconds remaining: 1380
2022/01/27-11:44:48(GMT) Log: Seconds remaining: 1370
2022/01/27-11:44:58(GMT) Log: Seconds remaining: 1360
2022/01/27-11:45:08(GMT) Log: Seconds remaining: 1350
2022/01/27-11:45:18(GMT) Log: Seconds remaining: 1340
2022/01/27-11:45:28(GMT) Log: Seconds remaining: 1330
2022/01/27-11:45:38(GMT) Log: Seconds remaining: 1320
2022/01/27-11:45:48(GMT) Log: Seconds remaining: 1310
2022/01/27-11:45:58(GMT) Log: Seconds remaining: 1300
2022/01/27-11:46:08(GMT) Log: Seconds remaining: 1290
2022/01/27-11:46:18(GMT) Log: Seconds remaining: 1280
2022/01/27-11:46:28(GMT) Log: Seconds remaining: 1270
2022/01/27-11:46:38(GMT) Log: Seconds remaining: 1260
2022/01/27-11:46:48(GMT) Log: Seconds remaining: 1250
2022/01/27-11:46:58(GMT) Log: Seconds remaining: 1240
2022/01/27-11:47:08(GMT) Log: Seconds remaining: 1230
2022/01/27-11:47:18(GMT) Log: Seconds remaining: 1220
2022/01/27-11:47:28(GMT) Log: Seconds remaining: 1210
2022/01/27-11:47:38(GMT) Log: Seconds remaining: 1200
2022/01/27-11:47:38(GMT) Log: Pausing worker threads in preparation for power spike (1200 seconds remaining)
2022/01/27-11:47:48(GMT) Log: Seconds remaining: 1190
2022/01/27-11:47:53(GMT) Log: Resuming worker threads to cause a power spike (1185 seconds remaining)
2022/01/27-11:47:58(GMT) Log: Seconds remaining: 1180
2022/01/27-11:48:08(GMT) Log: Seconds remaining: 1170
2022/01/27-11:48:18(GMT) Log: Seconds remaining: 1160
2022/01/27-11:48:28(GMT) Log: Seconds remaining: 1150
2022/01/27-11:48:38(GMT) Log: Seconds remaining: 1140
2022/01/27-11:48:48(GMT) Log: Seconds remaining: 1130
2022/01/27-11:48:58(GMT) Log: Seconds remaining: 1120
2022/01/27-11:49:08(GMT) Log: Seconds remaining: 1110
2022/01/27-11:49:18(GMT) Log: Seconds remaining: 1100
2022/01/27-11:49:28(GMT) Log: Seconds remaining: 1090
2022/01/27-11:49:38(GMT) Log: Seconds remaining: 1080
2022/01/27-11:49:48(GMT) Log: Seconds remaining: 1070
2022/01/27-11:49:58(GMT) Log: Seconds remaining: 1060
2022/01/27-11:50:08(GMT) Log: Seconds remaining: 1050
2022/01/27-11:50:18(GMT) Log: Seconds remaining: 1040
2022/01/27-11:50:28(GMT) Log: Seconds remaining: 1030
2022/01/27-11:50:38(GMT) Log: Seconds remaining: 1020
2022/01/27-11:50:48(GMT) Log: Seconds remaining: 1010
2022/01/27-11:50:58(GMT) Log: Seconds remaining: 1000
2022/01/27-11:51:08(GMT) Log: Seconds remaining: 990
2022/01/27-11:51:18(GMT) Log: Seconds remaining: 980
2022/01/27-11:51:28(GMT) Log: Seconds remaining: 970
2022/01/27-11:51:38(GMT) Log: Seconds remaining: 960
2022/01/27-11:51:48(GMT) Log: Seconds remaining: 950
2022/01/27-11:51:58(GMT) Log: Seconds remaining: 940
2022/01/27-11:52:08(GMT) Log: Seconds remaining: 930
2022/01/27-11:52:18(GMT) Log: Seconds remaining: 920
2022/01/27-11:52:28(GMT) Log: Seconds remaining: 910
2022/01/27-11:52:38(GMT) Log: Seconds remaining: 900
2022/01/27-11:52:48(GMT) Log: Seconds remaining: 890
2022/01/27-11:52:58(GMT) Log: Seconds remaining: 880
2022/01/27-11:53:08(GMT) Log: Seconds remaining: 870
2022/01/27-11:53:18(GMT) Log: Seconds remaining: 860
2022/01/27-11:53:28(GMT) Log: Seconds remaining: 850
2022/01/27-11:53:38(GMT) Log: Seconds remaining: 840
2022/01/27-11:53:48(GMT) Log: Seconds remaining: 830
2022/01/27-11:53:58(GMT) Log: Seconds remaining: 820
2022/01/27-11:54:08(GMT) Log: Seconds remaining: 810
2022/01/27-11:54:18(GMT) Log: Seconds remaining: 800
2022/01/27-11:54:28(GMT) Log: Seconds remaining: 790
2022/01/27-11:54:38(GMT) Log: Seconds remaining: 780
2022/01/27-11:54:48(GMT) Log: Seconds remaining: 770
2022/01/27-11:54:58(GMT) Log: Seconds remaining: 760
2022/01/27-11:55:08(GMT) Log: Seconds remaining: 750
2022/01/27-11:55:18(GMT) Log: Seconds remaining: 740
2022/01/27-11:55:28(GMT) Log: Seconds remaining: 730
2022/01/27-11:55:38(GMT) Log: Seconds remaining: 720
2022/01/27-11:55:48(GMT) Log: Seconds remaining: 710
2022/01/27-11:55:58(GMT) Log: Seconds remaining: 700
2022/01/27-11:56:08(GMT) Log: Seconds remaining: 690
2022/01/27-11:56:18(GMT) Log: Seconds remaining: 680
2022/01/27-11:56:28(GMT) Log: Seconds remaining: 670
2022/01/27-11:56:38(GMT) Log: Seconds remaining: 660
2022/01/27-11:56:48(GMT) Log: Seconds remaining: 650
2022/01/27-11:56:58(GMT) Log: Seconds remaining: 640
2022/01/27-11:57:08(GMT) Log: Seconds remaining: 630
2022/01/27-11:57:18(GMT) Log: Seconds remaining: 620
2022/01/27-11:57:28(GMT) Log: Seconds remaining: 610
2022/01/27-11:57:38(GMT) Log: Seconds remaining: 600
2022/01/27-11:57:38(GMT) Log: Pausing worker threads in preparation for power spike (600 seconds remaining)
2022/01/27-11:57:48(GMT) Log: Seconds remaining: 590
2022/01/27-11:57:53(GMT) Log: Resuming worker threads to cause a power spike (585 seconds remaining)
2022/01/27-11:57:58(GMT) Log: Seconds remaining: 580
2022/01/27-11:58:08(GMT) Log: Seconds remaining: 570
2022/01/27-11:58:18(GMT) Log: Seconds remaining: 560
2022/01/27-11:58:28(GMT) Log: Seconds remaining: 550
2022/01/27-11:58:38(GMT) Log: Seconds remaining: 540
2022/01/27-11:58:48(GMT) Log: Seconds remaining: 530
2022/01/27-11:58:58(GMT) Log: Seconds remaining: 520
2022/01/27-11:59:08(GMT) Log: Seconds remaining: 510
2022/01/27-11:59:18(GMT) Log: Seconds remaining: 500
2022/01/27-11:59:28(GMT) Log: Seconds remaining: 490
2022/01/27-11:59:38(GMT) Log: Seconds remaining: 480
2022/01/27-11:59:48(GMT) Log: Seconds remaining: 470
2022/01/27-11:59:58(GMT) Log: Seconds remaining: 460
2022/01/27-12:00:08(GMT) Log: Seconds remaining: 450
2022/01/27-12:00:18(GMT) Log: Seconds remaining: 440
2022/01/27-12:00:28(GMT) Log: Seconds remaining: 430
2022/01/27-12:00:38(GMT) Log: Seconds remaining: 420
2022/01/27-12:00:48(GMT) Log: Seconds remaining: 410
2022/01/27-12:00:58(GMT) Log: Seconds remaining: 400
2022/01/27-12:01:08(GMT) Log: Seconds remaining: 390
2022/01/27-12:01:18(GMT) Log: Seconds remaining: 380
2022/01/27-12:01:28(GMT) Log: Seconds remaining: 370
2022/01/27-12:01:38(GMT) Log: Seconds remaining: 360
2022/01/27-12:01:48(GMT) Log: Seconds remaining: 350
2022/01/27-12:01:58(GMT) Log: Seconds remaining: 340
2022/01/27-12:02:08(GMT) Log: Seconds remaining: 330
2022/01/27-12:02:18(GMT) Log: Seconds remaining: 320
2022/01/27-12:02:28(GMT) Log: Seconds remaining: 310
2022/01/27-12:02:38(GMT) Log: Seconds remaining: 300
2022/01/27-12:02:48(GMT) Log: Seconds remaining: 290
2022/01/27-12:02:58(GMT) Log: Seconds remaining: 280
2022/01/27-12:03:08(GMT) Log: Seconds remaining: 270
2022/01/27-12:03:18(GMT) Log: Seconds remaining: 260
2022/01/27-12:03:28(GMT) Log: Seconds remaining: 250
2022/01/27-12:03:38(GMT) Log: Seconds remaining: 240
2022/01/27-12:03:48(GMT) Log: Seconds remaining: 230
2022/01/27-12:03:58(GMT) Log: Seconds remaining: 220
2022/01/27-12:04:08(GMT) Log: Seconds remaining: 210
2022/01/27-12:04:18(GMT) Log: Seconds remaining: 200
2022/01/27-12:04:28(GMT) Log: Seconds remaining: 190
2022/01/27-12:04:38(GMT) Log: Seconds remaining: 180
2022/01/27-12:04:48(GMT) Log: Seconds remaining: 170
2022/01/27-12:04:58(GMT) Log: Seconds remaining: 160
2022/01/27-12:05:08(GMT) Log: Seconds remaining: 150
2022/01/27-12:05:18(GMT) Log: Seconds remaining: 140
2022/01/27-12:05:28(GMT) Log: Seconds remaining: 130
2022/01/27-12:05:38(GMT) Log: Seconds remaining: 120
2022/01/27-12:05:48(GMT) Log: Seconds remaining: 110
2022/01/27-12:05:58(GMT) Log: Seconds remaining: 100
2022/01/27-12:06:08(GMT) Log: Seconds remaining: 90
2022/01/27-12:06:18(GMT) Log: Seconds remaining: 80
2022/01/27-12:06:28(GMT) Log: Seconds remaining: 70
2022/01/27-12:06:38(GMT) Log: Seconds remaining: 60
2022/01/27-12:06:48(GMT) Log: Seconds remaining: 50
2022/01/27-12:06:58(GMT) Log: Seconds remaining: 40
2022/01/27-12:07:08(GMT) Log: Seconds remaining: 30
2022/01/27-12:07:18(GMT) Log: Seconds remaining: 20
2022/01/27-12:07:28(GMT) Log: Seconds remaining: 10
2022/01/27-12:07:44(GMT) Stats: Found 0 hardware incidents
2022/01/27-12:07:44(GMT) Stats: Completed: 195333760.00M in 2400.78s 81362.66MB/s, with 0 hardware incidents, 0 errors
2022/01/27-12:07:44(GMT) Stats: Memory Copy: 195333760.00M at 81386.69MB/s
2022/01/27-12:07:44(GMT) Stats: File Copy: 0.00M at 0.00MB/s
2022/01/27-12:07:44(GMT) Stats: Net Copy: 0.00M at 0.00MB/s
2022/01/27-12:07:44(GMT) Stats: Data Check: 0.00M at 0.00MB/s
2022/01/27-12:07:44(GMT) Stats: Invert Data: 0.00M at 0.00MB/s
2022/01/27-12:07:44(GMT) Stats: Disk: 0.00M at 0.00MB/s
2022/01/27-12:07:44(GMT) 
2022/01/27-12:07:44(GMT) Status: PASS - please verify no corrected errors
2022/01/27-12:07:44(GMT) 

============================
=          DMESG           =
============================
[ 6196.693777] perf: interrupt took too long (2520 > 2500), lowering kernel.perf_event_max_sample_rate to 79250
[ 6506.784839] perf: interrupt took too long (3198 > 3150), lowering kernel.perf_event_max_sample_rate to 62500
[ 6673.545326] perf: interrupt took too long (4004 > 3997), lowering kernel.perf_event_max_sample_rate to 49750
[ 7602.627743] perf: interrupt took too long (5095 > 5005), lowering kernel.perf_event_max_sample_rate to 39250

============================
=          BMC SEL         =
============================
=== No SEL logged ===


==============================================
=            Burn-In Test Cycle 2            =
==============================================
Test start time: 2022-01-27_12:08:12
***************************
*      KSB test cycle2    *
***************************
===== KSB Memory test PASS =====

=======================================================
Running fpga-test on 02:00.0
=======================================================

Device Type                : Kalidah
EP Link Status             : Gen3 x8     PASSED 
GIT Hash                   : 0x0FAA0CFE
Device DNA                 : 0x400200000155AC694C90A4C5
Core Clock Frequency       :    250 MHz
SSD_0 present              :        Yes
SSD_1 present              :        Yes
KSB number                 :          1
Slice number               :          0
Temperature Master  Sysmon :      36.12  Cel
Temperature Slave 0 Sysmon :      36.12  Cel
Temperature Slave 1 Sysmon :      35.25  Cel
DDR4 capability            : ID_2, 16GB, VLP RDIMM w/ ECC, 1R, 16Gb x8 die, 2400 MT/s 
DDR4 calibration done      : 0x00000001  PASSED 
Unsupported Offset BAR3    : 0xFFFFFFFF  PASSED 
FPGA Version               : 0x00030006  PASSED 
DMA ch0 ctl. register      : 0x00008003  PASSED 
DMA ch1 ctl. register      : 0x00008013  PASSED 
DMA ch2 ctl. register      : 0x00008023  PASSED 
RP0 Link Status            : 0x70430000  PASSED 
Locating PCIe capabilities of SSD0 ...SSD0 Link Status           : 0x10430000  PASSED 
SSD0 Vendor/Dev ID         : 0xA808144D  PASSED  (Samsung)
RP1 Link Status            : 0x70430000  PASSED 
Locating PCIe capabilities of SSD1 ...SSD1 Link Status           : 0x10430000  PASSED 
SSD1 Vendor/Dev ID         : 0xA808144D  PASSED  (Samsung)
Global Fatal Interrupt     : 0x00000000  PASSED 
Global Non Fatal Interrupt : 0x00000000  PASSED 
  ____                 _
 |  _ \ __ _ ___ ___  | |
 | |_) / _` / __/ __| | |
 |  __/ (_| \__ \__ \ |_|
 |_|   \__,_|___/___/ (_)


=======================================================
Running fpga-test on 41:00.0
=======================================================

Device Type                : Kalidah
EP Link Status             : Gen3 x8     PASSED 
GIT Hash                   : 0x0FAA0CFE
Device DNA                 : 0x400200000155AC694C90A4C5
Core Clock Frequency       :    250 MHz
SSD_0 present              :        Yes
SSD_1 present              :        Yes
KSB number                 :          1
Slice number               :          1
DDR4 capability            : ID_2, 16GB, VLP RDIMM w/ ECC, 1R, 16Gb x8 die, 2400 MT/s 
DDR4 calibration done      : 0x00000001  PASSED 
Unsupported Offset BAR3    : 0xFFFFFFFF  PASSED 
FPGA Version               : 0x00030006  PASSED 
DMA ch0 ctl. register      : 0x00008003  PASSED 
DMA ch1 ctl. register      : 0x00008013  PASSED 
DMA ch2 ctl. register      : 0x00008023  PASSED 
RP0 Link Status            : 0x70430000  PASSED 
Locating PCIe capabilities of SSD0 ...SSD0 Link Status           : 0x10430000  PASSED 
SSD0 Vendor/Dev ID         : 0xA808144D  PASSED  (Samsung)
RP1 Link Status            : 0x70430000  PASSED 
Locating PCIe capabilities of SSD1 ...SSD1 Link Status           : 0x10430000  PASSED 
SSD1 Vendor/Dev ID         : 0xA808144D  PASSED  (Samsung)
Global Fatal Interrupt     : 0x00000000  PASSED 
Global Non Fatal Interrupt : 0x00000000  PASSED 
  ____                 _
 |  _ \ __ _ ___ ___  | |
 | |_) / _` / __/ __| | |
 |  __/ (_| \__ \__ \ |_|
 |_|   \__,_|___/___/ (_)


=======================================================
Running fpga-test on 84:00.0
=======================================================

Device Type                : Kalidah
EP Link Status             : Gen3 x8     PASSED 
GIT Hash                   : 0x0FAA0CFE
Device DNA                 : 0x400200000155AC694C812445
Core Clock Frequency       :    250 MHz
SSD_0 present              :        Yes
SSD_1 present              :        Yes
KSB number                 :          0
Slice number               :          1
DDR4 capability            : ID_2, 16GB, VLP RDIMM w/ ECC, 1R, 16Gb x8 die, 2400 MT/s 
DDR4 calibration done      : 0x00000001  PASSED 
Unsupported Offset BAR3    : 0xFFFFFFFF  PASSED 
FPGA Version               : 0x00030006  PASSED 
DMA ch0 ctl. register      : 0x00008003  PASSED 
DMA ch1 ctl. register      : 0x00008013  PASSED 
DMA ch2 ctl. register      : 0x00008023  PASSED 
RP0 Link Status            : 0x70430000  PASSED 
Locating PCIe capabilities of SSD0 ...SSD0 Link Status           : 0x10430000  PASSED 
SSD0 Vendor/Dev ID         : 0xA808144D  PASSED  (Samsung)
RP1 Link Status            : 0x70430000  PASSED 
Locating PCIe capabilities of SSD1 ...SSD1 Link Status           : 0x10430000  PASSED 
SSD1 Vendor/Dev ID         : 0xA808144D  PASSED  (Samsung)
Global Fatal Interrupt     : 0x00000000  PASSED 
Global Non Fatal Interrupt : 0x00000000  PASSED 
  ____                 _
 |  _ \ __ _ ___ ___  | |
 | |_) / _` / __/ __| | |
 |  __/ (_| \__ \__ \ |_|
 |_|   \__,_|___/___/ (_)


=======================================================
Running fpga-test on c1:00.0
=======================================================

Device Type                : Kalidah
EP Link Status             : Gen3 x8     PASSED 
GIT Hash                   : 0x0FAA0CFE
Device DNA                 : 0x400200000155AC694C812445
Core Clock Frequency       :    250 MHz
SSD_0 present              :        Yes
SSD_1 present              :        Yes
KSB number                 :          0
Slice number               :          0
Temperature Master  Sysmon :      35.59  Cel
Temperature Slave 0 Sysmon :      35.16  Cel
Temperature Slave 1 Sysmon :      34.13  Cel
DDR4 capability            : ID_2, 16GB, VLP RDIMM w/ ECC, 1R, 16Gb x8 die, 2400 MT/s 
DDR4 calibration done      : 0x00000001  PASSED 
Unsupported Offset BAR3    : 0xFFFFFFFF  PASSED 
FPGA Version               : 0x00030006  PASSED 
DMA ch0 ctl. register      : 0x00008003  PASSED 
DMA ch1 ctl. register      : 0x00008013  PASSED 
DMA ch2 ctl. register      : 0x00008023  PASSED 
RP0 Link Status            : 0x70430000  PASSED 
Locating PCIe capabilities of SSD0 ...SSD0 Link Status           : 0x10430000  PASSED 
SSD0 Vendor/Dev ID         : 0xA808144D  PASSED  (Samsung)
RP1 Link Status            : 0x70430000  PASSED 
Locating PCIe capabilities of SSD1 ...SSD1 Link Status           : 0x10430000  PASSED 
SSD1 Vendor/Dev ID         : 0xA808144D  PASSED  (Samsung)
Global Fatal Interrupt     : 0x00000000  PASSED 
Global Non Fatal Interrupt : 0x00000000  PASSED 
  ____                 _
 |  _ \ __ _ ___ ___  | |
 | |_) / _` / __/ __| | |
 |  __/ (_| \__ \__ \ |_|
 |_|   \__,_|___/___/ (_)


*****************************
*  CPU/Memory Stress cycle2 *
*****************************
============================
=        Stress Log        =
============================
2022/01/27-12:08:47(GMT) Log: Commandline - ./stressapptest -m 32 -C 32 -l /root/TinmanBI/STRESS.log -s 2400
2022/01/27-12:08:47(GMT) Stats: SAT revision 1.0.7_autoconf, 64 bit binary
2022/01/27-12:08:47(GMT) Log: root @ localhost.localdomain on Tue Sep 19 03:28:47 CST 2017 from open source release
2022/01/27-12:08:47(GMT) Log: 1 nodes, 128 cpus.
2022/01/27-12:08:47(GMT) Log: Total 515817 MB. Free 510004 MB. Hugepages 0 MB. Targeting 489834 MB (94%)
2022/01/27-12:08:47(GMT) Log: Prefer plain malloc memory allocation.
2022/01/27-12:08:47(GMT) Log: Using mmap() allocation at 0x7f586c790000.
2022/01/27-12:08:47(GMT) Stats: Starting SAT, 489834M, 2400 seconds
2022/01/27-12:09:22(GMT) Log: Region mask: 0x1
2022/01/27-12:09:32(GMT) Log: Seconds remaining: 2390
2022/01/27-12:09:42(GMT) Log: Seconds remaining: 2380
2022/01/27-12:09:52(GMT) Log: Seconds remaining: 2370
2022/01/27-12:10:02(GMT) Log: Seconds remaining: 2360
2022/01/27-12:10:12(GMT) Log: Seconds remaining: 2350
2022/01/27-12:10:22(GMT) Log: Seconds remaining: 2340
2022/01/27-12:10:32(GMT) Log: Seconds remaining: 2330
2022/01/27-12:10:42(GMT) Log: Seconds remaining: 2320
2022/01/27-12:10:52(GMT) Log: Seconds remaining: 2310
2022/01/27-12:11:02(GMT) Log: Seconds remaining: 2300
2022/01/27-12:11:12(GMT) Log: Seconds remaining: 2290
2022/01/27-12:11:22(GMT) Log: Seconds remaining: 2280
2022/01/27-12:11:32(GMT) Log: Seconds remaining: 2270
2022/01/27-12:11:42(GMT) Log: Seconds remaining: 2260
2022/01/27-12:11:52(GMT) Log: Seconds remaining: 2250
2022/01/27-12:12:02(GMT) Log: Seconds remaining: 2240
2022/01/27-12:12:12(GMT) Log: Seconds remaining: 2230
2022/01/27-12:12:22(GMT) Log: Seconds remaining: 2220
2022/01/27-12:12:32(GMT) Log: Seconds remaining: 2210
2022/01/27-12:12:42(GMT) Log: Seconds remaining: 2200
2022/01/27-12:12:52(GMT) Log: Seconds remaining: 2190
2022/01/27-12:13:02(GMT) Log: Seconds remaining: 2180
2022/01/27-12:13:12(GMT) Log: Seconds remaining: 2170
2022/01/27-12:13:22(GMT) Log: Seconds remaining: 2160
2022/01/27-12:13:32(GMT) Log: Seconds remaining: 2150
2022/01/27-12:13:42(GMT) Log: Seconds remaining: 2140
2022/01/27-12:13:52(GMT) Log: Seconds remaining: 2130
2022/01/27-12:14:02(GMT) Log: Seconds remaining: 2120
2022/01/27-12:14:12(GMT) Log: Seconds remaining: 2110
2022/01/27-12:14:22(GMT) Log: Seconds remaining: 2100
2022/01/27-12:14:32(GMT) Log: Seconds remaining: 2090
2022/01/27-12:14:42(GMT) Log: Seconds remaining: 2080
2022/01/27-12:14:52(GMT) Log: Seconds remaining: 2070
2022/01/27-12:15:02(GMT) Log: Seconds remaining: 2060
2022/01/27-12:15:12(GMT) Log: Seconds remaining: 2050
2022/01/27-12:15:22(GMT) Log: Seconds remaining: 2040
2022/01/27-12:15:32(GMT) Log: Seconds remaining: 2030
2022/01/27-12:15:42(GMT) Log: Seconds remaining: 2020
2022/01/27-12:15:52(GMT) Log: Seconds remaining: 2010
2022/01/27-12:16:02(GMT) Log: Seconds remaining: 2000
2022/01/27-12:16:12(GMT) Log: Seconds remaining: 1990
2022/01/27-12:16:22(GMT) Log: Seconds remaining: 1980
2022/01/27-12:16:32(GMT) Log: Seconds remaining: 1970
2022/01/27-12:16:42(GMT) Log: Seconds remaining: 1960
2022/01/27-12:16:52(GMT) Log: Seconds remaining: 1950
2022/01/27-12:17:02(GMT) Log: Seconds remaining: 1940
2022/01/27-12:17:12(GMT) Log: Seconds remaining: 1930
2022/01/27-12:17:22(GMT) Log: Seconds remaining: 1920
2022/01/27-12:17:32(GMT) Log: Seconds remaining: 1910
2022/01/27-12:17:42(GMT) Log: Seconds remaining: 1900
2022/01/27-12:17:52(GMT) Log: Seconds remaining: 1890
2022/01/27-12:18:02(GMT) Log: Seconds remaining: 1880
2022/01/27-12:18:12(GMT) Log: Seconds remaining: 1870
2022/01/27-12:18:22(GMT) Log: Seconds remaining: 1860
2022/01/27-12:18:32(GMT) Log: Seconds remaining: 1850
2022/01/27-12:18:42(GMT) Log: Seconds remaining: 1840
2022/01/27-12:18:52(GMT) Log: Seconds remaining: 1830
2022/01/27-12:19:02(GMT) Log: Seconds remaining: 1820
2022/01/27-12:19:12(GMT) Log: Seconds remaining: 1810
2022/01/27-12:19:22(GMT) Log: Seconds remaining: 1800
2022/01/27-12:19:22(GMT) Log: Pausing worker threads in preparation for power spike (1800 seconds remaining)
2022/01/27-12:19:32(GMT) Log: Seconds remaining: 1790
2022/01/27-12:19:37(GMT) Log: Resuming worker threads to cause a power spike (1785 seconds remaining)
2022/01/27-12:19:42(GMT) Log: Seconds remaining: 1780
2022/01/27-12:19:52(GMT) Log: Seconds remaining: 1770
2022/01/27-12:20:02(GMT) Log: Seconds remaining: 1760
2022/01/27-12:20:12(GMT) Log: Seconds remaining: 1750
2022/01/27-12:20:22(GMT) Log: Seconds remaining: 1740
2022/01/27-12:20:32(GMT) Log: Seconds remaining: 1730
2022/01/27-12:20:42(GMT) Log: Seconds remaining: 1720
2022/01/27-12:20:52(GMT) Log: Seconds remaining: 1710
2022/01/27-12:21:02(GMT) Log: Seconds remaining: 1700
2022/01/27-12:21:12(GMT) Log: Seconds remaining: 1690
2022/01/27-12:21:22(GMT) Log: Seconds remaining: 1680
2022/01/27-12:21:32(GMT) Log: Seconds remaining: 1670
2022/01/27-12:21:42(GMT) Log: Seconds remaining: 1660
2022/01/27-12:21:52(GMT) Log: Seconds remaining: 1650
2022/01/27-12:22:02(GMT) Log: Seconds remaining: 1640
2022/01/27-12:22:12(GMT) Log: Seconds remaining: 1630
2022/01/27-12:22:22(GMT) Log: Seconds remaining: 1620
2022/01/27-12:22:32(GMT) Log: Seconds remaining: 1610
2022/01/27-12:22:42(GMT) Log: Seconds remaining: 1600
2022/01/27-12:22:52(GMT) Log: Seconds remaining: 1590
2022/01/27-12:23:02(GMT) Log: Seconds remaining: 1580
2022/01/27-12:23:12(GMT) Log: Seconds remaining: 1570
2022/01/27-12:23:22(GMT) Log: Seconds remaining: 1560
2022/01/27-12:23:32(GMT) Log: Seconds remaining: 1550
2022/01/27-12:23:42(GMT) Log: Seconds remaining: 1540
2022/01/27-12:23:52(GMT) Log: Seconds remaining: 1530
2022/01/27-12:24:02(GMT) Log: Seconds remaining: 1520
2022/01/27-12:24:12(GMT) Log: Seconds remaining: 1510
2022/01/27-12:24:22(GMT) Log: Seconds remaining: 1500
2022/01/27-12:24:32(GMT) Log: Seconds remaining: 1490
2022/01/27-12:24:42(GMT) Log: Seconds remaining: 1480
2022/01/27-12:24:52(GMT) Log: Seconds remaining: 1470
2022/01/27-12:25:02(GMT) Log: Seconds remaining: 1460
2022/01/27-12:25:12(GMT) Log: Seconds remaining: 1450
2022/01/27-12:25:22(GMT) Log: Seconds remaining: 1440
2022/01/27-12:25:32(GMT) Log: Seconds remaining: 1430
2022/01/27-12:25:42(GMT) Log: Seconds remaining: 1420
2022/01/27-12:25:52(GMT) Log: Seconds remaining: 1410
2022/01/27-12:26:02(GMT) Log: Seconds remaining: 1400
2022/01/27-12:26:12(GMT) Log: Seconds remaining: 1390
2022/01/27-12:26:22(GMT) Log: Seconds remaining: 1380
2022/01/27-12:26:32(GMT) Log: Seconds remaining: 1370
2022/01/27-12:26:42(GMT) Log: Seconds remaining: 1360
2022/01/27-12:26:52(GMT) Log: Seconds remaining: 1350
2022/01/27-12:27:02(GMT) Log: Seconds remaining: 1340
2022/01/27-12:27:12(GMT) Log: Seconds remaining: 1330
2022/01/27-12:27:22(GMT) Log: Seconds remaining: 1320
2022/01/27-12:27:32(GMT) Log: Seconds remaining: 1310
2022/01/27-12:27:42(GMT) Log: Seconds remaining: 1300
2022/01/27-12:27:52(GMT) Log: Seconds remaining: 1290
2022/01/27-12:28:02(GMT) Log: Seconds remaining: 1280
2022/01/27-12:28:12(GMT) Log: Seconds remaining: 1270
2022/01/27-12:28:22(GMT) Log: Seconds remaining: 1260
2022/01/27-12:28:32(GMT) Log: Seconds remaining: 1250
2022/01/27-12:28:42(GMT) Log: Seconds remaining: 1240
2022/01/27-12:28:52(GMT) Log: Seconds remaining: 1230
2022/01/27-12:29:02(GMT) Log: Seconds remaining: 1220
2022/01/27-12:29:12(GMT) Log: Seconds remaining: 1210
2022/01/27-12:29:22(GMT) Log: Seconds remaining: 1200
2022/01/27-12:29:22(GMT) Log: Pausing worker threads in preparation for power spike (1200 seconds remaining)
2022/01/27-12:29:32(GMT) Log: Seconds remaining: 1190
2022/01/27-12:29:37(GMT) Log: Resuming worker threads to cause a power spike (1185 seconds remaining)
2022/01/27-12:29:42(GMT) Log: Seconds remaining: 1180
2022/01/27-12:29:52(GMT) Log: Seconds remaining: 1170
2022/01/27-12:30:02(GMT) Log: Seconds remaining: 1160
2022/01/27-12:30:12(GMT) Log: Seconds remaining: 1150
2022/01/27-12:30:22(GMT) Log: Seconds remaining: 1140
2022/01/27-12:30:32(GMT) Log: Seconds remaining: 1130
2022/01/27-12:30:42(GMT) Log: Seconds remaining: 1120
2022/01/27-12:30:52(GMT) Log: Seconds remaining: 1110
2022/01/27-12:31:02(GMT) Log: Seconds remaining: 1100
2022/01/27-12:31:12(GMT) Log: Seconds remaining: 1090
2022/01/27-12:31:22(GMT) Log: Seconds remaining: 1080
2022/01/27-12:31:32(GMT) Log: Seconds remaining: 1070
2022/01/27-12:31:42(GMT) Log: Seconds remaining: 1060
2022/01/27-12:31:52(GMT) Log: Seconds remaining: 1050
2022/01/27-12:32:02(GMT) Log: Seconds remaining: 1040
2022/01/27-12:32:12(GMT) Log: Seconds remaining: 1030
2022/01/27-12:32:22(GMT) Log: Seconds remaining: 1020
2022/01/27-12:32:32(GMT) Log: Seconds remaining: 1010
2022/01/27-12:32:42(GMT) Log: Seconds remaining: 1000
2022/01/27-12:32:52(GMT) Log: Seconds remaining: 990
2022/01/27-12:33:02(GMT) Log: Seconds remaining: 980
2022/01/27-12:33:12(GMT) Log: Seconds remaining: 970
2022/01/27-12:33:22(GMT) Log: Seconds remaining: 960
2022/01/27-12:33:32(GMT) Log: Seconds remaining: 950
2022/01/27-12:33:42(GMT) Log: Seconds remaining: 940
2022/01/27-12:33:52(GMT) Log: Seconds remaining: 930
2022/01/27-12:34:02(GMT) Log: Seconds remaining: 920
2022/01/27-12:34:12(GMT) Log: Seconds remaining: 910
2022/01/27-12:34:22(GMT) Log: Seconds remaining: 900
2022/01/27-12:34:32(GMT) Log: Seconds remaining: 890
2022/01/27-12:34:42(GMT) Log: Seconds remaining: 880
2022/01/27-12:34:52(GMT) Log: Seconds remaining: 870
2022/01/27-12:35:02(GMT) Log: Seconds remaining: 860
2022/01/27-12:35:12(GMT) Log: Seconds remaining: 850
2022/01/27-12:35:22(GMT) Log: Seconds remaining: 840
2022/01/27-12:35:32(GMT) Log: Seconds remaining: 830
2022/01/27-12:35:42(GMT) Log: Seconds remaining: 820
2022/01/27-12:35:52(GMT) Log: Seconds remaining: 810
2022/01/27-12:36:02(GMT) Log: Seconds remaining: 800
2022/01/27-12:36:12(GMT) Log: Seconds remaining: 790
2022/01/27-12:36:22(GMT) Log: Seconds remaining: 780
2022/01/27-12:36:32(GMT) Log: Seconds remaining: 770
2022/01/27-12:36:42(GMT) Log: Seconds remaining: 760
2022/01/27-12:36:52(GMT) Log: Seconds remaining: 750
2022/01/27-12:37:02(GMT) Log: Seconds remaining: 740
2022/01/27-12:37:12(GMT) Log: Seconds remaining: 730
2022/01/27-12:37:22(GMT) Log: Seconds remaining: 720
2022/01/27-12:37:32(GMT) Log: Seconds remaining: 710
2022/01/27-12:37:42(GMT) Log: Seconds remaining: 700
2022/01/27-12:37:52(GMT) Log: Seconds remaining: 690
2022/01/27-12:38:02(GMT) Log: Seconds remaining: 680
2022/01/27-12:38:12(GMT) Log: Seconds remaining: 670
2022/01/27-12:38:22(GMT) Log: Seconds remaining: 660
2022/01/27-12:38:32(GMT) Log: Seconds remaining: 650
2022/01/27-12:38:42(GMT) Log: Seconds remaining: 640
2022/01/27-12:38:52(GMT) Log: Seconds remaining: 630
2022/01/27-12:39:02(GMT) Log: Seconds remaining: 620
2022/01/27-12:39:12(GMT) Log: Seconds remaining: 610
2022/01/27-12:39:22(GMT) Log: Seconds remaining: 600
2022/01/27-12:39:22(GMT) Log: Pausing worker threads in preparation for power spike (600 seconds remaining)
2022/01/27-12:39:32(GMT) Log: Seconds remaining: 590
2022/01/27-12:39:37(GMT) Log: Resuming worker threads to cause a power spike (585 seconds remaining)
2022/01/27-12:39:42(GMT) Log: Seconds remaining: 580
2022/01/27-12:39:52(GMT) Log: Seconds remaining: 570
2022/01/27-12:40:02(GMT) Log: Seconds remaining: 560
2022/01/27-12:40:12(GMT) Log: Seconds remaining: 550
2022/01/27-12:40:22(GMT) Log: Seconds remaining: 540
2022/01/27-12:40:32(GMT) Log: Seconds remaining: 530
2022/01/27-12:40:42(GMT) Log: Seconds remaining: 520
2022/01/27-12:40:52(GMT) Log: Seconds remaining: 510
2022/01/27-12:41:02(GMT) Log: Seconds remaining: 500
2022/01/27-12:41:12(GMT) Log: Seconds remaining: 490
2022/01/27-12:41:22(GMT) Log: Seconds remaining: 480
2022/01/27-12:41:32(GMT) Log: Seconds remaining: 470
2022/01/27-12:41:42(GMT) Log: Seconds remaining: 460
2022/01/27-12:41:52(GMT) Log: Seconds remaining: 450
2022/01/27-12:42:02(GMT) Log: Seconds remaining: 440
2022/01/27-12:42:12(GMT) Log: Seconds remaining: 430
2022/01/27-12:42:22(GMT) Log: Seconds remaining: 420
2022/01/27-12:42:32(GMT) Log: Seconds remaining: 410
2022/01/27-12:42:42(GMT) Log: Seconds remaining: 400
2022/01/27-12:42:52(GMT) Log: Seconds remaining: 390
2022/01/27-12:43:02(GMT) Log: Seconds remaining: 380
2022/01/27-12:43:12(GMT) Log: Seconds remaining: 370
2022/01/27-12:43:22(GMT) Log: Seconds remaining: 360
2022/01/27-12:43:32(GMT) Log: Seconds remaining: 350
2022/01/27-12:43:42(GMT) Log: Seconds remaining: 340
2022/01/27-12:43:52(GMT) Log: Seconds remaining: 330
2022/01/27-12:44:02(GMT) Log: Seconds remaining: 320
2022/01/27-12:44:12(GMT) Log: Seconds remaining: 310
2022/01/27-12:44:22(GMT) Log: Seconds remaining: 300
2022/01/27-12:44:32(GMT) Log: Seconds remaining: 290
2022/01/27-12:44:42(GMT) Log: Seconds remaining: 280
2022/01/27-12:44:52(GMT) Log: Seconds remaining: 270
2022/01/27-12:45:02(GMT) Log: Seconds remaining: 260
2022/01/27-12:45:12(GMT) Log: Seconds remaining: 250
2022/01/27-12:45:22(GMT) Log: Seconds remaining: 240
2022/01/27-12:45:32(GMT) Log: Seconds remaining: 230
2022/01/27-12:45:42(GMT) Log: Seconds remaining: 220
2022/01/27-12:45:52(GMT) Log: Seconds remaining: 210
2022/01/27-12:46:02(GMT) Log: Seconds remaining: 200
2022/01/27-12:46:12(GMT) Log: Seconds remaining: 190
2022/01/27-12:46:22(GMT) Log: Seconds remaining: 180
2022/01/27-12:46:32(GMT) Log: Seconds remaining: 170
2022/01/27-12:46:42(GMT) Log: Seconds remaining: 160
2022/01/27-12:46:52(GMT) Log: Seconds remaining: 150
2022/01/27-12:47:02(GMT) Log: Seconds remaining: 140
2022/01/27-12:47:12(GMT) Log: Seconds remaining: 130
2022/01/27-12:47:22(GMT) Log: Seconds remaining: 120
2022/01/27-12:47:32(GMT) Log: Seconds remaining: 110
2022/01/27-12:47:42(GMT) Log: Seconds remaining: 100
2022/01/27-12:47:52(GMT) Log: Seconds remaining: 90
2022/01/27-12:48:02(GMT) Log: Seconds remaining: 80
2022/01/27-12:48:12(GMT) Log: Seconds remaining: 70
2022/01/27-12:48:22(GMT) Log: Seconds remaining: 60
2022/01/27-12:48:32(GMT) Log: Seconds remaining: 50
2022/01/27-12:48:42(GMT) Log: Seconds remaining: 40
2022/01/27-12:48:52(GMT) Log: Seconds remaining: 30
2022/01/27-12:49:02(GMT) Log: Seconds remaining: 20
2022/01/27-12:49:12(GMT) Log: Seconds remaining: 10
2022/01/27-12:49:27(GMT) Stats: Found 0 hardware incidents
2022/01/27-12:49:27(GMT) Stats: Completed: 194981872.00M in 2399.80s 81249.36MB/s, with 0 hardware incidents, 0 errors
2022/01/27-12:49:27(GMT) Stats: Memory Copy: 194981872.00M at 81272.77MB/s
2022/01/27-12:49:27(GMT) Stats: File Copy: 0.00M at 0.00MB/s
2022/01/27-12:49:27(GMT) Stats: Net Copy: 0.00M at 0.00MB/s
2022/01/27-12:49:27(GMT) Stats: Data Check: 0.00M at 0.00MB/s
2022/01/27-12:49:27(GMT) Stats: Invert Data: 0.00M at 0.00MB/s
2022/01/27-12:49:27(GMT) Stats: Disk: 0.00M at 0.00MB/s
2022/01/27-12:49:27(GMT) 
2022/01/27-12:49:27(GMT) Status: PASS - please verify no corrected errors
2022/01/27-12:49:27(GMT) 

============================
=          DMESG           =
============================
[ 6196.693777] perf: interrupt took too long (2520 > 2500), lowering kernel.perf_event_max_sample_rate to 79250
[ 6506.784839] perf: interrupt took too long (3198 > 3150), lowering kernel.perf_event_max_sample_rate to 62500
[ 6673.545326] perf: interrupt took too long (4004 > 3997), lowering kernel.perf_event_max_sample_rate to 49750
[ 7602.627743] perf: interrupt took too long (5095 > 5005), lowering kernel.perf_event_max_sample_rate to 39250

============================
=          BMC SEL         =
============================
=== No SEL logged ===


==============================================
=            Burn-In Test Cycle 3            =
==============================================
Test start time: 2022-01-27_12:49:54
***************************
*      KSB test cycle3    *
***************************
===== KSB Memory test PASS =====

=======================================================
Running fpga-test on 02:00.0
=======================================================

Device Type                : Kalidah
EP Link Status             : Gen3 x8     PASSED 
GIT Hash                   : 0x0FAA0CFE
Device DNA                 : 0x400200000155AC694C90A4C5
Core Clock Frequency       :    250 MHz
SSD_0 present              :        Yes
SSD_1 present              :        Yes
KSB number                 :          1
Slice number               :          0
Temperature Master  Sysmon :      36.83  Cel
Temperature Slave 0 Sysmon :      37.30  Cel
Temperature Slave 1 Sysmon :      36.70  Cel
DDR4 capability            : ID_2, 16GB, VLP RDIMM w/ ECC, 1R, 16Gb x8 die, 2400 MT/s 
DDR4 calibration done      : 0x00000001  PASSED 
Unsupported Offset BAR3    : 0xFFFFFFFF  PASSED 
FPGA Version               : 0x00030006  PASSED 
DMA ch0 ctl. register      : 0x00008003  PASSED 
DMA ch1 ctl. register      : 0x00008013  PASSED 
DMA ch2 ctl. register      : 0x00008023  PASSED 
RP0 Link Status            : 0x70430000  PASSED 
Locating PCIe capabilities of SSD0 ...SSD0 Link Status           : 0x10430000  PASSED 
SSD0 Vendor/Dev ID         : 0xA808144D  PASSED  (Samsung)
RP1 Link Status            : 0x70430000  PASSED 
Locating PCIe capabilities of SSD1 ...SSD1 Link Status           : 0x10430000  PASSED 
SSD1 Vendor/Dev ID         : 0xA808144D  PASSED  (Samsung)
Global Fatal Interrupt     : 0x00000000  PASSED 
Global Non Fatal Interrupt : 0x00000000  PASSED 
  ____                 _
 |  _ \ __ _ ___ ___  | |
 | |_) / _` / __/ __| | |
 |  __/ (_| \__ \__ \ |_|
 |_|   \__,_|___/___/ (_)


=======================================================
Running fpga-test on 41:00.0
=======================================================

Device Type                : Kalidah
EP Link Status             : Gen3 x8     PASSED 
GIT Hash                   : 0x0FAA0CFE
Device DNA                 : 0x400200000155AC694C90A4C5
Core Clock Frequency       :    250 MHz
SSD_0 present              :        Yes
SSD_1 present              :        Yes
KSB number                 :          1
Slice number               :          1
DDR4 capability            : ID_2, 16GB, VLP RDIMM w/ ECC, 1R, 16Gb x8 die, 2400 MT/s 
DDR4 calibration done      : 0x00000001  PASSED 
Unsupported Offset BAR3    : 0xFFFFFFFF  PASSED 
FPGA Version               : 0x00030006  PASSED 
DMA ch0 ctl. register      : 0x00008003  PASSED 
DMA ch1 ctl. register      : 0x00008013  PASSED 
DMA ch2 ctl. register      : 0x00008023  PASSED 
RP0 Link Status            : 0x70430000  PASSED 
Locating PCIe capabilities of SSD0 ...SSD0 Link Status           : 0x10430000  PASSED 
SSD0 Vendor/Dev ID         : 0xA808144D  PASSED  (Samsung)
RP1 Link Status            : 0x70430000  PASSED 
Locating PCIe capabilities of SSD1 ...SSD1 Link Status           : 0x10430000  PASSED 
SSD1 Vendor/Dev ID         : 0xA808144D  PASSED  (Samsung)
Global Fatal Interrupt     : 0x00000000  PASSED 
Global Non Fatal Interrupt : 0x00000000  PASSED 
  ____                 _
 |  _ \ __ _ ___ ___  | |
 | |_) / _` / __/ __| | |
 |  __/ (_| \__ \__ \ |_|
 |_|   \__,_|___/___/ (_)


=======================================================
Running fpga-test on 84:00.0
=======================================================

Device Type                : Kalidah
EP Link Status             : Gen3 x8     PASSED 
GIT Hash                   : 0x0FAA0CFE
Device DNA                 : 0x400200000155AC694C812445
Core Clock Frequency       :    250 MHz
SSD_0 present              :        Yes
SSD_1 present              :        Yes
KSB number                 :          0
Slice number               :          1
DDR4 capability            : ID_2, 16GB, VLP RDIMM w/ ECC, 1R, 16Gb x8 die, 2400 MT/s 
DDR4 calibration done      : 0x00000001  PASSED 
Unsupported Offset BAR3    : 0xFFFFFFFF  PASSED 
FPGA Version               : 0x00030006  PASSED 
DMA ch0 ctl. register      : 0x00008003  PASSED 
DMA ch1 ctl. register      : 0x00008013  PASSED 
DMA ch2 ctl. register      : 0x00008023  PASSED 
RP0 Link Status            : 0x70430000  PASSED 
Locating PCIe capabilities of SSD0 ...SSD0 Link Status           : 0x10430000  PASSED 
SSD0 Vendor/Dev ID         : 0xA808144D  PASSED  (Samsung)
RP1 Link Status            : 0x70430000  PASSED 
Locating PCIe capabilities of SSD1 ...SSD1 Link Status           : 0x10430000  PASSED 
SSD1 Vendor/Dev ID         : 0xA808144D  PASSED  (Samsung)
Global Fatal Interrupt     : 0x00000000  PASSED 
Global Non Fatal Interrupt : 0x00000000  PASSED 
  ____                 _
 |  _ \ __ _ ___ ___  | |
 | |_) / _` / __/ __| | |
 |  __/ (_| \__ \__ \ |_|
 |_|   \__,_|___/___/ (_)


=======================================================
Running fpga-test on c1:00.0
=======================================================

Device Type                : Kalidah
EP Link Status             : Gen3 x8     PASSED 
GIT Hash                   : 0x0FAA0CFE
Device DNA                 : 0x400200000155AC694C812445
Core Clock Frequency       :    250 MHz
SSD_0 present              :        Yes
SSD_1 present              :        Yes
KSB number                 :          0
Slice number               :          0
Temperature Master  Sysmon :      36.73  Cel
Temperature Slave 0 Sysmon :      36.32  Cel
Temperature Slave 1 Sysmon :      35.22  Cel
DDR4 capability            : ID_2, 16GB, VLP RDIMM w/ ECC, 1R, 16Gb x8 die, 2400 MT/s 
DDR4 calibration done      : 0x00000001  PASSED 
Unsupported Offset BAR3    : 0xFFFFFFFF  PASSED 
FPGA Version               : 0x00030006  PASSED 
DMA ch0 ctl. register      : 0x00008003  PASSED 
DMA ch1 ctl. register      : 0x00008013  PASSED 
DMA ch2 ctl. register      : 0x00008023  PASSED 
RP0 Link Status            : 0x70430000  PASSED 
Locating PCIe capabilities of SSD0 ...SSD0 Link Status           : 0x10430000  PASSED 
SSD0 Vendor/Dev ID         : 0xA808144D  PASSED  (Samsung)
RP1 Link Status            : 0x70430000  PASSED 
Locating PCIe capabilities of SSD1 ...SSD1 Link Status           : 0x10430000  PASSED 
SSD1 Vendor/Dev ID         : 0xA808144D  PASSED  (Samsung)
Global Fatal Interrupt     : 0x00000000  PASSED 
Global Non Fatal Interrupt : 0x00000000  PASSED 
  ____                 _
 |  _ \ __ _ ___ ___  | |
 | |_) / _` / __/ __| | |
 |  __/ (_| \__ \__ \ |_|
 |_|   \__,_|___/___/ (_)


*****************************
*  CPU/Memory Stress cycle3 *
*****************************
============================
=        Stress Log        =
============================
2022/01/27-12:50:30(GMT) Log: Commandline - ./stressapptest -m 32 -C 32 -l /root/TinmanBI/STRESS.log -s 2400
2022/01/27-12:50:30(GMT) Stats: SAT revision 1.0.7_autoconf, 64 bit binary
2022/01/27-12:50:30(GMT) Log: root @ localhost.localdomain on Tue Sep 19 03:28:47 CST 2017 from open source release
2022/01/27-12:50:30(GMT) Log: 1 nodes, 128 cpus.
2022/01/27-12:50:30(GMT) Log: Total 515817 MB. Free 509980 MB. Hugepages 0 MB. Targeting 489834 MB (94%)
2022/01/27-12:50:30(GMT) Log: Prefer plain malloc memory allocation.
2022/01/27-12:50:30(GMT) Log: Using mmap() allocation at 0x7f6157fdb000.
2022/01/27-12:50:30(GMT) Stats: Starting SAT, 489834M, 2400 seconds
2022/01/27-12:51:04(GMT) Log: Region mask: 0x1
2022/01/27-12:51:14(GMT) Log: Seconds remaining: 2390
2022/01/27-12:51:24(GMT) Log: Seconds remaining: 2380
2022/01/27-12:51:34(GMT) Log: Seconds remaining: 2370
2022/01/27-12:51:44(GMT) Log: Seconds remaining: 2360
2022/01/27-12:51:54(GMT) Log: Seconds remaining: 2350
2022/01/27-12:52:04(GMT) Log: Seconds remaining: 2340
2022/01/27-12:52:14(GMT) Log: Seconds remaining: 2330
2022/01/27-12:52:24(GMT) Log: Seconds remaining: 2320
2022/01/27-12:52:34(GMT) Log: Seconds remaining: 2310
2022/01/27-12:52:44(GMT) Log: Seconds remaining: 2300
2022/01/27-12:52:54(GMT) Log: Seconds remaining: 2290
2022/01/27-12:53:04(GMT) Log: Seconds remaining: 2280
2022/01/27-12:53:14(GMT) Log: Seconds remaining: 2270
2022/01/27-12:53:24(GMT) Log: Seconds remaining: 2260
2022/01/27-12:53:34(GMT) Log: Seconds remaining: 2250
2022/01/27-12:53:44(GMT) Log: Seconds remaining: 2240
2022/01/27-12:53:54(GMT) Log: Seconds remaining: 2230
2022/01/27-12:54:04(GMT) Log: Seconds remaining: 2220
2022/01/27-12:54:14(GMT) Log: Seconds remaining: 2210
2022/01/27-12:54:24(GMT) Log: Seconds remaining: 2200
2022/01/27-12:54:34(GMT) Log: Seconds remaining: 2190
2022/01/27-12:54:44(GMT) Log: Seconds remaining: 2180
2022/01/27-12:54:54(GMT) Log: Seconds remaining: 2170
2022/01/27-12:55:04(GMT) Log: Seconds remaining: 2160
2022/01/27-12:55:14(GMT) Log: Seconds remaining: 2150
2022/01/27-12:55:24(GMT) Log: Seconds remaining: 2140
2022/01/27-12:55:34(GMT) Log: Seconds remaining: 2130
2022/01/27-12:55:44(GMT) Log: Seconds remaining: 2120
2022/01/27-12:55:54(GMT) Log: Seconds remaining: 2110
2022/01/27-12:56:04(GMT) Log: Seconds remaining: 2100
2022/01/27-12:56:14(GMT) Log: Seconds remaining: 2090
2022/01/27-12:56:24(GMT) Log: Seconds remaining: 2080
2022/01/27-12:56:34(GMT) Log: Seconds remaining: 2070
2022/01/27-12:56:44(GMT) Log: Seconds remaining: 2060
2022/01/27-12:56:54(GMT) Log: Seconds remaining: 2050
2022/01/27-12:57:04(GMT) Log: Seconds remaining: 2040
2022/01/27-12:57:14(GMT) Log: Seconds remaining: 2030
2022/01/27-12:57:24(GMT) Log: Seconds remaining: 2020
2022/01/27-12:57:34(GMT) Log: Seconds remaining: 2010
2022/01/27-12:57:44(GMT) Log: Seconds remaining: 2000
2022/01/27-12:57:54(GMT) Log: Seconds remaining: 1990
2022/01/27-12:58:04(GMT) Log: Seconds remaining: 1980
2022/01/27-12:58:14(GMT) Log: Seconds remaining: 1970
2022/01/27-12:58:24(GMT) Log: Seconds remaining: 1960
2022/01/27-12:58:34(GMT) Log: Seconds remaining: 1950
2022/01/27-12:58:44(GMT) Log: Seconds remaining: 1940
2022/01/27-12:58:54(GMT) Log: Seconds remaining: 1930
2022/01/27-12:59:04(GMT) Log: Seconds remaining: 1920
2022/01/27-12:59:14(GMT) Log: Seconds remaining: 1910
2022/01/27-12:59:24(GMT) Log: Seconds remaining: 1900
2022/01/27-12:59:34(GMT) Log: Seconds remaining: 1890
2022/01/27-12:59:44(GMT) Log: Seconds remaining: 1880
2022/01/27-12:59:54(GMT) Log: Seconds remaining: 1870
2022/01/27-13:00:04(GMT) Log: Seconds remaining: 1860
2022/01/27-13:00:14(GMT) Log: Seconds remaining: 1850
2022/01/27-13:00:24(GMT) Log: Seconds remaining: 1840
2022/01/27-13:00:34(GMT) Log: Seconds remaining: 1830
2022/01/27-13:00:44(GMT) Log: Seconds remaining: 1820
2022/01/27-13:00:54(GMT) Log: Seconds remaining: 1810
2022/01/27-13:01:04(GMT) Log: Seconds remaining: 1800
2022/01/27-13:01:04(GMT) Log: Pausing worker threads in preparation for power spike (1800 seconds remaining)
2022/01/27-13:01:14(GMT) Log: Seconds remaining: 1790
2022/01/27-13:01:19(GMT) Log: Resuming worker threads to cause a power spike (1785 seconds remaining)
2022/01/27-13:01:24(GMT) Log: Seconds remaining: 1780
2022/01/27-13:01:34(GMT) Log: Seconds remaining: 1770
2022/01/27-13:01:44(GMT) Log: Seconds remaining: 1760
2022/01/27-13:01:54(GMT) Log: Seconds remaining: 1750
2022/01/27-13:02:04(GMT) Log: Seconds remaining: 1740
2022/01/27-13:02:14(GMT) Log: Seconds remaining: 1730
2022/01/27-13:02:24(GMT) Log: Seconds remaining: 1720
2022/01/27-13:02:34(GMT) Log: Seconds remaining: 1710
2022/01/27-13:02:44(GMT) Log: Seconds remaining: 1700
2022/01/27-13:02:54(GMT) Log: Seconds remaining: 1690
2022/01/27-13:03:04(GMT) Log: Seconds remaining: 1680
2022/01/27-13:03:14(GMT) Log: Seconds remaining: 1670
2022/01/27-13:03:24(GMT) Log: Seconds remaining: 1660
2022/01/27-13:03:34(GMT) Log: Seconds remaining: 1650
2022/01/27-13:03:44(GMT) Log: Seconds remaining: 1640
2022/01/27-13:03:54(GMT) Log: Seconds remaining: 1630
2022/01/27-13:04:04(GMT) Log: Seconds remaining: 1620
2022/01/27-13:04:14(GMT) Log: Seconds remaining: 1610
2022/01/27-13:04:24(GMT) Log: Seconds remaining: 1600
2022/01/27-13:04:34(GMT) Log: Seconds remaining: 1590
2022/01/27-13:04:44(GMT) Log: Seconds remaining: 1580
2022/01/27-13:04:54(GMT) Log: Seconds remaining: 1570
2022/01/27-13:05:04(GMT) Log: Seconds remaining: 1560
2022/01/27-13:05:14(GMT) Log: Seconds remaining: 1550
2022/01/27-13:05:24(GMT) Log: Seconds remaining: 1540
2022/01/27-13:05:34(GMT) Log: Seconds remaining: 1530
2022/01/27-13:05:44(GMT) Log: Seconds remaining: 1520
2022/01/27-13:05:54(GMT) Log: Seconds remaining: 1510
2022/01/27-13:06:04(GMT) Log: Seconds remaining: 1500
2022/01/27-13:06:14(GMT) Log: Seconds remaining: 1490
2022/01/27-13:06:24(GMT) Log: Seconds remaining: 1480
2022/01/27-13:06:34(GMT) Log: Seconds remaining: 1470
2022/01/27-13:06:44(GMT) Log: Seconds remaining: 1460
2022/01/27-13:06:54(GMT) Log: Seconds remaining: 1450
2022/01/27-13:07:04(GMT) Log: Seconds remaining: 1440
2022/01/27-13:07:14(GMT) Log: Seconds remaining: 1430
2022/01/27-13:07:24(GMT) Log: Seconds remaining: 1420
2022/01/27-13:07:34(GMT) Log: Seconds remaining: 1410
2022/01/27-13:07:44(GMT) Log: Seconds remaining: 1400
2022/01/27-13:07:54(GMT) Log: Seconds remaining: 1390
2022/01/27-13:08:04(GMT) Log: Seconds remaining: 1380
2022/01/27-13:08:14(GMT) Log: Seconds remaining: 1370
2022/01/27-13:08:24(GMT) Log: Seconds remaining: 1360
2022/01/27-13:08:34(GMT) Log: Seconds remaining: 1350
2022/01/27-13:08:44(GMT) Log: Seconds remaining: 1340
2022/01/27-13:08:54(GMT) Log: Seconds remaining: 1330
2022/01/27-13:09:04(GMT) Log: Seconds remaining: 1320
2022/01/27-13:09:14(GMT) Log: Seconds remaining: 1310
2022/01/27-13:09:24(GMT) Log: Seconds remaining: 1300
2022/01/27-13:09:34(GMT) Log: Seconds remaining: 1290
2022/01/27-13:09:44(GMT) Log: Seconds remaining: 1280
2022/01/27-13:09:54(GMT) Log: Seconds remaining: 1270
2022/01/27-13:10:04(GMT) Log: Seconds remaining: 1260
2022/01/27-13:10:14(GMT) Log: Seconds remaining: 1250
2022/01/27-13:10:24(GMT) Log: Seconds remaining: 1240
2022/01/27-13:10:34(GMT) Log: Seconds remaining: 1230
2022/01/27-13:10:44(GMT) Log: Seconds remaining: 1220
2022/01/27-13:10:54(GMT) Log: Seconds remaining: 1210
2022/01/27-13:11:04(GMT) Log: Seconds remaining: 1200
2022/01/27-13:11:04(GMT) Log: Pausing worker threads in preparation for power spike (1200 seconds remaining)
2022/01/27-13:11:14(GMT) Log: Seconds remaining: 1190
2022/01/27-13:11:19(GMT) Log: Resuming worker threads to cause a power spike (1185 seconds remaining)
2022/01/27-13:11:24(GMT) Log: Seconds remaining: 1180
2022/01/27-13:11:34(GMT) Log: Seconds remaining: 1170
2022/01/27-13:11:44(GMT) Log: Seconds remaining: 1160
2022/01/27-13:11:54(GMT) Log: Seconds remaining: 1150
2022/01/27-13:12:04(GMT) Log: Seconds remaining: 1140
2022/01/27-13:12:14(GMT) Log: Seconds remaining: 1130
2022/01/27-13:12:24(GMT) Log: Seconds remaining: 1120
2022/01/27-13:12:34(GMT) Log: Seconds remaining: 1110
2022/01/27-13:12:44(GMT) Log: Seconds remaining: 1100
2022/01/27-13:12:54(GMT) Log: Seconds remaining: 1090
2022/01/27-13:13:04(GMT) Log: Seconds remaining: 1080
2022/01/27-13:13:14(GMT) Log: Seconds remaining: 1070
2022/01/27-13:13:24(GMT) Log: Seconds remaining: 1060
2022/01/27-13:13:34(GMT) Log: Seconds remaining: 1050
2022/01/27-13:13:44(GMT) Log: Seconds remaining: 1040
2022/01/27-13:13:54(GMT) Log: Seconds remaining: 1030
2022/01/27-13:14:04(GMT) Log: Seconds remaining: 1020
2022/01/27-13:14:14(GMT) Log: Seconds remaining: 1010
2022/01/27-13:14:24(GMT) Log: Seconds remaining: 1000
2022/01/27-13:14:34(GMT) Log: Seconds remaining: 990
2022/01/27-13:14:44(GMT) Log: Seconds remaining: 980
2022/01/27-13:14:54(GMT) Log: Seconds remaining: 970
2022/01/27-13:15:04(GMT) Log: Seconds remaining: 960
2022/01/27-13:15:14(GMT) Log: Seconds remaining: 950
2022/01/27-13:15:24(GMT) Log: Seconds remaining: 940
2022/01/27-13:15:34(GMT) Log: Seconds remaining: 930
2022/01/27-13:15:44(GMT) Log: Seconds remaining: 920
2022/01/27-13:15:54(GMT) Log: Seconds remaining: 910
2022/01/27-13:16:04(GMT) Log: Seconds remaining: 900
2022/01/27-13:16:14(GMT) Log: Seconds remaining: 890
2022/01/27-13:16:24(GMT) Log: Seconds remaining: 880
2022/01/27-13:16:34(GMT) Log: Seconds remaining: 870
2022/01/27-13:16:44(GMT) Log: Seconds remaining: 860
2022/01/27-13:16:54(GMT) Log: Seconds remaining: 850
2022/01/27-13:17:04(GMT) Log: Seconds remaining: 840
2022/01/27-13:17:14(GMT) Log: Seconds remaining: 830
2022/01/27-13:17:24(GMT) Log: Seconds remaining: 820
2022/01/27-13:17:34(GMT) Log: Seconds remaining: 810
2022/01/27-13:17:44(GMT) Log: Seconds remaining: 800
2022/01/27-13:17:54(GMT) Log: Seconds remaining: 790
2022/01/27-13:18:04(GMT) Log: Seconds remaining: 780
2022/01/27-13:18:14(GMT) Log: Seconds remaining: 770
2022/01/27-13:18:24(GMT) Log: Seconds remaining: 760
2022/01/27-13:18:34(GMT) Log: Seconds remaining: 750
2022/01/27-13:18:44(GMT) Log: Seconds remaining: 740
2022/01/27-13:18:54(GMT) Log: Seconds remaining: 730
2022/01/27-13:19:04(GMT) Log: Seconds remaining: 720
2022/01/27-13:19:14(GMT) Log: Seconds remaining: 710
2022/01/27-13:19:24(GMT) Log: Seconds remaining: 700
2022/01/27-13:19:34(GMT) Log: Seconds remaining: 690
2022/01/27-13:19:44(GMT) Log: Seconds remaining: 680
2022/01/27-13:19:54(GMT) Log: Seconds remaining: 670
2022/01/27-13:20:04(GMT) Log: Seconds remaining: 660
2022/01/27-13:20:14(GMT) Log: Seconds remaining: 650
2022/01/27-13:20:24(GMT) Log: Seconds remaining: 640
2022/01/27-13:20:34(GMT) Log: Seconds remaining: 630
2022/01/27-13:20:44(GMT) Log: Seconds remaining: 620
2022/01/27-13:20:54(GMT) Log: Seconds remaining: 610
2022/01/27-13:21:04(GMT) Log: Seconds remaining: 600
2022/01/27-13:21:04(GMT) Log: Pausing worker threads in preparation for power spike (600 seconds remaining)
2022/01/27-13:21:14(GMT) Log: Seconds remaining: 590
2022/01/27-13:21:19(GMT) Log: Resuming worker threads to cause a power spike (585 seconds remaining)
2022/01/27-13:21:24(GMT) Log: Seconds remaining: 580
2022/01/27-13:21:34(GMT) Log: Seconds remaining: 570
2022/01/27-13:21:44(GMT) Log: Seconds remaining: 560
2022/01/27-13:21:54(GMT) Log: Seconds remaining: 550
2022/01/27-13:22:04(GMT) Log: Seconds remaining: 540
2022/01/27-13:22:14(GMT) Log: Seconds remaining: 530
2022/01/27-13:22:24(GMT) Log: Seconds remaining: 520
2022/01/27-13:22:34(GMT) Log: Seconds remaining: 510
2022/01/27-13:22:44(GMT) Log: Seconds remaining: 500
2022/01/27-13:22:54(GMT) Log: Seconds remaining: 490
2022/01/27-13:23:04(GMT) Log: Seconds remaining: 480
2022/01/27-13:23:14(GMT) Log: Seconds remaining: 470
2022/01/27-13:23:24(GMT) Log: Seconds remaining: 460
2022/01/27-13:23:34(GMT) Log: Seconds remaining: 450
2022/01/27-13:23:44(GMT) Log: Seconds remaining: 440
2022/01/27-13:23:54(GMT) Log: Seconds remaining: 430
2022/01/27-13:24:04(GMT) Log: Seconds remaining: 420
2022/01/27-13:24:14(GMT) Log: Seconds remaining: 410
2022/01/27-13:24:24(GMT) Log: Seconds remaining: 400
2022/01/27-13:24:34(GMT) Log: Seconds remaining: 390
2022/01/27-13:24:44(GMT) Log: Seconds remaining: 380
2022/01/27-13:24:54(GMT) Log: Seconds remaining: 370
2022/01/27-13:25:04(GMT) Log: Seconds remaining: 360
2022/01/27-13:25:14(GMT) Log: Seconds remaining: 350
2022/01/27-13:25:24(GMT) Log: Seconds remaining: 340
2022/01/27-13:25:34(GMT) Log: Seconds remaining: 330
2022/01/27-13:25:44(GMT) Log: Seconds remaining: 320
2022/01/27-13:25:54(GMT) Log: Seconds remaining: 310
2022/01/27-13:26:04(GMT) Log: Seconds remaining: 300
2022/01/27-13:26:14(GMT) Log: Seconds remaining: 290
2022/01/27-13:26:24(GMT) Log: Seconds remaining: 280
2022/01/27-13:26:34(GMT) Log: Seconds remaining: 270
2022/01/27-13:26:44(GMT) Log: Seconds remaining: 260
2022/01/27-13:26:54(GMT) Log: Seconds remaining: 250
2022/01/27-13:27:04(GMT) Log: Seconds remaining: 240
2022/01/27-13:27:14(GMT) Log: Seconds remaining: 230
2022/01/27-13:27:24(GMT) Log: Seconds remaining: 220
2022/01/27-13:27:34(GMT) Log: Seconds remaining: 210
2022/01/27-13:27:44(GMT) Log: Seconds remaining: 200
2022/01/27-13:27:54(GMT) Log: Seconds remaining: 190
2022/01/27-13:28:04(GMT) Log: Seconds remaining: 180
2022/01/27-13:28:14(GMT) Log: Seconds remaining: 170
2022/01/27-13:28:24(GMT) Log: Seconds remaining: 160
2022/01/27-13:28:34(GMT) Log: Seconds remaining: 150
2022/01/27-13:28:44(GMT) Log: Seconds remaining: 140
2022/01/27-13:28:54(GMT) Log: Seconds remaining: 130
2022/01/27-13:29:04(GMT) Log: Seconds remaining: 120
2022/01/27-13:29:14(GMT) Log: Seconds remaining: 110
2022/01/27-13:29:24(GMT) Log: Seconds remaining: 100
2022/01/27-13:29:34(GMT) Log: Seconds remaining: 90
2022/01/27-13:29:44(GMT) Log: Seconds remaining: 80
2022/01/27-13:29:54(GMT) Log: Seconds remaining: 70
2022/01/27-13:30:04(GMT) Log: Seconds remaining: 60
2022/01/27-13:30:14(GMT) Log: Seconds remaining: 50
2022/01/27-13:30:24(GMT) Log: Seconds remaining: 40
2022/01/27-13:30:34(GMT) Log: Seconds remaining: 30
2022/01/27-13:30:44(GMT) Log: Seconds remaining: 20
2022/01/27-13:30:54(GMT) Log: Seconds remaining: 10
2022/01/27-13:31:10(GMT) Stats: Found 0 hardware incidents
2022/01/27-13:31:10(GMT) Stats: Completed: 195513184.00M in 2400.79s 81436.92MB/s, with 0 hardware incidents, 0 errors
2022/01/27-13:31:10(GMT) Stats: Memory Copy: 195513184.00M at 81461.31MB/s
2022/01/27-13:31:10(GMT) Stats: File Copy: 0.00M at 0.00MB/s
2022/01/27-13:31:10(GMT) Stats: Net Copy: 0.00M at 0.00MB/s
2022/01/27-13:31:10(GMT) Stats: Data Check: 0.00M at 0.00MB/s
2022/01/27-13:31:10(GMT) Stats: Invert Data: 0.00M at 0.00MB/s
2022/01/27-13:31:10(GMT) Stats: Disk: 0.00M at 0.00MB/s
2022/01/27-13:31:10(GMT) 
2022/01/27-13:31:10(GMT) Status: PASS - please verify no corrected errors
2022/01/27-13:31:10(GMT) 

============================
=          DMESG           =
============================
[ 6196.693777] perf: interrupt took too long (2520 > 2500), lowering kernel.perf_event_max_sample_rate to 79250
[ 6506.784839] perf: interrupt took too long (3198 > 3150), lowering kernel.perf_event_max_sample_rate to 62500
[ 6673.545326] perf: interrupt took too long (4004 > 3997), lowering kernel.perf_event_max_sample_rate to 49750
[ 7602.627743] perf: interrupt took too long (5095 > 5005), lowering kernel.perf_event_max_sample_rate to 39250

============================
=          BMC SEL         =
============================
=== No SEL logged ===


==============================================
=            Burn-In Test Cycle 4            =
==============================================
Test start time: 2022-01-27_13:31:37
***************************
*      KSB test cycle4    *
***************************
===== KSB Memory test PASS =====

=======================================================
Running fpga-test on 02:00.0
=======================================================

Device Type                : Kalidah
EP Link Status             : Gen3 x8     PASSED 
GIT Hash                   : 0x0FAA0CFE
Device DNA                 : 0x400200000155AC694C90A4C5
Core Clock Frequency       :    250 MHz
SSD_0 present              :        Yes
SSD_1 present              :        Yes
KSB number                 :          1
Slice number               :          0
Temperature Master  Sysmon :      35.97  Cel
Temperature Slave 0 Sysmon :      35.68  Cel
Temperature Slave 1 Sysmon :      34.91  Cel
DDR4 capability            : ID_2, 16GB, VLP RDIMM w/ ECC, 1R, 16Gb x8 die, 2400 MT/s 
DDR4 calibration done      : 0x00000001  PASSED 
Unsupported Offset BAR3    : 0xFFFFFFFF  PASSED 
FPGA Version               : 0x00030006  PASSED 
DMA ch0 ctl. register      : 0x00008003  PASSED 
DMA ch1 ctl. register      : 0x00008013  PASSED 
DMA ch2 ctl. register      : 0x00008023  PASSED 
RP0 Link Status            : 0x70430000  PASSED 
Locating PCIe capabilities of SSD0 ...SSD0 Link Status           : 0x10430000  PASSED 
SSD0 Vendor/Dev ID         : 0xA808144D  PASSED  (Samsung)
RP1 Link Status            : 0x70430000  PASSED 
Locating PCIe capabilities of SSD1 ...SSD1 Link Status           : 0x10430000  PASSED 
SSD1 Vendor/Dev ID         : 0xA808144D  PASSED  (Samsung)
Global Fatal Interrupt     : 0x00000000  PASSED 
Global Non Fatal Interrupt : 0x00000000  PASSED 
  ____                 _
 |  _ \ __ _ ___ ___  | |
 | |_) / _` / __/ __| | |
 |  __/ (_| \__ \__ \ |_|
 |_|   \__,_|___/___/ (_)


=======================================================
Running fpga-test on 41:00.0
=======================================================

Device Type                : Kalidah
EP Link Status             : Gen3 x8     PASSED 
GIT Hash                   : 0x0FAA0CFE
Device DNA                 : 0x400200000155AC694C90A4C5
Core Clock Frequency       :    250 MHz
SSD_0 present              :        Yes
SSD_1 present              :        Yes
KSB number                 :          1
Slice number               :          1
DDR4 capability            : ID_2, 16GB, VLP RDIMM w/ ECC, 1R, 16Gb x8 die, 2400 MT/s 
DDR4 calibration done      : 0x00000001  PASSED 
Unsupported Offset BAR3    : 0xFFFFFFFF  PASSED 
FPGA Version               : 0x00030006  PASSED 
DMA ch0 ctl. register      : 0x00008003  PASSED 
DMA ch1 ctl. register      : 0x00008013  PASSED 
DMA ch2 ctl. register      : 0x00008023  PASSED 
RP0 Link Status            : 0x70430000  PASSED 
Locating PCIe capabilities of SSD0 ...SSD0 Link Status           : 0x10430000  PASSED 
SSD0 Vendor/Dev ID         : 0xA808144D  PASSED  (Samsung)
RP1 Link Status            : 0x70430000  PASSED 
Locating PCIe capabilities of SSD1 ...SSD1 Link Status           : 0x10430000  PASSED 
SSD1 Vendor/Dev ID         : 0xA808144D  PASSED  (Samsung)
Global Fatal Interrupt     : 0x00000000  PASSED 
Global Non Fatal Interrupt : 0x00000000  PASSED 
  ____                 _
 |  _ \ __ _ ___ ___  | |
 | |_) / _` / __/ __| | |
 |  __/ (_| \__ \__ \ |_|
 |_|   \__,_|___/___/ (_)


=======================================================
Running fpga-test on 84:00.0
=======================================================

Device Type                : Kalidah
EP Link Status             : Gen3 x8     PASSED 
GIT Hash                   : 0x0FAA0CFE
Device DNA                 : 0x400200000155AC694C812445
Core Clock Frequency       :    250 MHz
SSD_0 present              :        Yes
SSD_1 present              :        Yes
KSB number                 :          0
Slice number               :          1
DDR4 capability            : ID_2, 16GB, VLP RDIMM w/ ECC, 1R, 16Gb x8 die, 2400 MT/s 
DDR4 calibration done      : 0x00000001  PASSED 
Unsupported Offset BAR3    : 0xFFFFFFFF  PASSED 
FPGA Version               : 0x00030006  PASSED 
DMA ch0 ctl. register      : 0x00008003  PASSED 
DMA ch1 ctl. register      : 0x00008013  PASSED 
DMA ch2 ctl. register      : 0x00008023  PASSED 
RP0 Link Status            : 0x70430000  PASSED 
Locating PCIe capabilities of SSD0 ...SSD0 Link Status           : 0x10430000  PASSED 
SSD0 Vendor/Dev ID         : 0xA808144D  PASSED  (Samsung)
RP1 Link Status            : 0x70430000  PASSED 
Locating PCIe capabilities of SSD1 ...SSD1 Link Status           : 0x10430000  PASSED 
SSD1 Vendor/Dev ID         : 0xA808144D  PASSED  (Samsung)
Global Fatal Interrupt     : 0x00000000  PASSED 
Global Non Fatal Interrupt : 0x00000000  PASSED 
  ____                 _
 |  _ \ __ _ ___ ___  | |
 | |_) / _` / __/ __| | |
 |  __/ (_| \__ \__ \ |_|
 |_|   \__,_|___/___/ (_)


=======================================================
Running fpga-test on c1:00.0
=======================================================

Device Type                : Kalidah
EP Link Status             : Gen3 x8     PASSED 
GIT Hash                   : 0x0FAA0CFE
Device DNA                 : 0x400200000155AC694C812445
Core Clock Frequency       :    250 MHz
SSD_0 present              :        Yes
SSD_1 present              :        Yes
KSB number                 :          0
Slice number               :          0
Temperature Master  Sysmon :      34.68  Cel
Temperature Slave 0 Sysmon :      34.84  Cel
Temperature Slave 1 Sysmon :      33.30  Cel
DDR4 capability            : ID_2, 16GB, VLP RDIMM w/ ECC, 1R, 16Gb x8 die, 2400 MT/s 
DDR4 calibration done      : 0x00000001  PASSED 
Unsupported Offset BAR3    : 0xFFFFFFFF  PASSED 
FPGA Version               : 0x00030006  PASSED 
DMA ch0 ctl. register      : 0x00008003  PASSED 
DMA ch1 ctl. register      : 0x00008013  PASSED 
DMA ch2 ctl. register      : 0x00008023  PASSED 
RP0 Link Status            : 0x70430000  PASSED 
Locating PCIe capabilities of SSD0 ...SSD0 Link Status           : 0x10430000  PASSED 
SSD0 Vendor/Dev ID         : 0xA808144D  PASSED  (Samsung)
RP1 Link Status            : 0x70430000  PASSED 
Locating PCIe capabilities of SSD1 ...SSD1 Link Status           : 0x10430000  PASSED 
SSD1 Vendor/Dev ID         : 0xA808144D  PASSED  (Samsung)
Global Fatal Interrupt     : 0x00000000  PASSED 
Global Non Fatal Interrupt : 0x00000000  PASSED 
  ____                 _
 |  _ \ __ _ ___ ___  | |
 | |_) / _` / __/ __| | |
 |  __/ (_| \__ \__ \ |_|
 |_|   \__,_|___/___/ (_)


*****************************
*  CPU/Memory Stress cycle4 *
*****************************
============================
=        Stress Log        =
============================
2022/01/27-13:32:13(GMT) Log: Commandline - ./stressapptest -m 32 -C 32 -l /root/TinmanBI/STRESS.log -s 2400
2022/01/27-13:32:13(GMT) Stats: SAT revision 1.0.7_autoconf, 64 bit binary
2022/01/27-13:32:13(GMT) Log: root @ localhost.localdomain on Tue Sep 19 03:28:47 CST 2017 from open source release
2022/01/27-13:32:13(GMT) Log: 1 nodes, 128 cpus.
2022/01/27-13:32:13(GMT) Log: Total 515817 MB. Free 509983 MB. Hugepages 0 MB. Targeting 489834 MB (94%)
2022/01/27-13:32:13(GMT) Log: Prefer plain malloc memory allocation.
2022/01/27-13:32:13(GMT) Log: Using mmap() allocation at 0x7f5b77171000.
2022/01/27-13:32:13(GMT) Stats: Starting SAT, 489834M, 2400 seconds
2022/01/27-13:32:49(GMT) Log: Region mask: 0x1
2022/01/27-13:32:59(GMT) Log: Seconds remaining: 2390
2022/01/27-13:33:09(GMT) Log: Seconds remaining: 2380
2022/01/27-13:33:19(GMT) Log: Seconds remaining: 2370
2022/01/27-13:33:29(GMT) Log: Seconds remaining: 2360
2022/01/27-13:33:39(GMT) Log: Seconds remaining: 2350
2022/01/27-13:33:49(GMT) Log: Seconds remaining: 2340
2022/01/27-13:33:59(GMT) Log: Seconds remaining: 2330
2022/01/27-13:34:09(GMT) Log: Seconds remaining: 2320
2022/01/27-13:34:19(GMT) Log: Seconds remaining: 2310
2022/01/27-13:34:29(GMT) Log: Seconds remaining: 2300
2022/01/27-13:34:39(GMT) Log: Seconds remaining: 2290
2022/01/27-13:34:49(GMT) Log: Seconds remaining: 2280
2022/01/27-13:34:59(GMT) Log: Seconds remaining: 2270
2022/01/27-13:35:09(GMT) Log: Seconds remaining: 2260
2022/01/27-13:35:19(GMT) Log: Seconds remaining: 2250
2022/01/27-13:35:29(GMT) Log: Seconds remaining: 2240
2022/01/27-13:35:39(GMT) Log: Seconds remaining: 2230
2022/01/27-13:35:49(GMT) Log: Seconds remaining: 2220
2022/01/27-13:35:59(GMT) Log: Seconds remaining: 2210
2022/01/27-13:36:09(GMT) Log: Seconds remaining: 2200
2022/01/27-13:36:19(GMT) Log: Seconds remaining: 2190
2022/01/27-13:36:29(GMT) Log: Seconds remaining: 2180
2022/01/27-13:36:39(GMT) Log: Seconds remaining: 2170
2022/01/27-13:36:49(GMT) Log: Seconds remaining: 2160
2022/01/27-13:36:59(GMT) Log: Seconds remaining: 2150
2022/01/27-13:37:09(GMT) Log: Seconds remaining: 2140
2022/01/27-13:37:19(GMT) Log: Seconds remaining: 2130
2022/01/27-13:37:29(GMT) Log: Seconds remaining: 2120
2022/01/27-13:37:39(GMT) Log: Seconds remaining: 2110
2022/01/27-13:37:49(GMT) Log: Seconds remaining: 2100
2022/01/27-13:37:59(GMT) Log: Seconds remaining: 2090
2022/01/27-13:38:09(GMT) Log: Seconds remaining: 2080
2022/01/27-13:38:19(GMT) Log: Seconds remaining: 2070
2022/01/27-13:38:29(GMT) Log: Seconds remaining: 2060
2022/01/27-13:38:39(GMT) Log: Seconds remaining: 2050
2022/01/27-13:38:49(GMT) Log: Seconds remaining: 2040
2022/01/27-13:38:59(GMT) Log: Seconds remaining: 2030
2022/01/27-13:39:09(GMT) Log: Seconds remaining: 2020
2022/01/27-13:39:19(GMT) Log: Seconds remaining: 2010
2022/01/27-13:39:29(GMT) Log: Seconds remaining: 2000
2022/01/27-13:39:39(GMT) Log: Seconds remaining: 1990
2022/01/27-13:39:49(GMT) Log: Seconds remaining: 1980
2022/01/27-13:39:59(GMT) Log: Seconds remaining: 1970
2022/01/27-13:40:09(GMT) Log: Seconds remaining: 1960
2022/01/27-13:40:19(GMT) Log: Seconds remaining: 1950
2022/01/27-13:40:29(GMT) Log: Seconds remaining: 1940
2022/01/27-13:40:39(GMT) Log: Seconds remaining: 1930
2022/01/27-13:40:49(GMT) Log: Seconds remaining: 1920
2022/01/27-13:40:59(GMT) Log: Seconds remaining: 1910
2022/01/27-13:41:09(GMT) Log: Seconds remaining: 1900
2022/01/27-13:41:19(GMT) Log: Seconds remaining: 1890
2022/01/27-13:41:29(GMT) Log: Seconds remaining: 1880
2022/01/27-13:41:39(GMT) Log: Seconds remaining: 1870
2022/01/27-13:41:49(GMT) Log: Seconds remaining: 1860
2022/01/27-13:41:59(GMT) Log: Seconds remaining: 1850
2022/01/27-13:42:09(GMT) Log: Seconds remaining: 1840
2022/01/27-13:42:19(GMT) Log: Seconds remaining: 1830
2022/01/27-13:42:29(GMT) Log: Seconds remaining: 1820
2022/01/27-13:42:39(GMT) Log: Seconds remaining: 1810
2022/01/27-13:42:49(GMT) Log: Seconds remaining: 1800
2022/01/27-13:42:49(GMT) Log: Pausing worker threads in preparation for power spike (1800 seconds remaining)
2022/01/27-13:42:59(GMT) Log: Seconds remaining: 1790
2022/01/27-13:43:04(GMT) Log: Resuming worker threads to cause a power spike (1785 seconds remaining)
2022/01/27-13:43:09(GMT) Log: Seconds remaining: 1780
2022/01/27-13:43:19(GMT) Log: Seconds remaining: 1770
2022/01/27-13:43:29(GMT) Log: Seconds remaining: 1760
2022/01/27-13:43:39(GMT) Log: Seconds remaining: 1750
2022/01/27-13:43:49(GMT) Log: Seconds remaining: 1740
2022/01/27-13:43:59(GMT) Log: Seconds remaining: 1730
2022/01/27-13:44:09(GMT) Log: Seconds remaining: 1720
2022/01/27-13:44:19(GMT) Log: Seconds remaining: 1710
2022/01/27-13:44:29(GMT) Log: Seconds remaining: 1700
2022/01/27-13:44:39(GMT) Log: Seconds remaining: 1690
2022/01/27-13:44:49(GMT) Log: Seconds remaining: 1680
2022/01/27-13:44:59(GMT) Log: Seconds remaining: 1670
2022/01/27-13:45:09(GMT) Log: Seconds remaining: 1660
2022/01/27-13:45:19(GMT) Log: Seconds remaining: 1650
2022/01/27-13:45:29(GMT) Log: Seconds remaining: 1640
2022/01/27-13:45:39(GMT) Log: Seconds remaining: 1630
2022/01/27-13:45:49(GMT) Log: Seconds remaining: 1620
2022/01/27-13:45:59(GMT) Log: Seconds remaining: 1610
2022/01/27-13:46:09(GMT) Log: Seconds remaining: 1600
2022/01/27-13:46:19(GMT) Log: Seconds remaining: 1590
2022/01/27-13:46:29(GMT) Log: Seconds remaining: 1580
2022/01/27-13:46:39(GMT) Log: Seconds remaining: 1570
2022/01/27-13:46:49(GMT) Log: Seconds remaining: 1560
2022/01/27-13:46:59(GMT) Log: Seconds remaining: 1550
2022/01/27-13:47:09(GMT) Log: Seconds remaining: 1540
2022/01/27-13:47:19(GMT) Log: Seconds remaining: 1530
2022/01/27-13:47:29(GMT) Log: Seconds remaining: 1520
2022/01/27-13:47:39(GMT) Log: Seconds remaining: 1510
2022/01/27-13:47:49(GMT) Log: Seconds remaining: 1500
2022/01/27-13:47:59(GMT) Log: Seconds remaining: 1490
2022/01/27-13:48:09(GMT) Log: Seconds remaining: 1480
2022/01/27-13:48:19(GMT) Log: Seconds remaining: 1470
2022/01/27-13:48:29(GMT) Log: Seconds remaining: 1460
2022/01/27-13:48:39(GMT) Log: Seconds remaining: 1450
2022/01/27-13:48:49(GMT) Log: Seconds remaining: 1440
2022/01/27-13:48:59(GMT) Log: Seconds remaining: 1430
2022/01/27-13:49:09(GMT) Log: Seconds remaining: 1420
2022/01/27-13:49:19(GMT) Log: Seconds remaining: 1410
2022/01/27-13:49:29(GMT) Log: Seconds remaining: 1400
2022/01/27-13:49:39(GMT) Log: Seconds remaining: 1390
2022/01/27-13:49:49(GMT) Log: Seconds remaining: 1380
2022/01/27-13:49:59(GMT) Log: Seconds remaining: 1370
2022/01/27-13:50:09(GMT) Log: Seconds remaining: 1360
2022/01/27-13:50:19(GMT) Log: Seconds remaining: 1350
2022/01/27-13:50:29(GMT) Log: Seconds remaining: 1340
2022/01/27-13:50:39(GMT) Log: Seconds remaining: 1330
2022/01/27-13:50:49(GMT) Log: Seconds remaining: 1320
2022/01/27-13:50:59(GMT) Log: Seconds remaining: 1310
2022/01/27-13:51:09(GMT) Log: Seconds remaining: 1300
2022/01/27-13:51:19(GMT) Log: Seconds remaining: 1290
2022/01/27-13:51:29(GMT) Log: Seconds remaining: 1280
2022/01/27-13:51:39(GMT) Log: Seconds remaining: 1270
2022/01/27-13:51:49(GMT) Log: Seconds remaining: 1260
2022/01/27-13:51:59(GMT) Log: Seconds remaining: 1250
2022/01/27-13:52:09(GMT) Log: Seconds remaining: 1240
2022/01/27-13:52:19(GMT) Log: Seconds remaining: 1230
2022/01/27-13:52:29(GMT) Log: Seconds remaining: 1220
2022/01/27-13:52:39(GMT) Log: Seconds remaining: 1210
2022/01/27-13:52:49(GMT) Log: Seconds remaining: 1200
2022/01/27-13:52:49(GMT) Log: Pausing worker threads in preparation for power spike (1200 seconds remaining)
2022/01/27-13:52:59(GMT) Log: Seconds remaining: 1190
2022/01/27-13:53:04(GMT) Log: Resuming worker threads to cause a power spike (1185 seconds remaining)
2022/01/27-13:53:09(GMT) Log: Seconds remaining: 1180
2022/01/27-13:53:19(GMT) Log: Seconds remaining: 1170
2022/01/27-13:53:29(GMT) Log: Seconds remaining: 1160
2022/01/27-13:53:39(GMT) Log: Seconds remaining: 1150
2022/01/27-13:53:49(GMT) Log: Seconds remaining: 1140
2022/01/27-13:53:59(GMT) Log: Seconds remaining: 1130
2022/01/27-13:54:09(GMT) Log: Seconds remaining: 1120
2022/01/27-13:54:19(GMT) Log: Seconds remaining: 1110
2022/01/27-13:54:29(GMT) Log: Seconds remaining: 1100
2022/01/27-13:54:39(GMT) Log: Seconds remaining: 1090
2022/01/27-13:54:49(GMT) Log: Seconds remaining: 1080
2022/01/27-13:54:59(GMT) Log: Seconds remaining: 1070
2022/01/27-13:55:09(GMT) Log: Seconds remaining: 1060
2022/01/27-13:55:19(GMT) Log: Seconds remaining: 1050
2022/01/27-13:55:29(GMT) Log: Seconds remaining: 1040
2022/01/27-13:55:39(GMT) Log: Seconds remaining: 1030
2022/01/27-13:55:49(GMT) Log: Seconds remaining: 1020
2022/01/27-13:55:59(GMT) Log: Seconds remaining: 1010
2022/01/27-13:56:09(GMT) Log: Seconds remaining: 1000
2022/01/27-13:56:19(GMT) Log: Seconds remaining: 990
2022/01/27-13:56:29(GMT) Log: Seconds remaining: 980
2022/01/27-13:56:39(GMT) Log: Seconds remaining: 970
2022/01/27-13:56:49(GMT) Log: Seconds remaining: 960
2022/01/27-13:56:59(GMT) Log: Seconds remaining: 950
2022/01/27-13:57:09(GMT) Log: Seconds remaining: 940
2022/01/27-13:57:19(GMT) Log: Seconds remaining: 930
2022/01/27-13:57:29(GMT) Log: Seconds remaining: 920
2022/01/27-13:57:39(GMT) Log: Seconds remaining: 910
2022/01/27-13:57:49(GMT) Log: Seconds remaining: 900
2022/01/27-13:57:59(GMT) Log: Seconds remaining: 890
2022/01/27-13:58:09(GMT) Log: Seconds remaining: 880
2022/01/27-13:58:19(GMT) Log: Seconds remaining: 870
2022/01/27-13:58:29(GMT) Log: Seconds remaining: 860
2022/01/27-13:58:39(GMT) Log: Seconds remaining: 850
2022/01/27-13:58:49(GMT) Log: Seconds remaining: 840
2022/01/27-13:58:59(GMT) Log: Seconds remaining: 830
2022/01/27-13:59:09(GMT) Log: Seconds remaining: 820
2022/01/27-13:59:19(GMT) Log: Seconds remaining: 810
2022/01/27-13:59:29(GMT) Log: Seconds remaining: 800
2022/01/27-13:59:39(GMT) Log: Seconds remaining: 790
2022/01/27-13:59:49(GMT) Log: Seconds remaining: 780
2022/01/27-13:59:59(GMT) Log: Seconds remaining: 770
2022/01/27-14:00:09(GMT) Log: Seconds remaining: 760
2022/01/27-14:00:19(GMT) Log: Seconds remaining: 750
2022/01/27-14:00:29(GMT) Log: Seconds remaining: 740
2022/01/27-14:00:39(GMT) Log: Seconds remaining: 730
2022/01/27-14:00:49(GMT) Log: Seconds remaining: 720
2022/01/27-14:00:59(GMT) Log: Seconds remaining: 710
2022/01/27-14:01:09(GMT) Log: Seconds remaining: 700
2022/01/27-14:01:19(GMT) Log: Seconds remaining: 690
2022/01/27-14:01:29(GMT) Log: Seconds remaining: 680
2022/01/27-14:01:39(GMT) Log: Seconds remaining: 670
2022/01/27-14:01:49(GMT) Log: Seconds remaining: 660
2022/01/27-14:01:59(GMT) Log: Seconds remaining: 650
2022/01/27-14:02:09(GMT) Log: Seconds remaining: 640
2022/01/27-14:02:19(GMT) Log: Seconds remaining: 630
2022/01/27-14:02:29(GMT) Log: Seconds remaining: 620
2022/01/27-14:02:39(GMT) Log: Seconds remaining: 610
2022/01/27-14:02:49(GMT) Log: Seconds remaining: 600
2022/01/27-14:02:49(GMT) Log: Pausing worker threads in preparation for power spike (600 seconds remaining)
2022/01/27-14:02:59(GMT) Log: Seconds remaining: 590
2022/01/27-14:03:04(GMT) Log: Resuming worker threads to cause a power spike (585 seconds remaining)
2022/01/27-14:03:09(GMT) Log: Seconds remaining: 580
2022/01/27-14:03:19(GMT) Log: Seconds remaining: 570
2022/01/27-14:03:29(GMT) Log: Seconds remaining: 560
2022/01/27-14:03:39(GMT) Log: Seconds remaining: 550
2022/01/27-14:03:49(GMT) Log: Seconds remaining: 540
2022/01/27-14:03:59(GMT) Log: Seconds remaining: 530
2022/01/27-14:04:09(GMT) Log: Seconds remaining: 520
2022/01/27-14:04:19(GMT) Log: Seconds remaining: 510
2022/01/27-14:04:29(GMT) Log: Seconds remaining: 500
2022/01/27-14:04:39(GMT) Log: Seconds remaining: 490
2022/01/27-14:04:49(GMT) Log: Seconds remaining: 480
2022/01/27-14:04:59(GMT) Log: Seconds remaining: 470
2022/01/27-14:05:09(GMT) Log: Seconds remaining: 460
2022/01/27-14:05:19(GMT) Log: Seconds remaining: 450
2022/01/27-14:05:29(GMT) Log: Seconds remaining: 440
2022/01/27-14:05:39(GMT) Log: Seconds remaining: 430
2022/01/27-14:05:49(GMT) Log: Seconds remaining: 420
2022/01/27-14:05:59(GMT) Log: Seconds remaining: 410
2022/01/27-14:06:09(GMT) Log: Seconds remaining: 400
2022/01/27-14:06:19(GMT) Log: Seconds remaining: 390
2022/01/27-14:06:29(GMT) Log: Seconds remaining: 380
2022/01/27-14:06:39(GMT) Log: Seconds remaining: 370
2022/01/27-14:06:49(GMT) Log: Seconds remaining: 360
2022/01/27-14:06:59(GMT) Log: Seconds remaining: 350
2022/01/27-14:07:09(GMT) Log: Seconds remaining: 340
2022/01/27-14:07:19(GMT) Log: Seconds remaining: 330
2022/01/27-14:07:29(GMT) Log: Seconds remaining: 320
2022/01/27-14:07:39(GMT) Log: Seconds remaining: 310
2022/01/27-14:07:49(GMT) Log: Seconds remaining: 300
2022/01/27-14:07:59(GMT) Log: Seconds remaining: 290
2022/01/27-14:08:09(GMT) Log: Seconds remaining: 280
2022/01/27-14:08:19(GMT) Log: Seconds remaining: 270
2022/01/27-14:08:29(GMT) Log: Seconds remaining: 260
2022/01/27-14:08:39(GMT) Log: Seconds remaining: 250
2022/01/27-14:08:49(GMT) Log: Seconds remaining: 240
2022/01/27-14:08:59(GMT) Log: Seconds remaining: 230
2022/01/27-14:09:09(GMT) Log: Seconds remaining: 220
2022/01/27-14:09:19(GMT) Log: Seconds remaining: 210
2022/01/27-14:09:29(GMT) Log: Seconds remaining: 200
2022/01/27-14:09:39(GMT) Log: Seconds remaining: 190
2022/01/27-14:09:49(GMT) Log: Seconds remaining: 180
2022/01/27-14:09:59(GMT) Log: Seconds remaining: 170
2022/01/27-14:10:09(GMT) Log: Seconds remaining: 160
2022/01/27-14:10:19(GMT) Log: Seconds remaining: 150
2022/01/27-14:10:29(GMT) Log: Seconds remaining: 140
2022/01/27-14:10:39(GMT) Log: Seconds remaining: 130
2022/01/27-14:10:49(GMT) Log: Seconds remaining: 120
2022/01/27-14:10:59(GMT) Log: Seconds remaining: 110
2022/01/27-14:11:09(GMT) Log: Seconds remaining: 100
2022/01/27-14:11:19(GMT) Log: Seconds remaining: 90
2022/01/27-14:11:29(GMT) Log: Seconds remaining: 80
2022/01/27-14:11:39(GMT) Log: Seconds remaining: 70
2022/01/27-14:11:49(GMT) Log: Seconds remaining: 60
2022/01/27-14:11:59(GMT) Log: Seconds remaining: 50
2022/01/27-14:12:09(GMT) Log: Seconds remaining: 40
2022/01/27-14:12:19(GMT) Log: Seconds remaining: 30
2022/01/27-14:12:29(GMT) Log: Seconds remaining: 20
2022/01/27-14:12:39(GMT) Log: Seconds remaining: 10
2022/01/27-14:12:56(GMT) Stats: Found 0 hardware incidents
2022/01/27-14:12:56(GMT) Stats: Completed: 195436944.00M in 2400.78s 81405.64MB/s, with 0 hardware incidents, 0 errors
2022/01/27-14:12:56(GMT) Stats: Memory Copy: 195436944.00M at 81429.75MB/s
2022/01/27-14:12:56(GMT) Stats: File Copy: 0.00M at 0.00MB/s
2022/01/27-14:12:56(GMT) Stats: Net Copy: 0.00M at 0.00MB/s
2022/01/27-14:12:56(GMT) Stats: Data Check: 0.00M at 0.00MB/s
2022/01/27-14:12:56(GMT) Stats: Invert Data: 0.00M at 0.00MB/s
2022/01/27-14:12:56(GMT) Stats: Disk: 0.00M at 0.00MB/s
2022/01/27-14:12:56(GMT) 
2022/01/27-14:12:56(GMT) Status: PASS - please verify no corrected errors
2022/01/27-14:12:56(GMT) 

============================
=          DMESG           =
============================
[ 6196.693777] perf: interrupt took too long (2520 > 2500), lowering kernel.perf_event_max_sample_rate to 79250
[ 6506.784839] perf: interrupt took too long (3198 > 3150), lowering kernel.perf_event_max_sample_rate to 62500
[ 6673.545326] perf: interrupt took too long (4004 > 3997), lowering kernel.perf_event_max_sample_rate to 49750
[ 7602.627743] perf: interrupt took too long (5095 > 5005), lowering kernel.perf_event_max_sample_rate to 39250

============================
=          BMC SEL         =
============================
=== No SEL logged ===


