      _____ _                              ____ ____       
     |_   _(_)_ __  _ __ ___   __ _ _ __  / ___|___ \      
       | | | | '_ \| '_ ` _ \ / _` | '_ \| |  _  __) |    
       | | | | | | | | | | | | (_| | | | | |_| |/ __/      
       |_| |_|_| |_|_| |_| |_|\__,_|_| |_|\____|_____|     
 ____                        ___         _____         _   
| __ ) _   _ _ __ _ __      |_ _|_ __   |_   _|__  ___| |_ 
|  _ \| | | | '__| '_ \ _____| || '_ \    | |/ _ \/ __| __|
| |_) | |_| | |  | | | |_____| || | | |   | |  __/\__ \ |_ 
|____/ \__,_|_|  |_| |_|    |___|_| |_|   |_|\___||___/\__|

==============================================
=            Burn-In Test Cycle 1            =
==============================================
Test start time: 2020-01-01_14:49:07
*****************************
* ib_write_bw test          *
*****************************
***************************
*      KSB test cycle1    *
***************************
===== KSB Memory test PASS =====

=======================================================
Running fpga-test on 02:00.0
=======================================================

Device Type                : Kalidah
EP Link Status             : Gen3 x8     PASSED 
GIT Hash                   : 0x0FAA0CFE
Device DNA                 : 0x400200000155AC694D80A405
Core Clock Frequency       :    250 MHz
SSD_0 present              :        Yes
SSD_1 present              :        Yes
KSB number                 :          1
Slice number               :          0
Temperature Master  Sysmon :      36.42  Cel
Temperature Slave 0 Sysmon :      34.30  Cel
Temperature Slave 1 Sysmon :      35.95  Cel
DDR4 capability            : ID_2, 16GB, VLP RDIMM w/ ECC, 1R, 16Gb x8 die, 2400 MT/s 
DDR4 calibration done      : 0x00000001  PASSED 
Unsupported Offset BAR3    : 0xFFFFFFFF  PASSED 
FPGA Version               : 0x00030006  PASSED 
DMA ch0 ctl. register      : 0x00008003  PASSED 
DMA ch1 ctl. register      : 0x00008013  PASSED 
DMA ch2 ctl. register      : 0x00008023  PASSED 
RP0 Link Status            : 0x70430000  PASSED 
Locating PCIe capabilities of SSD0 ...SSD0 Link Status           : 0x10430000  PASSED 
SSD0 Vendor/Dev ID         : 0xA808144D  PASSED  (Samsung)
RP1 Link Status            : 0x70430000  PASSED 
Locating PCIe capabilities of SSD1 ...SSD1 Link Status           : 0x10430000  PASSED 
SSD1 Vendor/Dev ID         : 0xA808144D  PASSED  (Samsung)
Global Fatal Interrupt     : 0x00000000  PASSED 
Global Non Fatal Interrupt : 0x00000000  PASSED 
  ____                 _
 |  _ \ __ _ ___ ___  | |
 | |_) / _` / __/ __| | |
 |  __/ (_| \__ \__ \ |_|
 |_|   \__,_|___/___/ (_)


=======================================================
Running fpga-test on 41:00.0
=======================================================

Device Type                : Kalidah
EP Link Status             : Gen3 x8     PASSED 
GIT Hash                   : 0x0FAA0CFE
Device DNA                 : 0x400200000155AC694D80A405
Core Clock Frequency       :    250 MHz
SSD_0 present              :        Yes
SSD_1 present              :        Yes
KSB number                 :          1
Slice number               :          1
DDR4 capability            : ID_2, 16GB, VLP RDIMM w/ ECC, 1R, 16Gb x8 die, 2400 MT/s 
DDR4 calibration done      : 0x00000001  PASSED 
Unsupported Offset BAR3    : 0xFFFFFFFF  PASSED 
FPGA Version               : 0x00030006  PASSED 
DMA ch0 ctl. register      : 0x00008003  PASSED 
DMA ch1 ctl. register      : 0x00008013  PASSED 
DMA ch2 ctl. register      : 0x00008023  PASSED 
RP0 Link Status            : 0x70430000  PASSED 
Locating PCIe capabilities of SSD0 ...SSD0 Link Status           : 0x10430000  PASSED 
SSD0 Vendor/Dev ID         : 0xA808144D  PASSED  (Samsung)
RP1 Link Status            : 0x70430000  PASSED 
Locating PCIe capabilities of SSD1 ...SSD1 Link Status           : 0x10430000  PASSED 
SSD1 Vendor/Dev ID         : 0xA808144D  PASSED  (Samsung)
Global Fatal Interrupt     : 0x00000000  PASSED 
Global Non Fatal Interrupt : 0x00000000  PASSED 
  ____                 _
 |  _ \ __ _ ___ ___  | |
 | |_) / _` / __/ __| | |
 |  __/ (_| \__ \__ \ |_|
 |_|   \__,_|___/___/ (_)


=======================================================
Running fpga-test on 84:00.0
=======================================================

Device Type                : Kalidah
EP Link Status             : Gen3 x8     PASSED 
GIT Hash                   : 0x0FAA0CFE
Device DNA                 : 0x400200000155AC694D906285
Core Clock Frequency       :    250 MHz
SSD_0 present              :        Yes
SSD_1 present              :        Yes
KSB number                 :          0
Slice number               :          1
DDR4 capability            : ID_2, 16GB, VLP RDIMM w/ ECC, 1R, 16Gb x8 die, 2400 MT/s 
DDR4 calibration done      : 0x00000001  PASSED 
Unsupported Offset BAR3    : 0xFFFFFFFF  PASSED 
FPGA Version               : 0x00030006  PASSED 
DMA ch0 ctl. register      : 0x00008003  PASSED 
DMA ch1 ctl. register      : 0x00008013  PASSED 
DMA ch2 ctl. register      : 0x00008023  PASSED 
RP0 Link Status            : 0x70430000  PASSED 
Locating PCIe capabilities of SSD0 ...SSD0 Link Status           : 0x10430000  PASSED 
SSD0 Vendor/Dev ID         : 0xA808144D  PASSED  (Samsung)
RP1 Link Status            : 0x70430000  PASSED 
Locating PCIe capabilities of SSD1 ...SSD1 Link Status           : 0x10430000  PASSED 
SSD1 Vendor/Dev ID         : 0xA808144D  PASSED  (Samsung)
Global Fatal Interrupt     : 0x00000000  PASSED 
Global Non Fatal Interrupt : 0x00000000  PASSED 
  ____                 _
 |  _ \ __ _ ___ ___  | |
 | |_) / _` / __/ __| | |
 |  __/ (_| \__ \__ \ |_|
 |_|   \__,_|___/___/ (_)


=======================================================
Running fpga-test on c1:00.0
=======================================================

Device Type                : Kalidah
EP Link Status             : Gen3 x8     PASSED 
GIT Hash                   : 0x0FAA0CFE
Device DNA                 : 0x400200000155AC694D906285
Core Clock Frequency       :    250 MHz
SSD_0 present              :        Yes
SSD_1 present              :        Yes
KSB number                 :          0
Slice number               :          0
Temperature Master  Sysmon :      36.15  Cel
Temperature Slave 0 Sysmon :      35.81  Cel
Temperature Slave 1 Sysmon :      34.80  Cel
DDR4 capability            : ID_2, 16GB, VLP RDIMM w/ ECC, 1R, 16Gb x8 die, 2400 MT/s 
DDR4 calibration done      : 0x00000001  PASSED 
Unsupported Offset BAR3    : 0xFFFFFFFF  PASSED 
FPGA Version               : 0x00030006  PASSED 
DMA ch0 ctl. register      : 0x00008003  PASSED 
DMA ch1 ctl. register      : 0x00008013  PASSED 
DMA ch2 ctl. register      : 0x00008023  PASSED 
RP0 Link Status            : 0x70430000  PASSED 
Locating PCIe capabilities of SSD0 ...SSD0 Link Status           : 0x10430000  PASSED 
SSD0 Vendor/Dev ID         : 0xA808144D  PASSED  (Samsung)
RP1 Link Status            : 0x70430000  PASSED 
Locating PCIe capabilities of SSD1 ...SSD1 Link Status           : 0x10430000  PASSED 
SSD1 Vendor/Dev ID         : 0xA808144D  PASSED  (Samsung)
Global Fatal Interrupt     : 0x00000000  PASSED 
Global Non Fatal Interrupt : 0x00000000  PASSED 
  ____                 _
 |  _ \ __ _ ___ ___  | |
 | |_) / _` / __/ __| | |
 |  __/ (_| \__ \__ \ |_|
 |_|   \__,_|___/___/ (_)


*****************************
*  CPU/Memory Stress cycle1 *
*****************************
============================
=        Stress Log        =
============================
2020/01/01-15:06:33(GMT) Log: Commandline - ./stressapptest -m 32 -C 32 -l /root/TinmanBI/STRESS.log -s 2400
2020/01/01-15:06:33(GMT) Stats: SAT revision 1.0.7_autoconf, 64 bit binary
2020/01/01-15:06:33(GMT) Log: root @ localhost.localdomain on Tue Sep 19 03:28:47 CST 2017 from open source release
2020/01/01-15:06:33(GMT) Log: 1 nodes, 128 cpus.
2020/01/01-15:06:33(GMT) Log: Total 515817 MB. Free 510050 MB. Hugepages 0 MB. Targeting 489834 MB (94%)
2020/01/01-15:06:33(GMT) Log: Prefer plain malloc memory allocation.
2020/01/01-15:06:33(GMT) Log: Using mmap() allocation at 0x7f2170c2e000.
2020/01/01-15:06:33(GMT) Stats: Starting SAT, 489834M, 2400 seconds
2020/01/01-15:07:11(GMT) Log: Region mask: 0x1
2020/01/01-15:07:21(GMT) Log: Seconds remaining: 2390
2020/01/01-15:07:31(GMT) Log: Seconds remaining: 2380
2020/01/01-15:07:41(GMT) Log: Seconds remaining: 2370
2020/01/01-15:07:51(GMT) Log: Seconds remaining: 2360
2020/01/01-15:08:01(GMT) Log: Seconds remaining: 2350
2020/01/01-15:08:11(GMT) Log: Seconds remaining: 2340
2020/01/01-15:08:21(GMT) Log: Seconds remaining: 2330
2020/01/01-15:08:31(GMT) Log: Seconds remaining: 2320
2020/01/01-15:08:41(GMT) Log: Seconds remaining: 2310
2020/01/01-15:08:51(GMT) Log: Seconds remaining: 2300
2020/01/01-15:09:01(GMT) Log: Seconds remaining: 2290
2020/01/01-15:09:11(GMT) Log: Seconds remaining: 2280
2020/01/01-15:09:21(GMT) Log: Seconds remaining: 2270
2020/01/01-15:09:31(GMT) Log: Seconds remaining: 2260
2020/01/01-15:09:41(GMT) Log: Seconds remaining: 2250
2020/01/01-15:09:51(GMT) Log: Seconds remaining: 2240
2020/01/01-15:10:01(GMT) Log: Seconds remaining: 2230
2020/01/01-15:10:11(GMT) Log: Seconds remaining: 2220
2020/01/01-15:10:21(GMT) Log: Seconds remaining: 2210
2020/01/01-15:10:31(GMT) Log: Seconds remaining: 2200
2020/01/01-15:10:41(GMT) Log: Seconds remaining: 2190
2020/01/01-15:10:51(GMT) Log: Seconds remaining: 2180
2020/01/01-15:11:01(GMT) Log: Seconds remaining: 2170
2020/01/01-15:11:11(GMT) Log: Seconds remaining: 2160
2020/01/01-15:11:21(GMT) Log: Seconds remaining: 2150
2020/01/01-15:11:31(GMT) Log: Seconds remaining: 2140
2020/01/01-15:11:41(GMT) Log: Seconds remaining: 2130
2020/01/01-15:11:51(GMT) Log: Seconds remaining: 2120
2020/01/01-15:12:01(GMT) Log: Seconds remaining: 2110
2020/01/01-15:12:11(GMT) Log: Seconds remaining: 2100
2020/01/01-15:12:21(GMT) Log: Seconds remaining: 2090
2020/01/01-15:12:31(GMT) Log: Seconds remaining: 2080
2020/01/01-15:12:41(GMT) Log: Seconds remaining: 2070
2020/01/01-15:12:51(GMT) Log: Seconds remaining: 2060
2020/01/01-15:13:01(GMT) Log: Seconds remaining: 2050
2020/01/01-15:13:11(GMT) Log: Seconds remaining: 2040
2020/01/01-15:13:21(GMT) Log: Seconds remaining: 2030
2020/01/01-15:13:31(GMT) Log: Seconds remaining: 2020
2020/01/01-15:13:41(GMT) Log: Seconds remaining: 2010
2020/01/01-15:13:51(GMT) Log: Seconds remaining: 2000
2020/01/01-15:14:01(GMT) Log: Seconds remaining: 1990
2020/01/01-15:14:11(GMT) Log: Seconds remaining: 1980
2020/01/01-15:14:21(GMT) Log: Seconds remaining: 1970
2020/01/01-15:14:31(GMT) Log: Seconds remaining: 1960
2020/01/01-15:14:41(GMT) Log: Seconds remaining: 1950
2020/01/01-15:14:51(GMT) Log: Seconds remaining: 1940
2020/01/01-15:15:01(GMT) Log: Seconds remaining: 1930
2020/01/01-15:15:11(GMT) Log: Seconds remaining: 1920
2020/01/01-15:15:21(GMT) Log: Seconds remaining: 1910
2020/01/01-15:15:31(GMT) Log: Seconds remaining: 1900
2020/01/01-15:15:41(GMT) Log: Seconds remaining: 1890
2020/01/01-15:15:51(GMT) Log: Seconds remaining: 1880
2020/01/01-15:16:01(GMT) Log: Seconds remaining: 1870
2020/01/01-15:16:11(GMT) Log: Seconds remaining: 1860
2020/01/01-15:16:21(GMT) Log: Seconds remaining: 1850
2020/01/01-15:16:31(GMT) Log: Seconds remaining: 1840
2020/01/01-15:16:41(GMT) Log: Seconds remaining: 1830
2020/01/01-15:16:51(GMT) Log: Seconds remaining: 1820
2020/01/01-15:17:01(GMT) Log: Seconds remaining: 1810
2020/01/01-15:17:11(GMT) Log: Seconds remaining: 1800
2020/01/01-15:17:11(GMT) Log: Pausing worker threads in preparation for power spike (1800 seconds remaining)
2020/01/01-15:17:21(GMT) Log: Seconds remaining: 1790
2020/01/01-15:17:26(GMT) Log: Resuming worker threads to cause a power spike (1785 seconds remaining)
2020/01/01-15:17:31(GMT) Log: Seconds remaining: 1780
2020/01/01-15:17:41(GMT) Log: Seconds remaining: 1770
2020/01/01-15:17:51(GMT) Log: Seconds remaining: 1760
2020/01/01-15:18:01(GMT) Log: Seconds remaining: 1750
2020/01/01-15:18:11(GMT) Log: Seconds remaining: 1740
2020/01/01-15:18:21(GMT) Log: Seconds remaining: 1730
2020/01/01-15:18:31(GMT) Log: Seconds remaining: 1720
2020/01/01-15:18:41(GMT) Log: Seconds remaining: 1710
2020/01/01-15:18:51(GMT) Log: Seconds remaining: 1700
2020/01/01-15:19:01(GMT) Log: Seconds remaining: 1690
2020/01/01-15:19:11(GMT) Log: Seconds remaining: 1680
2020/01/01-15:19:21(GMT) Log: Seconds remaining: 1670
2020/01/01-15:19:31(GMT) Log: Seconds remaining: 1660
2020/01/01-15:19:41(GMT) Log: Seconds remaining: 1650
2020/01/01-15:19:51(GMT) Log: Seconds remaining: 1640
2020/01/01-15:20:01(GMT) Log: Seconds remaining: 1630
2020/01/01-15:20:11(GMT) Log: Seconds remaining: 1620
2020/01/01-15:20:21(GMT) Log: Seconds remaining: 1610
2020/01/01-15:20:31(GMT) Log: Seconds remaining: 1600
2020/01/01-15:20:41(GMT) Log: Seconds remaining: 1590
2020/01/01-15:20:51(GMT) Log: Seconds remaining: 1580
2020/01/01-15:21:01(GMT) Log: Seconds remaining: 1570
2020/01/01-15:21:11(GMT) Log: Seconds remaining: 1560
2020/01/01-15:21:21(GMT) Log: Seconds remaining: 1550
2020/01/01-15:21:31(GMT) Log: Seconds remaining: 1540
2020/01/01-15:21:41(GMT) Log: Seconds remaining: 1530
2020/01/01-15:21:51(GMT) Log: Seconds remaining: 1520
2020/01/01-15:22:01(GMT) Log: Seconds remaining: 1510
2020/01/01-15:22:11(GMT) Log: Seconds remaining: 1500
2020/01/01-15:22:21(GMT) Log: Seconds remaining: 1490
2020/01/01-15:22:31(GMT) Log: Seconds remaining: 1480
2020/01/01-15:22:41(GMT) Log: Seconds remaining: 1470
2020/01/01-15:22:51(GMT) Log: Seconds remaining: 1460
2020/01/01-15:23:01(GMT) Log: Seconds remaining: 1450
2020/01/01-15:23:11(GMT) Log: Seconds remaining: 1440
2020/01/01-15:23:21(GMT) Log: Seconds remaining: 1430
2020/01/01-15:23:31(GMT) Log: Seconds remaining: 1420
2020/01/01-15:23:41(GMT) Log: Seconds remaining: 1410
2020/01/01-15:23:51(GMT) Log: Seconds remaining: 1400
2020/01/01-15:24:01(GMT) Log: Seconds remaining: 1390
2020/01/01-15:24:11(GMT) Log: Seconds remaining: 1380
2020/01/01-15:24:21(GMT) Log: Seconds remaining: 1370
2020/01/01-15:24:31(GMT) Log: Seconds remaining: 1360
2020/01/01-15:24:41(GMT) Log: Seconds remaining: 1350
2020/01/01-15:24:51(GMT) Log: Seconds remaining: 1340
2020/01/01-15:25:01(GMT) Log: Seconds remaining: 1330
2020/01/01-15:25:11(GMT) Log: Seconds remaining: 1320
2020/01/01-15:25:21(GMT) Log: Seconds remaining: 1310
2020/01/01-15:25:31(GMT) Log: Seconds remaining: 1300
2020/01/01-15:25:41(GMT) Log: Seconds remaining: 1290
2020/01/01-15:25:51(GMT) Log: Seconds remaining: 1280
2020/01/01-15:26:01(GMT) Log: Seconds remaining: 1270
2020/01/01-15:26:11(GMT) Log: Seconds remaining: 1260
2020/01/01-15:26:21(GMT) Log: Seconds remaining: 1250
2020/01/01-15:26:31(GMT) Log: Seconds remaining: 1240
2020/01/01-15:26:41(GMT) Log: Seconds remaining: 1230
2020/01/01-15:26:51(GMT) Log: Seconds remaining: 1220
2020/01/01-15:27:01(GMT) Log: Seconds remaining: 1210
2020/01/01-15:27:11(GMT) Log: Seconds remaining: 1200
2020/01/01-15:27:11(GMT) Log: Pausing worker threads in preparation for power spike (1200 seconds remaining)
2020/01/01-15:27:21(GMT) Log: Seconds remaining: 1190
2020/01/01-15:27:26(GMT) Log: Resuming worker threads to cause a power spike (1185 seconds remaining)
2020/01/01-15:27:31(GMT) Log: Seconds remaining: 1180
2020/01/01-15:27:41(GMT) Log: Seconds remaining: 1170
2020/01/01-15:27:51(GMT) Log: Seconds remaining: 1160
2020/01/01-15:28:01(GMT) Log: Seconds remaining: 1150
2020/01/01-15:28:11(GMT) Log: Seconds remaining: 1140
2020/01/01-15:28:21(GMT) Log: Seconds remaining: 1130
2020/01/01-15:28:31(GMT) Log: Seconds remaining: 1120
2020/01/01-15:28:41(GMT) Log: Seconds remaining: 1110
2020/01/01-15:28:51(GMT) Log: Seconds remaining: 1100
2020/01/01-15:29:01(GMT) Log: Seconds remaining: 1090
2020/01/01-15:29:11(GMT) Log: Seconds remaining: 1080
2020/01/01-15:29:21(GMT) Log: Seconds remaining: 1070
2020/01/01-15:29:31(GMT) Log: Seconds remaining: 1060
2020/01/01-15:29:41(GMT) Log: Seconds remaining: 1050
2020/01/01-15:29:51(GMT) Log: Seconds remaining: 1040
2020/01/01-15:30:01(GMT) Log: Seconds remaining: 1030
2020/01/01-15:30:11(GMT) Log: Seconds remaining: 1020
2020/01/01-15:30:21(GMT) Log: Seconds remaining: 1010
2020/01/01-15:30:31(GMT) Log: Seconds remaining: 1000
2020/01/01-15:30:41(GMT) Log: Seconds remaining: 990
2020/01/01-15:30:51(GMT) Log: Seconds remaining: 980
2020/01/01-15:31:01(GMT) Log: Seconds remaining: 970
2020/01/01-15:31:11(GMT) Log: Seconds remaining: 960
2020/01/01-15:31:21(GMT) Log: Seconds remaining: 950
2020/01/01-15:31:31(GMT) Log: Seconds remaining: 940
2020/01/01-15:31:41(GMT) Log: Seconds remaining: 930
2020/01/01-15:31:51(GMT) Log: Seconds remaining: 920
2020/01/01-15:32:01(GMT) Log: Seconds remaining: 910
2020/01/01-15:32:11(GMT) Log: Seconds remaining: 900
2020/01/01-15:32:21(GMT) Log: Seconds remaining: 890
2020/01/01-15:32:31(GMT) Log: Seconds remaining: 880
2020/01/01-15:32:41(GMT) Log: Seconds remaining: 870
2020/01/01-15:32:51(GMT) Log: Seconds remaining: 860
2020/01/01-15:33:01(GMT) Log: Seconds remaining: 850
2020/01/01-15:33:11(GMT) Log: Seconds remaining: 840
2020/01/01-15:33:21(GMT) Log: Seconds remaining: 830
2020/01/01-15:33:31(GMT) Log: Seconds remaining: 820
2020/01/01-15:33:41(GMT) Log: Seconds remaining: 810
2020/01/01-15:33:51(GMT) Log: Seconds remaining: 800
2020/01/01-15:34:01(GMT) Log: Seconds remaining: 790
2020/01/01-15:34:11(GMT) Log: Seconds remaining: 780
2020/01/01-15:34:21(GMT) Log: Seconds remaining: 770
2020/01/01-15:34:31(GMT) Log: Seconds remaining: 760
2020/01/01-15:34:41(GMT) Log: Seconds remaining: 750
2020/01/01-15:34:51(GMT) Log: Seconds remaining: 740
2020/01/01-15:35:01(GMT) Log: Seconds remaining: 730
2020/01/01-15:35:11(GMT) Log: Seconds remaining: 720
2020/01/01-15:35:21(GMT) Log: Seconds remaining: 710
2020/01/01-15:35:31(GMT) Log: Seconds remaining: 700
2020/01/01-15:35:41(GMT) Log: Seconds remaining: 690
2020/01/01-15:35:51(GMT) Log: Seconds remaining: 680
2020/01/01-15:36:01(GMT) Log: Seconds remaining: 670
2020/01/01-15:36:11(GMT) Log: Seconds remaining: 660
2020/01/01-15:36:21(GMT) Log: Seconds remaining: 650
2020/01/01-15:36:31(GMT) Log: Seconds remaining: 640
2020/01/01-15:36:41(GMT) Log: Seconds remaining: 630
2020/01/01-15:36:51(GMT) Log: Seconds remaining: 620
2020/01/01-15:37:01(GMT) Log: Seconds remaining: 610
2020/01/01-15:37:11(GMT) Log: Seconds remaining: 600
2020/01/01-15:37:11(GMT) Log: Pausing worker threads in preparation for power spike (600 seconds remaining)
2020/01/01-15:37:21(GMT) Log: Seconds remaining: 590
2020/01/01-15:37:26(GMT) Log: Resuming worker threads to cause a power spike (585 seconds remaining)
2020/01/01-15:37:31(GMT) Log: Seconds remaining: 580
2020/01/01-15:37:41(GMT) Log: Seconds remaining: 570
2020/01/01-15:37:51(GMT) Log: Seconds remaining: 560
2020/01/01-15:38:01(GMT) Log: Seconds remaining: 550
2020/01/01-15:38:11(GMT) Log: Seconds remaining: 540
2020/01/01-15:38:21(GMT) Log: Seconds remaining: 530
2020/01/01-15:38:31(GMT) Log: Seconds remaining: 520
2020/01/01-15:38:41(GMT) Log: Seconds remaining: 510
2020/01/01-15:38:51(GMT) Log: Seconds remaining: 500
2020/01/01-15:39:01(GMT) Log: Seconds remaining: 490
2020/01/01-15:39:11(GMT) Log: Seconds remaining: 480
2020/01/01-15:39:21(GMT) Log: Seconds remaining: 470
2020/01/01-15:39:31(GMT) Log: Seconds remaining: 460
2020/01/01-15:39:41(GMT) Log: Seconds remaining: 450
2020/01/01-15:39:51(GMT) Log: Seconds remaining: 440
2020/01/01-15:40:01(GMT) Log: Seconds remaining: 430
2020/01/01-15:40:11(GMT) Log: Seconds remaining: 420
2020/01/01-15:40:21(GMT) Log: Seconds remaining: 410
2020/01/01-15:40:31(GMT) Log: Seconds remaining: 400
2020/01/01-15:40:41(GMT) Log: Seconds remaining: 390
2020/01/01-15:40:51(GMT) Log: Seconds remaining: 380
2020/01/01-15:41:01(GMT) Log: Seconds remaining: 370
2020/01/01-15:41:11(GMT) Log: Seconds remaining: 360
2020/01/01-15:41:21(GMT) Log: Seconds remaining: 350
2020/01/01-15:41:31(GMT) Log: Seconds remaining: 340
2020/01/01-15:41:41(GMT) Log: Seconds remaining: 330
2020/01/01-15:41:51(GMT) Log: Seconds remaining: 320
2020/01/01-15:42:01(GMT) Log: Seconds remaining: 310
2020/01/01-15:42:11(GMT) Log: Seconds remaining: 300
2020/01/01-15:42:21(GMT) Log: Seconds remaining: 290
2020/01/01-15:42:31(GMT) Log: Seconds remaining: 280
2020/01/01-15:42:41(GMT) Log: Seconds remaining: 270
2020/01/01-15:42:51(GMT) Log: Seconds remaining: 260
2020/01/01-15:43:01(GMT) Log: Seconds remaining: 250
2020/01/01-15:43:11(GMT) Log: Seconds remaining: 240
2020/01/01-15:43:21(GMT) Log: Seconds remaining: 230
2020/01/01-15:43:31(GMT) Log: Seconds remaining: 220
2020/01/01-15:43:41(GMT) Log: Seconds remaining: 210
2020/01/01-15:43:51(GMT) Log: Seconds remaining: 200
2020/01/01-15:44:01(GMT) Log: Seconds remaining: 190
2020/01/01-15:44:11(GMT) Log: Seconds remaining: 180
2020/01/01-15:44:21(GMT) Log: Seconds remaining: 170
2020/01/01-15:44:31(GMT) Log: Seconds remaining: 160
2020/01/01-15:44:41(GMT) Log: Seconds remaining: 150
2020/01/01-15:44:51(GMT) Log: Seconds remaining: 140
2020/01/01-15:45:01(GMT) Log: Seconds remaining: 130
2020/01/01-15:45:11(GMT) Log: Seconds remaining: 120
2020/01/01-15:45:21(GMT) Log: Seconds remaining: 110
2020/01/01-15:45:31(GMT) Log: Seconds remaining: 100
2020/01/01-15:45:41(GMT) Log: Seconds remaining: 90
2020/01/01-15:45:51(GMT) Log: Seconds remaining: 80
2020/01/01-15:46:01(GMT) Log: Seconds remaining: 70
2020/01/01-15:46:11(GMT) Log: Seconds remaining: 60
2020/01/01-15:46:21(GMT) Log: Seconds remaining: 50
2020/01/01-15:46:31(GMT) Log: Seconds remaining: 40
2020/01/01-15:46:41(GMT) Log: Seconds remaining: 30
2020/01/01-15:46:51(GMT) Log: Seconds remaining: 20
2020/01/01-15:47:01(GMT) Log: Seconds remaining: 10
2020/01/01-15:47:16(GMT) Stats: Found 0 hardware incidents
2020/01/01-15:47:16(GMT) Stats: Completed: 195520496.00M in 2400.78s 81440.41MB/s, with 0 hardware incidents, 0 errors
2020/01/01-15:47:16(GMT) Stats: Memory Copy: 195520496.00M at 81464.43MB/s
2020/01/01-15:47:16(GMT) Stats: File Copy: 0.00M at 0.00MB/s
2020/01/01-15:47:16(GMT) Stats: Net Copy: 0.00M at 0.00MB/s
2020/01/01-15:47:16(GMT) Stats: Data Check: 0.00M at 0.00MB/s
2020/01/01-15:47:16(GMT) Stats: Invert Data: 0.00M at 0.00MB/s
2020/01/01-15:47:16(GMT) Stats: Disk: 0.00M at 0.00MB/s
2020/01/01-15:47:16(GMT) 
2020/01/01-15:47:16(GMT) Status: PASS - please verify no corrected errors
2020/01/01-15:47:16(GMT) 

============================
=          DMESG           =
============================
[ 1833.968259] perf: interrupt took too long (2534 > 2500), lowering kernel.perf_event_max_sample_rate to 78750
[ 1986.868441] perf: interrupt took too long (3203 > 3167), lowering kernel.perf_event_max_sample_rate to 62250
[ 2248.920710] perf: interrupt took too long (4035 > 4003), lowering kernel.perf_event_max_sample_rate to 49500
[ 3080.677411] perf: interrupt took too long (5138 > 5043), lowering kernel.perf_event_max_sample_rate to 38750

============================
=          BMC SEL         =
============================
=== No SEL logged ===


==============================================
=            Burn-In Test Cycle 2            =
==============================================
Test start time: 2020-01-01_15:47:43
***************************
*      KSB test cycle2    *
***************************
===== KSB Memory test PASS =====

=======================================================
Running fpga-test on 02:00.0
=======================================================

Device Type                : Kalidah
EP Link Status             : Gen3 x8     PASSED 
GIT Hash                   : 0x0FAA0CFE
Device DNA                 : 0x400200000155AC694D80A405
Core Clock Frequency       :    250 MHz
SSD_0 present              :        Yes
SSD_1 present              :        Yes
KSB number                 :          1
Slice number               :          0
Temperature Master  Sysmon :      36.18  Cel
Temperature Slave 0 Sysmon :      34.39  Cel
Temperature Slave 1 Sysmon :      34.92  Cel
DDR4 capability            : ID_2, 16GB, VLP RDIMM w/ ECC, 1R, 16Gb x8 die, 2400 MT/s 
DDR4 calibration done      : 0x00000001  PASSED 
Unsupported Offset BAR3    : 0xFFFFFFFF  PASSED 
FPGA Version               : 0x00030006  PASSED 
DMA ch0 ctl. register      : 0x00008003  PASSED 
DMA ch1 ctl. register      : 0x00008013  PASSED 
DMA ch2 ctl. register      : 0x00008023  PASSED 
RP0 Link Status            : 0x70430000  PASSED 
Locating PCIe capabilities of SSD0 ...SSD0 Link Status           : 0x10430000  PASSED 
SSD0 Vendor/Dev ID         : 0xA808144D  PASSED  (Samsung)
RP1 Link Status            : 0x70430000  PASSED 
Locating PCIe capabilities of SSD1 ...SSD1 Link Status           : 0x10430000  PASSED 
SSD1 Vendor/Dev ID         : 0xA808144D  PASSED  (Samsung)
Global Fatal Interrupt     : 0x00000000  PASSED 
Global Non Fatal Interrupt : 0x00000000  PASSED 
  ____                 _
 |  _ \ __ _ ___ ___  | |
 | |_) / _` / __/ __| | |
 |  __/ (_| \__ \__ \ |_|
 |_|   \__,_|___/___/ (_)


=======================================================
Running fpga-test on 41:00.0
=======================================================

Device Type                : Kalidah
EP Link Status             : Gen3 x8     PASSED 
GIT Hash                   : 0x0FAA0CFE
Device DNA                 : 0x400200000155AC694D80A405
Core Clock Frequency       :    250 MHz
SSD_0 present              :        Yes
SSD_1 present              :        Yes
KSB number                 :          1
Slice number               :          1
DDR4 capability            : ID_2, 16GB, VLP RDIMM w/ ECC, 1R, 16Gb x8 die, 2400 MT/s 
DDR4 calibration done      : 0x00000001  PASSED 
Unsupported Offset BAR3    : 0xFFFFFFFF  PASSED 
FPGA Version               : 0x00030006  PASSED 
DMA ch0 ctl. register      : 0x00008003  PASSED 
DMA ch1 ctl. register      : 0x00008013  PASSED 
DMA ch2 ctl. register      : 0x00008023  PASSED 
RP0 Link Status            : 0x70430000  PASSED 
Locating PCIe capabilities of SSD0 ...SSD0 Link Status           : 0x10430000  PASSED 
SSD0 Vendor/Dev ID         : 0xA808144D  PASSED  (Samsung)
RP1 Link Status            : 0x70430000  PASSED 
Locating PCIe capabilities of SSD1 ...SSD1 Link Status           : 0x10430000  PASSED 
SSD1 Vendor/Dev ID         : 0xA808144D  PASSED  (Samsung)
Global Fatal Interrupt     : 0x00000000  PASSED 
Global Non Fatal Interrupt : 0x00000000  PASSED 
  ____                 _
 |  _ \ __ _ ___ ___  | |
 | |_) / _` / __/ __| | |
 |  __/ (_| \__ \__ \ |_|
 |_|   \__,_|___/___/ (_)


=======================================================
Running fpga-test on 84:00.0
=======================================================

Device Type                : Kalidah
EP Link Status             : Gen3 x8     PASSED 
GIT Hash                   : 0x0FAA0CFE
Device DNA                 : 0x400200000155AC694D906285
Core Clock Frequency       :    250 MHz
SSD_0 present              :        Yes
SSD_1 present              :        Yes
KSB number                 :          0
Slice number               :          1
DDR4 capability            : ID_2, 16GB, VLP RDIMM w/ ECC, 1R, 16Gb x8 die, 2400 MT/s 
DDR4 calibration done      : 0x00000001  PASSED 
Unsupported Offset BAR3    : 0xFFFFFFFF  PASSED 
FPGA Version               : 0x00030006  PASSED 
DMA ch0 ctl. register      : 0x00008003  PASSED 
DMA ch1 ctl. register      : 0x00008013  PASSED 
DMA ch2 ctl. register      : 0x00008023  PASSED 
RP0 Link Status            : 0x70430000  PASSED 
Locating PCIe capabilities of SSD0 ...SSD0 Link Status           : 0x10430000  PASSED 
SSD0 Vendor/Dev ID         : 0xA808144D  PASSED  (Samsung)
RP1 Link Status            : 0x70430000  PASSED 
Locating PCIe capabilities of SSD1 ...SSD1 Link Status           : 0x10430000  PASSED 
SSD1 Vendor/Dev ID         : 0xA808144D  PASSED  (Samsung)
Global Fatal Interrupt     : 0x00000000  PASSED 
Global Non Fatal Interrupt : 0x00000000  PASSED 
  ____                 _
 |  _ \ __ _ ___ ___  | |
 | |_) / _` / __/ __| | |
 |  __/ (_| \__ \__ \ |_|
 |_|   \__,_|___/___/ (_)


=======================================================
Running fpga-test on c1:00.0
=======================================================

Device Type                : Kalidah
EP Link Status             : Gen3 x8     PASSED 
GIT Hash                   : 0x0FAA0CFE
Device DNA                 : 0x400200000155AC694D906285
Core Clock Frequency       :    250 MHz
SSD_0 present              :        Yes
SSD_1 present              :        Yes
KSB number                 :          0
Slice number               :          0
Temperature Master  Sysmon :      35.90  Cel
Temperature Slave 0 Sysmon :      35.33  Cel
Temperature Slave 1 Sysmon :      35.36  Cel
DDR4 capability            : ID_2, 16GB, VLP RDIMM w/ ECC, 1R, 16Gb x8 die, 2400 MT/s 
DDR4 calibration done      : 0x00000001  PASSED 
Unsupported Offset BAR3    : 0xFFFFFFFF  PASSED 
FPGA Version               : 0x00030006  PASSED 
DMA ch0 ctl. register      : 0x00008003  PASSED 
DMA ch1 ctl. register      : 0x00008013  PASSED 
DMA ch2 ctl. register      : 0x00008023  PASSED 
RP0 Link Status            : 0x70430000  PASSED 
Locating PCIe capabilities of SSD0 ...SSD0 Link Status           : 0x10430000  PASSED 
SSD0 Vendor/Dev ID         : 0xA808144D  PASSED  (Samsung)
RP1 Link Status            : 0x70430000  PASSED 
Locating PCIe capabilities of SSD1 ...SSD1 Link Status           : 0x10430000  PASSED 
SSD1 Vendor/Dev ID         : 0xA808144D  PASSED  (Samsung)
Global Fatal Interrupt     : 0x00000000  PASSED 
Global Non Fatal Interrupt : 0x00000000  PASSED 
  ____                 _
 |  _ \ __ _ ___ ___  | |
 | |_) / _` / __/ __| | |
 |  __/ (_| \__ \__ \ |_|
 |_|   \__,_|___/___/ (_)


*****************************
*  CPU/Memory Stress cycle2 *
*****************************
============================
=        Stress Log        =
============================
2020/01/01-15:48:19(GMT) Log: Commandline - ./stressapptest -m 32 -C 32 -l /root/TinmanBI/STRESS.log -s 2400
2020/01/01-15:48:19(GMT) Stats: SAT revision 1.0.7_autoconf, 64 bit binary
2020/01/01-15:48:19(GMT) Log: root @ localhost.localdomain on Tue Sep 19 03:28:47 CST 2017 from open source release
2020/01/01-15:48:19(GMT) Log: 1 nodes, 128 cpus.
2020/01/01-15:48:19(GMT) Log: Total 515817 MB. Free 510038 MB. Hugepages 0 MB. Targeting 489834 MB (94%)
2020/01/01-15:48:19(GMT) Log: Prefer plain malloc memory allocation.
2020/01/01-15:48:19(GMT) Log: Using mmap() allocation at 0x7ecbd6af9000.
2020/01/01-15:48:19(GMT) Stats: Starting SAT, 489834M, 2400 seconds
2020/01/01-15:48:53(GMT) Log: Region mask: 0x1
2020/01/01-15:49:03(GMT) Log: Seconds remaining: 2390
2020/01/01-15:49:13(GMT) Log: Seconds remaining: 2380
2020/01/01-15:49:23(GMT) Log: Seconds remaining: 2370
2020/01/01-15:49:33(GMT) Log: Seconds remaining: 2360
2020/01/01-15:49:43(GMT) Log: Seconds remaining: 2350
2020/01/01-15:49:53(GMT) Log: Seconds remaining: 2340
2020/01/01-15:50:03(GMT) Log: Seconds remaining: 2330
2020/01/01-15:50:13(GMT) Log: Seconds remaining: 2320
2020/01/01-15:50:23(GMT) Log: Seconds remaining: 2310
2020/01/01-15:50:33(GMT) Log: Seconds remaining: 2300
2020/01/01-15:50:43(GMT) Log: Seconds remaining: 2290
2020/01/01-15:50:53(GMT) Log: Seconds remaining: 2280
2020/01/01-15:51:03(GMT) Log: Seconds remaining: 2270
2020/01/01-15:51:13(GMT) Log: Seconds remaining: 2260
2020/01/01-15:51:23(GMT) Log: Seconds remaining: 2250
2020/01/01-15:51:33(GMT) Log: Seconds remaining: 2240
2020/01/01-15:51:43(GMT) Log: Seconds remaining: 2230
2020/01/01-15:51:53(GMT) Log: Seconds remaining: 2220
2020/01/01-15:52:03(GMT) Log: Seconds remaining: 2210
2020/01/01-15:52:13(GMT) Log: Seconds remaining: 2200
2020/01/01-15:52:23(GMT) Log: Seconds remaining: 2190
2020/01/01-15:52:33(GMT) Log: Seconds remaining: 2180
2020/01/01-15:52:43(GMT) Log: Seconds remaining: 2170
2020/01/01-15:52:53(GMT) Log: Seconds remaining: 2160
2020/01/01-15:53:03(GMT) Log: Seconds remaining: 2150
2020/01/01-15:53:13(GMT) Log: Seconds remaining: 2140
2020/01/01-15:53:23(GMT) Log: Seconds remaining: 2130
2020/01/01-15:53:33(GMT) Log: Seconds remaining: 2120
2020/01/01-15:53:43(GMT) Log: Seconds remaining: 2110
2020/01/01-15:53:53(GMT) Log: Seconds remaining: 2100
2020/01/01-15:54:03(GMT) Log: Seconds remaining: 2090
2020/01/01-15:54:13(GMT) Log: Seconds remaining: 2080
2020/01/01-15:54:23(GMT) Log: Seconds remaining: 2070
2020/01/01-15:54:33(GMT) Log: Seconds remaining: 2060
2020/01/01-15:54:43(GMT) Log: Seconds remaining: 2050
2020/01/01-15:54:53(GMT) Log: Seconds remaining: 2040
2020/01/01-15:55:03(GMT) Log: Seconds remaining: 2030
2020/01/01-15:55:13(GMT) Log: Seconds remaining: 2020
2020/01/01-15:55:23(GMT) Log: Seconds remaining: 2010
2020/01/01-15:55:33(GMT) Log: Seconds remaining: 2000
2020/01/01-15:55:43(GMT) Log: Seconds remaining: 1990
2020/01/01-15:55:53(GMT) Log: Seconds remaining: 1980
2020/01/01-15:56:03(GMT) Log: Seconds remaining: 1970
2020/01/01-15:56:13(GMT) Log: Seconds remaining: 1960
2020/01/01-15:56:23(GMT) Log: Seconds remaining: 1950
2020/01/01-15:56:33(GMT) Log: Seconds remaining: 1940
2020/01/01-15:56:43(GMT) Log: Seconds remaining: 1930
2020/01/01-15:56:53(GMT) Log: Seconds remaining: 1920
2020/01/01-15:57:03(GMT) Log: Seconds remaining: 1910
2020/01/01-15:57:13(GMT) Log: Seconds remaining: 1900
2020/01/01-15:57:23(GMT) Log: Seconds remaining: 1890
2020/01/01-15:57:33(GMT) Log: Seconds remaining: 1880
2020/01/01-15:57:43(GMT) Log: Seconds remaining: 1870
2020/01/01-15:57:53(GMT) Log: Seconds remaining: 1860
2020/01/01-15:58:03(GMT) Log: Seconds remaining: 1850
2020/01/01-15:58:13(GMT) Log: Seconds remaining: 1840
2020/01/01-15:58:23(GMT) Log: Seconds remaining: 1830
2020/01/01-15:58:33(GMT) Log: Seconds remaining: 1820
2020/01/01-15:58:43(GMT) Log: Seconds remaining: 1810
2020/01/01-15:58:53(GMT) Log: Seconds remaining: 1800
2020/01/01-15:58:53(GMT) Log: Pausing worker threads in preparation for power spike (1800 seconds remaining)
2020/01/01-15:59:03(GMT) Log: Seconds remaining: 1790
2020/01/01-15:59:08(GMT) Log: Resuming worker threads to cause a power spike (1785 seconds remaining)
2020/01/01-15:59:13(GMT) Log: Seconds remaining: 1780
2020/01/01-15:59:23(GMT) Log: Seconds remaining: 1770
2020/01/01-15:59:33(GMT) Log: Seconds remaining: 1760
2020/01/01-15:59:43(GMT) Log: Seconds remaining: 1750
2020/01/01-15:59:53(GMT) Log: Seconds remaining: 1740
2020/01/01-16:00:03(GMT) Log: Seconds remaining: 1730
2020/01/01-16:00:13(GMT) Log: Seconds remaining: 1720
2020/01/01-16:00:23(GMT) Log: Seconds remaining: 1710
2020/01/01-16:00:33(GMT) Log: Seconds remaining: 1700
2020/01/01-16:00:43(GMT) Log: Seconds remaining: 1690
2020/01/01-16:00:53(GMT) Log: Seconds remaining: 1680
2020/01/01-16:01:03(GMT) Log: Seconds remaining: 1670
2020/01/01-16:01:13(GMT) Log: Seconds remaining: 1660
2020/01/01-16:01:23(GMT) Log: Seconds remaining: 1650
2020/01/01-16:01:33(GMT) Log: Seconds remaining: 1640
2020/01/01-16:01:43(GMT) Log: Seconds remaining: 1630
2020/01/01-16:01:53(GMT) Log: Seconds remaining: 1620
2020/01/01-16:02:03(GMT) Log: Seconds remaining: 1610
2020/01/01-16:02:13(GMT) Log: Seconds remaining: 1600
2020/01/01-16:02:23(GMT) Log: Seconds remaining: 1590
2020/01/01-16:02:33(GMT) Log: Seconds remaining: 1580
2020/01/01-16:02:43(GMT) Log: Seconds remaining: 1570
2020/01/01-16:02:53(GMT) Log: Seconds remaining: 1560
2020/01/01-16:03:03(GMT) Log: Seconds remaining: 1550
2020/01/01-16:03:13(GMT) Log: Seconds remaining: 1540
2020/01/01-16:03:23(GMT) Log: Seconds remaining: 1530
2020/01/01-16:03:33(GMT) Log: Seconds remaining: 1520
2020/01/01-16:03:43(GMT) Log: Seconds remaining: 1510
2020/01/01-16:03:53(GMT) Log: Seconds remaining: 1500
2020/01/01-16:04:03(GMT) Log: Seconds remaining: 1490
2020/01/01-16:04:13(GMT) Log: Seconds remaining: 1480
2020/01/01-16:04:23(GMT) Log: Seconds remaining: 1470
2020/01/01-16:04:33(GMT) Log: Seconds remaining: 1460
2020/01/01-16:04:43(GMT) Log: Seconds remaining: 1450
2020/01/01-16:04:53(GMT) Log: Seconds remaining: 1440
2020/01/01-16:05:03(GMT) Log: Seconds remaining: 1430
2020/01/01-16:05:13(GMT) Log: Seconds remaining: 1420
2020/01/01-16:05:23(GMT) Log: Seconds remaining: 1410
2020/01/01-16:05:33(GMT) Log: Seconds remaining: 1400
2020/01/01-16:05:43(GMT) Log: Seconds remaining: 1390
2020/01/01-16:05:53(GMT) Log: Seconds remaining: 1380
2020/01/01-16:06:03(GMT) Log: Seconds remaining: 1370
2020/01/01-16:06:13(GMT) Log: Seconds remaining: 1360
2020/01/01-16:06:23(GMT) Log: Seconds remaining: 1350
2020/01/01-16:06:33(GMT) Log: Seconds remaining: 1340
2020/01/01-16:06:43(GMT) Log: Seconds remaining: 1330
2020/01/01-16:06:53(GMT) Log: Seconds remaining: 1320
2020/01/01-16:07:03(GMT) Log: Seconds remaining: 1310
2020/01/01-16:07:13(GMT) Log: Seconds remaining: 1300
2020/01/01-16:07:23(GMT) Log: Seconds remaining: 1290
2020/01/01-16:07:33(GMT) Log: Seconds remaining: 1280
2020/01/01-16:07:43(GMT) Log: Seconds remaining: 1270
2020/01/01-16:07:53(GMT) Log: Seconds remaining: 1260
2020/01/01-16:08:03(GMT) Log: Seconds remaining: 1250
2020/01/01-16:08:13(GMT) Log: Seconds remaining: 1240
2020/01/01-16:08:23(GMT) Log: Seconds remaining: 1230
2020/01/01-16:08:33(GMT) Log: Seconds remaining: 1220
2020/01/01-16:08:43(GMT) Log: Seconds remaining: 1210
2020/01/01-16:08:53(GMT) Log: Seconds remaining: 1200
2020/01/01-16:08:53(GMT) Log: Pausing worker threads in preparation for power spike (1200 seconds remaining)
2020/01/01-16:09:03(GMT) Log: Seconds remaining: 1190
2020/01/01-16:09:08(GMT) Log: Resuming worker threads to cause a power spike (1185 seconds remaining)
2020/01/01-16:09:13(GMT) Log: Seconds remaining: 1180
2020/01/01-16:09:23(GMT) Log: Seconds remaining: 1170
2020/01/01-16:09:33(GMT) Log: Seconds remaining: 1160
2020/01/01-16:09:43(GMT) Log: Seconds remaining: 1150
2020/01/01-16:09:53(GMT) Log: Seconds remaining: 1140
2020/01/01-16:10:03(GMT) Log: Seconds remaining: 1130
2020/01/01-16:10:13(GMT) Log: Seconds remaining: 1120
2020/01/01-16:10:23(GMT) Log: Seconds remaining: 1110
2020/01/01-16:10:33(GMT) Log: Seconds remaining: 1100
2020/01/01-16:10:43(GMT) Log: Seconds remaining: 1090
2020/01/01-16:10:53(GMT) Log: Seconds remaining: 1080
2020/01/01-16:11:03(GMT) Log: Seconds remaining: 1070
2020/01/01-16:11:13(GMT) Log: Seconds remaining: 1060
2020/01/01-16:11:23(GMT) Log: Seconds remaining: 1050
2020/01/01-16:11:33(GMT) Log: Seconds remaining: 1040
2020/01/01-16:11:43(GMT) Log: Seconds remaining: 1030
2020/01/01-16:11:53(GMT) Log: Seconds remaining: 1020
2020/01/01-16:12:03(GMT) Log: Seconds remaining: 1010
2020/01/01-16:12:13(GMT) Log: Seconds remaining: 1000
2020/01/01-16:12:23(GMT) Log: Seconds remaining: 990
2020/01/01-16:12:33(GMT) Log: Seconds remaining: 980
2020/01/01-16:12:43(GMT) Log: Seconds remaining: 970
2020/01/01-16:12:53(GMT) Log: Seconds remaining: 960
2020/01/01-16:13:03(GMT) Log: Seconds remaining: 950
2020/01/01-16:13:13(GMT) Log: Seconds remaining: 940
2020/01/01-16:13:23(GMT) Log: Seconds remaining: 930
2020/01/01-16:13:33(GMT) Log: Seconds remaining: 920
2020/01/01-16:13:43(GMT) Log: Seconds remaining: 910
2020/01/01-16:13:53(GMT) Log: Seconds remaining: 900
2020/01/01-16:14:03(GMT) Log: Seconds remaining: 890
2020/01/01-16:14:13(GMT) Log: Seconds remaining: 880
2020/01/01-16:14:23(GMT) Log: Seconds remaining: 870
2020/01/01-16:14:33(GMT) Log: Seconds remaining: 860
2020/01/01-16:14:43(GMT) Log: Seconds remaining: 850
2020/01/01-16:14:53(GMT) Log: Seconds remaining: 840
2020/01/01-16:15:03(GMT) Log: Seconds remaining: 830
2020/01/01-16:15:13(GMT) Log: Seconds remaining: 820
2020/01/01-16:15:23(GMT) Log: Seconds remaining: 810
2020/01/01-16:15:33(GMT) Log: Seconds remaining: 800
2020/01/01-16:15:43(GMT) Log: Seconds remaining: 790
2020/01/01-16:15:53(GMT) Log: Seconds remaining: 780
2020/01/01-16:16:03(GMT) Log: Seconds remaining: 770
2020/01/01-16:16:13(GMT) Log: Seconds remaining: 760
2020/01/01-16:16:23(GMT) Log: Seconds remaining: 750
2020/01/01-16:16:33(GMT) Log: Seconds remaining: 740
2020/01/01-16:16:43(GMT) Log: Seconds remaining: 730
2020/01/01-16:16:53(GMT) Log: Seconds remaining: 720
2020/01/01-16:17:03(GMT) Log: Seconds remaining: 710
2020/01/01-16:17:13(GMT) Log: Seconds remaining: 700
2020/01/01-16:17:23(GMT) Log: Seconds remaining: 690
2020/01/01-16:17:33(GMT) Log: Seconds remaining: 680
2020/01/01-16:17:43(GMT) Log: Seconds remaining: 670
2020/01/01-16:17:53(GMT) Log: Seconds remaining: 660
2020/01/01-16:18:03(GMT) Log: Seconds remaining: 650
2020/01/01-16:18:13(GMT) Log: Seconds remaining: 640
2020/01/01-16:18:23(GMT) Log: Seconds remaining: 630
2020/01/01-16:18:33(GMT) Log: Seconds remaining: 620
2020/01/01-16:18:43(GMT) Log: Seconds remaining: 610
2020/01/01-16:18:53(GMT) Log: Seconds remaining: 600
2020/01/01-16:18:53(GMT) Log: Pausing worker threads in preparation for power spike (600 seconds remaining)
2020/01/01-16:19:03(GMT) Log: Seconds remaining: 590
2020/01/01-16:19:08(GMT) Log: Resuming worker threads to cause a power spike (585 seconds remaining)
2020/01/01-16:19:13(GMT) Log: Seconds remaining: 580
2020/01/01-16:19:23(GMT) Log: Seconds remaining: 570
2020/01/01-16:19:33(GMT) Log: Seconds remaining: 560
2020/01/01-16:19:43(GMT) Log: Seconds remaining: 550
2020/01/01-16:19:53(GMT) Log: Seconds remaining: 540
2020/01/01-16:20:03(GMT) Log: Seconds remaining: 530
2020/01/01-16:20:13(GMT) Log: Seconds remaining: 520
2020/01/01-16:20:23(GMT) Log: Seconds remaining: 510
2020/01/01-16:20:33(GMT) Log: Seconds remaining: 500
2020/01/01-16:20:43(GMT) Log: Seconds remaining: 490
2020/01/01-16:20:53(GMT) Log: Seconds remaining: 480
2020/01/01-16:21:03(GMT) Log: Seconds remaining: 470
2020/01/01-16:21:13(GMT) Log: Seconds remaining: 460
2020/01/01-16:21:23(GMT) Log: Seconds remaining: 450
2020/01/01-16:21:33(GMT) Log: Seconds remaining: 440
2020/01/01-16:21:43(GMT) Log: Seconds remaining: 430
2020/01/01-16:21:53(GMT) Log: Seconds remaining: 420
2020/01/01-16:22:03(GMT) Log: Seconds remaining: 410
2020/01/01-16:22:13(GMT) Log: Seconds remaining: 400
2020/01/01-16:22:23(GMT) Log: Seconds remaining: 390
2020/01/01-16:22:33(GMT) Log: Seconds remaining: 380
2020/01/01-16:22:43(GMT) Log: Seconds remaining: 370
2020/01/01-16:22:53(GMT) Log: Seconds remaining: 360
2020/01/01-16:23:03(GMT) Log: Seconds remaining: 350
2020/01/01-16:23:13(GMT) Log: Seconds remaining: 340
2020/01/01-16:23:23(GMT) Log: Seconds remaining: 330
2020/01/01-16:23:33(GMT) Log: Seconds remaining: 320
2020/01/01-16:23:43(GMT) Log: Seconds remaining: 310
2020/01/01-16:23:53(GMT) Log: Seconds remaining: 300
2020/01/01-16:24:03(GMT) Log: Seconds remaining: 290
2020/01/01-16:24:13(GMT) Log: Seconds remaining: 280
2020/01/01-16:24:23(GMT) Log: Seconds remaining: 270
2020/01/01-16:24:33(GMT) Log: Seconds remaining: 260
2020/01/01-16:24:43(GMT) Log: Seconds remaining: 250
2020/01/01-16:24:53(GMT) Log: Seconds remaining: 240
2020/01/01-16:25:03(GMT) Log: Seconds remaining: 230
2020/01/01-16:25:13(GMT) Log: Seconds remaining: 220
2020/01/01-16:25:23(GMT) Log: Seconds remaining: 210
2020/01/01-16:25:33(GMT) Log: Seconds remaining: 200
2020/01/01-16:25:43(GMT) Log: Seconds remaining: 190
2020/01/01-16:25:53(GMT) Log: Seconds remaining: 180
2020/01/01-16:26:03(GMT) Log: Seconds remaining: 170
2020/01/01-16:26:13(GMT) Log: Seconds remaining: 160
2020/01/01-16:26:23(GMT) Log: Seconds remaining: 150
2020/01/01-16:26:33(GMT) Log: Seconds remaining: 140
2020/01/01-16:26:43(GMT) Log: Seconds remaining: 130
2020/01/01-16:26:53(GMT) Log: Seconds remaining: 120
2020/01/01-16:27:03(GMT) Log: Seconds remaining: 110
2020/01/01-16:27:13(GMT) Log: Seconds remaining: 100
2020/01/01-16:27:23(GMT) Log: Seconds remaining: 90
2020/01/01-16:27:33(GMT) Log: Seconds remaining: 80
2020/01/01-16:27:43(GMT) Log: Seconds remaining: 70
2020/01/01-16:27:53(GMT) Log: Seconds remaining: 60
2020/01/01-16:28:03(GMT) Log: Seconds remaining: 50
2020/01/01-16:28:13(GMT) Log: Seconds remaining: 40
2020/01/01-16:28:23(GMT) Log: Seconds remaining: 30
2020/01/01-16:28:33(GMT) Log: Seconds remaining: 20
2020/01/01-16:28:43(GMT) Log: Seconds remaining: 10
2020/01/01-16:29:00(GMT) Stats: Found 0 hardware incidents
2020/01/01-16:29:00(GMT) Stats: Completed: 193838400.00M in 2400.81s 80738.74MB/s, with 0 hardware incidents, 0 errors
2020/01/01-16:29:00(GMT) Stats: Memory Copy: 193838400.00M at 80762.90MB/s
2020/01/01-16:29:00(GMT) Stats: File Copy: 0.00M at 0.00MB/s
2020/01/01-16:29:00(GMT) Stats: Net Copy: 0.00M at 0.00MB/s
2020/01/01-16:29:00(GMT) Stats: Data Check: 0.00M at 0.00MB/s
2020/01/01-16:29:00(GMT) Stats: Invert Data: 0.00M at 0.00MB/s
2020/01/01-16:29:00(GMT) Stats: Disk: 0.00M at 0.00MB/s
2020/01/01-16:29:00(GMT) 
2020/01/01-16:29:00(GMT) Status: PASS - please verify no corrected errors
2020/01/01-16:29:00(GMT) 

============================
=          DMESG           =
============================
[ 1833.968259] perf: interrupt took too long (2534 > 2500), lowering kernel.perf_event_max_sample_rate to 78750
[ 1986.868441] perf: interrupt took too long (3203 > 3167), lowering kernel.perf_event_max_sample_rate to 62250
[ 2248.920710] perf: interrupt took too long (4035 > 4003), lowering kernel.perf_event_max_sample_rate to 49500
[ 3080.677411] perf: interrupt took too long (5138 > 5043), lowering kernel.perf_event_max_sample_rate to 38750

============================
=          BMC SEL         =
============================
=== No SEL logged ===


==============================================
=            Burn-In Test Cycle 3            =
==============================================
Test start time: 2020-01-01_16:29:26
***************************
*      KSB test cycle3    *
***************************
===== KSB Memory test PASS =====

=======================================================
Running fpga-test on 02:00.0
=======================================================

Device Type                : Kalidah
EP Link Status             : Gen3 x8     PASSED 
GIT Hash                   : 0x0FAA0CFE
Device DNA                 : 0x400200000155AC694D80A405
Core Clock Frequency       :    250 MHz
SSD_0 present              :        Yes
SSD_1 present              :        Yes
KSB number                 :          1
Slice number               :          0
Temperature Master  Sysmon :      36.87  Cel
Temperature Slave 0 Sysmon :      35.67  Cel
Temperature Slave 1 Sysmon :      36.39  Cel
DDR4 capability            : ID_2, 16GB, VLP RDIMM w/ ECC, 1R, 16Gb x8 die, 2400 MT/s 
DDR4 calibration done      : 0x00000001  PASSED 
Unsupported Offset BAR3    : 0xFFFFFFFF  PASSED 
FPGA Version               : 0x00030006  PASSED 
DMA ch0 ctl. register      : 0x00008003  PASSED 
DMA ch1 ctl. register      : 0x00008013  PASSED 
DMA ch2 ctl. register      : 0x00008023  PASSED 
RP0 Link Status            : 0x70430000  PASSED 
Locating PCIe capabilities of SSD0 ...SSD0 Link Status           : 0x10430000  PASSED 
SSD0 Vendor/Dev ID         : 0xA808144D  PASSED  (Samsung)
RP1 Link Status            : 0x70430000  PASSED 
Locating PCIe capabilities of SSD1 ...SSD1 Link Status           : 0x10430000  PASSED 
SSD1 Vendor/Dev ID         : 0xA808144D  PASSED  (Samsung)
Global Fatal Interrupt     : 0x00000000  PASSED 
Global Non Fatal Interrupt : 0x00000000  PASSED 
  ____                 _
 |  _ \ __ _ ___ ___  | |
 | |_) / _` / __/ __| | |
 |  __/ (_| \__ \__ \ |_|
 |_|   \__,_|___/___/ (_)


=======================================================
Running fpga-test on 41:00.0
=======================================================

Device Type                : Kalidah
EP Link Status             : Gen3 x8     PASSED 
GIT Hash                   : 0x0FAA0CFE
Device DNA                 : 0x400200000155AC694D80A405
Core Clock Frequency       :    250 MHz
SSD_0 present              :        Yes
SSD_1 present              :        Yes
KSB number                 :          1
Slice number               :          1
DDR4 capability            : ID_2, 16GB, VLP RDIMM w/ ECC, 1R, 16Gb x8 die, 2400 MT/s 
DDR4 calibration done      : 0x00000001  PASSED 
Unsupported Offset BAR3    : 0xFFFFFFFF  PASSED 
FPGA Version               : 0x00030006  PASSED 
DMA ch0 ctl. register      : 0x00008003  PASSED 
DMA ch1 ctl. register      : 0x00008013  PASSED 
DMA ch2 ctl. register      : 0x00008023  PASSED 
RP0 Link Status            : 0x70430000  PASSED 
Locating PCIe capabilities of SSD0 ...SSD0 Link Status           : 0x10430000  PASSED 
SSD0 Vendor/Dev ID         : 0xA808144D  PASSED  (Samsung)
RP1 Link Status            : 0x70430000  PASSED 
Locating PCIe capabilities of SSD1 ...SSD1 Link Status           : 0x10430000  PASSED 
SSD1 Vendor/Dev ID         : 0xA808144D  PASSED  (Samsung)
Global Fatal Interrupt     : 0x00000000  PASSED 
Global Non Fatal Interrupt : 0x00000000  PASSED 
  ____                 _
 |  _ \ __ _ ___ ___  | |
 | |_) / _` / __/ __| | |
 |  __/ (_| \__ \__ \ |_|
 |_|   \__,_|___/___/ (_)


=======================================================
Running fpga-test on 84:00.0
=======================================================

Device Type                : Kalidah
EP Link Status             : Gen3 x8     PASSED 
GIT Hash                   : 0x0FAA0CFE
Device DNA                 : 0x400200000155AC694D906285
Core Clock Frequency       :    250 MHz
SSD_0 present              :        Yes
SSD_1 present              :        Yes
KSB number                 :          0
Slice number               :          1
DDR4 capability            : ID_2, 16GB, VLP RDIMM w/ ECC, 1R, 16Gb x8 die, 2400 MT/s 
DDR4 calibration done      : 0x00000001  PASSED 
Unsupported Offset BAR3    : 0xFFFFFFFF  PASSED 
FPGA Version               : 0x00030006  PASSED 
DMA ch0 ctl. register      : 0x00008003  PASSED 
DMA ch1 ctl. register      : 0x00008013  PASSED 
DMA ch2 ctl. register      : 0x00008023  PASSED 
RP0 Link Status            : 0x70430000  PASSED 
Locating PCIe capabilities of SSD0 ...SSD0 Link Status           : 0x10430000  PASSED 
SSD0 Vendor/Dev ID         : 0xA808144D  PASSED  (Samsung)
RP1 Link Status            : 0x70430000  PASSED 
Locating PCIe capabilities of SSD1 ...SSD1 Link Status           : 0x10430000  PASSED 
SSD1 Vendor/Dev ID         : 0xA808144D  PASSED  (Samsung)
Global Fatal Interrupt     : 0x00000000  PASSED 
Global Non Fatal Interrupt : 0x00000000  PASSED 
  ____                 _
 |  _ \ __ _ ___ ___  | |
 | |_) / _` / __/ __| | |
 |  __/ (_| \__ \__ \ |_|
 |_|   \__,_|___/___/ (_)


=======================================================
Running fpga-test on c1:00.0
=======================================================

Device Type                : Kalidah
EP Link Status             : Gen3 x8     PASSED 
GIT Hash                   : 0x0FAA0CFE
Device DNA                 : 0x400200000155AC694D906285
Core Clock Frequency       :    250 MHz
SSD_0 present              :        Yes
SSD_1 present              :        Yes
KSB number                 :          0
Slice number               :          0
Temperature Master  Sysmon :      36.60  Cel
Temperature Slave 0 Sysmon :      36.81  Cel
Temperature Slave 1 Sysmon :      36.20  Cel
DDR4 capability            : ID_2, 16GB, VLP RDIMM w/ ECC, 1R, 16Gb x8 die, 2400 MT/s 
DDR4 calibration done      : 0x00000001  PASSED 
Unsupported Offset BAR3    : 0xFFFFFFFF  PASSED 
FPGA Version               : 0x00030006  PASSED 
DMA ch0 ctl. register      : 0x00008003  PASSED 
DMA ch1 ctl. register      : 0x00008013  PASSED 
DMA ch2 ctl. register      : 0x00008023  PASSED 
RP0 Link Status            : 0x70430000  PASSED 
Locating PCIe capabilities of SSD0 ...SSD0 Link Status           : 0x10430000  PASSED 
SSD0 Vendor/Dev ID         : 0xA808144D  PASSED  (Samsung)
RP1 Link Status            : 0x70430000  PASSED 
Locating PCIe capabilities of SSD1 ...SSD1 Link Status           : 0x10430000  PASSED 
SSD1 Vendor/Dev ID         : 0xA808144D  PASSED  (Samsung)
Global Fatal Interrupt     : 0x00000000  PASSED 
Global Non Fatal Interrupt : 0x00000000  PASSED 
  ____                 _
 |  _ \ __ _ ___ ___  | |
 | |_) / _` / __/ __| | |
 |  __/ (_| \__ \__ \ |_|
 |_|   \__,_|___/___/ (_)


*****************************
*  CPU/Memory Stress cycle3 *
*****************************
============================
=        Stress Log        =
============================
2020/01/01-16:30:02(GMT) Log: Commandline - ./stressapptest -m 32 -C 32 -l /root/TinmanBI/STRESS.log -s 2400
2020/01/01-16:30:02(GMT) Stats: SAT revision 1.0.7_autoconf, 64 bit binary
2020/01/01-16:30:02(GMT) Log: root @ localhost.localdomain on Tue Sep 19 03:28:47 CST 2017 from open source release
2020/01/01-16:30:02(GMT) Log: 1 nodes, 128 cpus.
2020/01/01-16:30:02(GMT) Log: Total 515817 MB. Free 510027 MB. Hugepages 0 MB. Targeting 489834 MB (94%)
2020/01/01-16:30:02(GMT) Log: Prefer plain malloc memory allocation.
2020/01/01-16:30:02(GMT) Log: Using mmap() allocation at 0x7f5bc3853000.
2020/01/01-16:30:02(GMT) Stats: Starting SAT, 489834M, 2400 seconds
2020/01/01-16:30:38(GMT) Log: Region mask: 0x1
2020/01/01-16:30:48(GMT) Log: Seconds remaining: 2390
2020/01/01-16:30:58(GMT) Log: Seconds remaining: 2380
2020/01/01-16:31:08(GMT) Log: Seconds remaining: 2370
2020/01/01-16:31:18(GMT) Log: Seconds remaining: 2360
2020/01/01-16:31:28(GMT) Log: Seconds remaining: 2350
2020/01/01-16:31:38(GMT) Log: Seconds remaining: 2340
2020/01/01-16:31:48(GMT) Log: Seconds remaining: 2330
2020/01/01-16:31:58(GMT) Log: Seconds remaining: 2320
2020/01/01-16:32:08(GMT) Log: Seconds remaining: 2310
2020/01/01-16:32:18(GMT) Log: Seconds remaining: 2300
2020/01/01-16:32:28(GMT) Log: Seconds remaining: 2290
2020/01/01-16:32:38(GMT) Log: Seconds remaining: 2280
2020/01/01-16:32:48(GMT) Log: Seconds remaining: 2270
2020/01/01-16:32:58(GMT) Log: Seconds remaining: 2260
2020/01/01-16:33:08(GMT) Log: Seconds remaining: 2250
2020/01/01-16:33:18(GMT) Log: Seconds remaining: 2240
2020/01/01-16:33:28(GMT) Log: Seconds remaining: 2230
2020/01/01-16:33:38(GMT) Log: Seconds remaining: 2220
2020/01/01-16:33:48(GMT) Log: Seconds remaining: 2210
2020/01/01-16:33:58(GMT) Log: Seconds remaining: 2200
2020/01/01-16:34:08(GMT) Log: Seconds remaining: 2190
2020/01/01-16:34:18(GMT) Log: Seconds remaining: 2180
2020/01/01-16:34:28(GMT) Log: Seconds remaining: 2170
2020/01/01-16:34:38(GMT) Log: Seconds remaining: 2160
2020/01/01-16:34:48(GMT) Log: Seconds remaining: 2150
2020/01/01-16:34:58(GMT) Log: Seconds remaining: 2140
2020/01/01-16:35:08(GMT) Log: Seconds remaining: 2130
2020/01/01-16:35:18(GMT) Log: Seconds remaining: 2120
2020/01/01-16:35:28(GMT) Log: Seconds remaining: 2110
2020/01/01-16:35:38(GMT) Log: Seconds remaining: 2100
2020/01/01-16:35:48(GMT) Log: Seconds remaining: 2090
2020/01/01-16:35:58(GMT) Log: Seconds remaining: 2080
2020/01/01-16:36:08(GMT) Log: Seconds remaining: 2070
2020/01/01-16:36:18(GMT) Log: Seconds remaining: 2060
2020/01/01-16:36:28(GMT) Log: Seconds remaining: 2050
2020/01/01-16:36:38(GMT) Log: Seconds remaining: 2040
2020/01/01-16:36:48(GMT) Log: Seconds remaining: 2030
2020/01/01-16:36:58(GMT) Log: Seconds remaining: 2020
2020/01/01-16:37:08(GMT) Log: Seconds remaining: 2010
2020/01/01-16:37:18(GMT) Log: Seconds remaining: 2000
2020/01/01-16:37:28(GMT) Log: Seconds remaining: 1990
2020/01/01-16:37:38(GMT) Log: Seconds remaining: 1980
2020/01/01-16:37:48(GMT) Log: Seconds remaining: 1970
2020/01/01-16:37:58(GMT) Log: Seconds remaining: 1960
2020/01/01-16:38:08(GMT) Log: Seconds remaining: 1950
2020/01/01-16:38:18(GMT) Log: Seconds remaining: 1940
2020/01/01-16:38:28(GMT) Log: Seconds remaining: 1930
2020/01/01-16:38:38(GMT) Log: Seconds remaining: 1920
2020/01/01-16:38:48(GMT) Log: Seconds remaining: 1910
2020/01/01-16:38:58(GMT) Log: Seconds remaining: 1900
2020/01/01-16:39:08(GMT) Log: Seconds remaining: 1890
2020/01/01-16:39:18(GMT) Log: Seconds remaining: 1880
2020/01/01-16:39:28(GMT) Log: Seconds remaining: 1870
2020/01/01-16:39:38(GMT) Log: Seconds remaining: 1860
2020/01/01-16:39:48(GMT) Log: Seconds remaining: 1850
2020/01/01-16:39:58(GMT) Log: Seconds remaining: 1840
2020/01/01-16:40:08(GMT) Log: Seconds remaining: 1830
2020/01/01-16:40:18(GMT) Log: Seconds remaining: 1820
2020/01/01-16:40:28(GMT) Log: Seconds remaining: 1810
2020/01/01-16:40:38(GMT) Log: Seconds remaining: 1800
2020/01/01-16:40:38(GMT) Log: Pausing worker threads in preparation for power spike (1800 seconds remaining)
2020/01/01-16:40:48(GMT) Log: Seconds remaining: 1790
2020/01/01-16:40:53(GMT) Log: Resuming worker threads to cause a power spike (1785 seconds remaining)
2020/01/01-16:40:58(GMT) Log: Seconds remaining: 1780
2020/01/01-16:41:08(GMT) Log: Seconds remaining: 1770
2020/01/01-16:41:18(GMT) Log: Seconds remaining: 1760
2020/01/01-16:41:28(GMT) Log: Seconds remaining: 1750
2020/01/01-16:41:38(GMT) Log: Seconds remaining: 1740
2020/01/01-16:41:48(GMT) Log: Seconds remaining: 1730
2020/01/01-16:41:58(GMT) Log: Seconds remaining: 1720
2020/01/01-16:42:08(GMT) Log: Seconds remaining: 1710
2020/01/01-16:42:18(GMT) Log: Seconds remaining: 1700
2020/01/01-16:42:28(GMT) Log: Seconds remaining: 1690
2020/01/01-16:42:38(GMT) Log: Seconds remaining: 1680
2020/01/01-16:42:48(GMT) Log: Seconds remaining: 1670
2020/01/01-16:42:58(GMT) Log: Seconds remaining: 1660
2020/01/01-16:43:08(GMT) Log: Seconds remaining: 1650
2020/01/01-16:43:18(GMT) Log: Seconds remaining: 1640
2020/01/01-16:43:28(GMT) Log: Seconds remaining: 1630
2020/01/01-16:43:38(GMT) Log: Seconds remaining: 1620
2020/01/01-16:43:48(GMT) Log: Seconds remaining: 1610
2020/01/01-16:43:58(GMT) Log: Seconds remaining: 1600
2020/01/01-16:44:08(GMT) Log: Seconds remaining: 1590
2020/01/01-16:44:18(GMT) Log: Seconds remaining: 1580
2020/01/01-16:44:28(GMT) Log: Seconds remaining: 1570
2020/01/01-16:44:38(GMT) Log: Seconds remaining: 1560
2020/01/01-16:44:48(GMT) Log: Seconds remaining: 1550
2020/01/01-16:44:58(GMT) Log: Seconds remaining: 1540
2020/01/01-16:45:08(GMT) Log: Seconds remaining: 1530
2020/01/01-16:45:18(GMT) Log: Seconds remaining: 1520
2020/01/01-16:45:28(GMT) Log: Seconds remaining: 1510
2020/01/01-16:45:38(GMT) Log: Seconds remaining: 1500
2020/01/01-16:45:48(GMT) Log: Seconds remaining: 1490
2020/01/01-16:45:58(GMT) Log: Seconds remaining: 1480
2020/01/01-16:46:08(GMT) Log: Seconds remaining: 1470
2020/01/01-16:46:18(GMT) Log: Seconds remaining: 1460
2020/01/01-16:46:28(GMT) Log: Seconds remaining: 1450
2020/01/01-16:46:38(GMT) Log: Seconds remaining: 1440
2020/01/01-16:46:48(GMT) Log: Seconds remaining: 1430
2020/01/01-16:46:58(GMT) Log: Seconds remaining: 1420
2020/01/01-16:47:08(GMT) Log: Seconds remaining: 1410
2020/01/01-16:47:18(GMT) Log: Seconds remaining: 1400
2020/01/01-16:47:28(GMT) Log: Seconds remaining: 1390
2020/01/01-16:47:38(GMT) Log: Seconds remaining: 1380
2020/01/01-16:47:48(GMT) Log: Seconds remaining: 1370
2020/01/01-16:47:58(GMT) Log: Seconds remaining: 1360
2020/01/01-16:48:08(GMT) Log: Seconds remaining: 1350
2020/01/01-16:48:18(GMT) Log: Seconds remaining: 1340
2020/01/01-16:48:28(GMT) Log: Seconds remaining: 1330
2020/01/01-16:48:38(GMT) Log: Seconds remaining: 1320
2020/01/01-16:48:48(GMT) Log: Seconds remaining: 1310
2020/01/01-16:48:58(GMT) Log: Seconds remaining: 1300
2020/01/01-16:49:08(GMT) Log: Seconds remaining: 1290
2020/01/01-16:49:18(GMT) Log: Seconds remaining: 1280
2020/01/01-16:49:28(GMT) Log: Seconds remaining: 1270
2020/01/01-16:49:38(GMT) Log: Seconds remaining: 1260
2020/01/01-16:49:48(GMT) Log: Seconds remaining: 1250
2020/01/01-16:49:58(GMT) Log: Seconds remaining: 1240
2020/01/01-16:50:08(GMT) Log: Seconds remaining: 1230
2020/01/01-16:50:18(GMT) Log: Seconds remaining: 1220
2020/01/01-16:50:28(GMT) Log: Seconds remaining: 1210
2020/01/01-16:50:38(GMT) Log: Seconds remaining: 1200
2020/01/01-16:50:38(GMT) Log: Pausing worker threads in preparation for power spike (1200 seconds remaining)
2020/01/01-16:50:48(GMT) Log: Seconds remaining: 1190
2020/01/01-16:50:53(GMT) Log: Resuming worker threads to cause a power spike (1185 seconds remaining)
2020/01/01-16:50:58(GMT) Log: Seconds remaining: 1180
2020/01/01-16:51:08(GMT) Log: Seconds remaining: 1170
2020/01/01-16:51:18(GMT) Log: Seconds remaining: 1160
2020/01/01-16:51:28(GMT) Log: Seconds remaining: 1150
2020/01/01-16:51:38(GMT) Log: Seconds remaining: 1140
2020/01/01-16:51:48(GMT) Log: Seconds remaining: 1130
2020/01/01-16:51:58(GMT) Log: Seconds remaining: 1120
2020/01/01-16:52:08(GMT) Log: Seconds remaining: 1110
2020/01/01-16:52:18(GMT) Log: Seconds remaining: 1100
2020/01/01-16:52:28(GMT) Log: Seconds remaining: 1090
2020/01/01-16:52:38(GMT) Log: Seconds remaining: 1080
2020/01/01-16:52:48(GMT) Log: Seconds remaining: 1070
2020/01/01-16:52:58(GMT) Log: Seconds remaining: 1060
2020/01/01-16:53:08(GMT) Log: Seconds remaining: 1050
2020/01/01-16:53:18(GMT) Log: Seconds remaining: 1040
2020/01/01-16:53:28(GMT) Log: Seconds remaining: 1030
2020/01/01-16:53:38(GMT) Log: Seconds remaining: 1020
2020/01/01-16:53:48(GMT) Log: Seconds remaining: 1010
2020/01/01-16:53:58(GMT) Log: Seconds remaining: 1000
2020/01/01-16:54:08(GMT) Log: Seconds remaining: 990
2020/01/01-16:54:18(GMT) Log: Seconds remaining: 980
2020/01/01-16:54:28(GMT) Log: Seconds remaining: 970
2020/01/01-16:54:38(GMT) Log: Seconds remaining: 960
2020/01/01-16:54:48(GMT) Log: Seconds remaining: 950
2020/01/01-16:54:58(GMT) Log: Seconds remaining: 940
2020/01/01-16:55:08(GMT) Log: Seconds remaining: 930
2020/01/01-16:55:18(GMT) Log: Seconds remaining: 920
2020/01/01-16:55:28(GMT) Log: Seconds remaining: 910
2020/01/01-16:55:38(GMT) Log: Seconds remaining: 900
2020/01/01-16:55:48(GMT) Log: Seconds remaining: 890
2020/01/01-16:55:58(GMT) Log: Seconds remaining: 880
2020/01/01-16:56:08(GMT) Log: Seconds remaining: 870
2020/01/01-16:56:18(GMT) Log: Seconds remaining: 860
2020/01/01-16:56:28(GMT) Log: Seconds remaining: 850
2020/01/01-16:56:38(GMT) Log: Seconds remaining: 840
2020/01/01-16:56:48(GMT) Log: Seconds remaining: 830
2020/01/01-16:56:58(GMT) Log: Seconds remaining: 820
2020/01/01-16:57:08(GMT) Log: Seconds remaining: 810
2020/01/01-16:57:18(GMT) Log: Seconds remaining: 800
2020/01/01-16:57:28(GMT) Log: Seconds remaining: 790
2020/01/01-16:57:38(GMT) Log: Seconds remaining: 780
2020/01/01-16:57:48(GMT) Log: Seconds remaining: 770
2020/01/01-16:57:58(GMT) Log: Seconds remaining: 760
2020/01/01-16:58:08(GMT) Log: Seconds remaining: 750
2020/01/01-16:58:18(GMT) Log: Seconds remaining: 740
2020/01/01-16:58:28(GMT) Log: Seconds remaining: 730
2020/01/01-16:58:38(GMT) Log: Seconds remaining: 720
2020/01/01-16:58:48(GMT) Log: Seconds remaining: 710
2020/01/01-16:58:58(GMT) Log: Seconds remaining: 700
2020/01/01-16:59:08(GMT) Log: Seconds remaining: 690
2020/01/01-16:59:18(GMT) Log: Seconds remaining: 680
2020/01/01-16:59:28(GMT) Log: Seconds remaining: 670
2020/01/01-16:59:38(GMT) Log: Seconds remaining: 660
2020/01/01-16:59:48(GMT) Log: Seconds remaining: 650
2020/01/01-16:59:58(GMT) Log: Seconds remaining: 640
2020/01/01-17:00:08(GMT) Log: Seconds remaining: 630
2020/01/01-17:00:18(GMT) Log: Seconds remaining: 620
2020/01/01-17:00:28(GMT) Log: Seconds remaining: 610
2020/01/01-17:00:38(GMT) Log: Seconds remaining: 600
2020/01/01-17:00:38(GMT) Log: Pausing worker threads in preparation for power spike (600 seconds remaining)
2020/01/01-17:00:48(GMT) Log: Seconds remaining: 590
2020/01/01-17:00:53(GMT) Log: Resuming worker threads to cause a power spike (585 seconds remaining)
2020/01/01-17:00:58(GMT) Log: Seconds remaining: 580
2020/01/01-17:01:08(GMT) Log: Seconds remaining: 570
2020/01/01-17:01:18(GMT) Log: Seconds remaining: 560
2020/01/01-17:01:28(GMT) Log: Seconds remaining: 550
2020/01/01-17:01:38(GMT) Log: Seconds remaining: 540
2020/01/01-17:01:48(GMT) Log: Seconds remaining: 530
2020/01/01-17:01:58(GMT) Log: Seconds remaining: 520
2020/01/01-17:02:08(GMT) Log: Seconds remaining: 510
2020/01/01-17:02:18(GMT) Log: Seconds remaining: 500
2020/01/01-17:02:28(GMT) Log: Seconds remaining: 490
2020/01/01-17:02:38(GMT) Log: Seconds remaining: 480
2020/01/01-17:02:48(GMT) Log: Seconds remaining: 470
2020/01/01-17:02:58(GMT) Log: Seconds remaining: 460
2020/01/01-17:03:08(GMT) Log: Seconds remaining: 450
2020/01/01-17:03:18(GMT) Log: Seconds remaining: 440
2020/01/01-17:03:28(GMT) Log: Seconds remaining: 430
2020/01/01-17:03:38(GMT) Log: Seconds remaining: 420
2020/01/01-17:03:48(GMT) Log: Seconds remaining: 410
2020/01/01-17:03:58(GMT) Log: Seconds remaining: 400
2020/01/01-17:04:08(GMT) Log: Seconds remaining: 390
2020/01/01-17:04:18(GMT) Log: Seconds remaining: 380
2020/01/01-17:04:28(GMT) Log: Seconds remaining: 370
2020/01/01-17:04:38(GMT) Log: Seconds remaining: 360
2020/01/01-17:04:48(GMT) Log: Seconds remaining: 350
2020/01/01-17:04:58(GMT) Log: Seconds remaining: 340
2020/01/01-17:05:08(GMT) Log: Seconds remaining: 330
2020/01/01-17:05:18(GMT) Log: Seconds remaining: 320
2020/01/01-17:05:28(GMT) Log: Seconds remaining: 310
2020/01/01-17:05:38(GMT) Log: Seconds remaining: 300
2020/01/01-17:05:48(GMT) Log: Seconds remaining: 290
2020/01/01-17:05:58(GMT) Log: Seconds remaining: 280
2020/01/01-17:06:08(GMT) Log: Seconds remaining: 270
2020/01/01-17:06:18(GMT) Log: Seconds remaining: 260
2020/01/01-17:06:28(GMT) Log: Seconds remaining: 250
2020/01/01-17:06:38(GMT) Log: Seconds remaining: 240
2020/01/01-17:06:48(GMT) Log: Seconds remaining: 230
2020/01/01-17:06:58(GMT) Log: Seconds remaining: 220
2020/01/01-17:07:08(GMT) Log: Seconds remaining: 210
2020/01/01-17:07:18(GMT) Log: Seconds remaining: 200
2020/01/01-17:07:28(GMT) Log: Seconds remaining: 190
2020/01/01-17:07:38(GMT) Log: Seconds remaining: 180
2020/01/01-17:07:48(GMT) Log: Seconds remaining: 170
2020/01/01-17:07:58(GMT) Log: Seconds remaining: 160
2020/01/01-17:08:08(GMT) Log: Seconds remaining: 150
2020/01/01-17:08:18(GMT) Log: Seconds remaining: 140
2020/01/01-17:08:28(GMT) Log: Seconds remaining: 130
2020/01/01-17:08:38(GMT) Log: Seconds remaining: 120
2020/01/01-17:08:48(GMT) Log: Seconds remaining: 110
2020/01/01-17:08:58(GMT) Log: Seconds remaining: 100
2020/01/01-17:09:08(GMT) Log: Seconds remaining: 90
2020/01/01-17:09:18(GMT) Log: Seconds remaining: 80
2020/01/01-17:09:28(GMT) Log: Seconds remaining: 70
2020/01/01-17:09:38(GMT) Log: Seconds remaining: 60
2020/01/01-17:09:48(GMT) Log: Seconds remaining: 50
2020/01/01-17:09:58(GMT) Log: Seconds remaining: 40
2020/01/01-17:10:08(GMT) Log: Seconds remaining: 30
2020/01/01-17:10:18(GMT) Log: Seconds remaining: 20
2020/01/01-17:10:28(GMT) Log: Seconds remaining: 10
2020/01/01-17:10:44(GMT) Stats: Found 0 hardware incidents
2020/01/01-17:10:44(GMT) Stats: Completed: 194780896.00M in 2400.78s 81132.43MB/s, with 0 hardware incidents, 0 errors
2020/01/01-17:10:44(GMT) Stats: Memory Copy: 194780896.00M at 81155.56MB/s
2020/01/01-17:10:44(GMT) Stats: File Copy: 0.00M at 0.00MB/s
2020/01/01-17:10:44(GMT) Stats: Net Copy: 0.00M at 0.00MB/s
2020/01/01-17:10:44(GMT) Stats: Data Check: 0.00M at 0.00MB/s
2020/01/01-17:10:44(GMT) Stats: Invert Data: 0.00M at 0.00MB/s
2020/01/01-17:10:44(GMT) Stats: Disk: 0.00M at 0.00MB/s
2020/01/01-17:10:44(GMT) 
2020/01/01-17:10:44(GMT) Status: PASS - please verify no corrected errors
2020/01/01-17:10:44(GMT) 

============================
=          DMESG           =
============================
[ 1833.968259] perf: interrupt took too long (2534 > 2500), lowering kernel.perf_event_max_sample_rate to 78750
[ 1986.868441] perf: interrupt took too long (3203 > 3167), lowering kernel.perf_event_max_sample_rate to 62250
[ 2248.920710] perf: interrupt took too long (4035 > 4003), lowering kernel.perf_event_max_sample_rate to 49500
[ 3080.677411] perf: interrupt took too long (5138 > 5043), lowering kernel.perf_event_max_sample_rate to 38750

============================
=          BMC SEL         =
============================
=== No SEL logged ===


==============================================
=            Burn-In Test Cycle 4            =
==============================================
Test start time: 2020-01-01_17:11:11
***************************
*      KSB test cycle4    *
***************************
===== KSB Memory test PASS =====

=======================================================
Running fpga-test on 02:00.0
=======================================================

Device Type                : Kalidah
EP Link Status             : Gen3 x8     PASSED 
GIT Hash                   : 0x0FAA0CFE
Device DNA                 : 0x400200000155AC694D80A405
Core Clock Frequency       :    250 MHz
SSD_0 present              :        Yes
SSD_1 present              :        Yes
KSB number                 :          1
Slice number               :          0
Temperature Master  Sysmon :      36.18  Cel
Temperature Slave 0 Sysmon :      34.54  Cel
Temperature Slave 1 Sysmon :      35.17  Cel
DDR4 capability            : ID_2, 16GB, VLP RDIMM w/ ECC, 1R, 16Gb x8 die, 2400 MT/s 
DDR4 calibration done      : 0x00000001  PASSED 
Unsupported Offset BAR3    : 0xFFFFFFFF  PASSED 
FPGA Version               : 0x00030006  PASSED 
DMA ch0 ctl. register      : 0x00008003  PASSED 
DMA ch1 ctl. register      : 0x00008013  PASSED 
DMA ch2 ctl. register      : 0x00008023  PASSED 
RP0 Link Status            : 0x70430000  PASSED 
Locating PCIe capabilities of SSD0 ...SSD0 Link Status           : 0x10430000  PASSED 
SSD0 Vendor/Dev ID         : 0xA808144D  PASSED  (Samsung)
RP1 Link Status            : 0x70430000  PASSED 
Locating PCIe capabilities of SSD1 ...SSD1 Link Status           : 0x10430000  PASSED 
SSD1 Vendor/Dev ID         : 0xA808144D  PASSED  (Samsung)
Global Fatal Interrupt     : 0x00000000  PASSED 
Global Non Fatal Interrupt : 0x00000000  PASSED 
  ____                 _
 |  _ \ __ _ ___ ___  | |
 | |_) / _` / __/ __| | |
 |  __/ (_| \__ \__ \ |_|
 |_|   \__,_|___/___/ (_)


=======================================================
Running fpga-test on 41:00.0
=======================================================

Device Type                : Kalidah
EP Link Status             : Gen3 x8     PASSED 
GIT Hash                   : 0x0FAA0CFE
Device DNA                 : 0x400200000155AC694D80A405
Core Clock Frequency       :    250 MHz
SSD_0 present              :        Yes
SSD_1 present              :        Yes
KSB number                 :          1
Slice number               :          1
DDR4 capability            : ID_2, 16GB, VLP RDIMM w/ ECC, 1R, 16Gb x8 die, 2400 MT/s 
DDR4 calibration done      : 0x00000001  PASSED 
Unsupported Offset BAR3    : 0xFFFFFFFF  PASSED 
FPGA Version               : 0x00030006  PASSED 
DMA ch0 ctl. register      : 0x00008003  PASSED 
DMA ch1 ctl. register      : 0x00008013  PASSED 
DMA ch2 ctl. register      : 0x00008023  PASSED 
RP0 Link Status            : 0x70430000  PASSED 
Locating PCIe capabilities of SSD0 ...SSD0 Link Status           : 0x10430000  PASSED 
SSD0 Vendor/Dev ID         : 0xA808144D  PASSED  (Samsung)
RP1 Link Status            : 0x70430000  PASSED 
Locating PCIe capabilities of SSD1 ...SSD1 Link Status           : 0x10430000  PASSED 
SSD1 Vendor/Dev ID         : 0xA808144D  PASSED  (Samsung)
Global Fatal Interrupt     : 0x00000000  PASSED 
Global Non Fatal Interrupt : 0x00000000  PASSED 
  ____                 _
 |  _ \ __ _ ___ ___  | |
 | |_) / _` / __/ __| | |
 |  __/ (_| \__ \__ \ |_|
 |_|   \__,_|___/___/ (_)


=======================================================
Running fpga-test on 84:00.0
=======================================================

Device Type                : Kalidah
EP Link Status             : Gen3 x8     PASSED 
GIT Hash                   : 0x0FAA0CFE
Device DNA                 : 0x400200000155AC694D906285
Core Clock Frequency       :    250 MHz
SSD_0 present              :        Yes
SSD_1 present              :        Yes
KSB number                 :          0
Slice number               :          1
DDR4 capability            : ID_2, 16GB, VLP RDIMM w/ ECC, 1R, 16Gb x8 die, 2400 MT/s 
DDR4 calibration done      : 0x00000001  PASSED 
Unsupported Offset BAR3    : 0xFFFFFFFF  PASSED 
FPGA Version               : 0x00030006  PASSED 
DMA ch0 ctl. register      : 0x00008003  PASSED 
DMA ch1 ctl. register      : 0x00008013  PASSED 
DMA ch2 ctl. register      : 0x00008023  PASSED 
RP0 Link Status            : 0x70430000  PASSED 
Locating PCIe capabilities of SSD0 ...SSD0 Link Status           : 0x10430000  PASSED 
SSD0 Vendor/Dev ID         : 0xA808144D  PASSED  (Samsung)
RP1 Link Status            : 0x70430000  PASSED 
Locating PCIe capabilities of SSD1 ...SSD1 Link Status           : 0x10430000  PASSED 
SSD1 Vendor/Dev ID         : 0xA808144D  PASSED  (Samsung)
Global Fatal Interrupt     : 0x00000000  PASSED 
Global Non Fatal Interrupt : 0x00000000  PASSED 
  ____                 _
 |  _ \ __ _ ___ ___  | |
 | |_) / _` / __/ __| | |
 |  __/ (_| \__ \__ \ |_|
 |_|   \__,_|___/___/ (_)


=======================================================
Running fpga-test on c1:00.0
=======================================================

Device Type                : Kalidah
EP Link Status             : Gen3 x8     PASSED 
GIT Hash                   : 0x0FAA0CFE
Device DNA                 : 0x400200000155AC694D906285
Core Clock Frequency       :    250 MHz
SSD_0 present              :        Yes
SSD_1 present              :        Yes
KSB number                 :          0
Slice number               :          0
Temperature Master  Sysmon :      35.74  Cel
Temperature Slave 0 Sysmon :      35.83  Cel
Temperature Slave 1 Sysmon :      34.98  Cel
DDR4 capability            : ID_2, 16GB, VLP RDIMM w/ ECC, 1R, 16Gb x8 die, 2400 MT/s 
DDR4 calibration done      : 0x00000001  PASSED 
Unsupported Offset BAR3    : 0xFFFFFFFF  PASSED 
FPGA Version               : 0x00030006  PASSED 
DMA ch0 ctl. register      : 0x00008003  PASSED 
DMA ch1 ctl. register      : 0x00008013  PASSED 
DMA ch2 ctl. register      : 0x00008023  PASSED 
RP0 Link Status            : 0x70430000  PASSED 
Locating PCIe capabilities of SSD0 ...SSD0 Link Status           : 0x10430000  PASSED 
SSD0 Vendor/Dev ID         : 0xA808144D  PASSED  (Samsung)
RP1 Link Status            : 0x70430000  PASSED 
Locating PCIe capabilities of SSD1 ...SSD1 Link Status           : 0x10430000  PASSED 
SSD1 Vendor/Dev ID         : 0xA808144D  PASSED  (Samsung)
Global Fatal Interrupt     : 0x00000000  PASSED 
Global Non Fatal Interrupt : 0x00000000  PASSED 
  ____                 _
 |  _ \ __ _ ___ ___  | |
 | |_) / _` / __/ __| | |
 |  __/ (_| \__ \__ \ |_|
 |_|   \__,_|___/___/ (_)


*****************************
*  CPU/Memory Stress cycle4 *
*****************************
============================
=        Stress Log        =
============================
2020/01/01-17:11:47(GMT) Log: Commandline - ./stressapptest -m 32 -C 32 -l /root/TinmanBI/STRESS.log -s 2400
2020/01/01-17:11:47(GMT) Stats: SAT revision 1.0.7_autoconf, 64 bit binary
2020/01/01-17:11:47(GMT) Log: root @ localhost.localdomain on Tue Sep 19 03:28:47 CST 2017 from open source release
2020/01/01-17:11:47(GMT) Log: 1 nodes, 128 cpus.
2020/01/01-17:11:47(GMT) Log: Total 515817 MB. Free 509997 MB. Hugepages 0 MB. Targeting 489834 MB (94%)
2020/01/01-17:11:47(GMT) Log: Prefer plain malloc memory allocation.
2020/01/01-17:11:47(GMT) Log: Using mmap() allocation at 0x7e969043d000.
2020/01/01-17:11:47(GMT) Stats: Starting SAT, 489834M, 2400 seconds
2020/01/01-17:12:22(GMT) Log: Region mask: 0x1
2020/01/01-17:12:32(GMT) Log: Seconds remaining: 2390
2020/01/01-17:12:42(GMT) Log: Seconds remaining: 2380
2020/01/01-17:12:52(GMT) Log: Seconds remaining: 2370
2020/01/01-17:13:02(GMT) Log: Seconds remaining: 2360
2020/01/01-17:13:12(GMT) Log: Seconds remaining: 2350
2020/01/01-17:13:22(GMT) Log: Seconds remaining: 2340
2020/01/01-17:13:32(GMT) Log: Seconds remaining: 2330
2020/01/01-17:13:42(GMT) Log: Seconds remaining: 2320
2020/01/01-17:13:52(GMT) Log: Seconds remaining: 2310
2020/01/01-17:14:02(GMT) Log: Seconds remaining: 2300
2020/01/01-17:14:12(GMT) Log: Seconds remaining: 2290
2020/01/01-17:14:22(GMT) Log: Seconds remaining: 2280
2020/01/01-17:14:32(GMT) Log: Seconds remaining: 2270
2020/01/01-17:14:42(GMT) Log: Seconds remaining: 2260
2020/01/01-17:14:52(GMT) Log: Seconds remaining: 2250
2020/01/01-17:15:02(GMT) Log: Seconds remaining: 2240
2020/01/01-17:15:12(GMT) Log: Seconds remaining: 2230
2020/01/01-17:15:22(GMT) Log: Seconds remaining: 2220
2020/01/01-17:15:32(GMT) Log: Seconds remaining: 2210
2020/01/01-17:15:42(GMT) Log: Seconds remaining: 2200
2020/01/01-17:15:52(GMT) Log: Seconds remaining: 2190
2020/01/01-17:16:02(GMT) Log: Seconds remaining: 2180
2020/01/01-17:16:12(GMT) Log: Seconds remaining: 2170
2020/01/01-17:16:22(GMT) Log: Seconds remaining: 2160
2020/01/01-17:16:32(GMT) Log: Seconds remaining: 2150
2020/01/01-17:16:42(GMT) Log: Seconds remaining: 2140
2020/01/01-17:16:52(GMT) Log: Seconds remaining: 2130
2020/01/01-17:17:02(GMT) Log: Seconds remaining: 2120
2020/01/01-17:17:12(GMT) Log: Seconds remaining: 2110
2020/01/01-17:17:22(GMT) Log: Seconds remaining: 2100
2020/01/01-17:17:32(GMT) Log: Seconds remaining: 2090
2020/01/01-17:17:42(GMT) Log: Seconds remaining: 2080
2020/01/01-17:17:52(GMT) Log: Seconds remaining: 2070
2020/01/01-17:18:02(GMT) Log: Seconds remaining: 2060
2020/01/01-17:18:12(GMT) Log: Seconds remaining: 2050
2020/01/01-17:18:22(GMT) Log: Seconds remaining: 2040
2020/01/01-17:18:32(GMT) Log: Seconds remaining: 2030
2020/01/01-17:18:42(GMT) Log: Seconds remaining: 2020
2020/01/01-17:18:52(GMT) Log: Seconds remaining: 2010
2020/01/01-17:19:02(GMT) Log: Seconds remaining: 2000
2020/01/01-17:19:12(GMT) Log: Seconds remaining: 1990
2020/01/01-17:19:22(GMT) Log: Seconds remaining: 1980
2020/01/01-17:19:32(GMT) Log: Seconds remaining: 1970
2020/01/01-17:19:42(GMT) Log: Seconds remaining: 1960
2020/01/01-17:19:52(GMT) Log: Seconds remaining: 1950
2020/01/01-17:20:02(GMT) Log: Seconds remaining: 1940
2020/01/01-17:20:12(GMT) Log: Seconds remaining: 1930
2020/01/01-17:20:22(GMT) Log: Seconds remaining: 1920
2020/01/01-17:20:32(GMT) Log: Seconds remaining: 1910
2020/01/01-17:20:42(GMT) Log: Seconds remaining: 1900
2020/01/01-17:20:52(GMT) Log: Seconds remaining: 1890
2020/01/01-17:21:02(GMT) Log: Seconds remaining: 1880
2020/01/01-17:21:12(GMT) Log: Seconds remaining: 1870
2020/01/01-17:21:22(GMT) Log: Seconds remaining: 1860
2020/01/01-17:21:32(GMT) Log: Seconds remaining: 1850
2020/01/01-17:21:42(GMT) Log: Seconds remaining: 1840
2020/01/01-17:21:52(GMT) Log: Seconds remaining: 1830
2020/01/01-17:22:02(GMT) Log: Seconds remaining: 1820
2020/01/01-17:22:12(GMT) Log: Seconds remaining: 1810
2020/01/01-17:22:22(GMT) Log: Seconds remaining: 1800
2020/01/01-17:22:22(GMT) Log: Pausing worker threads in preparation for power spike (1800 seconds remaining)
2020/01/01-17:22:32(GMT) Log: Seconds remaining: 1790
2020/01/01-17:22:37(GMT) Log: Resuming worker threads to cause a power spike (1785 seconds remaining)
2020/01/01-17:22:42(GMT) Log: Seconds remaining: 1780
2020/01/01-17:22:52(GMT) Log: Seconds remaining: 1770
2020/01/01-17:23:02(GMT) Log: Seconds remaining: 1760
2020/01/01-17:23:12(GMT) Log: Seconds remaining: 1750
2020/01/01-17:23:22(GMT) Log: Seconds remaining: 1740
2020/01/01-17:23:32(GMT) Log: Seconds remaining: 1730
2020/01/01-17:23:42(GMT) Log: Seconds remaining: 1720
2020/01/01-17:23:52(GMT) Log: Seconds remaining: 1710
2020/01/01-17:24:02(GMT) Log: Seconds remaining: 1700
2020/01/01-17:24:12(GMT) Log: Seconds remaining: 1690
2020/01/01-17:24:22(GMT) Log: Seconds remaining: 1680
2020/01/01-17:24:32(GMT) Log: Seconds remaining: 1670
2020/01/01-17:24:42(GMT) Log: Seconds remaining: 1660
2020/01/01-17:24:52(GMT) Log: Seconds remaining: 1650
2020/01/01-17:25:02(GMT) Log: Seconds remaining: 1640
2020/01/01-17:25:12(GMT) Log: Seconds remaining: 1630
2020/01/01-17:25:22(GMT) Log: Seconds remaining: 1620
2020/01/01-17:25:32(GMT) Log: Seconds remaining: 1610
2020/01/01-17:25:42(GMT) Log: Seconds remaining: 1600
2020/01/01-17:25:52(GMT) Log: Seconds remaining: 1590
2020/01/01-17:26:02(GMT) Log: Seconds remaining: 1580
2020/01/01-17:26:12(GMT) Log: Seconds remaining: 1570
2020/01/01-17:26:22(GMT) Log: Seconds remaining: 1560
2020/01/01-17:26:32(GMT) Log: Seconds remaining: 1550
2020/01/01-17:26:42(GMT) Log: Seconds remaining: 1540
2020/01/01-17:26:52(GMT) Log: Seconds remaining: 1530
2020/01/01-17:27:02(GMT) Log: Seconds remaining: 1520
2020/01/01-17:27:12(GMT) Log: Seconds remaining: 1510
2020/01/01-17:27:22(GMT) Log: Seconds remaining: 1500
2020/01/01-17:27:32(GMT) Log: Seconds remaining: 1490
2020/01/01-17:27:42(GMT) Log: Seconds remaining: 1480
2020/01/01-17:27:52(GMT) Log: Seconds remaining: 1470
2020/01/01-17:28:02(GMT) Log: Seconds remaining: 1460
2020/01/01-17:28:12(GMT) Log: Seconds remaining: 1450
2020/01/01-17:28:22(GMT) Log: Seconds remaining: 1440
2020/01/01-17:28:32(GMT) Log: Seconds remaining: 1430
2020/01/01-17:28:42(GMT) Log: Seconds remaining: 1420
2020/01/01-17:28:52(GMT) Log: Seconds remaining: 1410
2020/01/01-17:29:02(GMT) Log: Seconds remaining: 1400
2020/01/01-17:29:12(GMT) Log: Seconds remaining: 1390
2020/01/01-17:29:22(GMT) Log: Seconds remaining: 1380
2020/01/01-17:29:32(GMT) Log: Seconds remaining: 1370
2020/01/01-17:29:42(GMT) Log: Seconds remaining: 1360
2020/01/01-17:29:52(GMT) Log: Seconds remaining: 1350
2020/01/01-17:30:02(GMT) Log: Seconds remaining: 1340
2020/01/01-17:30:12(GMT) Log: Seconds remaining: 1330
2020/01/01-17:30:22(GMT) Log: Seconds remaining: 1320
2020/01/01-17:30:32(GMT) Log: Seconds remaining: 1310
2020/01/01-17:30:42(GMT) Log: Seconds remaining: 1300
2020/01/01-17:30:52(GMT) Log: Seconds remaining: 1290
2020/01/01-17:31:02(GMT) Log: Seconds remaining: 1280
2020/01/01-17:31:12(GMT) Log: Seconds remaining: 1270
2020/01/01-17:31:22(GMT) Log: Seconds remaining: 1260
2020/01/01-17:31:32(GMT) Log: Seconds remaining: 1250
2020/01/01-17:31:42(GMT) Log: Seconds remaining: 1240
2020/01/01-17:31:52(GMT) Log: Seconds remaining: 1230
2020/01/01-17:32:02(GMT) Log: Seconds remaining: 1220
2020/01/01-17:32:12(GMT) Log: Seconds remaining: 1210
2020/01/01-17:32:22(GMT) Log: Seconds remaining: 1200
2020/01/01-17:32:22(GMT) Log: Pausing worker threads in preparation for power spike (1200 seconds remaining)
2020/01/01-17:32:32(GMT) Log: Seconds remaining: 1190
2020/01/01-17:32:37(GMT) Log: Resuming worker threads to cause a power spike (1185 seconds remaining)
2020/01/01-17:32:42(GMT) Log: Seconds remaining: 1180
2020/01/01-17:32:52(GMT) Log: Seconds remaining: 1170
2020/01/01-17:33:02(GMT) Log: Seconds remaining: 1160
2020/01/01-17:33:12(GMT) Log: Seconds remaining: 1150
2020/01/01-17:33:22(GMT) Log: Seconds remaining: 1140
2020/01/01-17:33:32(GMT) Log: Seconds remaining: 1130
2020/01/01-17:33:42(GMT) Log: Seconds remaining: 1120
2020/01/01-17:33:52(GMT) Log: Seconds remaining: 1110
2020/01/01-17:34:02(GMT) Log: Seconds remaining: 1100
2020/01/01-17:34:12(GMT) Log: Seconds remaining: 1090
2020/01/01-17:34:22(GMT) Log: Seconds remaining: 1080
2020/01/01-17:34:32(GMT) Log: Seconds remaining: 1070
2020/01/01-17:34:42(GMT) Log: Seconds remaining: 1060
2020/01/01-17:34:52(GMT) Log: Seconds remaining: 1050
2020/01/01-17:35:02(GMT) Log: Seconds remaining: 1040
2020/01/01-17:35:12(GMT) Log: Seconds remaining: 1030
2020/01/01-17:35:22(GMT) Log: Seconds remaining: 1020
2020/01/01-17:35:32(GMT) Log: Seconds remaining: 1010
2020/01/01-17:35:42(GMT) Log: Seconds remaining: 1000
2020/01/01-17:35:52(GMT) Log: Seconds remaining: 990
2020/01/01-17:36:02(GMT) Log: Seconds remaining: 980
2020/01/01-17:36:12(GMT) Log: Seconds remaining: 970
2020/01/01-17:36:22(GMT) Log: Seconds remaining: 960
2020/01/01-17:36:32(GMT) Log: Seconds remaining: 950
2020/01/01-17:36:42(GMT) Log: Seconds remaining: 940
2020/01/01-17:36:52(GMT) Log: Seconds remaining: 930
2020/01/01-17:37:02(GMT) Log: Seconds remaining: 920
2020/01/01-17:37:12(GMT) Log: Seconds remaining: 910
2020/01/01-17:37:22(GMT) Log: Seconds remaining: 900
2020/01/01-17:37:32(GMT) Log: Seconds remaining: 890
2020/01/01-17:37:42(GMT) Log: Seconds remaining: 880
2020/01/01-17:37:52(GMT) Log: Seconds remaining: 870
2020/01/01-17:38:02(GMT) Log: Seconds remaining: 860
2020/01/01-17:38:12(GMT) Log: Seconds remaining: 850
2020/01/01-17:38:22(GMT) Log: Seconds remaining: 840
2020/01/01-17:38:32(GMT) Log: Seconds remaining: 830
2020/01/01-17:38:42(GMT) Log: Seconds remaining: 820
2020/01/01-17:38:52(GMT) Log: Seconds remaining: 810
2020/01/01-17:39:02(GMT) Log: Seconds remaining: 800
2020/01/01-17:39:12(GMT) Log: Seconds remaining: 790
2020/01/01-17:39:22(GMT) Log: Seconds remaining: 780
2020/01/01-17:39:32(GMT) Log: Seconds remaining: 770
2020/01/01-17:39:42(GMT) Log: Seconds remaining: 760
2020/01/01-17:39:52(GMT) Log: Seconds remaining: 750
2020/01/01-17:40:02(GMT) Log: Seconds remaining: 740
2020/01/01-17:40:12(GMT) Log: Seconds remaining: 730
2020/01/01-17:40:22(GMT) Log: Seconds remaining: 720
2020/01/01-17:40:32(GMT) Log: Seconds remaining: 710
2020/01/01-17:40:42(GMT) Log: Seconds remaining: 700
2020/01/01-17:40:52(GMT) Log: Seconds remaining: 690
2020/01/01-17:41:02(GMT) Log: Seconds remaining: 680
2020/01/01-17:41:12(GMT) Log: Seconds remaining: 670
2020/01/01-17:41:22(GMT) Log: Seconds remaining: 660
2020/01/01-17:41:32(GMT) Log: Seconds remaining: 650
2020/01/01-17:41:42(GMT) Log: Seconds remaining: 640
2020/01/01-17:41:52(GMT) Log: Seconds remaining: 630
2020/01/01-17:42:02(GMT) Log: Seconds remaining: 620
2020/01/01-17:42:12(GMT) Log: Seconds remaining: 610
2020/01/01-17:42:22(GMT) Log: Seconds remaining: 600
2020/01/01-17:42:22(GMT) Log: Pausing worker threads in preparation for power spike (600 seconds remaining)
2020/01/01-17:42:32(GMT) Log: Seconds remaining: 590
2020/01/01-17:42:37(GMT) Log: Resuming worker threads to cause a power spike (585 seconds remaining)
2020/01/01-17:42:42(GMT) Log: Seconds remaining: 580
2020/01/01-17:42:52(GMT) Log: Seconds remaining: 570
2020/01/01-17:43:02(GMT) Log: Seconds remaining: 560
2020/01/01-17:43:12(GMT) Log: Seconds remaining: 550
2020/01/01-17:43:22(GMT) Log: Seconds remaining: 540
2020/01/01-17:43:32(GMT) Log: Seconds remaining: 530
2020/01/01-17:43:42(GMT) Log: Seconds remaining: 520
2020/01/01-17:43:52(GMT) Log: Seconds remaining: 510
2020/01/01-17:44:02(GMT) Log: Seconds remaining: 500
2020/01/01-17:44:12(GMT) Log: Seconds remaining: 490
2020/01/01-17:44:22(GMT) Log: Seconds remaining: 480
2020/01/01-17:44:32(GMT) Log: Seconds remaining: 470
2020/01/01-17:44:42(GMT) Log: Seconds remaining: 460
2020/01/01-17:44:52(GMT) Log: Seconds remaining: 450
2020/01/01-17:45:02(GMT) Log: Seconds remaining: 440
2020/01/01-17:45:12(GMT) Log: Seconds remaining: 430
2020/01/01-17:45:22(GMT) Log: Seconds remaining: 420
2020/01/01-17:45:32(GMT) Log: Seconds remaining: 410
2020/01/01-17:45:42(GMT) Log: Seconds remaining: 400
2020/01/01-17:45:52(GMT) Log: Seconds remaining: 390
2020/01/01-17:46:02(GMT) Log: Seconds remaining: 380
2020/01/01-17:46:12(GMT) Log: Seconds remaining: 370
2020/01/01-17:46:22(GMT) Log: Seconds remaining: 360
2020/01/01-17:46:32(GMT) Log: Seconds remaining: 350
2020/01/01-17:46:42(GMT) Log: Seconds remaining: 340
2020/01/01-17:46:52(GMT) Log: Seconds remaining: 330
2020/01/01-17:47:02(GMT) Log: Seconds remaining: 320
2020/01/01-17:47:12(GMT) Log: Seconds remaining: 310
2020/01/01-17:47:22(GMT) Log: Seconds remaining: 300
2020/01/01-17:47:32(GMT) Log: Seconds remaining: 290
2020/01/01-17:47:42(GMT) Log: Seconds remaining: 280
2020/01/01-17:47:52(GMT) Log: Seconds remaining: 270
2020/01/01-17:48:02(GMT) Log: Seconds remaining: 260
2020/01/01-17:48:12(GMT) Log: Seconds remaining: 250
2020/01/01-17:48:22(GMT) Log: Seconds remaining: 240
2020/01/01-17:48:32(GMT) Log: Seconds remaining: 230
2020/01/01-17:48:42(GMT) Log: Seconds remaining: 220
2020/01/01-17:48:52(GMT) Log: Seconds remaining: 210
2020/01/01-17:49:02(GMT) Log: Seconds remaining: 200
2020/01/01-17:49:12(GMT) Log: Seconds remaining: 190
2020/01/01-17:49:22(GMT) Log: Seconds remaining: 180
2020/01/01-17:49:32(GMT) Log: Seconds remaining: 170
2020/01/01-17:49:42(GMT) Log: Seconds remaining: 160
2020/01/01-17:49:52(GMT) Log: Seconds remaining: 150
2020/01/01-17:50:02(GMT) Log: Seconds remaining: 140
2020/01/01-17:50:12(GMT) Log: Seconds remaining: 130
2020/01/01-17:50:22(GMT) Log: Seconds remaining: 120
2020/01/01-17:50:32(GMT) Log: Seconds remaining: 110
2020/01/01-17:50:42(GMT) Log: Seconds remaining: 100
2020/01/01-17:50:52(GMT) Log: Seconds remaining: 90
2020/01/01-17:51:02(GMT) Log: Seconds remaining: 80
2020/01/01-17:51:12(GMT) Log: Seconds remaining: 70
2020/01/01-17:51:22(GMT) Log: Seconds remaining: 60
2020/01/01-17:51:32(GMT) Log: Seconds remaining: 50
2020/01/01-17:51:42(GMT) Log: Seconds remaining: 40
2020/01/01-17:51:52(GMT) Log: Seconds remaining: 30
2020/01/01-17:52:02(GMT) Log: Seconds remaining: 20
2020/01/01-17:52:12(GMT) Log: Seconds remaining: 10
2020/01/01-17:52:28(GMT) Stats: Found 0 hardware incidents
2020/01/01-17:52:28(GMT) Stats: Completed: 195374352.00M in 2400.82s 81378.27MB/s, with 0 hardware incidents, 0 errors
2020/01/01-17:52:28(GMT) Stats: Memory Copy: 195374352.00M at 81402.77MB/s
2020/01/01-17:52:28(GMT) Stats: File Copy: 0.00M at 0.00MB/s
2020/01/01-17:52:28(GMT) Stats: Net Copy: 0.00M at 0.00MB/s
2020/01/01-17:52:28(GMT) Stats: Data Check: 0.00M at 0.00MB/s
2020/01/01-17:52:28(GMT) Stats: Invert Data: 0.00M at 0.00MB/s
2020/01/01-17:52:28(GMT) Stats: Disk: 0.00M at 0.00MB/s
2020/01/01-17:52:28(GMT) 
2020/01/01-17:52:28(GMT) Status: PASS - please verify no corrected errors
2020/01/01-17:52:28(GMT) 

============================
=          DMESG           =
============================
[ 1833.968259] perf: interrupt took too long (2534 > 2500), lowering kernel.perf_event_max_sample_rate to 78750
[ 1986.868441] perf: interrupt took too long (3203 > 3167), lowering kernel.perf_event_max_sample_rate to 62250
[ 2248.920710] perf: interrupt took too long (4035 > 4003), lowering kernel.perf_event_max_sample_rate to 49500
[ 3080.677411] perf: interrupt took too long (5138 > 5043), lowering kernel.perf_event_max_sample_rate to 38750

============================
=          BMC SEL         =
============================
=== No SEL logged ===


