====================================================
=     BMC SDR after KSB Manufacture Test Phase2    =
====================================================
Chassis Serial Number: 516-22011400300008
========== BMC SDR ==========
===== BMC SDR check PASS =====
TEMP_CPU0        | 66.000     | degrees C  | ok    | na        | na        | na        | na        | 95.000    | na        [PASS]
TEMP_CPU_Outlet  | 48.000     | degrees C  | ok    | na        | na        | na        | na        | 85.000    | na        [PASS]
TEMP_MB_Outlet   | 41.000     | degrees C  | ok    | na        | na        | na        | na        | 85.000    | na        [PASS]
TEMP_VR_Zone     | 34.000     | degrees C  | ok    | na        | na        | na        | na        | 85.000    | na        [PASS]
TEMP_MEM_Zone_1  | 31.000     | degrees C  | ok    | na        | na        | na        | na        | 85.000    | na        [PASS]
TEMP_MEM_Zone_2  | 33.000     | degrees C  | ok    | na        | na        | na        | na        | 85.000    | na        [PASS]
TEMP_BMC_Zone    | 37.000     | degrees C  | ok    | na        | na        | na        | na        | 85.000    | na        [PASS]
TEMP_Air_Inlet   | 21.000     | degrees C  | ok    | na        | na        | na        | na        | 45.000    | na        [PASS]
TEMP_ADM1278     | 38.000     | degrees C  | ok    | na        | na        | na        | na        | 85.000    | na        [PASS]
TEMP_DIMM_A      | 36.000     | degrees C  | ok    | na        | na        | na        | na        | 87.000    | na        [PASS]
TEMP_DIMM_B      | 35.000     | degrees C  | ok    | na        | na        | na        | na        | 87.000    | na        [PASS]
TEMP_DIMM_C      | 33.000     | degrees C  | ok    | na        | na        | na        | na        | 87.000    | na        [PASS]
TEMP_DIMM_D      | 31.000     | degrees C  | ok    | na        | na        | na        | na        | 87.000    | na        [PASS]
TEMP_DIMM_E      | 36.000     | degrees C  | ok    | na        | na        | na        | na        | 87.000    | na        [PASS]
TEMP_DIMM_F      | 35.000     | degrees C  | ok    | na        | na        | na        | na        | 87.000    | na        [PASS]
TEMP_DIMM_G      | 35.000     | degrees C  | ok    | na        | na        | na        | na        | 87.000    | na        [PASS]
TEMP_DIMM_H      | 33.000     | degrees C  | ok    | na        | na        | na        | na        | 87.000    | na        [PASS]
12V              | 12.480     | Volts      | ok    | na        | 11.400    | na        | na        | 12.600    | na        [PASS]
5V               | 5.040      | Volts      | ok    | na        | 4.620     | na        | na        | 5.370     | na        [PASS]
3V3              | 3.300      | Volts      | ok    | na        | 3.040     | na        | na        | 3.560     | na        [PASS]
VDDCR_CPU        | 1.180      | Volts      | ok    | na        | 0.420     | na        | na        | 1.480     | na        [PASS]
VDDCR_SOC        | 0.830      | Volts      | ok    | na        | 0.600     | na        | na        | 1.160     | na        [PASS]
VDDCR_SOC_S5     | 0.900      | Volts      | ok    | na        | 0.830     | na        | na        | 0.970     | na        [PASS]
VDD_33_BAT       | 3.140      | Volts      | ok    | na        | 2.500     | na        | na        | 3.240     | na        [PASS]
1V8_SOC          | 1.810      | Volts      | ok    | na        | 1.670     | na        | na        | 1.930     | na        [PASS]
1V8_SOC_S5       | 1.790      | Volts      | ok    | na        | 1.670     | na        | na        | 1.930     | na        [PASS]
3V3_S5           | 3.300      | Volts      | ok    | na        | 3.040     | na        | na        | 3.560     | na        [PASS]
5V_S5            | 5.040      | Volts      | ok    | na        | 4.620     | na        | na        | 5.370     | na        [PASS]
VDD_ABCD         | 1.210      | Volts      | ok    | na        | 1.100     | na        | na        | 1.310     | na        [PASS]
VDD_EFGH         | 1.210      | Volts      | ok    | na        | 1.100     | na        | na        | 1.310     | na        [PASS]
VPP_ABCD         | 2.540      | Volts      | ok    | na        | 2.300     | na        | na        | 2.700     | na        [PASS]
VPP_EFGH         | 2.540      | Volts      | ok    | na        | 2.300     | na        | na        | 2.700     | na        [PASS]
VTT_ABCD         | 0.600      | Volts      | ok    | na        | 0.510     | na        | na        | 0.700     | na        [PASS]
VTT_EFGH         | 0.600      | Volts      | ok    | na        | 0.510     | na        | na        | 0.700     | na        [PASS]
ADM1278_Iout     | 18.300     | Amps       | ok    | na        | na        | na        | na        | na        | na        [PASS]
ADM1278_Pin      | 222.000    | Watts      | ok    | na        | na        | na        | na        | na        | na        [PASS]
K0_Presence      | 0x0        | discrete   | 0x0180| na        | na        | na        | na        | na        | na        [PASS]
K0_U4_Alarm      | 0x0        | discrete   | 0x0080| na        | na        | na        | na        | na        | na        [PASS]
K0_R0_FLAG_0     | 0x0        | discrete   | 0x0080| na        | na        | na        | na        | na        | na        [PASS]
K0_R0_FLAG_1     | 0x0        | discrete   | 0x0080| na        | na        | na        | na        | na        | na        [PASS]
K0_R1_FLAG_0     | 0x0        | discrete   | 0x0080| na        | na        | na        | na        | na        | na        [PASS]
K0_R1_FLAG_1     | 0x0        | discrete   | 0x0080| na        | na        | na        | na        | na        | na        [PASS]
K0_R2_FLAG_0     | 0x0        | discrete   | 0x0080| na        | na        | na        | na        | na        | na        [PASS]
K0_R2_FLAG_1     | 0x0        | discrete   | 0x0080| na        | na        | na        | na        | na        | na        [PASS]
TEMP_K0_DIMM0    | 28.000     | degrees C  | ok    | na        | na        | na        | na        | 87.000    | na        [PASS]
TEMP_K0_DIMM1    | 28.000     | degrees C  | ok    | na        | na        | na        | na        | 87.000    | na        [PASS]
TEMP_K0_S0_SSD0  | 29.000     | degrees C  | ok    | na        | na        | na        | na        | 70.000    | na        [PASS]
TEMP_K0_S0_SSD1  | 29.000     | degrees C  | ok    | na        | na        | na        | na        | 70.000    | na        [PASS]
TEMP_K0_S1_SSD0  | 27.000     | degrees C  | ok    | na        | na        | na        | na        | 70.000    | na        [PASS]
TEMP_K0_S1_SSD1  | 28.000     | degrees C  | ok    | na        | na        | na        | na        | 70.000    | na        [PASS]
TEMP_K0_R0       | 36.000     | degrees C  | ok    | na        | na        | na        | na        | 100.000   | na        [PASS]
TEMP_K0_R1       | 37.000     | degrees C  | ok    | na        | na        | na        | na        | 100.000   | na        [PASS]
TEMP_K0_R2       | 37.000     | degrees C  | ok    | na        | na        | na        | na        | 100.000   | na        [PASS]
TEMP_K0_R0_Max   | 40.000     | degrees C  | ok    | na        | na        | na        | na        | na        | na        [PASS]
TEMP_K0_R1_Max   | 38.000     | degrees C  | ok    | na        | na        | na        | na        | na        | na        [PASS]
TEMP_K0_R2_Max   | 38.000     | degrees C  | ok    | na        | na        | na        | na        | na        | na        [PASS]
TEMP_K0_R0_Min   | 33.000     | degrees C  | ok    | na        | na        | na        | na        | na        | na        [PASS]
TEMP_K0_R1_Min   | 36.000     | degrees C  | ok    | na        | na        | na        | na        | na        | na        [PASS]
TEMP_K0_R2_Min   | 36.000     | degrees C  | ok    | na        | na        | na        | na        | na        | na        [PASS]
K0_12V           | 12.540     | Volts      | ok    | na        | 11.040    | na        | na        | 12.600    | na        [PASS]
K0_VREFP         | 1.250      | Volts      | ok    | na        | 1.230     | na        | na        | 1.260     | na        [PASS]
K0_VREFN         | 0.000      | Volts      | ok    | na        | na        | na        | na        | 0.001     | na        [PASS]
K0_5V            | 4.770      | Volts      | ok    | na        | 4.590     | na        | na        | 5.250     | na        [PASS]
K0_3V3           | 3.320      | Volts      | ok    | na        | 3.120     | na        | na        | 3.480     | na        [PASS]
K0_S0_600mV_VTT  | 0.606      | Volts      | ok    | na        | 0.582     | na        | na        | 0.618     | na        [PASS]
K0_S1_600mV_VTT  | 0.603      | Volts      | ok    | na        | 0.582     | na        | na        | 0.618     | na        [PASS]
K0_VCCINT_IMON   | 0.110      | Volts      | ok    | na        | na        | na        | na        | 1.120     | na        [PASS]
K0_R0_VCCINT     | 0.852      | Volts      | ok    | na        | 0.824     | na        | na        | 0.872     | na        [PASS]
K0_R0_VCCBRAM    | 0.848      | Volts      | ok    | na        | 0.832     | na        | na        | 0.868     | na        [PASS]
K0_R0_VCCAUX     | 1.820      | Volts      | ok    | na        | 1.740     | na        | na        | 1.860     | na        [PASS]
K0_R0_VUSER0     | 0.840      | Volts      | ok    | na        | 0.824     | na        | na        | 0.872     | na        [PASS]
K0_R0_VUSER1     | 0.840      | Volts      | ok    | na        | 0.824     | na        | na        | 0.872     | na        [PASS]
K0_R0_VUSER2     | 1.820      | Volts      | ok    | na        | 1.740     | na        | na        | 1.860     | na        [PASS]
K0_R0_VUSER3     | 1.820      | Volts      | ok    | na        | 1.740     | na        | na        | 1.860     | na        [PASS]
K0_R1_VCCINT     | 0.856      | Volts      | ok    | na        | 0.824     | na        | na        | 0.872     | na        [PASS]
K0_R1_VCCBRAM    | 0.848      | Volts      | ok    | na        | 0.832     | na        | na        | 0.868     | na        [PASS]
K0_R1_VCCAUX     | 1.820      | Volts      | ok    | na        | 1.740     | na        | na        | 1.860     | na        [PASS]
K0_R1_VUSER0     | 1.200      | Volts      | ok    | na        | 1.150     | na        | na        | 1.250     | na        [PASS]
K0_R1_VUSER1     | 0.840      | Volts      | ok    | na        | 0.824     | na        | na        | 0.868     | na        [PASS]
K0_R1_VUSER2     | 1.200      | Volts      | ok    | na        | 1.150     | na        | na        | 1.250     | na        [PASS]
K0_R1_VUSER3     | 0.840      | Volts      | ok    | na        | 0.824     | na        | na        | 0.868     | na        [PASS]
K0_R2_VCCINT     | 0.856      | Volts      | ok    | na        | 0.824     | na        | na        | 0.872     | na        [PASS]
K0_R2_VCCBRAM    | 0.848      | Volts      | ok    | na        | 0.832     | na        | na        | 0.868     | na        [PASS]
K0_R2_VCCAUX     | 1.820      | Volts      | ok    | na        | 1.740     | na        | na        | 1.860     | na        [PASS]
K0_R2_VUSER0     | 1.200      | Volts      | ok    | na        | 1.150     | na        | na        | 1.250     | na        [PASS]
K0_R2_VUSER1     | 0.836      | Volts      | ok    | na        | 0.824     | na        | na        | 0.868     | na        [PASS]
K0_R2_VUSER2     | 1.200      | Volts      | ok    | na        | 1.150     | na        | na        | 1.250     | na        [PASS]
K0_R2_VUSER3     | 0.840      | Volts      | ok    | na        | 0.824     | na        | na        | 0.868     | na        [PASS]
K0_VCCINT_Max    | 0.860      | Volts      | ok    | na        | na        | na        | na        | na        | na        [PASS]
K0_VCCBRAM_Max   | 0.856      | Volts      | ok    | na        | na        | na        | na        | na        | na        [PASS]
K0_VCCAUX_Max    | 1.830      | Volts      | ok    | na        | na        | na        | na        | na        | na        [PASS]
K0_R0_VUSER0_Max | 0.848      | Volts      | ok    | na        | na        | na        | na        | na        | na        [PASS]
K0_R0_VUSER1_Max | 0.848      | Volts      | ok    | na        | na        | na        | na        | na        | na        [PASS]
K0_R0_VUSER2_Max | 1.840      | Volts      | ok    | na        | na        | na        | na        | na        | na        [PASS]
K0_R0_VUSER3_Max | 1.840      | Volts      | ok    | na        | na        | na        | na        | na        | na        [PASS]
K0_R1_VUSER0_Max | 1.210      | Volts      | ok    | na        | na        | na        | na        | na        | na        [PASS]
K0_R1_VUSER1_Max | 0.840      | Volts      | ok    | na        | na        | na        | na        | na        | na        [PASS]
K0_R1_VUSER2_Max | 1.210      | Volts      | ok    | na        | na        | na        | na        | na        | na        [PASS]
K0_R1_VUSER3_Max | 0.840      | Volts      | ok    | na        | na        | na        | na        | na        | na        [PASS]
K0_R2_VUSER0_Max | 1.210      | Volts      | ok    | na        | na        | na        | na        | na        | na        [PASS]
K0_R2_VUSER1_Max | 0.840      | Volts      | ok    | na        | na        | na        | na        | na        | na        [PASS]
K0_R2_VUSER2_Max | 1.210      | Volts      | ok    | na        | na        | na        | na        | na        | na        [PASS]
K0_R2_VUSER3_Max | 0.840      | Volts      | ok    | na        | na        | na        | na        | na        | na        [PASS]
K0_VCCINT_Min    | 0.840      | Volts      | ok    | na        | na        | na        | na        | na        | na        [PASS]
K0_VCCBRAM_Min   | 0.840      | Volts      | ok    | na        | na        | na        | na        | na        | na        [PASS]
K0_VCCAUX_Min    | 1.800      | Volts      | ok    | na        | na        | na        | na        | na        | na        [PASS]
K0_R0_VUSER0_Min | 0.832      | Volts      | ok    | na        | na        | na        | na        | na        | na        [PASS]
K0_R0_VUSER1_Min | 0.832      | Volts      | ok    | na        | na        | na        | na        | na        | na        [PASS]
K0_R0_VUSER2_Min | 1.800      | Volts      | ok    | na        | na        | na        | na        | na        | na        [PASS]
K0_R0_VUSER3_Min | 1.800      | Volts      | ok    | na        | na        | na        | na        | na        | na        [PASS]
K0_R1_VUSER0_Min | 1.200      | Volts      | ok    | na        | na        | na        | na        | na        | na        [PASS]
K0_R1_VUSER1_Min | 0.832      | Volts      | ok    | na        | na        | na        | na        | na        | na        [PASS]
K0_R1_VUSER2_Min | 1.200      | Volts      | ok    | na        | na        | na        | na        | na        | na        [PASS]
K0_R1_VUSER3_Min | 0.832      | Volts      | ok    | na        | na        | na        | na        | na        | na        [PASS]
K0_R2_VUSER0_Min | 1.190      | Volts      | ok    | na        | na        | na        | na        | na        | na        [PASS]
K0_R2_VUSER1_Min | 0.832      | Volts      | ok    | na        | na        | na        | na        | na        | na        [PASS]
K0_R2_VUSER2_Min | 1.200      | Volts      | ok    | na        | na        | na        | na        | na        | na        [PASS]
K0_R2_VUSER3_Min | 0.832      | Volts      | ok    | na        | na        | na        | na        | na        | na        [PASS]
K1_Presence      | 0x0        | discrete   | 0x0180| na        | na        | na        | na        | na        | na        [PASS]
K1_U4_Alarm      | 0x0        | discrete   | 0x0080| na        | na        | na        | na        | na        | na        [PASS]
K1_R0_FLAG_0     | 0x0        | discrete   | 0x0080| na        | na        | na        | na        | na        | na        [PASS]
K1_R0_FLAG_1     | 0x0        | discrete   | 0x0080| na        | na        | na        | na        | na        | na        [PASS]
K1_R1_FLAG_0     | 0x0        | discrete   | 0x0080| na        | na        | na        | na        | na        | na        [PASS]
K1_R1_FLAG_1     | 0x0        | discrete   | 0x0080| na        | na        | na        | na        | na        | na        [PASS]
K1_R2_FLAG_0     | 0x0        | discrete   | 0x0080| na        | na        | na        | na        | na        | na        [PASS]
K1_R2_FLAG_1     | 0x0        | discrete   | 0x0080| na        | na        | na        | na        | na        | na        [PASS]
TEMP_K1_DIMM0    | 29.000     | degrees C  | ok    | na        | na        | na        | na        | 87.000    | na        [PASS]
TEMP_K1_DIMM1    | 29.000     | degrees C  | ok    | na        | na        | na        | na        | 87.000    | na        [PASS]
TEMP_K1_S0_SSD0  | 29.000     | degrees C  | ok    | na        | na        | na        | na        | 70.000    | na        [PASS]
TEMP_K1_S0_SSD1  | 29.000     | degrees C  | ok    | na        | na        | na        | na        | 70.000    | na        [PASS]
TEMP_K1_S1_SSD0  | 29.000     | degrees C  | ok    | na        | na        | na        | na        | 70.000    | na        [PASS]
TEMP_K1_S1_SSD1  | 29.000     | degrees C  | ok    | na        | na        | na        | na        | 70.000    | na        [PASS]
TEMP_K1_R0       | 38.000     | degrees C  | ok    | na        | na        | na        | na        | 100.000   | na        [PASS]
TEMP_K1_R1       | 38.000     | degrees C  | ok    | na        | na        | na        | na        | 100.000   | na        [PASS]
TEMP_K1_R2       | 37.000     | degrees C  | ok    | na        | na        | na        | na        | 100.000   | na        [PASS]
TEMP_K1_R0_Max   | 39.000     | degrees C  | ok    | na        | na        | na        | na        | na        | na        [PASS]
TEMP_K1_R1_Max   | 39.000     | degrees C  | ok    | na        | na        | na        | na        | na        | na        [PASS]
TEMP_K1_R2_Max   | 38.000     | degrees C  | ok    | na        | na        | na        | na        | na        | na        [PASS]
TEMP_K1_R0_Min   | 36.000     | degrees C  | ok    | na        | na        | na        | na        | na        | na        [PASS]
TEMP_K1_R1_Min   | 37.000     | degrees C  | ok    | na        | na        | na        | na        | na        | na        [PASS]
TEMP_K1_R2_Min   | 35.000     | degrees C  | ok    | na        | na        | na        | na        | na        | na        [PASS]
K1_12V           | 12.480     | Volts      | ok    | na        | 11.040    | na        | na        | 12.600    | na        [PASS]
K1_VREFP         | 1.240      | Volts      | ok    | na        | 1.230     | na        | na        | 1.260     | na        [PASS]
K1_VREFN         | 0.000      | Volts      | ok    | na        | na        | na        | na        | 0.001     | na        [PASS]
K1_5V            | 4.770      | Volts      | ok    | na        | 4.590     | na        | na        | 5.250     | na        [PASS]
K1_3V3           | 3.300      | Volts      | ok    | na        | 3.120     | na        | na        | 3.480     | na        [PASS]
K1_S0_600mV_VTT  | 0.606      | Volts      | ok    | na        | 0.582     | na        | na        | 0.618     | na        [PASS]
K1_S1_600mV_VTT  | 0.609      | Volts      | ok    | na        | 0.582     | na        | na        | 0.618     | na        [PASS]
K1_VCCINT_IMON   | 0.110      | Volts      | ok    | na        | na        | na        | na        | 1.120     | na        [PASS]
K1_R0_VCCINT     | 0.848      | Volts      | ok    | na        | 0.824     | na        | na        | 0.872     | na        [PASS]
K1_R0_VCCBRAM    | 0.844      | Volts      | ok    | na        | 0.832     | na        | na        | 0.868     | na        [PASS]
K1_R0_VCCAUX     | 1.800      | Volts      | ok    | na        | 1.740     | na        | na        | 1.860     | na        [PASS]
K1_R0_VUSER0     | 0.840      | Volts      | ok    | na        | 0.824     | na        | na        | 0.872     | na        [PASS]
K1_R0_VUSER1     | 0.840      | Volts      | ok    | na        | 0.824     | na        | na        | 0.872     | na        [PASS]
K1_R0_VUSER2     | 1.830      | Volts      | ok    | na        | 1.740     | na        | na        | 1.860     | na        [PASS]
K1_R0_VUSER3     | 1.830      | Volts      | ok    | na        | 1.740     | na        | na        | 1.860     | na        [PASS]
K1_R1_VCCINT     | 0.856      | Volts      | ok    | na        | 0.824     | na        | na        | 0.872     | na        [PASS]
K1_R1_VCCBRAM    | 0.844      | Volts      | ok    | na        | 0.832     | na        | na        | 0.868     | na        [PASS]
K1_R1_VCCAUX     | 1.820      | Volts      | ok    | na        | 1.740     | na        | na        | 1.860     | na        [PASS]
K1_R1_VUSER0     | 1.210      | Volts      | ok    | na        | 1.150     | na        | na        | 1.250     | na        [PASS]
K1_R1_VUSER1     | 0.840      | Volts      | ok    | na        | 0.824     | na        | na        | 0.868     | na        [PASS]
K1_R1_VUSER2     | 1.200      | Volts      | ok    | na        | 1.150     | na        | na        | 1.250     | na        [PASS]
K1_R1_VUSER3     | 0.836      | Volts      | ok    | na        | 0.824     | na        | na        | 0.868     | na        [PASS]
K1_R2_VCCINT     | 0.852      | Volts      | ok    | na        | 0.824     | na        | na        | 0.872     | na        [PASS]
K1_R2_VCCBRAM    | 0.844      | Volts      | ok    | na        | 0.832     | na        | na        | 0.868     | na        [PASS]
K1_R2_VCCAUX     | 1.820      | Volts      | ok    | na        | 1.740     | na        | na        | 1.860     | na        [PASS]
K1_R2_VUSER0     | 1.200      | Volts      | ok    | na        | 1.150     | na        | na        | 1.250     | na        [PASS]
K1_R2_VUSER1     | 0.836      | Volts      | ok    | na        | 0.824     | na        | na        | 0.868     | na        [PASS]
K1_R2_VUSER2     | 1.210      | Volts      | ok    | na        | 1.150     | na        | na        | 1.250     | na        [PASS]
K1_R2_VUSER3     | 0.836      | Volts      | ok    | na        | 0.824     | na        | na        | 0.868     | na        [PASS]
K1_VCCINT_Max    | 0.852      | Volts      | ok    | na        | na        | na        | na        | na        | na        [PASS]
K1_VCCBRAM_Max   | 0.848      | Volts      | ok    | na        | na        | na        | na        | na        | na        [PASS]
K1_VCCAUX_Max    | 1.810      | Volts      | ok    | na        | na        | na        | na        | na        | na        [PASS]
K1_R0_VUSER0_Max | 0.840      | Volts      | ok    | na        | na        | na        | na        | na        | na        [PASS]
K1_R0_VUSER1_Max | 0.840      | Volts      | ok    | na        | na        | na        | na        | na        | na        [PASS]
K1_R0_VUSER2_Max | 1.830      | Volts      | ok    | na        | na        | na        | na        | na        | na        [PASS]
K1_R0_VUSER3_Max | 1.830      | Volts      | ok    | na        | na        | na        | na        | na        | na        [PASS]
K1_R1_VUSER0_Max | 1.210      | Volts      | ok    | na        | na        | na        | na        | na        | na        [PASS]
K1_R1_VUSER1_Max | 0.840      | Volts      | ok    | na        | na        | na        | na        | na        | na        [PASS]
K1_R1_VUSER2_Max | 1.210      | Volts      | ok    | na        | na        | na        | na        | na        | na        [PASS]
K1_R1_VUSER3_Max | 0.840      | Volts      | ok    | na        | na        | na        | na        | na        | na        [PASS]
K1_R2_VUSER0_Max | 1.210      | Volts      | ok    | na        | na        | na        | na        | na        | na        [PASS]
K1_R2_VUSER1_Max | 0.840      | Volts      | ok    | na        | na        | na        | na        | na        | na        [PASS]
K1_R2_VUSER2_Max | 1.210      | Volts      | ok    | na        | na        | na        | na        | na        | na        [PASS]
K1_R2_VUSER3_Max | 0.840      | Volts      | ok    | na        | na        | na        | na        | na        | na        [PASS]
K1_VCCINT_Min    | 0.848      | Volts      | ok    | na        | na        | na        | na        | na        | na        [PASS]
K1_VCCBRAM_Min   | 0.840      | Volts      | ok    | na        | na        | na        | na        | na        | na        [PASS]
K1_VCCAUX_Min    | 1.800      | Volts      | ok    | na        | na        | na        | na        | na        | na        [PASS]
K1_R0_VUSER0_Min | 0.832      | Volts      | ok    | na        | na        | na        | na        | na        | na        [PASS]
K1_R0_VUSER1_Min | 0.832      | Volts      | ok    | na        | na        | na        | na        | na        | na        [PASS]
K1_R0_VUSER2_Min | 1.820      | Volts      | ok    | na        | na        | na        | na        | na        | na        [PASS]
K1_R0_VUSER3_Min | 1.820      | Volts      | ok    | na        | na        | na        | na        | na        | na        [PASS]
K1_R1_VUSER0_Min | 1.200      | Volts      | ok    | na        | na        | na        | na        | na        | na        [PASS]
K1_R1_VUSER1_Min | 0.832      | Volts      | ok    | na        | na        | na        | na        | na        | na        [PASS]
K1_R1_VUSER2_Min | 1.200      | Volts      | ok    | na        | na        | na        | na        | na        | na        [PASS]
K1_R1_VUSER3_Min | 0.832      | Volts      | ok    | na        | na        | na        | na        | na        | na        [PASS]
K1_R2_VUSER0_Min | 1.200      | Volts      | ok    | na        | na        | na        | na        | na        | na        [PASS]
K1_R2_VUSER1_Min | 0.828      | Volts      | ok    | na        | na        | na        | na        | na        | na        [PASS]
K1_R2_VUSER2_Min | 1.200      | Volts      | ok    | na        | na        | na        | na        | na        | na        [PASS]
K1_R2_VUSER3_Min | 0.832      | Volts      | ok    | na        | na        | na        | na        | na        | na        [PASS]
