      _____ _                              ____ ____       
     |_   _(_)_ __  _ __ ___   __ _ _ __  / ___|___ \      
       | | | | '_ \| '_ ` _ \ / _` | '_ \| |  _  __) |    
       | | | | | | | | | | | | (_| | | | | |_| |/ __/      
       |_| |_|_| |_|_| |_| |_|\__,_|_| |_|\____|_____|     
 ____                        ___         _____         _   
| __ ) _   _ _ __ _ __      |_ _|_ __   |_   _|__  ___| |_ 
|  _ \| | | | '__| '_ \ _____| || '_ \    | |/ _ \/ __| __|
| |_) | |_| | |  | | | |_____| || | | |   | |  __/\__ \ |_ 
|____/ \__,_|_|  |_| |_|    |___|_| |_|   |_|\___||___/\__|

==============================================
=            Burn-In Test Cycle 1            =
==============================================
Test start time: 2022-01-27_11:11:31
*****************************
* ib_write_bw test          *
*****************************
***************************
*      KSB test cycle1    *
***************************
===== KSB Memory test PASS =====

=======================================================
Running fpga-test on 02:00.0
=======================================================

Device Type                : Kalidah
EP Link Status             : Gen3 x8     PASSED 
GIT Hash                   : 0x0FAA0CFE
Device DNA                 : 0x400200000155AC694C914385
Core Clock Frequency       :    250 MHz
SSD_0 present              :        Yes
SSD_1 present              :        Yes
KSB number                 :          1
Slice number               :          0
Temperature Master  Sysmon :      35.27  Cel
Temperature Slave 0 Sysmon :      34.91  Cel
Temperature Slave 1 Sysmon :      33.40  Cel
DDR4 capability            : ID_2, 16GB, VLP RDIMM w/ ECC, 1R, 16Gb x8 die, 2400 MT/s 
DDR4 calibration done      : 0x00000001  PASSED 
Unsupported Offset BAR3    : 0xFFFFFFFF  PASSED 
FPGA Version               : 0x00030006  PASSED 
DMA ch0 ctl. register      : 0x00008003  PASSED 
DMA ch1 ctl. register      : 0x00008013  PASSED 
DMA ch2 ctl. register      : 0x00008023  PASSED 
RP0 Link Status            : 0x70430000  PASSED 
Locating PCIe capabilities of SSD0 ...SSD0 Link Status           : 0x10430000  PASSED 
SSD0 Vendor/Dev ID         : 0xA808144D  PASSED  (Samsung)
RP1 Link Status            : 0x70430000  PASSED 
Locating PCIe capabilities of SSD1 ...SSD1 Link Status           : 0x10430000  PASSED 
SSD1 Vendor/Dev ID         : 0xA808144D  PASSED  (Samsung)
Global Fatal Interrupt     : 0x00000000  PASSED 
Global Non Fatal Interrupt : 0x00000000  PASSED 
  ____                 _
 |  _ \ __ _ ___ ___  | |
 | |_) / _` / __/ __| | |
 |  __/ (_| \__ \__ \ |_|
 |_|   \__,_|___/___/ (_)


=======================================================
Running fpga-test on 41:00.0
=======================================================

Device Type                : Kalidah
EP Link Status             : Gen3 x8     PASSED 
GIT Hash                   : 0x0FAA0CFE
Device DNA                 : 0x400200000155AC694C914385
Core Clock Frequency       :    250 MHz
SSD_0 present              :        Yes
SSD_1 present              :        Yes
KSB number                 :          1
Slice number               :          1
DDR4 capability            : ID_2, 16GB, VLP RDIMM w/ ECC, 1R, 16Gb x8 die, 2400 MT/s 
DDR4 calibration done      : 0x00000001  PASSED 
Unsupported Offset BAR3    : 0xFFFFFFFF  PASSED 
FPGA Version               : 0x00030006  PASSED 
DMA ch0 ctl. register      : 0x00008003  PASSED 
DMA ch1 ctl. register      : 0x00008013  PASSED 
DMA ch2 ctl. register      : 0x00008023  PASSED 
RP0 Link Status            : 0x70430000  PASSED 
Locating PCIe capabilities of SSD0 ...SSD0 Link Status           : 0x10430000  PASSED 
SSD0 Vendor/Dev ID         : 0xA808144D  PASSED  (Samsung)
RP1 Link Status            : 0x70430000  PASSED 
Locating PCIe capabilities of SSD1 ...SSD1 Link Status           : 0x10430000  PASSED 
SSD1 Vendor/Dev ID         : 0xA808144D  PASSED  (Samsung)
Global Fatal Interrupt     : 0x00000000  PASSED 
Global Non Fatal Interrupt : 0x00000000  PASSED 
  ____                 _
 |  _ \ __ _ ___ ___  | |
 | |_) / _` / __/ __| | |
 |  __/ (_| \__ \__ \ |_|
 |_|   \__,_|___/___/ (_)


=======================================================
Running fpga-test on 84:00.0
=======================================================

Device Type                : Kalidah
EP Link Status             : Gen3 x8     PASSED 
GIT Hash                   : 0x0FAA0CFE
Device DNA                 : 0x400200000155AC694D80C1C5
Core Clock Frequency       :    250 MHz
SSD_0 present              :        Yes
SSD_1 present              :        Yes
KSB number                 :          0
Slice number               :          1
DDR4 capability            : ID_2, 16GB, VLP RDIMM w/ ECC, 1R, 16Gb x8 die, 2400 MT/s 
DDR4 calibration done      : 0x00000001  PASSED 
Unsupported Offset BAR3    : 0xFFFFFFFF  PASSED 
FPGA Version               : 0x00030006  PASSED 
DMA ch0 ctl. register      : 0x00008003  PASSED 
DMA ch1 ctl. register      : 0x00008013  PASSED 
DMA ch2 ctl. register      : 0x00008023  PASSED 
RP0 Link Status            : 0x70430000  PASSED 
Locating PCIe capabilities of SSD0 ...SSD0 Link Status           : 0x10430000  PASSED 
SSD0 Vendor/Dev ID         : 0xA808144D  PASSED  (Samsung)
RP1 Link Status            : 0x70430000  PASSED 
Locating PCIe capabilities of SSD1 ...SSD1 Link Status           : 0x10430000  PASSED 
SSD1 Vendor/Dev ID         : 0xA808144D  PASSED  (Samsung)
Global Fatal Interrupt     : 0x00000000  PASSED 
Global Non Fatal Interrupt : 0x00000000  PASSED 
  ____                 _
 |  _ \ __ _ ___ ___  | |
 | |_) / _` / __/ __| | |
 |  __/ (_| \__ \__ \ |_|
 |_|   \__,_|___/___/ (_)


=======================================================
Running fpga-test on c1:00.0
=======================================================

Device Type                : Kalidah
EP Link Status             : Gen3 x8     PASSED 
GIT Hash                   : 0x0FAA0CFE
Device DNA                 : 0x400200000155AC694D80C1C5
Core Clock Frequency       :    250 MHz
SSD_0 present              :        Yes
SSD_1 present              :        Yes
KSB number                 :          0
Slice number               :          0
Temperature Master  Sysmon :      36.11  Cel
Temperature Slave 0 Sysmon :      35.84  Cel
Temperature Slave 1 Sysmon :      35.29  Cel
DDR4 capability            : ID_2, 16GB, VLP RDIMM w/ ECC, 1R, 16Gb x8 die, 2400 MT/s 
DDR4 calibration done      : 0x00000001  PASSED 
Unsupported Offset BAR3    : 0xFFFFFFFF  PASSED 
FPGA Version               : 0x00030006  PASSED 
DMA ch0 ctl. register      : 0x00008003  PASSED 
DMA ch1 ctl. register      : 0x00008013  PASSED 
DMA ch2 ctl. register      : 0x00008023  PASSED 
RP0 Link Status            : 0x70430000  PASSED 
Locating PCIe capabilities of SSD0 ...SSD0 Link Status           : 0x10430000  PASSED 
SSD0 Vendor/Dev ID         : 0xA808144D  PASSED  (Samsung)
RP1 Link Status            : 0x70430000  PASSED 
Locating PCIe capabilities of SSD1 ...SSD1 Link Status           : 0x10430000  PASSED 
SSD1 Vendor/Dev ID         : 0xA808144D  PASSED  (Samsung)
Global Fatal Interrupt     : 0x00000000  PASSED 
Global Non Fatal Interrupt : 0x00000000  PASSED 
  ____                 _
 |  _ \ __ _ ___ ___  | |
 | |_) / _` / __/ __| | |
 |  __/ (_| \__ \__ \ |_|
 |_|   \__,_|___/___/ (_)


*****************************
*  CPU/Memory Stress cycle1 *
*****************************
============================
=        Stress Log        =
============================
2022/01/27-11:28:58(GMT) Log: Commandline - ./stressapptest -m 32 -C 32 -l /root/TinmanBI/STRESS.log -s 2400
2022/01/27-11:28:58(GMT) Stats: SAT revision 1.0.7_autoconf, 64 bit binary
2022/01/27-11:28:58(GMT) Log: root @ localhost.localdomain on Tue Sep 19 03:28:47 CST 2017 from open source release
2022/01/27-11:28:58(GMT) Log: 1 nodes, 128 cpus.
2022/01/27-11:28:58(GMT) Log: Total 515817 MB. Free 510050 MB. Hugepages 0 MB. Targeting 489834 MB (94%)
2022/01/27-11:28:58(GMT) Log: Prefer plain malloc memory allocation.
2022/01/27-11:28:58(GMT) Log: Using mmap() allocation at 0x7f16193f5000.
2022/01/27-11:28:58(GMT) Stats: Starting SAT, 489834M, 2400 seconds
2022/01/27-11:29:32(GMT) Log: Region mask: 0x1
2022/01/27-11:29:42(GMT) Log: Seconds remaining: 2390
2022/01/27-11:29:52(GMT) Log: Seconds remaining: 2380
2022/01/27-11:30:02(GMT) Log: Seconds remaining: 2370
2022/01/27-11:30:12(GMT) Log: Seconds remaining: 2360
2022/01/27-11:30:22(GMT) Log: Seconds remaining: 2350
2022/01/27-11:30:32(GMT) Log: Seconds remaining: 2340
2022/01/27-11:30:42(GMT) Log: Seconds remaining: 2330
2022/01/27-11:30:52(GMT) Log: Seconds remaining: 2320
2022/01/27-11:31:02(GMT) Log: Seconds remaining: 2310
2022/01/27-11:31:12(GMT) Log: Seconds remaining: 2300
2022/01/27-11:31:22(GMT) Log: Seconds remaining: 2290
2022/01/27-11:31:32(GMT) Log: Seconds remaining: 2280
2022/01/27-11:31:42(GMT) Log: Seconds remaining: 2270
2022/01/27-11:31:52(GMT) Log: Seconds remaining: 2260
2022/01/27-11:32:02(GMT) Log: Seconds remaining: 2250
2022/01/27-11:32:12(GMT) Log: Seconds remaining: 2240
2022/01/27-11:32:22(GMT) Log: Seconds remaining: 2230
2022/01/27-11:32:32(GMT) Log: Seconds remaining: 2220
2022/01/27-11:32:42(GMT) Log: Seconds remaining: 2210
2022/01/27-11:32:52(GMT) Log: Seconds remaining: 2200
2022/01/27-11:33:02(GMT) Log: Seconds remaining: 2190
2022/01/27-11:33:12(GMT) Log: Seconds remaining: 2180
2022/01/27-11:33:22(GMT) Log: Seconds remaining: 2170
2022/01/27-11:33:32(GMT) Log: Seconds remaining: 2160
2022/01/27-11:33:42(GMT) Log: Seconds remaining: 2150
2022/01/27-11:33:52(GMT) Log: Seconds remaining: 2140
2022/01/27-11:34:02(GMT) Log: Seconds remaining: 2130
2022/01/27-11:34:12(GMT) Log: Seconds remaining: 2120
2022/01/27-11:34:22(GMT) Log: Seconds remaining: 2110
2022/01/27-11:34:32(GMT) Log: Seconds remaining: 2100
2022/01/27-11:34:42(GMT) Log: Seconds remaining: 2090
2022/01/27-11:34:52(GMT) Log: Seconds remaining: 2080
2022/01/27-11:35:02(GMT) Log: Seconds remaining: 2070
2022/01/27-11:35:12(GMT) Log: Seconds remaining: 2060
2022/01/27-11:35:22(GMT) Log: Seconds remaining: 2050
2022/01/27-11:35:32(GMT) Log: Seconds remaining: 2040
2022/01/27-11:35:42(GMT) Log: Seconds remaining: 2030
2022/01/27-11:35:52(GMT) Log: Seconds remaining: 2020
2022/01/27-11:36:02(GMT) Log: Seconds remaining: 2010
2022/01/27-11:36:12(GMT) Log: Seconds remaining: 2000
2022/01/27-11:36:22(GMT) Log: Seconds remaining: 1990
2022/01/27-11:36:32(GMT) Log: Seconds remaining: 1980
2022/01/27-11:36:42(GMT) Log: Seconds remaining: 1970
2022/01/27-11:36:52(GMT) Log: Seconds remaining: 1960
2022/01/27-11:37:02(GMT) Log: Seconds remaining: 1950
2022/01/27-11:37:12(GMT) Log: Seconds remaining: 1940
2022/01/27-11:37:22(GMT) Log: Seconds remaining: 1930
2022/01/27-11:37:32(GMT) Log: Seconds remaining: 1920
2022/01/27-11:37:42(GMT) Log: Seconds remaining: 1910
2022/01/27-11:37:52(GMT) Log: Seconds remaining: 1900
2022/01/27-11:38:02(GMT) Log: Seconds remaining: 1890
2022/01/27-11:38:12(GMT) Log: Seconds remaining: 1880
2022/01/27-11:38:22(GMT) Log: Seconds remaining: 1870
2022/01/27-11:38:32(GMT) Log: Seconds remaining: 1860
2022/01/27-11:38:42(GMT) Log: Seconds remaining: 1850
2022/01/27-11:38:52(GMT) Log: Seconds remaining: 1840
2022/01/27-11:39:02(GMT) Log: Seconds remaining: 1830
2022/01/27-11:39:12(GMT) Log: Seconds remaining: 1820
2022/01/27-11:39:22(GMT) Log: Seconds remaining: 1810
2022/01/27-11:39:32(GMT) Log: Seconds remaining: 1800
2022/01/27-11:39:32(GMT) Log: Pausing worker threads in preparation for power spike (1800 seconds remaining)
2022/01/27-11:39:42(GMT) Log: Seconds remaining: 1790
2022/01/27-11:39:47(GMT) Log: Resuming worker threads to cause a power spike (1785 seconds remaining)
2022/01/27-11:39:52(GMT) Log: Seconds remaining: 1780
2022/01/27-11:40:02(GMT) Log: Seconds remaining: 1770
2022/01/27-11:40:12(GMT) Log: Seconds remaining: 1760
2022/01/27-11:40:22(GMT) Log: Seconds remaining: 1750
2022/01/27-11:40:32(GMT) Log: Seconds remaining: 1740
2022/01/27-11:40:42(GMT) Log: Seconds remaining: 1730
2022/01/27-11:40:52(GMT) Log: Seconds remaining: 1720
2022/01/27-11:41:02(GMT) Log: Seconds remaining: 1710
2022/01/27-11:41:12(GMT) Log: Seconds remaining: 1700
2022/01/27-11:41:22(GMT) Log: Seconds remaining: 1690
2022/01/27-11:41:32(GMT) Log: Seconds remaining: 1680
2022/01/27-11:41:42(GMT) Log: Seconds remaining: 1670
2022/01/27-11:41:52(GMT) Log: Seconds remaining: 1660
2022/01/27-11:42:02(GMT) Log: Seconds remaining: 1650
2022/01/27-11:42:12(GMT) Log: Seconds remaining: 1640
2022/01/27-11:42:22(GMT) Log: Seconds remaining: 1630
2022/01/27-11:42:32(GMT) Log: Seconds remaining: 1620
2022/01/27-11:42:42(GMT) Log: Seconds remaining: 1610
2022/01/27-11:42:52(GMT) Log: Seconds remaining: 1600
2022/01/27-11:43:02(GMT) Log: Seconds remaining: 1590
2022/01/27-11:43:12(GMT) Log: Seconds remaining: 1580
2022/01/27-11:43:22(GMT) Log: Seconds remaining: 1570
2022/01/27-11:43:32(GMT) Log: Seconds remaining: 1560
2022/01/27-11:43:42(GMT) Log: Seconds remaining: 1550
2022/01/27-11:43:52(GMT) Log: Seconds remaining: 1540
2022/01/27-11:44:02(GMT) Log: Seconds remaining: 1530
2022/01/27-11:44:12(GMT) Log: Seconds remaining: 1520
2022/01/27-11:44:22(GMT) Log: Seconds remaining: 1510
2022/01/27-11:44:32(GMT) Log: Seconds remaining: 1500
2022/01/27-11:44:42(GMT) Log: Seconds remaining: 1490
2022/01/27-11:44:52(GMT) Log: Seconds remaining: 1480
2022/01/27-11:45:02(GMT) Log: Seconds remaining: 1470
2022/01/27-11:45:12(GMT) Log: Seconds remaining: 1460
2022/01/27-11:45:22(GMT) Log: Seconds remaining: 1450
2022/01/27-11:45:32(GMT) Log: Seconds remaining: 1440
2022/01/27-11:45:42(GMT) Log: Seconds remaining: 1430
2022/01/27-11:45:52(GMT) Log: Seconds remaining: 1420
2022/01/27-11:46:02(GMT) Log: Seconds remaining: 1410
2022/01/27-11:46:12(GMT) Log: Seconds remaining: 1400
2022/01/27-11:46:22(GMT) Log: Seconds remaining: 1390
2022/01/27-11:46:32(GMT) Log: Seconds remaining: 1380
2022/01/27-11:46:42(GMT) Log: Seconds remaining: 1370
2022/01/27-11:46:52(GMT) Log: Seconds remaining: 1360
2022/01/27-11:47:02(GMT) Log: Seconds remaining: 1350
2022/01/27-11:47:12(GMT) Log: Seconds remaining: 1340
2022/01/27-11:47:22(GMT) Log: Seconds remaining: 1330
2022/01/27-11:47:32(GMT) Log: Seconds remaining: 1320
2022/01/27-11:47:42(GMT) Log: Seconds remaining: 1310
2022/01/27-11:47:52(GMT) Log: Seconds remaining: 1300
2022/01/27-11:48:02(GMT) Log: Seconds remaining: 1290
2022/01/27-11:48:12(GMT) Log: Seconds remaining: 1280
2022/01/27-11:48:22(GMT) Log: Seconds remaining: 1270
2022/01/27-11:48:32(GMT) Log: Seconds remaining: 1260
2022/01/27-11:48:42(GMT) Log: Seconds remaining: 1250
2022/01/27-11:48:52(GMT) Log: Seconds remaining: 1240
2022/01/27-11:49:02(GMT) Log: Seconds remaining: 1230
2022/01/27-11:49:12(GMT) Log: Seconds remaining: 1220
2022/01/27-11:49:22(GMT) Log: Seconds remaining: 1210
2022/01/27-11:49:32(GMT) Log: Seconds remaining: 1200
2022/01/27-11:49:32(GMT) Log: Pausing worker threads in preparation for power spike (1200 seconds remaining)
2022/01/27-11:49:42(GMT) Log: Seconds remaining: 1190
2022/01/27-11:49:47(GMT) Log: Resuming worker threads to cause a power spike (1185 seconds remaining)
2022/01/27-11:49:52(GMT) Log: Seconds remaining: 1180
2022/01/27-11:50:02(GMT) Log: Seconds remaining: 1170
2022/01/27-11:50:12(GMT) Log: Seconds remaining: 1160
2022/01/27-11:50:22(GMT) Log: Seconds remaining: 1150
2022/01/27-11:50:32(GMT) Log: Seconds remaining: 1140
2022/01/27-11:50:42(GMT) Log: Seconds remaining: 1130
2022/01/27-11:50:52(GMT) Log: Seconds remaining: 1120
2022/01/27-11:51:02(GMT) Log: Seconds remaining: 1110
2022/01/27-11:51:12(GMT) Log: Seconds remaining: 1100
2022/01/27-11:51:22(GMT) Log: Seconds remaining: 1090
2022/01/27-11:51:32(GMT) Log: Seconds remaining: 1080
2022/01/27-11:51:42(GMT) Log: Seconds remaining: 1070
2022/01/27-11:51:52(GMT) Log: Seconds remaining: 1060
2022/01/27-11:52:02(GMT) Log: Seconds remaining: 1050
2022/01/27-11:52:12(GMT) Log: Seconds remaining: 1040
2022/01/27-11:52:22(GMT) Log: Seconds remaining: 1030
2022/01/27-11:52:32(GMT) Log: Seconds remaining: 1020
2022/01/27-11:52:42(GMT) Log: Seconds remaining: 1010
2022/01/27-11:52:52(GMT) Log: Seconds remaining: 1000
2022/01/27-11:53:02(GMT) Log: Seconds remaining: 990
2022/01/27-11:53:12(GMT) Log: Seconds remaining: 980
2022/01/27-11:53:22(GMT) Log: Seconds remaining: 970
2022/01/27-11:53:32(GMT) Log: Seconds remaining: 960
2022/01/27-11:53:42(GMT) Log: Seconds remaining: 950
2022/01/27-11:53:52(GMT) Log: Seconds remaining: 940
2022/01/27-11:54:02(GMT) Log: Seconds remaining: 930
2022/01/27-11:54:12(GMT) Log: Seconds remaining: 920
2022/01/27-11:54:22(GMT) Log: Seconds remaining: 910
2022/01/27-11:54:32(GMT) Log: Seconds remaining: 900
2022/01/27-11:54:42(GMT) Log: Seconds remaining: 890
2022/01/27-11:54:52(GMT) Log: Seconds remaining: 880
2022/01/27-11:55:02(GMT) Log: Seconds remaining: 870
2022/01/27-11:55:12(GMT) Log: Seconds remaining: 860
2022/01/27-11:55:22(GMT) Log: Seconds remaining: 850
2022/01/27-11:55:32(GMT) Log: Seconds remaining: 840
2022/01/27-11:55:42(GMT) Log: Seconds remaining: 830
2022/01/27-11:55:52(GMT) Log: Seconds remaining: 820
2022/01/27-11:56:02(GMT) Log: Seconds remaining: 810
2022/01/27-11:56:12(GMT) Log: Seconds remaining: 800
2022/01/27-11:56:22(GMT) Log: Seconds remaining: 790
2022/01/27-11:56:32(GMT) Log: Seconds remaining: 780
2022/01/27-11:56:42(GMT) Log: Seconds remaining: 770
2022/01/27-11:56:52(GMT) Log: Seconds remaining: 760
2022/01/27-11:57:02(GMT) Log: Seconds remaining: 750
2022/01/27-11:57:12(GMT) Log: Seconds remaining: 740
2022/01/27-11:57:22(GMT) Log: Seconds remaining: 730
2022/01/27-11:57:32(GMT) Log: Seconds remaining: 720
2022/01/27-11:57:42(GMT) Log: Seconds remaining: 710
2022/01/27-11:57:52(GMT) Log: Seconds remaining: 700
2022/01/27-11:58:02(GMT) Log: Seconds remaining: 690
2022/01/27-11:58:12(GMT) Log: Seconds remaining: 680
2022/01/27-11:58:22(GMT) Log: Seconds remaining: 670
2022/01/27-11:58:32(GMT) Log: Seconds remaining: 660
2022/01/27-11:58:42(GMT) Log: Seconds remaining: 650
2022/01/27-11:58:52(GMT) Log: Seconds remaining: 640
2022/01/27-11:59:02(GMT) Log: Seconds remaining: 630
2022/01/27-11:59:12(GMT) Log: Seconds remaining: 620
2022/01/27-11:59:22(GMT) Log: Seconds remaining: 610
2022/01/27-11:59:32(GMT) Log: Seconds remaining: 600
2022/01/27-11:59:32(GMT) Log: Pausing worker threads in preparation for power spike (600 seconds remaining)
2022/01/27-11:59:42(GMT) Log: Seconds remaining: 590
2022/01/27-11:59:47(GMT) Log: Resuming worker threads to cause a power spike (585 seconds remaining)
2022/01/27-11:59:52(GMT) Log: Seconds remaining: 580
2022/01/27-12:00:02(GMT) Log: Seconds remaining: 570
2022/01/27-12:00:12(GMT) Log: Seconds remaining: 560
2022/01/27-12:00:22(GMT) Log: Seconds remaining: 550
2022/01/27-12:00:32(GMT) Log: Seconds remaining: 540
2022/01/27-12:00:42(GMT) Log: Seconds remaining: 530
2022/01/27-12:00:52(GMT) Log: Seconds remaining: 520
2022/01/27-12:01:02(GMT) Log: Seconds remaining: 510
2022/01/27-12:01:12(GMT) Log: Seconds remaining: 500
2022/01/27-12:01:22(GMT) Log: Seconds remaining: 490
2022/01/27-12:01:32(GMT) Log: Seconds remaining: 480
2022/01/27-12:01:42(GMT) Log: Seconds remaining: 470
2022/01/27-12:01:52(GMT) Log: Seconds remaining: 460
2022/01/27-12:02:02(GMT) Log: Seconds remaining: 450
2022/01/27-12:02:12(GMT) Log: Seconds remaining: 440
2022/01/27-12:02:22(GMT) Log: Seconds remaining: 430
2022/01/27-12:02:32(GMT) Log: Seconds remaining: 420
2022/01/27-12:02:42(GMT) Log: Seconds remaining: 410
2022/01/27-12:02:52(GMT) Log: Seconds remaining: 400
2022/01/27-12:03:02(GMT) Log: Seconds remaining: 390
2022/01/27-12:03:12(GMT) Log: Seconds remaining: 380
2022/01/27-12:03:22(GMT) Log: Seconds remaining: 370
2022/01/27-12:03:32(GMT) Log: Seconds remaining: 360
2022/01/27-12:03:42(GMT) Log: Seconds remaining: 350
2022/01/27-12:03:52(GMT) Log: Seconds remaining: 340
2022/01/27-12:04:02(GMT) Log: Seconds remaining: 330
2022/01/27-12:04:12(GMT) Log: Seconds remaining: 320
2022/01/27-12:04:22(GMT) Log: Seconds remaining: 310
2022/01/27-12:04:32(GMT) Log: Seconds remaining: 300
2022/01/27-12:04:42(GMT) Log: Seconds remaining: 290
2022/01/27-12:04:52(GMT) Log: Seconds remaining: 280
2022/01/27-12:05:02(GMT) Log: Seconds remaining: 270
2022/01/27-12:05:12(GMT) Log: Seconds remaining: 260
2022/01/27-12:05:22(GMT) Log: Seconds remaining: 250
2022/01/27-12:05:32(GMT) Log: Seconds remaining: 240
2022/01/27-12:05:42(GMT) Log: Seconds remaining: 230
2022/01/27-12:05:52(GMT) Log: Seconds remaining: 220
2022/01/27-12:06:02(GMT) Log: Seconds remaining: 210
2022/01/27-12:06:12(GMT) Log: Seconds remaining: 200
2022/01/27-12:06:22(GMT) Log: Seconds remaining: 190
2022/01/27-12:06:32(GMT) Log: Seconds remaining: 180
2022/01/27-12:06:42(GMT) Log: Seconds remaining: 170
2022/01/27-12:06:52(GMT) Log: Seconds remaining: 160
2022/01/27-12:07:02(GMT) Log: Seconds remaining: 150
2022/01/27-12:07:12(GMT) Log: Seconds remaining: 140
2022/01/27-12:07:22(GMT) Log: Seconds remaining: 130
2022/01/27-12:07:32(GMT) Log: Seconds remaining: 120
2022/01/27-12:07:42(GMT) Log: Seconds remaining: 110
2022/01/27-12:07:52(GMT) Log: Seconds remaining: 100
2022/01/27-12:08:02(GMT) Log: Seconds remaining: 90
2022/01/27-12:08:12(GMT) Log: Seconds remaining: 80
2022/01/27-12:08:22(GMT) Log: Seconds remaining: 70
2022/01/27-12:08:32(GMT) Log: Seconds remaining: 60
2022/01/27-12:08:42(GMT) Log: Seconds remaining: 50
2022/01/27-12:08:52(GMT) Log: Seconds remaining: 40
2022/01/27-12:09:02(GMT) Log: Seconds remaining: 30
2022/01/27-12:09:12(GMT) Log: Seconds remaining: 20
2022/01/27-12:09:22(GMT) Log: Seconds remaining: 10
2022/01/27-12:09:39(GMT) Stats: Found 0 hardware incidents
2022/01/27-12:09:39(GMT) Stats: Completed: 195550816.00M in 2400.77s 81453.41MB/s, with 0 hardware incidents, 0 errors
2022/01/27-12:09:39(GMT) Stats: Memory Copy: 195550816.00M at 81477.16MB/s
2022/01/27-12:09:39(GMT) Stats: File Copy: 0.00M at 0.00MB/s
2022/01/27-12:09:39(GMT) Stats: Net Copy: 0.00M at 0.00MB/s
2022/01/27-12:09:39(GMT) Stats: Data Check: 0.00M at 0.00MB/s
2022/01/27-12:09:39(GMT) Stats: Invert Data: 0.00M at 0.00MB/s
2022/01/27-12:09:39(GMT) Stats: Disk: 0.00M at 0.00MB/s
2022/01/27-12:09:39(GMT) 
2022/01/27-12:09:39(GMT) Status: PASS - please verify no corrected errors
2022/01/27-12:09:39(GMT) 

============================
=          DMESG           =
============================
[ 6151.587013] perf: interrupt took too long (2514 > 2500), lowering kernel.perf_event_max_sample_rate to 79500
[ 6241.968102] perf: interrupt took too long (3168 > 3142), lowering kernel.perf_event_max_sample_rate to 63000
[ 6332.331639] perf: interrupt took too long (3975 > 3960), lowering kernel.perf_event_max_sample_rate to 50250
[ 6608.233126] perf: interrupt took too long (4975 > 4968), lowering kernel.perf_event_max_sample_rate to 40000
[ 7113.486545] perf: interrupt took too long (6242 > 6218), lowering kernel.perf_event_max_sample_rate to 32000

============================
=          BMC SEL         =
============================
=== No SEL logged ===


==============================================
=            Burn-In Test Cycle 2            =
==============================================
Test start time: 2022-01-27_12:10:06
***************************
*      KSB test cycle2    *
***************************
===== KSB Memory test PASS =====

=======================================================
Running fpga-test on 02:00.0
=======================================================

Device Type                : Kalidah
EP Link Status             : Gen3 x8     PASSED 
GIT Hash                   : 0x0FAA0CFE
Device DNA                 : 0x400200000155AC694C914385
Core Clock Frequency       :    250 MHz
SSD_0 present              :        Yes
SSD_1 present              :        Yes
KSB number                 :          1
Slice number               :          0
Temperature Master  Sysmon :      34.83  Cel
Temperature Slave 0 Sysmon :      34.51  Cel
Temperature Slave 1 Sysmon :      33.40  Cel
DDR4 capability            : ID_2, 16GB, VLP RDIMM w/ ECC, 1R, 16Gb x8 die, 2400 MT/s 
DDR4 calibration done      : 0x00000001  PASSED 
Unsupported Offset BAR3    : 0xFFFFFFFF  PASSED 
FPGA Version               : 0x00030006  PASSED 
DMA ch0 ctl. register      : 0x00008003  PASSED 
DMA ch1 ctl. register      : 0x00008013  PASSED 
DMA ch2 ctl. register      : 0x00008023  PASSED 
RP0 Link Status            : 0x70430000  PASSED 
Locating PCIe capabilities of SSD0 ...SSD0 Link Status           : 0x10430000  PASSED 
SSD0 Vendor/Dev ID         : 0xA808144D  PASSED  (Samsung)
RP1 Link Status            : 0x70430000  PASSED 
Locating PCIe capabilities of SSD1 ...SSD1 Link Status           : 0x10430000  PASSED 
SSD1 Vendor/Dev ID         : 0xA808144D  PASSED  (Samsung)
Global Fatal Interrupt     : 0x00000000  PASSED 
Global Non Fatal Interrupt : 0x00000000  PASSED 
  ____                 _
 |  _ \ __ _ ___ ___  | |
 | |_) / _` / __/ __| | |
 |  __/ (_| \__ \__ \ |_|
 |_|   \__,_|___/___/ (_)


=======================================================
Running fpga-test on 41:00.0
=======================================================

Device Type                : Kalidah
EP Link Status             : Gen3 x8     PASSED 
GIT Hash                   : 0x0FAA0CFE
Device DNA                 : 0x400200000155AC694C914385
Core Clock Frequency       :    250 MHz
SSD_0 present              :        Yes
SSD_1 present              :        Yes
KSB number                 :          1
Slice number               :          1
DDR4 capability            : ID_2, 16GB, VLP RDIMM w/ ECC, 1R, 16Gb x8 die, 2400 MT/s 
DDR4 calibration done      : 0x00000001  PASSED 
Unsupported Offset BAR3    : 0xFFFFFFFF  PASSED 
FPGA Version               : 0x00030006  PASSED 
DMA ch0 ctl. register      : 0x00008003  PASSED 
DMA ch1 ctl. register      : 0x00008013  PASSED 
DMA ch2 ctl. register      : 0x00008023  PASSED 
RP0 Link Status            : 0x70430000  PASSED 
Locating PCIe capabilities of SSD0 ...SSD0 Link Status           : 0x10430000  PASSED 
SSD0 Vendor/Dev ID         : 0xA808144D  PASSED  (Samsung)
RP1 Link Status            : 0x70430000  PASSED 
Locating PCIe capabilities of SSD1 ...SSD1 Link Status           : 0x10430000  PASSED 
SSD1 Vendor/Dev ID         : 0xA808144D  PASSED  (Samsung)
Global Fatal Interrupt     : 0x00000000  PASSED 
Global Non Fatal Interrupt : 0x00000000  PASSED 
  ____                 _
 |  _ \ __ _ ___ ___  | |
 | |_) / _` / __/ __| | |
 |  __/ (_| \__ \__ \ |_|
 |_|   \__,_|___/___/ (_)


=======================================================
Running fpga-test on 84:00.0
=======================================================

Device Type                : Kalidah
EP Link Status             : Gen3 x8     PASSED 
GIT Hash                   : 0x0FAA0CFE
Device DNA                 : 0x400200000155AC694D80C1C5
Core Clock Frequency       :    250 MHz
SSD_0 present              :        Yes
SSD_1 present              :        Yes
KSB number                 :          0
Slice number               :          1
DDR4 capability            : ID_2, 16GB, VLP RDIMM w/ ECC, 1R, 16Gb x8 die, 2400 MT/s 
DDR4 calibration done      : 0x00000001  PASSED 
Unsupported Offset BAR3    : 0xFFFFFFFF  PASSED 
FPGA Version               : 0x00030006  PASSED 
DMA ch0 ctl. register      : 0x00008003  PASSED 
DMA ch1 ctl. register      : 0x00008013  PASSED 
DMA ch2 ctl. register      : 0x00008023  PASSED 
RP0 Link Status            : 0x70430000  PASSED 
Locating PCIe capabilities of SSD0 ...SSD0 Link Status           : 0x10430000  PASSED 
SSD0 Vendor/Dev ID         : 0xA808144D  PASSED  (Samsung)
RP1 Link Status            : 0x70430000  PASSED 
Locating PCIe capabilities of SSD1 ...SSD1 Link Status           : 0x10430000  PASSED 
SSD1 Vendor/Dev ID         : 0xA808144D  PASSED  (Samsung)
Global Fatal Interrupt     : 0x00000000  PASSED 
Global Non Fatal Interrupt : 0x00000000  PASSED 
  ____                 _
 |  _ \ __ _ ___ ___  | |
 | |_) / _` / __/ __| | |
 |  __/ (_| \__ \__ \ |_|
 |_|   \__,_|___/___/ (_)


=======================================================
Running fpga-test on c1:00.0
=======================================================

Device Type                : Kalidah
EP Link Status             : Gen3 x8     PASSED 
GIT Hash                   : 0x0FAA0CFE
Device DNA                 : 0x400200000155AC694D80C1C5
Core Clock Frequency       :    250 MHz
SSD_0 present              :        Yes
SSD_1 present              :        Yes
KSB number                 :          0
Slice number               :          0
Temperature Master  Sysmon :      35.29  Cel
Temperature Slave 0 Sysmon :      35.48  Cel
Temperature Slave 1 Sysmon :      34.39  Cel
DDR4 capability            : ID_2, 16GB, VLP RDIMM w/ ECC, 1R, 16Gb x8 die, 2400 MT/s 
DDR4 calibration done      : 0x00000001  PASSED 
Unsupported Offset BAR3    : 0xFFFFFFFF  PASSED 
FPGA Version               : 0x00030006  PASSED 
DMA ch0 ctl. register      : 0x00008003  PASSED 
DMA ch1 ctl. register      : 0x00008013  PASSED 
DMA ch2 ctl. register      : 0x00008023  PASSED 
RP0 Link Status            : 0x70430000  PASSED 
Locating PCIe capabilities of SSD0 ...SSD0 Link Status           : 0x10430000  PASSED 
SSD0 Vendor/Dev ID         : 0xA808144D  PASSED  (Samsung)
RP1 Link Status            : 0x70430000  PASSED 
Locating PCIe capabilities of SSD1 ...SSD1 Link Status           : 0x10430000  PASSED 
SSD1 Vendor/Dev ID         : 0xA808144D  PASSED  (Samsung)
Global Fatal Interrupt     : 0x00000000  PASSED 
Global Non Fatal Interrupt : 0x00000000  PASSED 
  ____                 _
 |  _ \ __ _ ___ ___  | |
 | |_) / _` / __/ __| | |
 |  __/ (_| \__ \__ \ |_|
 |_|   \__,_|___/___/ (_)


*****************************
*  CPU/Memory Stress cycle2 *
*****************************
============================
=        Stress Log        =
============================
2022/01/27-12:10:41(GMT) Log: Commandline - ./stressapptest -m 32 -C 32 -l /root/TinmanBI/STRESS.log -s 2400
2022/01/27-12:10:41(GMT) Stats: SAT revision 1.0.7_autoconf, 64 bit binary
2022/01/27-12:10:41(GMT) Log: root @ localhost.localdomain on Tue Sep 19 03:28:47 CST 2017 from open source release
2022/01/27-12:10:41(GMT) Log: 1 nodes, 128 cpus.
2022/01/27-12:10:41(GMT) Log: Total 515817 MB. Free 510027 MB. Hugepages 0 MB. Targeting 489834 MB (94%)
2022/01/27-12:10:41(GMT) Log: Prefer plain malloc memory allocation.
2022/01/27-12:10:41(GMT) Log: Using mmap() allocation at 0x7f6c33638000.
2022/01/27-12:10:41(GMT) Stats: Starting SAT, 489834M, 2400 seconds
2022/01/27-12:11:18(GMT) Log: Region mask: 0x1
2022/01/27-12:11:28(GMT) Log: Seconds remaining: 2390
2022/01/27-12:11:38(GMT) Log: Seconds remaining: 2380
2022/01/27-12:11:48(GMT) Log: Seconds remaining: 2370
2022/01/27-12:11:58(GMT) Log: Seconds remaining: 2360
2022/01/27-12:12:08(GMT) Log: Seconds remaining: 2350
2022/01/27-12:12:18(GMT) Log: Seconds remaining: 2340
2022/01/27-12:12:28(GMT) Log: Seconds remaining: 2330
2022/01/27-12:12:38(GMT) Log: Seconds remaining: 2320
2022/01/27-12:12:48(GMT) Log: Seconds remaining: 2310
2022/01/27-12:12:58(GMT) Log: Seconds remaining: 2300
2022/01/27-12:13:08(GMT) Log: Seconds remaining: 2290
2022/01/27-12:13:18(GMT) Log: Seconds remaining: 2280
2022/01/27-12:13:28(GMT) Log: Seconds remaining: 2270
2022/01/27-12:13:38(GMT) Log: Seconds remaining: 2260
2022/01/27-12:13:48(GMT) Log: Seconds remaining: 2250
2022/01/27-12:13:58(GMT) Log: Seconds remaining: 2240
2022/01/27-12:14:08(GMT) Log: Seconds remaining: 2230
2022/01/27-12:14:18(GMT) Log: Seconds remaining: 2220
2022/01/27-12:14:28(GMT) Log: Seconds remaining: 2210
2022/01/27-12:14:38(GMT) Log: Seconds remaining: 2200
2022/01/27-12:14:48(GMT) Log: Seconds remaining: 2190
2022/01/27-12:14:58(GMT) Log: Seconds remaining: 2180
2022/01/27-12:15:08(GMT) Log: Seconds remaining: 2170
2022/01/27-12:15:18(GMT) Log: Seconds remaining: 2160
2022/01/27-12:15:28(GMT) Log: Seconds remaining: 2150
2022/01/27-12:15:38(GMT) Log: Seconds remaining: 2140
2022/01/27-12:15:48(GMT) Log: Seconds remaining: 2130
2022/01/27-12:15:58(GMT) Log: Seconds remaining: 2120
2022/01/27-12:16:08(GMT) Log: Seconds remaining: 2110
2022/01/27-12:16:18(GMT) Log: Seconds remaining: 2100
2022/01/27-12:16:28(GMT) Log: Seconds remaining: 2090
2022/01/27-12:16:38(GMT) Log: Seconds remaining: 2080
2022/01/27-12:16:48(GMT) Log: Seconds remaining: 2070
2022/01/27-12:16:58(GMT) Log: Seconds remaining: 2060
2022/01/27-12:17:08(GMT) Log: Seconds remaining: 2050
2022/01/27-12:17:18(GMT) Log: Seconds remaining: 2040
2022/01/27-12:17:28(GMT) Log: Seconds remaining: 2030
2022/01/27-12:17:38(GMT) Log: Seconds remaining: 2020
2022/01/27-12:17:48(GMT) Log: Seconds remaining: 2010
2022/01/27-12:17:58(GMT) Log: Seconds remaining: 2000
2022/01/27-12:18:08(GMT) Log: Seconds remaining: 1990
2022/01/27-12:18:18(GMT) Log: Seconds remaining: 1980
2022/01/27-12:18:28(GMT) Log: Seconds remaining: 1970
2022/01/27-12:18:38(GMT) Log: Seconds remaining: 1960
2022/01/27-12:18:48(GMT) Log: Seconds remaining: 1950
2022/01/27-12:18:58(GMT) Log: Seconds remaining: 1940
2022/01/27-12:19:08(GMT) Log: Seconds remaining: 1930
2022/01/27-12:19:18(GMT) Log: Seconds remaining: 1920
2022/01/27-12:19:28(GMT) Log: Seconds remaining: 1910
2022/01/27-12:19:38(GMT) Log: Seconds remaining: 1900
2022/01/27-12:19:48(GMT) Log: Seconds remaining: 1890
2022/01/27-12:19:58(GMT) Log: Seconds remaining: 1880
2022/01/27-12:20:08(GMT) Log: Seconds remaining: 1870
2022/01/27-12:20:18(GMT) Log: Seconds remaining: 1860
2022/01/27-12:20:28(GMT) Log: Seconds remaining: 1850
2022/01/27-12:20:38(GMT) Log: Seconds remaining: 1840
2022/01/27-12:20:48(GMT) Log: Seconds remaining: 1830
2022/01/27-12:20:58(GMT) Log: Seconds remaining: 1820
2022/01/27-12:21:08(GMT) Log: Seconds remaining: 1810
2022/01/27-12:21:18(GMT) Log: Seconds remaining: 1800
2022/01/27-12:21:18(GMT) Log: Pausing worker threads in preparation for power spike (1800 seconds remaining)
2022/01/27-12:21:28(GMT) Log: Seconds remaining: 1790
2022/01/27-12:21:33(GMT) Log: Resuming worker threads to cause a power spike (1785 seconds remaining)
2022/01/27-12:21:38(GMT) Log: Seconds remaining: 1780
2022/01/27-12:21:48(GMT) Log: Seconds remaining: 1770
2022/01/27-12:21:58(GMT) Log: Seconds remaining: 1760
2022/01/27-12:22:08(GMT) Log: Seconds remaining: 1750
2022/01/27-12:22:18(GMT) Log: Seconds remaining: 1740
2022/01/27-12:22:28(GMT) Log: Seconds remaining: 1730
2022/01/27-12:22:38(GMT) Log: Seconds remaining: 1720
2022/01/27-12:22:48(GMT) Log: Seconds remaining: 1710
2022/01/27-12:22:58(GMT) Log: Seconds remaining: 1700
2022/01/27-12:23:08(GMT) Log: Seconds remaining: 1690
2022/01/27-12:23:18(GMT) Log: Seconds remaining: 1680
2022/01/27-12:23:28(GMT) Log: Seconds remaining: 1670
2022/01/27-12:23:38(GMT) Log: Seconds remaining: 1660
2022/01/27-12:23:48(GMT) Log: Seconds remaining: 1650
2022/01/27-12:23:58(GMT) Log: Seconds remaining: 1640
2022/01/27-12:24:08(GMT) Log: Seconds remaining: 1630
2022/01/27-12:24:18(GMT) Log: Seconds remaining: 1620
2022/01/27-12:24:28(GMT) Log: Seconds remaining: 1610
2022/01/27-12:24:38(GMT) Log: Seconds remaining: 1600
2022/01/27-12:24:48(GMT) Log: Seconds remaining: 1590
2022/01/27-12:24:58(GMT) Log: Seconds remaining: 1580
2022/01/27-12:25:08(GMT) Log: Seconds remaining: 1570
2022/01/27-12:25:18(GMT) Log: Seconds remaining: 1560
2022/01/27-12:25:28(GMT) Log: Seconds remaining: 1550
2022/01/27-12:25:38(GMT) Log: Seconds remaining: 1540
2022/01/27-12:25:48(GMT) Log: Seconds remaining: 1530
2022/01/27-12:25:58(GMT) Log: Seconds remaining: 1520
2022/01/27-12:26:08(GMT) Log: Seconds remaining: 1510
2022/01/27-12:26:18(GMT) Log: Seconds remaining: 1500
2022/01/27-12:26:28(GMT) Log: Seconds remaining: 1490
2022/01/27-12:26:38(GMT) Log: Seconds remaining: 1480
2022/01/27-12:26:48(GMT) Log: Seconds remaining: 1470
2022/01/27-12:26:58(GMT) Log: Seconds remaining: 1460
2022/01/27-12:27:08(GMT) Log: Seconds remaining: 1450
2022/01/27-12:27:18(GMT) Log: Seconds remaining: 1440
2022/01/27-12:27:28(GMT) Log: Seconds remaining: 1430
2022/01/27-12:27:38(GMT) Log: Seconds remaining: 1420
2022/01/27-12:27:48(GMT) Log: Seconds remaining: 1410
2022/01/27-12:27:58(GMT) Log: Seconds remaining: 1400
2022/01/27-12:28:08(GMT) Log: Seconds remaining: 1390
2022/01/27-12:28:18(GMT) Log: Seconds remaining: 1380
2022/01/27-12:28:28(GMT) Log: Seconds remaining: 1370
2022/01/27-12:28:38(GMT) Log: Seconds remaining: 1360
2022/01/27-12:28:48(GMT) Log: Seconds remaining: 1350
2022/01/27-12:28:58(GMT) Log: Seconds remaining: 1340
2022/01/27-12:29:08(GMT) Log: Seconds remaining: 1330
2022/01/27-12:29:18(GMT) Log: Seconds remaining: 1320
2022/01/27-12:29:28(GMT) Log: Seconds remaining: 1310
2022/01/27-12:29:38(GMT) Log: Seconds remaining: 1300
2022/01/27-12:29:48(GMT) Log: Seconds remaining: 1290
2022/01/27-12:29:58(GMT) Log: Seconds remaining: 1280
2022/01/27-12:30:08(GMT) Log: Seconds remaining: 1270
2022/01/27-12:30:18(GMT) Log: Seconds remaining: 1260
2022/01/27-12:30:28(GMT) Log: Seconds remaining: 1250
2022/01/27-12:30:38(GMT) Log: Seconds remaining: 1240
2022/01/27-12:30:48(GMT) Log: Seconds remaining: 1230
2022/01/27-12:30:58(GMT) Log: Seconds remaining: 1220
2022/01/27-12:31:08(GMT) Log: Seconds remaining: 1210
2022/01/27-12:31:18(GMT) Log: Seconds remaining: 1200
2022/01/27-12:31:18(GMT) Log: Pausing worker threads in preparation for power spike (1200 seconds remaining)
2022/01/27-12:31:28(GMT) Log: Seconds remaining: 1190
2022/01/27-12:31:33(GMT) Log: Resuming worker threads to cause a power spike (1185 seconds remaining)
2022/01/27-12:31:38(GMT) Log: Seconds remaining: 1180
2022/01/27-12:31:48(GMT) Log: Seconds remaining: 1170
2022/01/27-12:31:58(GMT) Log: Seconds remaining: 1160
2022/01/27-12:32:08(GMT) Log: Seconds remaining: 1150
2022/01/27-12:32:18(GMT) Log: Seconds remaining: 1140
2022/01/27-12:32:28(GMT) Log: Seconds remaining: 1130
2022/01/27-12:32:38(GMT) Log: Seconds remaining: 1120
2022/01/27-12:32:48(GMT) Log: Seconds remaining: 1110
2022/01/27-12:32:58(GMT) Log: Seconds remaining: 1100
2022/01/27-12:33:08(GMT) Log: Seconds remaining: 1090
2022/01/27-12:33:18(GMT) Log: Seconds remaining: 1080
2022/01/27-12:33:28(GMT) Log: Seconds remaining: 1070
2022/01/27-12:33:38(GMT) Log: Seconds remaining: 1060
2022/01/27-12:33:48(GMT) Log: Seconds remaining: 1050
2022/01/27-12:33:58(GMT) Log: Seconds remaining: 1040
2022/01/27-12:34:08(GMT) Log: Seconds remaining: 1030
2022/01/27-12:34:18(GMT) Log: Seconds remaining: 1020
2022/01/27-12:34:28(GMT) Log: Seconds remaining: 1010
2022/01/27-12:34:38(GMT) Log: Seconds remaining: 1000
2022/01/27-12:34:48(GMT) Log: Seconds remaining: 990
2022/01/27-12:34:58(GMT) Log: Seconds remaining: 980
2022/01/27-12:35:08(GMT) Log: Seconds remaining: 970
2022/01/27-12:35:18(GMT) Log: Seconds remaining: 960
2022/01/27-12:35:28(GMT) Log: Seconds remaining: 950
2022/01/27-12:35:38(GMT) Log: Seconds remaining: 940
2022/01/27-12:35:48(GMT) Log: Seconds remaining: 930
2022/01/27-12:35:58(GMT) Log: Seconds remaining: 920
2022/01/27-12:36:08(GMT) Log: Seconds remaining: 910
2022/01/27-12:36:18(GMT) Log: Seconds remaining: 900
2022/01/27-12:36:28(GMT) Log: Seconds remaining: 890
2022/01/27-12:36:38(GMT) Log: Seconds remaining: 880
2022/01/27-12:36:48(GMT) Log: Seconds remaining: 870
2022/01/27-12:36:58(GMT) Log: Seconds remaining: 860
2022/01/27-12:37:08(GMT) Log: Seconds remaining: 850
2022/01/27-12:37:18(GMT) Log: Seconds remaining: 840
2022/01/27-12:37:28(GMT) Log: Seconds remaining: 830
2022/01/27-12:37:38(GMT) Log: Seconds remaining: 820
2022/01/27-12:37:48(GMT) Log: Seconds remaining: 810
2022/01/27-12:37:58(GMT) Log: Seconds remaining: 800
2022/01/27-12:38:08(GMT) Log: Seconds remaining: 790
2022/01/27-12:38:18(GMT) Log: Seconds remaining: 780
2022/01/27-12:38:28(GMT) Log: Seconds remaining: 770
2022/01/27-12:38:38(GMT) Log: Seconds remaining: 760
2022/01/27-12:38:48(GMT) Log: Seconds remaining: 750
2022/01/27-12:38:58(GMT) Log: Seconds remaining: 740
2022/01/27-12:39:08(GMT) Log: Seconds remaining: 730
2022/01/27-12:39:18(GMT) Log: Seconds remaining: 720
2022/01/27-12:39:28(GMT) Log: Seconds remaining: 710
2022/01/27-12:39:38(GMT) Log: Seconds remaining: 700
2022/01/27-12:39:48(GMT) Log: Seconds remaining: 690
2022/01/27-12:39:58(GMT) Log: Seconds remaining: 680
2022/01/27-12:40:08(GMT) Log: Seconds remaining: 670
2022/01/27-12:40:18(GMT) Log: Seconds remaining: 660
2022/01/27-12:40:28(GMT) Log: Seconds remaining: 650
2022/01/27-12:40:38(GMT) Log: Seconds remaining: 640
2022/01/27-12:40:48(GMT) Log: Seconds remaining: 630
2022/01/27-12:40:58(GMT) Log: Seconds remaining: 620
2022/01/27-12:41:08(GMT) Log: Seconds remaining: 610
2022/01/27-12:41:18(GMT) Log: Seconds remaining: 600
2022/01/27-12:41:18(GMT) Log: Pausing worker threads in preparation for power spike (600 seconds remaining)
2022/01/27-12:41:28(GMT) Log: Seconds remaining: 590
2022/01/27-12:41:33(GMT) Log: Resuming worker threads to cause a power spike (585 seconds remaining)
2022/01/27-12:41:38(GMT) Log: Seconds remaining: 580
2022/01/27-12:41:48(GMT) Log: Seconds remaining: 570
2022/01/27-12:41:58(GMT) Log: Seconds remaining: 560
2022/01/27-12:42:08(GMT) Log: Seconds remaining: 550
2022/01/27-12:42:18(GMT) Log: Seconds remaining: 540
2022/01/27-12:42:28(GMT) Log: Seconds remaining: 530
2022/01/27-12:42:38(GMT) Log: Seconds remaining: 520
2022/01/27-12:42:48(GMT) Log: Seconds remaining: 510
2022/01/27-12:42:58(GMT) Log: Seconds remaining: 500
2022/01/27-12:43:08(GMT) Log: Seconds remaining: 490
2022/01/27-12:43:18(GMT) Log: Seconds remaining: 480
2022/01/27-12:43:28(GMT) Log: Seconds remaining: 470
2022/01/27-12:43:38(GMT) Log: Seconds remaining: 460
2022/01/27-12:43:48(GMT) Log: Seconds remaining: 450
2022/01/27-12:43:58(GMT) Log: Seconds remaining: 440
2022/01/27-12:44:08(GMT) Log: Seconds remaining: 430
2022/01/27-12:44:18(GMT) Log: Seconds remaining: 420
2022/01/27-12:44:28(GMT) Log: Seconds remaining: 410
2022/01/27-12:44:38(GMT) Log: Seconds remaining: 400
2022/01/27-12:44:48(GMT) Log: Seconds remaining: 390
2022/01/27-12:44:58(GMT) Log: Seconds remaining: 380
2022/01/27-12:45:08(GMT) Log: Seconds remaining: 370
2022/01/27-12:45:18(GMT) Log: Seconds remaining: 360
2022/01/27-12:45:28(GMT) Log: Seconds remaining: 350
2022/01/27-12:45:38(GMT) Log: Seconds remaining: 340
2022/01/27-12:45:48(GMT) Log: Seconds remaining: 330
2022/01/27-12:45:58(GMT) Log: Seconds remaining: 320
2022/01/27-12:46:08(GMT) Log: Seconds remaining: 310
2022/01/27-12:46:18(GMT) Log: Seconds remaining: 300
2022/01/27-12:46:28(GMT) Log: Seconds remaining: 290
2022/01/27-12:46:38(GMT) Log: Seconds remaining: 280
2022/01/27-12:46:48(GMT) Log: Seconds remaining: 270
2022/01/27-12:46:58(GMT) Log: Seconds remaining: 260
2022/01/27-12:47:08(GMT) Log: Seconds remaining: 250
2022/01/27-12:47:18(GMT) Log: Seconds remaining: 240
2022/01/27-12:47:28(GMT) Log: Seconds remaining: 230
2022/01/27-12:47:38(GMT) Log: Seconds remaining: 220
2022/01/27-12:47:48(GMT) Log: Seconds remaining: 210
2022/01/27-12:47:58(GMT) Log: Seconds remaining: 200
2022/01/27-12:48:08(GMT) Log: Seconds remaining: 190
2022/01/27-12:48:18(GMT) Log: Seconds remaining: 180
2022/01/27-12:48:28(GMT) Log: Seconds remaining: 170
2022/01/27-12:48:38(GMT) Log: Seconds remaining: 160
2022/01/27-12:48:48(GMT) Log: Seconds remaining: 150
2022/01/27-12:48:58(GMT) Log: Seconds remaining: 140
2022/01/27-12:49:08(GMT) Log: Seconds remaining: 130
2022/01/27-12:49:18(GMT) Log: Seconds remaining: 120
2022/01/27-12:49:28(GMT) Log: Seconds remaining: 110
2022/01/27-12:49:38(GMT) Log: Seconds remaining: 100
2022/01/27-12:49:48(GMT) Log: Seconds remaining: 90
2022/01/27-12:49:58(GMT) Log: Seconds remaining: 80
2022/01/27-12:50:08(GMT) Log: Seconds remaining: 70
2022/01/27-12:50:18(GMT) Log: Seconds remaining: 60
2022/01/27-12:50:28(GMT) Log: Seconds remaining: 50
2022/01/27-12:50:38(GMT) Log: Seconds remaining: 40
2022/01/27-12:50:48(GMT) Log: Seconds remaining: 30
2022/01/27-12:50:58(GMT) Log: Seconds remaining: 20
2022/01/27-12:51:08(GMT) Log: Seconds remaining: 10
2022/01/27-12:51:23(GMT) Stats: Found 0 hardware incidents
2022/01/27-12:51:23(GMT) Stats: Completed: 193998960.00M in 2400.72s 80808.59MB/s, with 0 hardware incidents, 0 errors
2022/01/27-12:51:23(GMT) Stats: Memory Copy: 193998960.00M at 80830.72MB/s
2022/01/27-12:51:23(GMT) Stats: File Copy: 0.00M at 0.00MB/s
2022/01/27-12:51:23(GMT) Stats: Net Copy: 0.00M at 0.00MB/s
2022/01/27-12:51:23(GMT) Stats: Data Check: 0.00M at 0.00MB/s
2022/01/27-12:51:23(GMT) Stats: Invert Data: 0.00M at 0.00MB/s
2022/01/27-12:51:23(GMT) Stats: Disk: 0.00M at 0.00MB/s
2022/01/27-12:51:23(GMT) 
2022/01/27-12:51:23(GMT) Status: PASS - please verify no corrected errors
2022/01/27-12:51:23(GMT) 

============================
=          DMESG           =
============================
[ 6151.587013] perf: interrupt took too long (2514 > 2500), lowering kernel.perf_event_max_sample_rate to 79500
[ 6241.968102] perf: interrupt took too long (3168 > 3142), lowering kernel.perf_event_max_sample_rate to 63000
[ 6332.331639] perf: interrupt took too long (3975 > 3960), lowering kernel.perf_event_max_sample_rate to 50250
[ 6608.233126] perf: interrupt took too long (4975 > 4968), lowering kernel.perf_event_max_sample_rate to 40000
[ 7113.486545] perf: interrupt took too long (6242 > 6218), lowering kernel.perf_event_max_sample_rate to 32000

============================
=          BMC SEL         =
============================
=== No SEL logged ===


==============================================
=            Burn-In Test Cycle 3            =
==============================================
Test start time: 2022-01-27_12:51:50
***************************
*      KSB test cycle3    *
***************************
===== KSB Memory test PASS =====

=======================================================
Running fpga-test on 02:00.0
=======================================================

Device Type                : Kalidah
EP Link Status             : Gen3 x8     PASSED 
GIT Hash                   : 0x0FAA0CFE
Device DNA                 : 0x400200000155AC694C914385
Core Clock Frequency       :    250 MHz
SSD_0 present              :        Yes
SSD_1 present              :        Yes
KSB number                 :          1
Slice number               :          0
Temperature Master  Sysmon :      35.69  Cel
Temperature Slave 0 Sysmon :      35.66  Cel
Temperature Slave 1 Sysmon :      34.29  Cel
DDR4 capability            : ID_2, 16GB, VLP RDIMM w/ ECC, 1R, 16Gb x8 die, 2400 MT/s 
DDR4 calibration done      : 0x00000001  PASSED 
Unsupported Offset BAR3    : 0xFFFFFFFF  PASSED 
FPGA Version               : 0x00030006  PASSED 
DMA ch0 ctl. register      : 0x00008003  PASSED 
DMA ch1 ctl. register      : 0x00008013  PASSED 
DMA ch2 ctl. register      : 0x00008023  PASSED 
RP0 Link Status            : 0x70430000  PASSED 
Locating PCIe capabilities of SSD0 ...SSD0 Link Status           : 0x10430000  PASSED 
SSD0 Vendor/Dev ID         : 0xA808144D  PASSED  (Samsung)
RP1 Link Status            : 0x70430000  PASSED 
Locating PCIe capabilities of SSD1 ...SSD1 Link Status           : 0x10430000  PASSED 
SSD1 Vendor/Dev ID         : 0xA808144D  PASSED  (Samsung)
Global Fatal Interrupt     : 0x00000000  PASSED 
Global Non Fatal Interrupt : 0x00000000  PASSED 
  ____                 _
 |  _ \ __ _ ___ ___  | |
 | |_) / _` / __/ __| | |
 |  __/ (_| \__ \__ \ |_|
 |_|   \__,_|___/___/ (_)


=======================================================
Running fpga-test on 41:00.0
=======================================================

Device Type                : Kalidah
EP Link Status             : Gen3 x8     PASSED 
GIT Hash                   : 0x0FAA0CFE
Device DNA                 : 0x400200000155AC694C914385
Core Clock Frequency       :    250 MHz
SSD_0 present              :        Yes
SSD_1 present              :        Yes
KSB number                 :          1
Slice number               :          1
DDR4 capability            : ID_2, 16GB, VLP RDIMM w/ ECC, 1R, 16Gb x8 die, 2400 MT/s 
DDR4 calibration done      : 0x00000001  PASSED 
Unsupported Offset BAR3    : 0xFFFFFFFF  PASSED 
FPGA Version               : 0x00030006  PASSED 
DMA ch0 ctl. register      : 0x00008003  PASSED 
DMA ch1 ctl. register      : 0x00008013  PASSED 
DMA ch2 ctl. register      : 0x00008023  PASSED 
RP0 Link Status            : 0x70430000  PASSED 
Locating PCIe capabilities of SSD0 ...SSD0 Link Status           : 0x10430000  PASSED 
SSD0 Vendor/Dev ID         : 0xA808144D  PASSED  (Samsung)
RP1 Link Status            : 0x70430000  PASSED 
Locating PCIe capabilities of SSD1 ...SSD1 Link Status           : 0x10430000  PASSED 
SSD1 Vendor/Dev ID         : 0xA808144D  PASSED  (Samsung)
Global Fatal Interrupt     : 0x00000000  PASSED 
Global Non Fatal Interrupt : 0x00000000  PASSED 
  ____                 _
 |  _ \ __ _ ___ ___  | |
 | |_) / _` / __/ __| | |
 |  __/ (_| \__ \__ \ |_|
 |_|   \__,_|___/___/ (_)


=======================================================
Running fpga-test on 84:00.0
=======================================================

Device Type                : Kalidah
EP Link Status             : Gen3 x8     PASSED 
GIT Hash                   : 0x0FAA0CFE
Device DNA                 : 0x400200000155AC694D80C1C5
Core Clock Frequency       :    250 MHz
SSD_0 present              :        Yes
SSD_1 present              :        Yes
KSB number                 :          0
Slice number               :          1
DDR4 capability            : ID_2, 16GB, VLP RDIMM w/ ECC, 1R, 16Gb x8 die, 2400 MT/s 
DDR4 calibration done      : 0x00000001  PASSED 
Unsupported Offset BAR3    : 0xFFFFFFFF  PASSED 
FPGA Version               : 0x00030006  PASSED 
DMA ch0 ctl. register      : 0x00008003  PASSED 
DMA ch1 ctl. register      : 0x00008013  PASSED 
DMA ch2 ctl. register      : 0x00008023  PASSED 
RP0 Link Status            : 0x70430000  PASSED 
Locating PCIe capabilities of SSD0 ...SSD0 Link Status           : 0x10430000  PASSED 
SSD0 Vendor/Dev ID         : 0xA808144D  PASSED  (Samsung)
RP1 Link Status            : 0x70430000  PASSED 
Locating PCIe capabilities of SSD1 ...SSD1 Link Status           : 0x10430000  PASSED 
SSD1 Vendor/Dev ID         : 0xA808144D  PASSED  (Samsung)
Global Fatal Interrupt     : 0x00000000  PASSED 
Global Non Fatal Interrupt : 0x00000000  PASSED 
  ____                 _
 |  _ \ __ _ ___ ___  | |
 | |_) / _` / __/ __| | |
 |  __/ (_| \__ \__ \ |_|
 |_|   \__,_|___/___/ (_)


=======================================================
Running fpga-test on c1:00.0
=======================================================

Device Type                : Kalidah
EP Link Status             : Gen3 x8     PASSED 
GIT Hash                   : 0x0FAA0CFE
Device DNA                 : 0x400200000155AC694D80C1C5
Core Clock Frequency       :    250 MHz
SSD_0 present              :        Yes
SSD_1 present              :        Yes
KSB number                 :          0
Slice number               :          0
Temperature Master  Sysmon :      36.13  Cel
Temperature Slave 0 Sysmon :      36.08  Cel
Temperature Slave 1 Sysmon :      35.49  Cel
DDR4 capability            : ID_2, 16GB, VLP RDIMM w/ ECC, 1R, 16Gb x8 die, 2400 MT/s 
DDR4 calibration done      : 0x00000001  PASSED 
Unsupported Offset BAR3    : 0xFFFFFFFF  PASSED 
FPGA Version               : 0x00030006  PASSED 
DMA ch0 ctl. register      : 0x00008003  PASSED 
DMA ch1 ctl. register      : 0x00008013  PASSED 
DMA ch2 ctl. register      : 0x00008023  PASSED 
RP0 Link Status            : 0x70430000  PASSED 
Locating PCIe capabilities of SSD0 ...SSD0 Link Status           : 0x10430000  PASSED 
SSD0 Vendor/Dev ID         : 0xA808144D  PASSED  (Samsung)
RP1 Link Status            : 0x70430000  PASSED 
Locating PCIe capabilities of SSD1 ...SSD1 Link Status           : 0x10430000  PASSED 
SSD1 Vendor/Dev ID         : 0xA808144D  PASSED  (Samsung)
Global Fatal Interrupt     : 0x00000000  PASSED 
Global Non Fatal Interrupt : 0x00000000  PASSED 
  ____                 _
 |  _ \ __ _ ___ ___  | |
 | |_) / _` / __/ __| | |
 |  __/ (_| \__ \__ \ |_|
 |_|   \__,_|___/___/ (_)


*****************************
*  CPU/Memory Stress cycle3 *
*****************************
============================
=        Stress Log        =
============================
2022/01/27-12:52:26(GMT) Log: Commandline - ./stressapptest -m 32 -C 32 -l /root/TinmanBI/STRESS.log -s 2400
2022/01/27-12:52:26(GMT) Stats: SAT revision 1.0.7_autoconf, 64 bit binary
2022/01/27-12:52:26(GMT) Log: root @ localhost.localdomain on Tue Sep 19 03:28:47 CST 2017 from open source release
2022/01/27-12:52:26(GMT) Log: 1 nodes, 128 cpus.
2022/01/27-12:52:26(GMT) Log: Total 515817 MB. Free 510016 MB. Hugepages 0 MB. Targeting 489834 MB (94%)
2022/01/27-12:52:26(GMT) Log: Prefer plain malloc memory allocation.
2022/01/27-12:52:26(GMT) Log: Using mmap() allocation at 0x7e95c09a7000.
2022/01/27-12:52:26(GMT) Stats: Starting SAT, 489834M, 2400 seconds
2022/01/27-12:53:02(GMT) Log: Region mask: 0x1
2022/01/27-12:53:12(GMT) Log: Seconds remaining: 2390
2022/01/27-12:53:22(GMT) Log: Seconds remaining: 2380
2022/01/27-12:53:32(GMT) Log: Seconds remaining: 2370
2022/01/27-12:53:42(GMT) Log: Seconds remaining: 2360
2022/01/27-12:53:52(GMT) Log: Seconds remaining: 2350
2022/01/27-12:54:02(GMT) Log: Seconds remaining: 2340
2022/01/27-12:54:12(GMT) Log: Seconds remaining: 2330
2022/01/27-12:54:22(GMT) Log: Seconds remaining: 2320
2022/01/27-12:54:32(GMT) Log: Seconds remaining: 2310
2022/01/27-12:54:42(GMT) Log: Seconds remaining: 2300
2022/01/27-12:54:52(GMT) Log: Seconds remaining: 2290
2022/01/27-12:55:02(GMT) Log: Seconds remaining: 2280
2022/01/27-12:55:12(GMT) Log: Seconds remaining: 2270
2022/01/27-12:55:22(GMT) Log: Seconds remaining: 2260
2022/01/27-12:55:32(GMT) Log: Seconds remaining: 2250
2022/01/27-12:55:42(GMT) Log: Seconds remaining: 2240
2022/01/27-12:55:52(GMT) Log: Seconds remaining: 2230
2022/01/27-12:56:02(GMT) Log: Seconds remaining: 2220
2022/01/27-12:56:12(GMT) Log: Seconds remaining: 2210
2022/01/27-12:56:22(GMT) Log: Seconds remaining: 2200
2022/01/27-12:56:32(GMT) Log: Seconds remaining: 2190
2022/01/27-12:56:42(GMT) Log: Seconds remaining: 2180
2022/01/27-12:56:52(GMT) Log: Seconds remaining: 2170
2022/01/27-12:57:02(GMT) Log: Seconds remaining: 2160
2022/01/27-12:57:12(GMT) Log: Seconds remaining: 2150
2022/01/27-12:57:22(GMT) Log: Seconds remaining: 2140
2022/01/27-12:57:32(GMT) Log: Seconds remaining: 2130
2022/01/27-12:57:42(GMT) Log: Seconds remaining: 2120
2022/01/27-12:57:52(GMT) Log: Seconds remaining: 2110
2022/01/27-12:58:02(GMT) Log: Seconds remaining: 2100
2022/01/27-12:58:12(GMT) Log: Seconds remaining: 2090
2022/01/27-12:58:22(GMT) Log: Seconds remaining: 2080
2022/01/27-12:58:32(GMT) Log: Seconds remaining: 2070
2022/01/27-12:58:42(GMT) Log: Seconds remaining: 2060
2022/01/27-12:58:52(GMT) Log: Seconds remaining: 2050
2022/01/27-12:59:02(GMT) Log: Seconds remaining: 2040
2022/01/27-12:59:12(GMT) Log: Seconds remaining: 2030
2022/01/27-12:59:22(GMT) Log: Seconds remaining: 2020
2022/01/27-12:59:32(GMT) Log: Seconds remaining: 2010
2022/01/27-12:59:42(GMT) Log: Seconds remaining: 2000
2022/01/27-12:59:52(GMT) Log: Seconds remaining: 1990
2022/01/27-13:00:02(GMT) Log: Seconds remaining: 1980
2022/01/27-13:00:12(GMT) Log: Seconds remaining: 1970
2022/01/27-13:00:22(GMT) Log: Seconds remaining: 1960
2022/01/27-13:00:32(GMT) Log: Seconds remaining: 1950
2022/01/27-13:00:42(GMT) Log: Seconds remaining: 1940
2022/01/27-13:00:52(GMT) Log: Seconds remaining: 1930
2022/01/27-13:01:02(GMT) Log: Seconds remaining: 1920
2022/01/27-13:01:12(GMT) Log: Seconds remaining: 1910
2022/01/27-13:01:22(GMT) Log: Seconds remaining: 1900
2022/01/27-13:01:32(GMT) Log: Seconds remaining: 1890
2022/01/27-13:01:42(GMT) Log: Seconds remaining: 1880
2022/01/27-13:01:52(GMT) Log: Seconds remaining: 1870
2022/01/27-13:02:02(GMT) Log: Seconds remaining: 1860
2022/01/27-13:02:12(GMT) Log: Seconds remaining: 1850
2022/01/27-13:02:22(GMT) Log: Seconds remaining: 1840
2022/01/27-13:02:32(GMT) Log: Seconds remaining: 1830
2022/01/27-13:02:42(GMT) Log: Seconds remaining: 1820
2022/01/27-13:02:52(GMT) Log: Seconds remaining: 1810
2022/01/27-13:03:02(GMT) Log: Seconds remaining: 1800
2022/01/27-13:03:02(GMT) Log: Pausing worker threads in preparation for power spike (1800 seconds remaining)
2022/01/27-13:03:12(GMT) Log: Seconds remaining: 1790
2022/01/27-13:03:17(GMT) Log: Resuming worker threads to cause a power spike (1785 seconds remaining)
2022/01/27-13:03:22(GMT) Log: Seconds remaining: 1780
2022/01/27-13:03:32(GMT) Log: Seconds remaining: 1770
2022/01/27-13:03:42(GMT) Log: Seconds remaining: 1760
2022/01/27-13:03:52(GMT) Log: Seconds remaining: 1750
2022/01/27-13:04:02(GMT) Log: Seconds remaining: 1740
2022/01/27-13:04:12(GMT) Log: Seconds remaining: 1730
2022/01/27-13:04:22(GMT) Log: Seconds remaining: 1720
2022/01/27-13:04:32(GMT) Log: Seconds remaining: 1710
2022/01/27-13:04:42(GMT) Log: Seconds remaining: 1700
2022/01/27-13:04:52(GMT) Log: Seconds remaining: 1690
2022/01/27-13:05:02(GMT) Log: Seconds remaining: 1680
2022/01/27-13:05:12(GMT) Log: Seconds remaining: 1670
2022/01/27-13:05:22(GMT) Log: Seconds remaining: 1660
2022/01/27-13:05:32(GMT) Log: Seconds remaining: 1650
2022/01/27-13:05:42(GMT) Log: Seconds remaining: 1640
2022/01/27-13:05:52(GMT) Log: Seconds remaining: 1630
2022/01/27-13:06:02(GMT) Log: Seconds remaining: 1620
2022/01/27-13:06:12(GMT) Log: Seconds remaining: 1610
2022/01/27-13:06:22(GMT) Log: Seconds remaining: 1600
2022/01/27-13:06:32(GMT) Log: Seconds remaining: 1590
2022/01/27-13:06:42(GMT) Log: Seconds remaining: 1580
2022/01/27-13:06:52(GMT) Log: Seconds remaining: 1570
2022/01/27-13:07:02(GMT) Log: Seconds remaining: 1560
2022/01/27-13:07:12(GMT) Log: Seconds remaining: 1550
2022/01/27-13:07:22(GMT) Log: Seconds remaining: 1540
2022/01/27-13:07:32(GMT) Log: Seconds remaining: 1530
2022/01/27-13:07:42(GMT) Log: Seconds remaining: 1520
2022/01/27-13:07:52(GMT) Log: Seconds remaining: 1510
2022/01/27-13:08:02(GMT) Log: Seconds remaining: 1500
2022/01/27-13:08:12(GMT) Log: Seconds remaining: 1490
2022/01/27-13:08:22(GMT) Log: Seconds remaining: 1480
2022/01/27-13:08:32(GMT) Log: Seconds remaining: 1470
2022/01/27-13:08:42(GMT) Log: Seconds remaining: 1460
2022/01/27-13:08:52(GMT) Log: Seconds remaining: 1450
2022/01/27-13:09:02(GMT) Log: Seconds remaining: 1440
2022/01/27-13:09:12(GMT) Log: Seconds remaining: 1430
2022/01/27-13:09:22(GMT) Log: Seconds remaining: 1420
2022/01/27-13:09:32(GMT) Log: Seconds remaining: 1410
2022/01/27-13:09:42(GMT) Log: Seconds remaining: 1400
2022/01/27-13:09:52(GMT) Log: Seconds remaining: 1390
2022/01/27-13:10:02(GMT) Log: Seconds remaining: 1380
2022/01/27-13:10:12(GMT) Log: Seconds remaining: 1370
2022/01/27-13:10:22(GMT) Log: Seconds remaining: 1360
2022/01/27-13:10:32(GMT) Log: Seconds remaining: 1350
2022/01/27-13:10:42(GMT) Log: Seconds remaining: 1340
2022/01/27-13:10:52(GMT) Log: Seconds remaining: 1330
2022/01/27-13:11:02(GMT) Log: Seconds remaining: 1320
2022/01/27-13:11:12(GMT) Log: Seconds remaining: 1310
2022/01/27-13:11:22(GMT) Log: Seconds remaining: 1300
2022/01/27-13:11:32(GMT) Log: Seconds remaining: 1290
2022/01/27-13:11:42(GMT) Log: Seconds remaining: 1280
2022/01/27-13:11:52(GMT) Log: Seconds remaining: 1270
2022/01/27-13:12:02(GMT) Log: Seconds remaining: 1260
2022/01/27-13:12:12(GMT) Log: Seconds remaining: 1250
2022/01/27-13:12:22(GMT) Log: Seconds remaining: 1240
2022/01/27-13:12:32(GMT) Log: Seconds remaining: 1230
2022/01/27-13:12:42(GMT) Log: Seconds remaining: 1220
2022/01/27-13:12:52(GMT) Log: Seconds remaining: 1210
2022/01/27-13:13:02(GMT) Log: Seconds remaining: 1200
2022/01/27-13:13:02(GMT) Log: Pausing worker threads in preparation for power spike (1200 seconds remaining)
2022/01/27-13:13:12(GMT) Log: Seconds remaining: 1190
2022/01/27-13:13:17(GMT) Log: Resuming worker threads to cause a power spike (1185 seconds remaining)
2022/01/27-13:13:22(GMT) Log: Seconds remaining: 1180
2022/01/27-13:13:32(GMT) Log: Seconds remaining: 1170
2022/01/27-13:13:42(GMT) Log: Seconds remaining: 1160
2022/01/27-13:13:52(GMT) Log: Seconds remaining: 1150
2022/01/27-13:14:02(GMT) Log: Seconds remaining: 1140
2022/01/27-13:14:12(GMT) Log: Seconds remaining: 1130
2022/01/27-13:14:22(GMT) Log: Seconds remaining: 1120
2022/01/27-13:14:32(GMT) Log: Seconds remaining: 1110
2022/01/27-13:14:42(GMT) Log: Seconds remaining: 1100
2022/01/27-13:14:52(GMT) Log: Seconds remaining: 1090
2022/01/27-13:15:02(GMT) Log: Seconds remaining: 1080
2022/01/27-13:15:12(GMT) Log: Seconds remaining: 1070
2022/01/27-13:15:22(GMT) Log: Seconds remaining: 1060
2022/01/27-13:15:32(GMT) Log: Seconds remaining: 1050
2022/01/27-13:15:42(GMT) Log: Seconds remaining: 1040
2022/01/27-13:15:52(GMT) Log: Seconds remaining: 1030
2022/01/27-13:16:02(GMT) Log: Seconds remaining: 1020
2022/01/27-13:16:12(GMT) Log: Seconds remaining: 1010
2022/01/27-13:16:22(GMT) Log: Seconds remaining: 1000
2022/01/27-13:16:32(GMT) Log: Seconds remaining: 990
2022/01/27-13:16:42(GMT) Log: Seconds remaining: 980
2022/01/27-13:16:52(GMT) Log: Seconds remaining: 970
2022/01/27-13:17:02(GMT) Log: Seconds remaining: 960
2022/01/27-13:17:12(GMT) Log: Seconds remaining: 950
2022/01/27-13:17:22(GMT) Log: Seconds remaining: 940
2022/01/27-13:17:32(GMT) Log: Seconds remaining: 930
2022/01/27-13:17:42(GMT) Log: Seconds remaining: 920
2022/01/27-13:17:52(GMT) Log: Seconds remaining: 910
2022/01/27-13:18:02(GMT) Log: Seconds remaining: 900
2022/01/27-13:18:12(GMT) Log: Seconds remaining: 890
2022/01/27-13:18:22(GMT) Log: Seconds remaining: 880
2022/01/27-13:18:32(GMT) Log: Seconds remaining: 870
2022/01/27-13:18:42(GMT) Log: Seconds remaining: 860
2022/01/27-13:18:52(GMT) Log: Seconds remaining: 850
2022/01/27-13:19:02(GMT) Log: Seconds remaining: 840
2022/01/27-13:19:12(GMT) Log: Seconds remaining: 830
2022/01/27-13:19:22(GMT) Log: Seconds remaining: 820
2022/01/27-13:19:32(GMT) Log: Seconds remaining: 810
2022/01/27-13:19:42(GMT) Log: Seconds remaining: 800
2022/01/27-13:19:52(GMT) Log: Seconds remaining: 790
2022/01/27-13:20:02(GMT) Log: Seconds remaining: 780
2022/01/27-13:20:12(GMT) Log: Seconds remaining: 770
2022/01/27-13:20:22(GMT) Log: Seconds remaining: 760
2022/01/27-13:20:32(GMT) Log: Seconds remaining: 750
2022/01/27-13:20:42(GMT) Log: Seconds remaining: 740
2022/01/27-13:20:52(GMT) Log: Seconds remaining: 730
2022/01/27-13:21:02(GMT) Log: Seconds remaining: 720
2022/01/27-13:21:12(GMT) Log: Seconds remaining: 710
2022/01/27-13:21:22(GMT) Log: Seconds remaining: 700
2022/01/27-13:21:32(GMT) Log: Seconds remaining: 690
2022/01/27-13:21:42(GMT) Log: Seconds remaining: 680
2022/01/27-13:21:52(GMT) Log: Seconds remaining: 670
2022/01/27-13:22:02(GMT) Log: Seconds remaining: 660
2022/01/27-13:22:12(GMT) Log: Seconds remaining: 650
2022/01/27-13:22:22(GMT) Log: Seconds remaining: 640
2022/01/27-13:22:32(GMT) Log: Seconds remaining: 630
2022/01/27-13:22:42(GMT) Log: Seconds remaining: 620
2022/01/27-13:22:52(GMT) Log: Seconds remaining: 610
2022/01/27-13:23:02(GMT) Log: Seconds remaining: 600
2022/01/27-13:23:02(GMT) Log: Pausing worker threads in preparation for power spike (600 seconds remaining)
2022/01/27-13:23:12(GMT) Log: Seconds remaining: 590
2022/01/27-13:23:17(GMT) Log: Resuming worker threads to cause a power spike (585 seconds remaining)
2022/01/27-13:23:22(GMT) Log: Seconds remaining: 580
2022/01/27-13:23:32(GMT) Log: Seconds remaining: 570
2022/01/27-13:23:42(GMT) Log: Seconds remaining: 560
2022/01/27-13:23:52(GMT) Log: Seconds remaining: 550
2022/01/27-13:24:02(GMT) Log: Seconds remaining: 540
2022/01/27-13:24:12(GMT) Log: Seconds remaining: 530
2022/01/27-13:24:22(GMT) Log: Seconds remaining: 520
2022/01/27-13:24:32(GMT) Log: Seconds remaining: 510
2022/01/27-13:24:42(GMT) Log: Seconds remaining: 500
2022/01/27-13:24:52(GMT) Log: Seconds remaining: 490
2022/01/27-13:25:02(GMT) Log: Seconds remaining: 480
2022/01/27-13:25:12(GMT) Log: Seconds remaining: 470
2022/01/27-13:25:22(GMT) Log: Seconds remaining: 460
2022/01/27-13:25:32(GMT) Log: Seconds remaining: 450
2022/01/27-13:25:42(GMT) Log: Seconds remaining: 440
2022/01/27-13:25:52(GMT) Log: Seconds remaining: 430
2022/01/27-13:26:02(GMT) Log: Seconds remaining: 420
2022/01/27-13:26:12(GMT) Log: Seconds remaining: 410
2022/01/27-13:26:22(GMT) Log: Seconds remaining: 400
2022/01/27-13:26:32(GMT) Log: Seconds remaining: 390
2022/01/27-13:26:42(GMT) Log: Seconds remaining: 380
2022/01/27-13:26:52(GMT) Log: Seconds remaining: 370
2022/01/27-13:27:02(GMT) Log: Seconds remaining: 360
2022/01/27-13:27:12(GMT) Log: Seconds remaining: 350
2022/01/27-13:27:22(GMT) Log: Seconds remaining: 340
2022/01/27-13:27:32(GMT) Log: Seconds remaining: 330
2022/01/27-13:27:42(GMT) Log: Seconds remaining: 320
2022/01/27-13:27:52(GMT) Log: Seconds remaining: 310
2022/01/27-13:28:02(GMT) Log: Seconds remaining: 300
2022/01/27-13:28:12(GMT) Log: Seconds remaining: 290
2022/01/27-13:28:22(GMT) Log: Seconds remaining: 280
2022/01/27-13:28:32(GMT) Log: Seconds remaining: 270
2022/01/27-13:28:42(GMT) Log: Seconds remaining: 260
2022/01/27-13:28:52(GMT) Log: Seconds remaining: 250
2022/01/27-13:29:02(GMT) Log: Seconds remaining: 240
2022/01/27-13:29:12(GMT) Log: Seconds remaining: 230
2022/01/27-13:29:22(GMT) Log: Seconds remaining: 220
2022/01/27-13:29:32(GMT) Log: Seconds remaining: 210
2022/01/27-13:29:42(GMT) Log: Seconds remaining: 200
2022/01/27-13:29:52(GMT) Log: Seconds remaining: 190
2022/01/27-13:30:02(GMT) Log: Seconds remaining: 180
2022/01/27-13:30:12(GMT) Log: Seconds remaining: 170
2022/01/27-13:30:22(GMT) Log: Seconds remaining: 160
2022/01/27-13:30:32(GMT) Log: Seconds remaining: 150
2022/01/27-13:30:42(GMT) Log: Seconds remaining: 140
2022/01/27-13:30:52(GMT) Log: Seconds remaining: 130
2022/01/27-13:31:02(GMT) Log: Seconds remaining: 120
2022/01/27-13:31:12(GMT) Log: Seconds remaining: 110
2022/01/27-13:31:22(GMT) Log: Seconds remaining: 100
2022/01/27-13:31:32(GMT) Log: Seconds remaining: 90
2022/01/27-13:31:42(GMT) Log: Seconds remaining: 80
2022/01/27-13:31:52(GMT) Log: Seconds remaining: 70
2022/01/27-13:32:02(GMT) Log: Seconds remaining: 60
2022/01/27-13:32:12(GMT) Log: Seconds remaining: 50
2022/01/27-13:32:22(GMT) Log: Seconds remaining: 40
2022/01/27-13:32:32(GMT) Log: Seconds remaining: 30
2022/01/27-13:32:42(GMT) Log: Seconds remaining: 20
2022/01/27-13:32:52(GMT) Log: Seconds remaining: 10
2022/01/27-13:33:08(GMT) Stats: Found 0 hardware incidents
2022/01/27-13:33:08(GMT) Stats: Completed: 195353744.00M in 2400.76s 81371.71MB/s, with 0 hardware incidents, 0 errors
2022/01/27-13:33:08(GMT) Stats: Memory Copy: 195353744.00M at 81394.41MB/s
2022/01/27-13:33:08(GMT) Stats: File Copy: 0.00M at 0.00MB/s
2022/01/27-13:33:08(GMT) Stats: Net Copy: 0.00M at 0.00MB/s
2022/01/27-13:33:08(GMT) Stats: Data Check: 0.00M at 0.00MB/s
2022/01/27-13:33:08(GMT) Stats: Invert Data: 0.00M at 0.00MB/s
2022/01/27-13:33:08(GMT) Stats: Disk: 0.00M at 0.00MB/s
2022/01/27-13:33:08(GMT) 
2022/01/27-13:33:08(GMT) Status: PASS - please verify no corrected errors
2022/01/27-13:33:08(GMT) 

============================
=          DMESG           =
============================
[ 6151.587013] perf: interrupt took too long (2514 > 2500), lowering kernel.perf_event_max_sample_rate to 79500
[ 6241.968102] perf: interrupt took too long (3168 > 3142), lowering kernel.perf_event_max_sample_rate to 63000
[ 6332.331639] perf: interrupt took too long (3975 > 3960), lowering kernel.perf_event_max_sample_rate to 50250
[ 6608.233126] perf: interrupt took too long (4975 > 4968), lowering kernel.perf_event_max_sample_rate to 40000
[ 7113.486545] perf: interrupt took too long (6242 > 6218), lowering kernel.perf_event_max_sample_rate to 32000
[12769.652862] perf: interrupt took too long (7917 > 7802), lowering kernel.perf_event_max_sample_rate to 25250

============================
=          BMC SEL         =
============================
=== No SEL logged ===


==============================================
=            Burn-In Test Cycle 4            =
==============================================
Test start time: 2022-01-27_13:33:35
***************************
*      KSB test cycle4    *
***************************
===== KSB Memory test PASS =====

=======================================================
Running fpga-test on 02:00.0
=======================================================

Device Type                : Kalidah
EP Link Status             : Gen3 x8     PASSED 
GIT Hash                   : 0x0FAA0CFE
Device DNA                 : 0x400200000155AC694C914385
Core Clock Frequency       :    250 MHz
SSD_0 present              :        Yes
SSD_1 present              :        Yes
KSB number                 :          1
Slice number               :          0
Temperature Master  Sysmon :      34.84  Cel
Temperature Slave 0 Sysmon :      34.32  Cel
Temperature Slave 1 Sysmon :      32.93  Cel
DDR4 capability            : ID_2, 16GB, VLP RDIMM w/ ECC, 1R, 16Gb x8 die, 2400 MT/s 
DDR4 calibration done      : 0x00000001  PASSED 
Unsupported Offset BAR3    : 0xFFFFFFFF  PASSED 
FPGA Version               : 0x00030006  PASSED 
DMA ch0 ctl. register      : 0x00008003  PASSED 
DMA ch1 ctl. register      : 0x00008013  PASSED 
DMA ch2 ctl. register      : 0x00008023  PASSED 
RP0 Link Status            : 0x70430000  PASSED 
Locating PCIe capabilities of SSD0 ...SSD0 Link Status           : 0x10430000  PASSED 
SSD0 Vendor/Dev ID         : 0xA808144D  PASSED  (Samsung)
RP1 Link Status            : 0x70430000  PASSED 
Locating PCIe capabilities of SSD1 ...SSD1 Link Status           : 0x10430000  PASSED 
SSD1 Vendor/Dev ID         : 0xA808144D  PASSED  (Samsung)
Global Fatal Interrupt     : 0x00000000  PASSED 
Global Non Fatal Interrupt : 0x00000000  PASSED 
  ____                 _
 |  _ \ __ _ ___ ___  | |
 | |_) / _` / __/ __| | |
 |  __/ (_| \__ \__ \ |_|
 |_|   \__,_|___/___/ (_)


=======================================================
Running fpga-test on 41:00.0
=======================================================

Device Type                : Kalidah
EP Link Status             : Gen3 x8     PASSED 
GIT Hash                   : 0x0FAA0CFE
Device DNA                 : 0x400200000155AC694C914385
Core Clock Frequency       :    250 MHz
SSD_0 present              :        Yes
SSD_1 present              :        Yes
KSB number                 :          1
Slice number               :          1
DDR4 capability            : ID_2, 16GB, VLP RDIMM w/ ECC, 1R, 16Gb x8 die, 2400 MT/s 
DDR4 calibration done      : 0x00000001  PASSED 
Unsupported Offset BAR3    : 0xFFFFFFFF  PASSED 
FPGA Version               : 0x00030006  PASSED 
DMA ch0 ctl. register      : 0x00008003  PASSED 
DMA ch1 ctl. register      : 0x00008013  PASSED 
DMA ch2 ctl. register      : 0x00008023  PASSED 
RP0 Link Status            : 0x70430000  PASSED 
Locating PCIe capabilities of SSD0 ...SSD0 Link Status           : 0x10430000  PASSED 
SSD0 Vendor/Dev ID         : 0xA808144D  PASSED  (Samsung)
RP1 Link Status            : 0x70430000  PASSED 
Locating PCIe capabilities of SSD1 ...SSD1 Link Status           : 0x10430000  PASSED 
SSD1 Vendor/Dev ID         : 0xA808144D  PASSED  (Samsung)
Global Fatal Interrupt     : 0x00000000  PASSED 
Global Non Fatal Interrupt : 0x00000000  PASSED 
  ____                 _
 |  _ \ __ _ ___ ___  | |
 | |_) / _` / __/ __| | |
 |  __/ (_| \__ \__ \ |_|
 |_|   \__,_|___/___/ (_)


=======================================================
Running fpga-test on 84:00.0
=======================================================

Device Type                : Kalidah
EP Link Status             : Gen3 x8     PASSED 
GIT Hash                   : 0x0FAA0CFE
Device DNA                 : 0x400200000155AC694D80C1C5
Core Clock Frequency       :    250 MHz
SSD_0 present              :        Yes
SSD_1 present              :        Yes
KSB number                 :          0
Slice number               :          1
DDR4 capability            : ID_2, 16GB, VLP RDIMM w/ ECC, 1R, 16Gb x8 die, 2400 MT/s 
DDR4 calibration done      : 0x00000001  PASSED 
Unsupported Offset BAR3    : 0xFFFFFFFF  PASSED 
FPGA Version               : 0x00030006  PASSED 
DMA ch0 ctl. register      : 0x00008003  PASSED 
DMA ch1 ctl. register      : 0x00008013  PASSED 
DMA ch2 ctl. register      : 0x00008023  PASSED 
RP0 Link Status            : 0x70430000  PASSED 
Locating PCIe capabilities of SSD0 ...SSD0 Link Status           : 0x10430000  PASSED 
SSD0 Vendor/Dev ID         : 0xA808144D  PASSED  (Samsung)
RP1 Link Status            : 0x70430000  PASSED 
Locating PCIe capabilities of SSD1 ...SSD1 Link Status           : 0x10430000  PASSED 
SSD1 Vendor/Dev ID         : 0xA808144D  PASSED  (Samsung)
Global Fatal Interrupt     : 0x00000000  PASSED 
Global Non Fatal Interrupt : 0x00000000  PASSED 
  ____                 _
 |  _ \ __ _ ___ ___  | |
 | |_) / _` / __/ __| | |
 |  __/ (_| \__ \__ \ |_|
 |_|   \__,_|___/___/ (_)


=======================================================
Running fpga-test on c1:00.0
=======================================================

Device Type                : Kalidah
EP Link Status             : Gen3 x8     PASSED 
GIT Hash                   : 0x0FAA0CFE
Device DNA                 : 0x400200000155AC694D80C1C5
Core Clock Frequency       :    250 MHz
SSD_0 present              :        Yes
SSD_1 present              :        Yes
KSB number                 :          0
Slice number               :          0
Temperature Master  Sysmon :      35.39  Cel
Temperature Slave 0 Sysmon :      35.35  Cel
Temperature Slave 1 Sysmon :      34.88  Cel
DDR4 capability            : ID_2, 16GB, VLP RDIMM w/ ECC, 1R, 16Gb x8 die, 2400 MT/s 
DDR4 calibration done      : 0x00000001  PASSED 
Unsupported Offset BAR3    : 0xFFFFFFFF  PASSED 
FPGA Version               : 0x00030006  PASSED 
DMA ch0 ctl. register      : 0x00008003  PASSED 
DMA ch1 ctl. register      : 0x00008013  PASSED 
DMA ch2 ctl. register      : 0x00008023  PASSED 
RP0 Link Status            : 0x70430000  PASSED 
Locating PCIe capabilities of SSD0 ...SSD0 Link Status           : 0x10430000  PASSED 
SSD0 Vendor/Dev ID         : 0xA808144D  PASSED  (Samsung)
RP1 Link Status            : 0x70430000  PASSED 
Locating PCIe capabilities of SSD1 ...SSD1 Link Status           : 0x10430000  PASSED 
SSD1 Vendor/Dev ID         : 0xA808144D  PASSED  (Samsung)
Global Fatal Interrupt     : 0x00000000  PASSED 
Global Non Fatal Interrupt : 0x00000000  PASSED 
  ____                 _
 |  _ \ __ _ ___ ___  | |
 | |_) / _` / __/ __| | |
 |  __/ (_| \__ \__ \ |_|
 |_|   \__,_|___/___/ (_)


*****************************
*  CPU/Memory Stress cycle4 *
*****************************
============================
=        Stress Log        =
============================
2022/01/27-13:34:11(GMT) Log: Commandline - ./stressapptest -m 32 -C 32 -l /root/TinmanBI/STRESS.log -s 2400
2022/01/27-13:34:11(GMT) Stats: SAT revision 1.0.7_autoconf, 64 bit binary
2022/01/27-13:34:11(GMT) Log: root @ localhost.localdomain on Tue Sep 19 03:28:47 CST 2017 from open source release
2022/01/27-13:34:11(GMT) Log: 1 nodes, 128 cpus.
2022/01/27-13:34:11(GMT) Log: Total 515817 MB. Free 510009 MB. Hugepages 0 MB. Targeting 489834 MB (94%)
2022/01/27-13:34:11(GMT) Log: Prefer plain malloc memory allocation.
2022/01/27-13:34:11(GMT) Log: Using mmap() allocation at 0x7ee5e2bc4000.
2022/01/27-13:34:11(GMT) Stats: Starting SAT, 489834M, 2400 seconds
2022/01/27-13:34:46(GMT) Log: Region mask: 0x1
2022/01/27-13:34:56(GMT) Log: Seconds remaining: 2390
2022/01/27-13:35:06(GMT) Log: Seconds remaining: 2380
2022/01/27-13:35:16(GMT) Log: Seconds remaining: 2370
2022/01/27-13:35:26(GMT) Log: Seconds remaining: 2360
2022/01/27-13:35:36(GMT) Log: Seconds remaining: 2350
2022/01/27-13:35:46(GMT) Log: Seconds remaining: 2340
2022/01/27-13:35:56(GMT) Log: Seconds remaining: 2330
2022/01/27-13:36:06(GMT) Log: Seconds remaining: 2320
2022/01/27-13:36:16(GMT) Log: Seconds remaining: 2310
2022/01/27-13:36:26(GMT) Log: Seconds remaining: 2300
2022/01/27-13:36:36(GMT) Log: Seconds remaining: 2290
2022/01/27-13:36:46(GMT) Log: Seconds remaining: 2280
2022/01/27-13:36:56(GMT) Log: Seconds remaining: 2270
2022/01/27-13:37:06(GMT) Log: Seconds remaining: 2260
2022/01/27-13:37:16(GMT) Log: Seconds remaining: 2250
2022/01/27-13:37:26(GMT) Log: Seconds remaining: 2240
2022/01/27-13:37:36(GMT) Log: Seconds remaining: 2230
2022/01/27-13:37:46(GMT) Log: Seconds remaining: 2220
2022/01/27-13:37:56(GMT) Log: Seconds remaining: 2210
2022/01/27-13:38:06(GMT) Log: Seconds remaining: 2200
2022/01/27-13:38:16(GMT) Log: Seconds remaining: 2190
2022/01/27-13:38:26(GMT) Log: Seconds remaining: 2180
2022/01/27-13:38:36(GMT) Log: Seconds remaining: 2170
2022/01/27-13:38:46(GMT) Log: Seconds remaining: 2160
2022/01/27-13:38:56(GMT) Log: Seconds remaining: 2150
2022/01/27-13:39:06(GMT) Log: Seconds remaining: 2140
2022/01/27-13:39:16(GMT) Log: Seconds remaining: 2130
2022/01/27-13:39:26(GMT) Log: Seconds remaining: 2120
2022/01/27-13:39:36(GMT) Log: Seconds remaining: 2110
2022/01/27-13:39:46(GMT) Log: Seconds remaining: 2100
2022/01/27-13:39:56(GMT) Log: Seconds remaining: 2090
2022/01/27-13:40:06(GMT) Log: Seconds remaining: 2080
2022/01/27-13:40:16(GMT) Log: Seconds remaining: 2070
2022/01/27-13:40:26(GMT) Log: Seconds remaining: 2060
2022/01/27-13:40:36(GMT) Log: Seconds remaining: 2050
2022/01/27-13:40:46(GMT) Log: Seconds remaining: 2040
2022/01/27-13:40:56(GMT) Log: Seconds remaining: 2030
2022/01/27-13:41:06(GMT) Log: Seconds remaining: 2020
2022/01/27-13:41:16(GMT) Log: Seconds remaining: 2010
2022/01/27-13:41:26(GMT) Log: Seconds remaining: 2000
2022/01/27-13:41:36(GMT) Log: Seconds remaining: 1990
2022/01/27-13:41:46(GMT) Log: Seconds remaining: 1980
2022/01/27-13:41:56(GMT) Log: Seconds remaining: 1970
2022/01/27-13:42:06(GMT) Log: Seconds remaining: 1960
2022/01/27-13:42:16(GMT) Log: Seconds remaining: 1950
2022/01/27-13:42:26(GMT) Log: Seconds remaining: 1940
2022/01/27-13:42:36(GMT) Log: Seconds remaining: 1930
2022/01/27-13:42:46(GMT) Log: Seconds remaining: 1920
2022/01/27-13:42:56(GMT) Log: Seconds remaining: 1910
2022/01/27-13:43:06(GMT) Log: Seconds remaining: 1900
2022/01/27-13:43:16(GMT) Log: Seconds remaining: 1890
2022/01/27-13:43:26(GMT) Log: Seconds remaining: 1880
2022/01/27-13:43:36(GMT) Log: Seconds remaining: 1870
2022/01/27-13:43:46(GMT) Log: Seconds remaining: 1860
2022/01/27-13:43:56(GMT) Log: Seconds remaining: 1850
2022/01/27-13:44:06(GMT) Log: Seconds remaining: 1840
2022/01/27-13:44:16(GMT) Log: Seconds remaining: 1830
2022/01/27-13:44:26(GMT) Log: Seconds remaining: 1820
2022/01/27-13:44:36(GMT) Log: Seconds remaining: 1810
2022/01/27-13:44:46(GMT) Log: Seconds remaining: 1800
2022/01/27-13:44:46(GMT) Log: Pausing worker threads in preparation for power spike (1800 seconds remaining)
2022/01/27-13:44:56(GMT) Log: Seconds remaining: 1790
2022/01/27-13:45:01(GMT) Log: Resuming worker threads to cause a power spike (1785 seconds remaining)
2022/01/27-13:45:06(GMT) Log: Seconds remaining: 1780
2022/01/27-13:45:16(GMT) Log: Seconds remaining: 1770
2022/01/27-13:45:26(GMT) Log: Seconds remaining: 1760
2022/01/27-13:45:36(GMT) Log: Seconds remaining: 1750
2022/01/27-13:45:46(GMT) Log: Seconds remaining: 1740
2022/01/27-13:45:56(GMT) Log: Seconds remaining: 1730
2022/01/27-13:46:06(GMT) Log: Seconds remaining: 1720
2022/01/27-13:46:16(GMT) Log: Seconds remaining: 1710
2022/01/27-13:46:26(GMT) Log: Seconds remaining: 1700
2022/01/27-13:46:36(GMT) Log: Seconds remaining: 1690
2022/01/27-13:46:46(GMT) Log: Seconds remaining: 1680
2022/01/27-13:46:56(GMT) Log: Seconds remaining: 1670
2022/01/27-13:47:06(GMT) Log: Seconds remaining: 1660
2022/01/27-13:47:16(GMT) Log: Seconds remaining: 1650
2022/01/27-13:47:26(GMT) Log: Seconds remaining: 1640
2022/01/27-13:47:36(GMT) Log: Seconds remaining: 1630
2022/01/27-13:47:46(GMT) Log: Seconds remaining: 1620
2022/01/27-13:47:56(GMT) Log: Seconds remaining: 1610
2022/01/27-13:48:06(GMT) Log: Seconds remaining: 1600
2022/01/27-13:48:16(GMT) Log: Seconds remaining: 1590
2022/01/27-13:48:26(GMT) Log: Seconds remaining: 1580
2022/01/27-13:48:36(GMT) Log: Seconds remaining: 1570
2022/01/27-13:48:46(GMT) Log: Seconds remaining: 1560
2022/01/27-13:48:56(GMT) Log: Seconds remaining: 1550
2022/01/27-13:49:06(GMT) Log: Seconds remaining: 1540
2022/01/27-13:49:16(GMT) Log: Seconds remaining: 1530
2022/01/27-13:49:26(GMT) Log: Seconds remaining: 1520
2022/01/27-13:49:36(GMT) Log: Seconds remaining: 1510
2022/01/27-13:49:46(GMT) Log: Seconds remaining: 1500
2022/01/27-13:49:56(GMT) Log: Seconds remaining: 1490
2022/01/27-13:50:06(GMT) Log: Seconds remaining: 1480
2022/01/27-13:50:16(GMT) Log: Seconds remaining: 1470
2022/01/27-13:50:26(GMT) Log: Seconds remaining: 1460
2022/01/27-13:50:36(GMT) Log: Seconds remaining: 1450
2022/01/27-13:50:46(GMT) Log: Seconds remaining: 1440
2022/01/27-13:50:56(GMT) Log: Seconds remaining: 1430
2022/01/27-13:51:06(GMT) Log: Seconds remaining: 1420
2022/01/27-13:51:16(GMT) Log: Seconds remaining: 1410
2022/01/27-13:51:26(GMT) Log: Seconds remaining: 1400
2022/01/27-13:51:36(GMT) Log: Seconds remaining: 1390
2022/01/27-13:51:46(GMT) Log: Seconds remaining: 1380
2022/01/27-13:51:56(GMT) Log: Seconds remaining: 1370
2022/01/27-13:52:06(GMT) Log: Seconds remaining: 1360
2022/01/27-13:52:16(GMT) Log: Seconds remaining: 1350
2022/01/27-13:52:26(GMT) Log: Seconds remaining: 1340
2022/01/27-13:52:36(GMT) Log: Seconds remaining: 1330
2022/01/27-13:52:46(GMT) Log: Seconds remaining: 1320
2022/01/27-13:52:56(GMT) Log: Seconds remaining: 1310
2022/01/27-13:53:06(GMT) Log: Seconds remaining: 1300
2022/01/27-13:53:16(GMT) Log: Seconds remaining: 1290
2022/01/27-13:53:26(GMT) Log: Seconds remaining: 1280
2022/01/27-13:53:36(GMT) Log: Seconds remaining: 1270
2022/01/27-13:53:46(GMT) Log: Seconds remaining: 1260
2022/01/27-13:53:56(GMT) Log: Seconds remaining: 1250
2022/01/27-13:54:06(GMT) Log: Seconds remaining: 1240
2022/01/27-13:54:16(GMT) Log: Seconds remaining: 1230
2022/01/27-13:54:26(GMT) Log: Seconds remaining: 1220
2022/01/27-13:54:36(GMT) Log: Seconds remaining: 1210
2022/01/27-13:54:46(GMT) Log: Seconds remaining: 1200
2022/01/27-13:54:46(GMT) Log: Pausing worker threads in preparation for power spike (1200 seconds remaining)
2022/01/27-13:54:56(GMT) Log: Seconds remaining: 1190
2022/01/27-13:55:01(GMT) Log: Resuming worker threads to cause a power spike (1185 seconds remaining)
2022/01/27-13:55:06(GMT) Log: Seconds remaining: 1180
2022/01/27-13:55:16(GMT) Log: Seconds remaining: 1170
2022/01/27-13:55:26(GMT) Log: Seconds remaining: 1160
2022/01/27-13:55:36(GMT) Log: Seconds remaining: 1150
2022/01/27-13:55:46(GMT) Log: Seconds remaining: 1140
2022/01/27-13:55:56(GMT) Log: Seconds remaining: 1130
2022/01/27-13:56:06(GMT) Log: Seconds remaining: 1120
2022/01/27-13:56:16(GMT) Log: Seconds remaining: 1110
2022/01/27-13:56:26(GMT) Log: Seconds remaining: 1100
2022/01/27-13:56:36(GMT) Log: Seconds remaining: 1090
2022/01/27-13:56:46(GMT) Log: Seconds remaining: 1080
2022/01/27-13:56:56(GMT) Log: Seconds remaining: 1070
2022/01/27-13:57:06(GMT) Log: Seconds remaining: 1060
2022/01/27-13:57:16(GMT) Log: Seconds remaining: 1050
2022/01/27-13:57:26(GMT) Log: Seconds remaining: 1040
2022/01/27-13:57:36(GMT) Log: Seconds remaining: 1030
2022/01/27-13:57:46(GMT) Log: Seconds remaining: 1020
2022/01/27-13:57:56(GMT) Log: Seconds remaining: 1010
2022/01/27-13:58:06(GMT) Log: Seconds remaining: 1000
2022/01/27-13:58:16(GMT) Log: Seconds remaining: 990
2022/01/27-13:58:26(GMT) Log: Seconds remaining: 980
2022/01/27-13:58:36(GMT) Log: Seconds remaining: 970
2022/01/27-13:58:46(GMT) Log: Seconds remaining: 960
2022/01/27-13:58:56(GMT) Log: Seconds remaining: 950
2022/01/27-13:59:06(GMT) Log: Seconds remaining: 940
2022/01/27-13:59:16(GMT) Log: Seconds remaining: 930
2022/01/27-13:59:26(GMT) Log: Seconds remaining: 920
2022/01/27-13:59:36(GMT) Log: Seconds remaining: 910
2022/01/27-13:59:46(GMT) Log: Seconds remaining: 900
2022/01/27-13:59:56(GMT) Log: Seconds remaining: 890
2022/01/27-14:00:06(GMT) Log: Seconds remaining: 880
2022/01/27-14:00:16(GMT) Log: Seconds remaining: 870
2022/01/27-14:00:26(GMT) Log: Seconds remaining: 860
2022/01/27-14:00:36(GMT) Log: Seconds remaining: 850
2022/01/27-14:00:46(GMT) Log: Seconds remaining: 840
2022/01/27-14:00:56(GMT) Log: Seconds remaining: 830
2022/01/27-14:01:06(GMT) Log: Seconds remaining: 820
2022/01/27-14:01:16(GMT) Log: Seconds remaining: 810
2022/01/27-14:01:26(GMT) Log: Seconds remaining: 800
2022/01/27-14:01:36(GMT) Log: Seconds remaining: 790
2022/01/27-14:01:46(GMT) Log: Seconds remaining: 780
2022/01/27-14:01:56(GMT) Log: Seconds remaining: 770
2022/01/27-14:02:06(GMT) Log: Seconds remaining: 760
2022/01/27-14:02:16(GMT) Log: Seconds remaining: 750
2022/01/27-14:02:26(GMT) Log: Seconds remaining: 740
2022/01/27-14:02:36(GMT) Log: Seconds remaining: 730
2022/01/27-14:02:46(GMT) Log: Seconds remaining: 720
2022/01/27-14:02:56(GMT) Log: Seconds remaining: 710
2022/01/27-14:03:06(GMT) Log: Seconds remaining: 700
2022/01/27-14:03:16(GMT) Log: Seconds remaining: 690
2022/01/27-14:03:26(GMT) Log: Seconds remaining: 680
2022/01/27-14:03:36(GMT) Log: Seconds remaining: 670
2022/01/27-14:03:46(GMT) Log: Seconds remaining: 660
2022/01/27-14:03:56(GMT) Log: Seconds remaining: 650
2022/01/27-14:04:06(GMT) Log: Seconds remaining: 640
2022/01/27-14:04:16(GMT) Log: Seconds remaining: 630
2022/01/27-14:04:26(GMT) Log: Seconds remaining: 620
2022/01/27-14:04:36(GMT) Log: Seconds remaining: 610
2022/01/27-14:04:46(GMT) Log: Seconds remaining: 600
2022/01/27-14:04:46(GMT) Log: Pausing worker threads in preparation for power spike (600 seconds remaining)
2022/01/27-14:04:56(GMT) Log: Seconds remaining: 590
2022/01/27-14:05:01(GMT) Log: Resuming worker threads to cause a power spike (585 seconds remaining)
2022/01/27-14:05:06(GMT) Log: Seconds remaining: 580
2022/01/27-14:05:16(GMT) Log: Seconds remaining: 570
2022/01/27-14:05:26(GMT) Log: Seconds remaining: 560
2022/01/27-14:05:36(GMT) Log: Seconds remaining: 550
2022/01/27-14:05:46(GMT) Log: Seconds remaining: 540
2022/01/27-14:05:56(GMT) Log: Seconds remaining: 530
2022/01/27-14:06:06(GMT) Log: Seconds remaining: 520
2022/01/27-14:06:16(GMT) Log: Seconds remaining: 510
2022/01/27-14:06:26(GMT) Log: Seconds remaining: 500
2022/01/27-14:06:36(GMT) Log: Seconds remaining: 490
2022/01/27-14:06:46(GMT) Log: Seconds remaining: 480
2022/01/27-14:06:56(GMT) Log: Seconds remaining: 470
2022/01/27-14:07:06(GMT) Log: Seconds remaining: 460
2022/01/27-14:07:16(GMT) Log: Seconds remaining: 450
2022/01/27-14:07:26(GMT) Log: Seconds remaining: 440
2022/01/27-14:07:36(GMT) Log: Seconds remaining: 430
2022/01/27-14:07:46(GMT) Log: Seconds remaining: 420
2022/01/27-14:07:56(GMT) Log: Seconds remaining: 410
2022/01/27-14:08:06(GMT) Log: Seconds remaining: 400
2022/01/27-14:08:16(GMT) Log: Seconds remaining: 390
2022/01/27-14:08:26(GMT) Log: Seconds remaining: 380
2022/01/27-14:08:36(GMT) Log: Seconds remaining: 370
2022/01/27-14:08:46(GMT) Log: Seconds remaining: 360
2022/01/27-14:08:56(GMT) Log: Seconds remaining: 350
2022/01/27-14:09:06(GMT) Log: Seconds remaining: 340
2022/01/27-14:09:16(GMT) Log: Seconds remaining: 330
2022/01/27-14:09:26(GMT) Log: Seconds remaining: 320
2022/01/27-14:09:36(GMT) Log: Seconds remaining: 310
2022/01/27-14:09:46(GMT) Log: Seconds remaining: 300
2022/01/27-14:09:56(GMT) Log: Seconds remaining: 290
2022/01/27-14:10:06(GMT) Log: Seconds remaining: 280
2022/01/27-14:10:16(GMT) Log: Seconds remaining: 270
2022/01/27-14:10:26(GMT) Log: Seconds remaining: 260
2022/01/27-14:10:36(GMT) Log: Seconds remaining: 250
2022/01/27-14:10:46(GMT) Log: Seconds remaining: 240
2022/01/27-14:10:56(GMT) Log: Seconds remaining: 230
2022/01/27-14:11:06(GMT) Log: Seconds remaining: 220
2022/01/27-14:11:16(GMT) Log: Seconds remaining: 210
2022/01/27-14:11:26(GMT) Log: Seconds remaining: 200
2022/01/27-14:11:36(GMT) Log: Seconds remaining: 190
2022/01/27-14:11:46(GMT) Log: Seconds remaining: 180
2022/01/27-14:11:56(GMT) Log: Seconds remaining: 170
2022/01/27-14:12:06(GMT) Log: Seconds remaining: 160
2022/01/27-14:12:16(GMT) Log: Seconds remaining: 150
2022/01/27-14:12:26(GMT) Log: Seconds remaining: 140
2022/01/27-14:12:36(GMT) Log: Seconds remaining: 130
2022/01/27-14:12:46(GMT) Log: Seconds remaining: 120
2022/01/27-14:12:56(GMT) Log: Seconds remaining: 110
2022/01/27-14:13:06(GMT) Log: Seconds remaining: 100
2022/01/27-14:13:16(GMT) Log: Seconds remaining: 90
2022/01/27-14:13:26(GMT) Log: Seconds remaining: 80
2022/01/27-14:13:36(GMT) Log: Seconds remaining: 70
2022/01/27-14:13:46(GMT) Log: Seconds remaining: 60
2022/01/27-14:13:56(GMT) Log: Seconds remaining: 50
2022/01/27-14:14:06(GMT) Log: Seconds remaining: 40
2022/01/27-14:14:16(GMT) Log: Seconds remaining: 30
2022/01/27-14:14:26(GMT) Log: Seconds remaining: 20
2022/01/27-14:14:36(GMT) Log: Seconds remaining: 10
2022/01/27-14:14:52(GMT) Stats: Found 0 hardware incidents
2022/01/27-14:14:52(GMT) Stats: Completed: 194979632.00M in 2400.78s 81215.25MB/s, with 0 hardware incidents, 0 errors
2022/01/27-14:14:52(GMT) Stats: Memory Copy: 194979632.00M at 81238.81MB/s
2022/01/27-14:14:52(GMT) Stats: File Copy: 0.00M at 0.00MB/s
2022/01/27-14:14:52(GMT) Stats: Net Copy: 0.00M at 0.00MB/s
2022/01/27-14:14:52(GMT) Stats: Data Check: 0.00M at 0.00MB/s
2022/01/27-14:14:52(GMT) Stats: Invert Data: 0.00M at 0.00MB/s
2022/01/27-14:14:52(GMT) Stats: Disk: 0.00M at 0.00MB/s
2022/01/27-14:14:52(GMT) 
2022/01/27-14:14:52(GMT) Status: PASS - please verify no corrected errors
2022/01/27-14:14:52(GMT) 

============================
=          DMESG           =
============================
[ 6151.587013] perf: interrupt took too long (2514 > 2500), lowering kernel.perf_event_max_sample_rate to 79500
[ 6241.968102] perf: interrupt took too long (3168 > 3142), lowering kernel.perf_event_max_sample_rate to 63000
[ 6332.331639] perf: interrupt took too long (3975 > 3960), lowering kernel.perf_event_max_sample_rate to 50250
[ 6608.233126] perf: interrupt took too long (4975 > 4968), lowering kernel.perf_event_max_sample_rate to 40000
[ 7113.486545] perf: interrupt took too long (6242 > 6218), lowering kernel.perf_event_max_sample_rate to 32000
[12769.652862] perf: interrupt took too long (7917 > 7802), lowering kernel.perf_event_max_sample_rate to 25250

============================
=          BMC SEL         =
============================
=== No SEL logged ===


